ERROR - 2023-08-01 13:09:23 --> Error connecting to the database: mysqli_sql_exception: Connection refused in /Users/chanchanbayubahari/Desktop/e-parli/vendor/codeigniter4/framework/system/Database/MySQLi/Connection.php:174
Stack trace:
#0 /Users/chanchanbayubahari/Desktop/e-parli/vendor/codeigniter4/framework/system/Database/MySQLi/Connection.php(174): mysqli->real_connect('127.0.0.1', 'root', '', 'e-parli', 3306, '', 0)
#1 /Users/chanchanbayubahari/Desktop/e-parli/vendor/codeigniter4/framework/system/Database/BaseConnection.php(391): CodeIgniter\Database\MySQLi\Connection->connect(false)
#2 /Users/chanchanbayubahari/Desktop/e-parli/vendor/codeigniter4/framework/system/Database/BaseConnection.php(574): CodeIgniter\Database\BaseConnection->initialize()
#3 /Users/chanchanbayubahari/Desktop/e-parli/vendor/codeigniter4/framework/system/Database/BaseBuilder.php(1616): CodeIgniter\Database\BaseConnection->query('SELECT *\nFROM `...', Array, false)
#4 /Users/chanchanbayubahari/Desktop/e-parli/vendor/codeigniter4/framework/system/Model.php(836): CodeIgniter\Database\BaseBuilder->get()
#5 /Users/chanchanbayubahari/Desktop/e-parli/app/Models/Admin/UkpdModel.php(24): CodeIgniter\Model->__call('get', Array)
#6 /Users/chanchanbayubahari/Desktop/e-parli/app/Controllers/Admin/Ukpd.php(22): App\Models\Admin\UkpdModel->getUkpd()
#7 /Users/chanchanbayubahari/Desktop/e-parli/vendor/codeigniter4/framework/system/CodeIgniter.php(932): App\Controllers\Admin\Ukpd->index()
#8 /Users/chanchanbayubahari/Desktop/e-parli/vendor/codeigniter4/framework/system/CodeIgniter.php(497): CodeIgniter\CodeIgniter->runController(Object(App\Controllers\Admin\Ukpd))
#9 /Users/chanchanbayubahari/Desktop/e-parli/vendor/codeigniter4/framework/system/CodeIgniter.php(366): CodeIgniter\CodeIgniter->handleRequest(NULL, Object(Config\Cache), false)
#10 /Users/chanchanbayubahari/Desktop/e-parli/public/index.php(67): CodeIgniter\CodeIgniter->run()
#11 /Users/chanchanbayubahari/Desktop/e-parli/vendor/codeigniter4/framework/system/Commands/Server/rewrite.php(47): require_once('/Users/chanchan...')
#12 {main}

Next CodeIgniter\Database\Exceptions\DatabaseException: Connection refused in /Users/chanchanbayubahari/Desktop/e-parli/vendor/codeigniter4/framework/system/Database/MySQLi/Connection.php:218
Stack trace:
#0 /Users/chanchanbayubahari/Desktop/e-parli/vendor/codeigniter4/framework/system/Database/BaseConnection.php(391): CodeIgniter\Database\MySQLi\Connection->connect(false)
#1 /Users/chanchanbayubahari/Desktop/e-parli/vendor/codeigniter4/framework/system/Database/BaseConnection.php(574): CodeIgniter\Database\BaseConnection->initialize()
#2 /Users/chanchanbayubahari/Desktop/e-parli/vendor/codeigniter4/framework/system/Database/BaseBuilder.php(1616): CodeIgniter\Database\BaseConnection->query('SELECT *\nFROM `...', Array, false)
#3 /Users/chanchanbayubahari/Desktop/e-parli/vendor/codeigniter4/framework/system/Model.php(836): CodeIgniter\Database\BaseBuilder->get()
#4 /Users/chanchanbayubahari/Desktop/e-parli/app/Models/Admin/UkpdModel.php(24): CodeIgniter\Model->__call('get', Array)
#5 /Users/chanchanbayubahari/Desktop/e-parli/app/Controllers/Admin/Ukpd.php(22): App\Models\Admin\UkpdModel->getUkpd()
#6 /Users/chanchanbayubahari/Desktop/e-parli/vendor/codeigniter4/framework/system/CodeIgniter.php(932): App\Controllers\Admin\Ukpd->index()
#7 /Users/chanchanbayubahari/Desktop/e-parli/vendor/codeigniter4/framework/system/CodeIgniter.php(497): CodeIgniter\CodeIgniter->runController(Object(App\Controllers\Admin\Ukpd))
#8 /Users/chanchanbayubahari/Desktop/e-parli/vendor/codeigniter4/framework/system/CodeIgniter.php(366): CodeIgniter\CodeIgniter->handleRequest(NULL, Object(Config\Cache), false)
#9 /Users/chanchanbayubahari/Desktop/e-parli/public/index.php(67): CodeIgniter\CodeIgniter->run()
#10 /Users/chanchanbayubahari/Desktop/e-parli/vendor/codeigniter4/framework/system/Commands/Server/rewrite.php(47): require_once('/Users/chanchan...')
#11 {main}
CRITICAL - 2023-08-01 13:09:23 --> Unable to connect to the database.
Main connection [MySQLi]: Connection refused
in SYSTEMPATH/Database/BaseConnection.php on line 427.
 1 SYSTEMPATH/Database/BaseConnection.php(574): CodeIgniter\Database\BaseConnection->initialize()
 2 SYSTEMPATH/Database/BaseBuilder.php(1616): CodeIgniter\Database\BaseConnection->query('SELECT *
FROM `ukpd_table`
ORDER BY `id` desc', [], false)
 3 SYSTEMPATH/Model.php(836): CodeIgniter\Database\BaseBuilder->get()
 4 APPPATH/Models/Admin/UkpdModel.php(24): CodeIgniter\Model->__call('get', [])
 5 APPPATH/Controllers/Admin/Ukpd.php(22): App\Models\Admin\UkpdModel->getUkpd()
 6 SYSTEMPATH/CodeIgniter.php(932): App\Controllers\Admin\Ukpd->index()
 7 SYSTEMPATH/CodeIgniter.php(497): CodeIgniter\CodeIgniter->runController(Object(App\Controllers\Admin\Ukpd))
 8 SYSTEMPATH/CodeIgniter.php(366): CodeIgniter\CodeIgniter->handleRequest(null, Object(Config\Cache), false)
 9 FCPATH/index.php(67): CodeIgniter\CodeIgniter->run()
10 SYSTEMPATH/Commands/Server/rewrite.php(47): require_once('/Users/chanchanbayubahari/Desktop/e-parli/public/index.php')
CRITICAL - 2023-08-01 13:24:18 --> Trying to access array offset on value of type null
in APPPATH/Controllers/Admin/TempatPenyimpanan.php on line 114.
 1 APPPATH/Controllers/Admin/TempatPenyimpanan.php(114): CodeIgniter\Debug\Exceptions->errorHandler(8, 'Trying to access array offset on value of type null', '/Users/chanchanbayubahari/Desktop/e-parli/app/Controllers/Admin/TempatPenyimpanan.php', 114, [...])
 2 SYSTEMPATH/CodeIgniter.php(932): App\Controllers\Admin\TempatPenyimpanan->delete()
 3 SYSTEMPATH/CodeIgniter.php(497): CodeIgniter\CodeIgniter->runController(Object(App\Controllers\Admin\TempatPenyimpanan))
 4 SYSTEMPATH/CodeIgniter.php(366): CodeIgniter\CodeIgniter->handleRequest(null, Object(Config\Cache), false)
 5 FCPATH/index.php(67): CodeIgniter\CodeIgniter->run()
 6 SYSTEMPATH/Commands/Server/rewrite.php(47): require_once('/Users/chanchanbayubahari/Desktop/e-parli/public/index.php')
CRITICAL - 2023-08-01 22:58:01 --> Class 'App\Controllers\Admin\PetugasModel' not found
in APPPATH/Controllers/Admin/Petugas.php on line 14.
 1 SYSTEMPATH/CodeIgniter.php(904): App\Controllers\Admin\Petugas->__construct()
 2 SYSTEMPATH/CodeIgniter.php(488): CodeIgniter\CodeIgniter->createController()
 3 SYSTEMPATH/CodeIgniter.php(366): CodeIgniter\CodeIgniter->handleRequest(null, Object(Config\Cache), false)
 4 FCPATH/index.php(67): CodeIgniter\CodeIgniter->run()
 5 SYSTEMPATH/Commands/Server/rewrite.php(47): require_once('/Users/chanchanbayubahari/Desktop/e-parli/public/index.php')
ERROR - 2023-08-01 22:58:24 --> mysqli_sql_exception: Unknown column 'unit_regu_table.id' in 'field list' in /Users/chanchanbayubahari/Desktop/e-parli/vendor/codeigniter4/framework/system/Database/MySQLi/Connection.php:295
Stack trace:
#0 /Users/chanchanbayubahari/Desktop/e-parli/vendor/codeigniter4/framework/system/Database/MySQLi/Connection.php(295): mysqli->query('SELECT `unit_re...', 0)
#1 /Users/chanchanbayubahari/Desktop/e-parli/vendor/codeigniter4/framework/system/Database/BaseConnection.php(692): CodeIgniter\Database\MySQLi\Connection->execute('SELECT `unit_re...')
#2 /Users/chanchanbayubahari/Desktop/e-parli/vendor/codeigniter4/framework/system/Database/BaseConnection.php(606): CodeIgniter\Database\BaseConnection->simpleQuery('SELECT `unit_re...')
#3 /Users/chanchanbayubahari/Desktop/e-parli/vendor/codeigniter4/framework/system/Database/BaseBuilder.php(1616): CodeIgniter\Database\BaseConnection->query('SELECT `unit_re...', Array, false)
#4 /Users/chanchanbayubahari/Desktop/e-parli/vendor/codeigniter4/framework/system/Model.php(836): CodeIgniter\Database\BaseBuilder->get()
#5 /Users/chanchanbayubahari/Desktop/e-parli/app/Models/Admin/PetugasModel.php(26): CodeIgniter\Model->__call('get', Array)
#6 /Users/chanchanbayubahari/Desktop/e-parli/app/Controllers/Admin/Petugas.php(22): App\Models\Admin\PetugasModel->getPetugas()
#7 /Users/chanchanbayubahari/Desktop/e-parli/vendor/codeigniter4/framework/system/CodeIgniter.php(932): App\Controllers\Admin\Petugas->index()
#8 /Users/chanchanbayubahari/Desktop/e-parli/vendor/codeigniter4/framework/system/CodeIgniter.php(497): CodeIgniter\CodeIgniter->runController(Object(App\Controllers\Admin\Petugas))
#9 /Users/chanchanbayubahari/Desktop/e-parli/vendor/codeigniter4/framework/system/CodeIgniter.php(366): CodeIgniter\CodeIgniter->handleRequest(NULL, Object(Config\Cache), false)
#10 /Users/chanchanbayubahari/Desktop/e-parli/public/index.php(67): CodeIgniter\CodeIgniter->run()
#11 /Users/chanchanbayubahari/Desktop/e-parli/vendor/codeigniter4/framework/system/Commands/Server/rewrite.php(47): require_once('/Users/chanchan...')
#12 {main}
CRITICAL - 2023-08-01 22:58:24 --> Unknown column 'unit_regu_table.id' in 'field list'
in SYSTEMPATH/Database/MySQLi/Connection.php on line 295.
 1 SYSTEMPATH/Database/MySQLi/Connection.php(295): mysqli->query('SELECT `unit_regu_table`.`id`, `unit_regu_table`.`ukpd_id`, `unit_regu_table`.`unit_regu`, `ukpd_table`.`ukpd`
FROM `petugas_table`
JOIN `ukpd_table` ON `ukpd_table`.`id` = `unit_regu_table`.`ukpd_id`
ORDER BY `unit_regu_table`.`id` desc', 0)
 2 SYSTEMPATH/Database/BaseConnection.php(692): CodeIgniter\Database\MySQLi\Connection->execute('SELECT `unit_regu_table`.`id`, `unit_regu_table`.`ukpd_id`, `unit_regu_table`.`unit_regu`, `ukpd_table`.`ukpd`
FROM `petugas_table`
JOIN `ukpd_table` ON `ukpd_table`.`id` = `unit_regu_table`.`ukpd_id`
ORDER BY `unit_regu_table`.`id` desc')
 3 SYSTEMPATH/Database/BaseConnection.php(606): CodeIgniter\Database\BaseConnection->simpleQuery('SELECT `unit_regu_table`.`id`, `unit_regu_table`.`ukpd_id`, `unit_regu_table`.`unit_regu`, `ukpd_table`.`ukpd`
FROM `petugas_table`
JOIN `ukpd_table` ON `ukpd_table`.`id` = `unit_regu_table`.`ukpd_id`
ORDER BY `unit_regu_table`.`id` desc')
 4 SYSTEMPATH/Database/BaseBuilder.php(1616): CodeIgniter\Database\BaseConnection->query('SELECT `unit_regu_table`.`id`, `unit_regu_table`.`ukpd_id`, `unit_regu_table`.`unit_regu`, `ukpd_table`.`ukpd`
FROM `petugas_table`
JOIN `ukpd_table` ON `ukpd_table`.`id` = `unit_regu_table`.`ukpd_id`
ORDER BY `unit_regu_table`.`id` desc', [], false)
 5 SYSTEMPATH/Model.php(836): CodeIgniter\Database\BaseBuilder->get()
 6 APPPATH/Models/Admin/PetugasModel.php(26): CodeIgniter\Model->__call('get', [])
 7 APPPATH/Controllers/Admin/Petugas.php(22): App\Models\Admin\PetugasModel->getPetugas()
 8 SYSTEMPATH/CodeIgniter.php(932): App\Controllers\Admin\Petugas->index()
 9 SYSTEMPATH/CodeIgniter.php(497): CodeIgniter\CodeIgniter->runController(Object(App\Controllers\Admin\Petugas))
10 SYSTEMPATH/CodeIgniter.php(366): CodeIgniter\CodeIgniter->handleRequest(null, Object(Config\Cache), false)
11 FCPATH/index.php(67): CodeIgniter\CodeIgniter->run()
12 SYSTEMPATH/Commands/Server/rewrite.php(47): require_once('/Users/chanchanbayubahari/Desktop/e-parli/public/index.php')
ERROR - 2023-08-01 22:58:51 --> mysqli_sql_exception: Unknown column 'unit_regu_table.ukpd_id' in 'on clause' in /Users/chanchanbayubahari/Desktop/e-parli/vendor/codeigniter4/framework/system/Database/MySQLi/Connection.php:295
Stack trace:
#0 /Users/chanchanbayubahari/Desktop/e-parli/vendor/codeigniter4/framework/system/Database/MySQLi/Connection.php(295): mysqli->query('SELECT *\nFROM `...', 0)
#1 /Users/chanchanbayubahari/Desktop/e-parli/vendor/codeigniter4/framework/system/Database/BaseConnection.php(692): CodeIgniter\Database\MySQLi\Connection->execute('SELECT *\nFROM `...')
#2 /Users/chanchanbayubahari/Desktop/e-parli/vendor/codeigniter4/framework/system/Database/BaseConnection.php(606): CodeIgniter\Database\BaseConnection->simpleQuery('SELECT *\nFROM `...')
#3 /Users/chanchanbayubahari/Desktop/e-parli/vendor/codeigniter4/framework/system/Database/BaseBuilder.php(1616): CodeIgniter\Database\BaseConnection->query('SELECT *\nFROM `...', Array, false)
#4 /Users/chanchanbayubahari/Desktop/e-parli/vendor/codeigniter4/framework/system/Model.php(836): CodeIgniter\Database\BaseBuilder->get()
#5 /Users/chanchanbayubahari/Desktop/e-parli/app/Models/Admin/PetugasModel.php(25): CodeIgniter\Model->__call('get', Array)
#6 /Users/chanchanbayubahari/Desktop/e-parli/app/Controllers/Admin/Petugas.php(22): App\Models\Admin\PetugasModel->getPetugas()
#7 /Users/chanchanbayubahari/Desktop/e-parli/vendor/codeigniter4/framework/system/CodeIgniter.php(932): App\Controllers\Admin\Petugas->index()
#8 /Users/chanchanbayubahari/Desktop/e-parli/vendor/codeigniter4/framework/system/CodeIgniter.php(497): CodeIgniter\CodeIgniter->runController(Object(App\Controllers\Admin\Petugas))
#9 /Users/chanchanbayubahari/Desktop/e-parli/vendor/codeigniter4/framework/system/CodeIgniter.php(366): CodeIgniter\CodeIgniter->handleRequest(NULL, Object(Config\Cache), false)
#10 /Users/chanchanbayubahari/Desktop/e-parli/public/index.php(67): CodeIgniter\CodeIgniter->run()
#11 /Users/chanchanbayubahari/Desktop/e-parli/vendor/codeigniter4/framework/system/Commands/Server/rewrite.php(47): require_once('/Users/chanchan...')
#12 {main}
CRITICAL - 2023-08-01 22:58:51 --> Unknown column 'unit_regu_table.ukpd_id' in 'on clause'
in SYSTEMPATH/Database/MySQLi/Connection.php on line 295.
 1 SYSTEMPATH/Database/MySQLi/Connection.php(295): mysqli->query('SELECT *
FROM `petugas_table`
JOIN `ukpd_table` ON `ukpd_table`.`id` = `unit_regu_table`.`ukpd_id`', 0)
 2 SYSTEMPATH/Database/BaseConnection.php(692): CodeIgniter\Database\MySQLi\Connection->execute('SELECT *
FROM `petugas_table`
JOIN `ukpd_table` ON `ukpd_table`.`id` = `unit_regu_table`.`ukpd_id`')
 3 SYSTEMPATH/Database/BaseConnection.php(606): CodeIgniter\Database\BaseConnection->simpleQuery('SELECT *
FROM `petugas_table`
JOIN `ukpd_table` ON `ukpd_table`.`id` = `unit_regu_table`.`ukpd_id`')
 4 SYSTEMPATH/Database/BaseBuilder.php(1616): CodeIgniter\Database\BaseConnection->query('SELECT *
FROM `petugas_table`
JOIN `ukpd_table` ON `ukpd_table`.`id` = `unit_regu_table`.`ukpd_id`', [], false)
 5 SYSTEMPATH/Model.php(836): CodeIgniter\Database\BaseBuilder->get()
 6 APPPATH/Models/Admin/PetugasModel.php(25): CodeIgniter\Model->__call('get', [])
 7 APPPATH/Controllers/Admin/Petugas.php(22): App\Models\Admin\PetugasModel->getPetugas()
 8 SYSTEMPATH/CodeIgniter.php(932): App\Controllers\Admin\Petugas->index()
 9 SYSTEMPATH/CodeIgniter.php(497): CodeIgniter\CodeIgniter->runController(Object(App\Controllers\Admin\Petugas))
10 SYSTEMPATH/CodeIgniter.php(366): CodeIgniter\CodeIgniter->handleRequest(null, Object(Config\Cache), false)
11 FCPATH/index.php(67): CodeIgniter\CodeIgniter->run()
12 SYSTEMPATH/Commands/Server/rewrite.php(47): require_once('/Users/chanchanbayubahari/Desktop/e-parli/public/index.php')
CRITICAL - 2023-08-01 22:58:58 --> Invalid file: "admin/petugas.php"
in SYSTEMPATH/Exceptions/FrameworkException.php on line 33.
 1 SYSTEMPATH/View/View.php(212): CodeIgniter\Exceptions\FrameworkException::forInvalidFile('admin/petugas.php')
 2 SYSTEMPATH/Common.php(1180): CodeIgniter\View\View->render('admin/petugas', [], true)
 3 APPPATH/Controllers/Admin/Petugas.php(26): view('admin/petugas', [...])
 4 SYSTEMPATH/CodeIgniter.php(932): App\Controllers\Admin\Petugas->index()
 5 SYSTEMPATH/CodeIgniter.php(497): CodeIgniter\CodeIgniter->runController(Object(App\Controllers\Admin\Petugas))
 6 SYSTEMPATH/CodeIgniter.php(366): CodeIgniter\CodeIgniter->handleRequest(null, Object(Config\Cache), false)
 7 FCPATH/index.php(67): CodeIgniter\CodeIgniter->run()
 8 SYSTEMPATH/Commands/Server/rewrite.php(47): require_once('/Users/chanchanbayubahari/Desktop/e-parli/public/index.php')
CRITICAL - 2023-08-01 23:26:20 --> Undefined variable: role_management
in APPPATH/Views/admin/petugas.php on line 156.
 1 APPPATH/Views/admin/petugas.php(156): CodeIgniter\Debug\Exceptions->errorHandler(8, 'Undefined variable: role_management', '/Users/chanchanbayubahari/Desktop/e-parli/app/Views/admin/petugas.php', 156, [...])
 2 SYSTEMPATH/View/View.php(224): include('/Users/chanchanbayubahari/Desktop/e-parli/app/Views/admin/petugas.php')
 3 SYSTEMPATH/View/View.php(227): CodeIgniter\View\View->CodeIgniter\View\{closure}()
 4 SYSTEMPATH/Common.php(1180): CodeIgniter\View\View->render('admin/petugas', [], true)
 5 APPPATH/Controllers/Admin/Petugas.php(42): view('admin/petugas', [...])
 6 SYSTEMPATH/CodeIgniter.php(932): App\Controllers\Admin\Petugas->index()
 7 SYSTEMPATH/CodeIgniter.php(497): CodeIgniter\CodeIgniter->runController(Object(App\Controllers\Admin\Petugas))
 8 SYSTEMPATH/CodeIgniter.php(366): CodeIgniter\CodeIgniter->handleRequest(null, Object(Config\Cache), false)
 9 FCPATH/index.php(67): CodeIgniter\CodeIgniter->run()
10 SYSTEMPATH/Commands/Server/rewrite.php(47): require_once('/Users/chanchanbayubahari/Desktop/e-parli/public/index.php')
CRITICAL - 2023-08-01 23:44:13 --> Undefined property: stdClass::$pangkt
in APPPATH/Views/admin/petugas.php on line 53.
 1 APPPATH/Views/admin/petugas.php(53): CodeIgniter\Debug\Exceptions->errorHandler(8, 'Undefined property: stdClass::$pangkt', '/Users/chanchanbayubahari/Desktop/e-parli/app/Views/admin/petugas.php', 53, [...])
 2 SYSTEMPATH/View/View.php(224): include('/Users/chanchanbayubahari/Desktop/e-parli/app/Views/admin/petugas.php')
 3 SYSTEMPATH/View/View.php(227): CodeIgniter\View\View->CodeIgniter\View\{closure}()
 4 SYSTEMPATH/Common.php(1180): CodeIgniter\View\View->render('admin/petugas', [], true)
 5 APPPATH/Controllers/Admin/Petugas.php(42): view('admin/petugas', [...])
 6 SYSTEMPATH/CodeIgniter.php(932): App\Controllers\Admin\Petugas->index()
 7 SYSTEMPATH/CodeIgniter.php(497): CodeIgniter\CodeIgniter->runController(Object(App\Controllers\Admin\Petugas))
 8 SYSTEMPATH/CodeIgniter.php(366): CodeIgniter\CodeIgniter->handleRequest(null, Object(Config\Cache), false)
 9 FCPATH/index.php(67): CodeIgniter\CodeIgniter->run()
10 SYSTEMPATH/Commands/Server/rewrite.php(47): require_once('/Users/chanchanbayubahari/Desktop/e-parli/public/index.php')
ERROR - 2023-08-01 23:49:31 --> mysqli_sql_exception: Unknown column 'petugas_table.role_management' in 'on clause' in /Users/chanchanbayubahari/Desktop/e-parli/vendor/codeigniter4/framework/system/Database/MySQLi/Connection.php:295
Stack trace:
#0 /Users/chanchanbayubahari/Desktop/e-parli/vendor/codeigniter4/framework/system/Database/MySQLi/Connection.php(295): mysqli->query('SELECT `petugas...', 0)
#1 /Users/chanchanbayubahari/Desktop/e-parli/vendor/codeigniter4/framework/system/Database/BaseConnection.php(692): CodeIgniter\Database\MySQLi\Connection->execute('SELECT `petugas...')
#2 /Users/chanchanbayubahari/Desktop/e-parli/vendor/codeigniter4/framework/system/Database/BaseConnection.php(606): CodeIgniter\Database\BaseConnection->simpleQuery('SELECT `petugas...')
#3 /Users/chanchanbayubahari/Desktop/e-parli/vendor/codeigniter4/framework/system/Database/BaseBuilder.php(1616): CodeIgniter\Database\BaseConnection->query('SELECT `petugas...', Array, false)
#4 /Users/chanchanbayubahari/Desktop/e-parli/vendor/codeigniter4/framework/system/Model.php(836): CodeIgniter\Database\BaseBuilder->get()
#5 /Users/chanchanbayubahari/Desktop/e-parli/app/Models/Admin/PetugasModel.php(28): CodeIgniter\Model->__call('get', Array)
#6 /Users/chanchanbayubahari/Desktop/e-parli/app/Controllers/Admin/Petugas.php(38): App\Models\Admin\PetugasModel->getPetugas()
#7 /Users/chanchanbayubahari/Desktop/e-parli/vendor/codeigniter4/framework/system/CodeIgniter.php(932): App\Controllers\Admin\Petugas->index()
#8 /Users/chanchanbayubahari/Desktop/e-parli/vendor/codeigniter4/framework/system/CodeIgniter.php(497): CodeIgniter\CodeIgniter->runController(Object(App\Controllers\Admin\Petugas))
#9 /Users/chanchanbayubahari/Desktop/e-parli/vendor/codeigniter4/framework/system/CodeIgniter.php(366): CodeIgniter\CodeIgniter->handleRequest(NULL, Object(Config\Cache), false)
#10 /Users/chanchanbayubahari/Desktop/e-parli/public/index.php(67): CodeIgniter\CodeIgniter->run()
#11 /Users/chanchanbayubahari/Desktop/e-parli/vendor/codeigniter4/framework/system/Commands/Server/rewrite.php(47): require_once('/Users/chanchan...')
#12 {main}
CRITICAL - 2023-08-01 23:49:31 --> Unknown column 'petugas_table.role_management' in 'on clause'
in SYSTEMPATH/Database/MySQLi/Connection.php on line 295.
 1 SYSTEMPATH/Database/MySQLi/Connection.php(295): mysqli->query('SELECT `petugas_table`.`id`, `petugas_table`.`ukpd_id`, `petugas_table`.`unit_id`, `petugas_table`.`nama`, `petugas_table`.`nip`, `petugas_table`.`golongan`, `petugas_table`.`jabatan_id`, `petugas_table`.`role_id`, `ukpd_table`.`ukpd`, `unit_regu_table`.`unit_regu`, `jabatan_table`.`jabatan`, `role_management_table`.`role_management`
FROM `petugas_table`
JOIN `ukpd_table` ON `ukpd_table`.`id` = `petugas_table`.`ukpd_id`
JOIN `unit_regu_table` ON `unit_regu_table`.`id` = `petugas_table`.`unit_id`
JOIN `jabatan_table` ON `jabatan_table`.`id` = `petugas_table`.`jabatan_id`
JOIN `role_management_table` ON `role_management_table`.`id` = `petugas_table`.`role_management`', 0)
 2 SYSTEMPATH/Database/BaseConnection.php(692): CodeIgniter\Database\MySQLi\Connection->execute('SELECT `petugas_table`.`id`, `petugas_table`.`ukpd_id`, `petugas_table`.`unit_id`, `petugas_table`.`nama`, `petugas_table`.`nip`, `petugas_table`.`golongan`, `petugas_table`.`jabatan_id`, `petugas_table`.`role_id`, `ukpd_table`.`ukpd`, `unit_regu_table`.`unit_regu`, `jabatan_table`.`jabatan`, `role_management_table`.`role_management`
FROM `petugas_table`
JOIN `ukpd_table` ON `ukpd_table`.`id` = `petugas_table`.`ukpd_id`
JOIN `unit_regu_table` ON `unit_regu_table`.`id` = `petugas_table`.`unit_id`
JOIN `jabatan_table` ON `jabatan_table`.`id` = `petugas_table`.`jabatan_id`
JOIN `role_management_table` ON `role_management_table`.`id` = `petugas_table`.`role_management`')
 3 SYSTEMPATH/Database/BaseConnection.php(606): CodeIgniter\Database\BaseConnection->simpleQuery('SELECT `petugas_table`.`id`, `petugas_table`.`ukpd_id`, `petugas_table`.`unit_id`, `petugas_table`.`nama`, `petugas_table`.`nip`, `petugas_table`.`golongan`, `petugas_table`.`jabatan_id`, `petugas_table`.`role_id`, `ukpd_table`.`ukpd`, `unit_regu_table`.`unit_regu`, `jabatan_table`.`jabatan`, `role_management_table`.`role_management`
FROM `petugas_table`
JOIN `ukpd_table` ON `ukpd_table`.`id` = `petugas_table`.`ukpd_id`
JOIN `unit_regu_table` ON `unit_regu_table`.`id` = `petugas_table`.`unit_id`
JOIN `jabatan_table` ON `jabatan_table`.`id` = `petugas_table`.`jabatan_id`
JOIN `role_management_table` ON `role_management_table`.`id` = `petugas_table`.`role_management`')
 4 SYSTEMPATH/Database/BaseBuilder.php(1616): CodeIgniter\Database\BaseConnection->query('SELECT `petugas_table`.`id`, `petugas_table`.`ukpd_id`, `petugas_table`.`unit_id`, `petugas_table`.`nama`, `petugas_table`.`nip`, `petugas_table`.`golongan`, `petugas_table`.`jabatan_id`, `petugas_table`.`role_id`, `ukpd_table`.`ukpd`, `unit_regu_table`.`unit_regu`, `jabatan_table`.`jabatan`, `role_management_table`.`role_management`
FROM `petugas_table`
JOIN `ukpd_table` ON `ukpd_table`.`id` = `petugas_table`.`ukpd_id`
JOIN `unit_regu_table` ON `unit_regu_table`.`id` = `petugas_table`.`unit_id`
JOIN `jabatan_table` ON `jabatan_table`.`id` = `petugas_table`.`jabatan_id`
JOIN `role_management_table` ON `role_management_table`.`id` = `petugas_table`.`role_management`', [], false)
 5 SYSTEMPATH/Model.php(836): CodeIgniter\Database\BaseBuilder->get()
 6 APPPATH/Models/Admin/PetugasModel.php(28): CodeIgniter\Model->__call('get', [])
 7 APPPATH/Controllers/Admin/Petugas.php(38): App\Models\Admin\PetugasModel->getPetugas()
 8 SYSTEMPATH/CodeIgniter.php(932): App\Controllers\Admin\Petugas->index()
 9 SYSTEMPATH/CodeIgniter.php(497): CodeIgniter\CodeIgniter->runController(Object(App\Controllers\Admin\Petugas))
10 SYSTEMPATH/CodeIgniter.php(366): CodeIgniter\CodeIgniter->handleRequest(null, Object(Config\Cache), false)
11 FCPATH/index.php(67): CodeIgniter\CodeIgniter->run()
12 SYSTEMPATH/Commands/Server/rewrite.php(47): require_once('/Users/chanchanbayubahari/Desktop/e-parli/public/index.php')
CRITICAL - 2023-08-01 23:49:41 --> Undefined property: stdClass::$pangkat
in APPPATH/Views/admin/petugas.php on line 53.
 1 APPPATH/Views/admin/petugas.php(53): CodeIgniter\Debug\Exceptions->errorHandler(8, 'Undefined property: stdClass::$pangkat', '/Users/chanchanbayubahari/Desktop/e-parli/app/Views/admin/petugas.php', 53, [...])
 2 SYSTEMPATH/View/View.php(224): include('/Users/chanchanbayubahari/Desktop/e-parli/app/Views/admin/petugas.php')
 3 SYSTEMPATH/View/View.php(227): CodeIgniter\View\View->CodeIgniter\View\{closure}()
 4 SYSTEMPATH/Common.php(1180): CodeIgniter\View\View->render('admin/petugas', [], true)
 5 APPPATH/Controllers/Admin/Petugas.php(42): view('admin/petugas', [...])
 6 SYSTEMPATH/CodeIgniter.php(932): App\Controllers\Admin\Petugas->index()
 7 SYSTEMPATH/CodeIgniter.php(497): CodeIgniter\CodeIgniter->runController(Object(App\Controllers\Admin\Petugas))
 8 SYSTEMPATH/CodeIgniter.php(366): CodeIgniter\CodeIgniter->handleRequest(null, Object(Config\Cache), false)
 9 FCPATH/index.php(67): CodeIgniter\CodeIgniter->run()
10 SYSTEMPATH/Commands/Server/rewrite.php(47): require_once('/Users/chanchanbayubahari/Desktop/e-parli/public/index.php')
CRITICAL - 2023-08-01 23:51:09 --> Undefined property: stdClass::$role
in APPPATH/Views/admin/petugas.php on line 55.
 1 APPPATH/Views/admin/petugas.php(55): CodeIgniter\Debug\Exceptions->errorHandler(8, 'Undefined property: stdClass::$role', '/Users/chanchanbayubahari/Desktop/e-parli/app/Views/admin/petugas.php', 55, [...])
 2 SYSTEMPATH/View/View.php(224): include('/Users/chanchanbayubahari/Desktop/e-parli/app/Views/admin/petugas.php')
 3 SYSTEMPATH/View/View.php(227): CodeIgniter\View\View->CodeIgniter\View\{closure}()
 4 SYSTEMPATH/Common.php(1180): CodeIgniter\View\View->render('admin/petugas', [], true)
 5 APPPATH/Controllers/Admin/Petugas.php(42): view('admin/petugas', [...])
 6 SYSTEMPATH/CodeIgniter.php(932): App\Controllers\Admin\Petugas->index()
 7 SYSTEMPATH/CodeIgniter.php(497): CodeIgniter\CodeIgniter->runController(Object(App\Controllers\Admin\Petugas))
 8 SYSTEMPATH/CodeIgniter.php(366): CodeIgniter\CodeIgniter->handleRequest(null, Object(Config\Cache), false)
 9 FCPATH/index.php(67): CodeIgniter\CodeIgniter->run()
10 SYSTEMPATH/Commands/Server/rewrite.php(47): require_once('/Users/chanchanbayubahari/Desktop/e-parli/public/index.php')
