CRITICAL - 2023-08-04 10:24:44 --> Call to undefined method App\Models\Admin\StatusPenderekanModel::getStatus
in SYSTEMPATH/Model.php on line 838.
 1 APPPATH/Controllers/Admin/StatusPenderekan.php(22): CodeIgniter\Model->__call('getStatus', [])
 2 SYSTEMPATH/CodeIgniter.php(932): App\Controllers\Admin\StatusPenderekan->index()
 3 SYSTEMPATH/CodeIgniter.php(497): CodeIgniter\CodeIgniter->runController(Object(App\Controllers\Admin\StatusPenderekan))
 4 SYSTEMPATH/CodeIgniter.php(366): CodeIgniter\CodeIgniter->handleRequest(null, Object(Config\Cache), false)
 5 FCPATH/index.php(67): CodeIgniter\CodeIgniter->run()
 6 SYSTEMPATH/Commands/Server/rewrite.php(47): require_once('/Users/chanchanbayubahari/Desktop/e-parli/public/index.php')
CRITICAL - 2023-08-04 10:25:34 --> Invalid file: "admin/status_penderekan.php"
in SYSTEMPATH/Exceptions/FrameworkException.php on line 33.
 1 SYSTEMPATH/View/View.php(212): CodeIgniter\Exceptions\FrameworkException::forInvalidFile('admin/status_penderekan.php')
 2 SYSTEMPATH/Common.php(1180): CodeIgniter\View\View->render('admin/status_penderekan', [], true)
 3 APPPATH/Controllers/Admin/StatusPenderekan.php(26): view('admin/status_penderekan', [...])
 4 SYSTEMPATH/CodeIgniter.php(932): App\Controllers\Admin\StatusPenderekan->index()
 5 SYSTEMPATH/CodeIgniter.php(497): CodeIgniter\CodeIgniter->runController(Object(App\Controllers\Admin\StatusPenderekan))
 6 SYSTEMPATH/CodeIgniter.php(366): CodeIgniter\CodeIgniter->handleRequest(null, Object(Config\Cache), false)
 7 FCPATH/index.php(67): CodeIgniter\CodeIgniter->run()
 8 SYSTEMPATH/Commands/Server/rewrite.php(47): require_once('/Users/chanchanbayubahari/Desktop/e-parli/public/index.php')
CRITICAL - 2023-08-04 10:28:02 --> Undefined variable: jenis_pelanggaran
in APPPATH/Views/admin/status_penderekan.php on line 38.
 1 APPPATH/Views/admin/status_penderekan.php(38): CodeIgniter\Debug\Exceptions->errorHandler(8, 'Undefined variable: jenis_pelanggaran', '/Users/chanchanbayubahari/Desktop/e-parli/app/Views/admin/status_penderekan.php', 38, [...])
 2 SYSTEMPATH/View/View.php(224): include('/Users/chanchanbayubahari/Desktop/e-parli/app/Views/admin/status_penderekan.php')
 3 SYSTEMPATH/View/View.php(227): CodeIgniter\View\View->CodeIgniter\View\{closure}()
 4 SYSTEMPATH/Common.php(1180): CodeIgniter\View\View->render('admin/status_penderekan', [], true)
 5 APPPATH/Controllers/Admin/StatusPenderekan.php(26): view('admin/status_penderekan', [...])
 6 SYSTEMPATH/CodeIgniter.php(932): App\Controllers\Admin\StatusPenderekan->index()
 7 SYSTEMPATH/CodeIgniter.php(497): CodeIgniter\CodeIgniter->runController(Object(App\Controllers\Admin\StatusPenderekan))
 8 SYSTEMPATH/CodeIgniter.php(366): CodeIgniter\CodeIgniter->handleRequest(null, Object(Config\Cache), false)
 9 FCPATH/index.php(67): CodeIgniter\CodeIgniter->run()
10 SYSTEMPATH/Commands/Server/rewrite.php(47): require_once('/Users/chanchanbayubahari/Desktop/e-parli/public/index.php')
