ERROR - 2023-08-27 23:36:41 --> mysqli_sql_exception: Column 'jam_pelanggaran' cannot be null in /Users/chanchanbayubahari/Desktop/e-parli/vendor/codeigniter4/framework/system/Database/MySQLi/Connection.php:295
Stack trace:
#0 /Users/chanchanbayubahari/Desktop/e-parli/vendor/codeigniter4/framework/system/Database/MySQLi/Connection.php(295): mysqli->query('INSERT INTO `da...', 0)
#1 /Users/chanchanbayubahari/Desktop/e-parli/vendor/codeigniter4/framework/system/Database/BaseConnection.php(692): CodeIgniter\Database\MySQLi\Connection->execute('INSERT INTO `da...')
#2 /Users/chanchanbayubahari/Desktop/e-parli/vendor/codeigniter4/framework/system/Database/BaseConnection.php(606): CodeIgniter\Database\BaseConnection->simpleQuery('INSERT INTO `da...')
#3 /Users/chanchanbayubahari/Desktop/e-parli/vendor/codeigniter4/framework/system/Database/BaseBuilder.php(2309): CodeIgniter\Database\BaseConnection->query('INSERT INTO `da...', Array, false)
#4 /Users/chanchanbayubahari/Desktop/e-parli/vendor/codeigniter4/framework/system/Model.php(330): CodeIgniter\Database\BaseBuilder->insert()
#5 /Users/chanchanbayubahari/Desktop/e-parli/vendor/codeigniter4/framework/system/BaseModel.php(782): CodeIgniter\Model->doInsert(Array)
#6 /Users/chanchanbayubahari/Desktop/e-parli/vendor/codeigniter4/framework/system/Model.php(730): CodeIgniter\BaseModel->insert(Array, false)
#7 /Users/chanchanbayubahari/Desktop/e-parli/vendor/codeigniter4/framework/system/BaseModel.php(692): CodeIgniter\Model->insert(Array, false)
#8 /Users/chanchanbayubahari/Desktop/e-parli/app/Controllers/Admin/DataPenindakan.php(362): CodeIgniter\BaseModel->save(Array)
#9 /Users/chanchanbayubahari/Desktop/e-parli/vendor/codeigniter4/framework/system/CodeIgniter.php(932): App\Controllers\Admin\DataPenindakan->insert()
#10 /Users/chanchanbayubahari/Desktop/e-parli/vendor/codeigniter4/framework/system/CodeIgniter.php(497): CodeIgniter\CodeIgniter->runController(Object(App\Controllers\Admin\DataPenindakan))
#11 /Users/chanchanbayubahari/Desktop/e-parli/vendor/codeigniter4/framework/system/CodeIgniter.php(366): CodeIgniter\CodeIgniter->handleRequest(NULL, Object(Config\Cache), false)
#12 /Users/chanchanbayubahari/Desktop/e-parli/public/index.php(67): CodeIgniter\CodeIgniter->run()
#13 /Users/chanchanbayubahari/Desktop/e-parli/vendor/codeigniter4/framework/system/Commands/Server/rewrite.php(47): require_once('/Users/chanchan...')
#14 {main}
CRITICAL - 2023-08-27 23:36:41 --> Column 'jam_pelanggaran' cannot be null
in SYSTEMPATH/Database/MySQLi/Connection.php on line 295.
 1 SYSTEMPATH/Database/MySQLi/Connection.php(295): mysqli->query('INSERT INTO `data_penindakan_table` (`ukpd_id`, `ppns_id`, `spt_id`, `unit_id`, `jenis_penindakan_id`, `bap_id`, `jenis_pelanggaran_id`, `tanggal_pelanggaran`, `jam_pelanggaran`, `tempat_penyimpanan_id`, `foto`, `created_at`, `updated_at`) VALUES (\'1\', \'6\', \'6\', \'6\', \'1\', \'2\', \'2\', \'2023-08-27\', NULL, \'1\', \'1693154201_9656916d7af369970e40.png\', \'2023-08-27 23:36:41\', \'2023-08-27 23:36:41\')', 0)
 2 SYSTEMPATH/Database/BaseConnection.php(692): CodeIgniter\Database\MySQLi\Connection->execute('INSERT INTO `data_penindakan_table` (`ukpd_id`, `ppns_id`, `spt_id`, `unit_id`, `jenis_penindakan_id`, `bap_id`, `jenis_pelanggaran_id`, `tanggal_pelanggaran`, `jam_pelanggaran`, `tempat_penyimpanan_id`, `foto`, `created_at`, `updated_at`) VALUES (\'1\', \'6\', \'6\', \'6\', \'1\', \'2\', \'2\', \'2023-08-27\', NULL, \'1\', \'1693154201_9656916d7af369970e40.png\', \'2023-08-27 23:36:41\', \'2023-08-27 23:36:41\')')
 3 SYSTEMPATH/Database/BaseConnection.php(606): CodeIgniter\Database\BaseConnection->simpleQuery('INSERT INTO `data_penindakan_table` (`ukpd_id`, `ppns_id`, `spt_id`, `unit_id`, `jenis_penindakan_id`, `bap_id`, `jenis_pelanggaran_id`, `tanggal_pelanggaran`, `jam_pelanggaran`, `tempat_penyimpanan_id`, `foto`, `created_at`, `updated_at`) VALUES (\'1\', \'6\', \'6\', \'6\', \'1\', \'2\', \'2\', \'2023-08-27\', NULL, \'1\', \'1693154201_9656916d7af369970e40.png\', \'2023-08-27 23:36:41\', \'2023-08-27 23:36:41\')')
 4 SYSTEMPATH/Database/BaseBuilder.php(2309): CodeIgniter\Database\BaseConnection->query('INSERT INTO `data_penindakan_table` (`ukpd_id`, `ppns_id`, `spt_id`, `unit_id`, `jenis_penindakan_id`, `bap_id`, `jenis_pelanggaran_id`, `tanggal_pelanggaran`, `jam_pelanggaran`, `tempat_penyimpanan_id`, `foto`, `created_at`, `updated_at`) VALUES (:ukpd_id:, :ppns_id:, :spt_id:, :unit_id:, :jenis_penindakan_id:, :bap_id:, :jenis_pelanggaran_id:, :tanggal_pelanggaran:, :jam_pelanggaran:, :tempat_penyimpanan_id:, :foto:, :created_at:, :updated_at:)', [...], false)
 5 SYSTEMPATH/Model.php(330): CodeIgniter\Database\BaseBuilder->insert()
 6 SYSTEMPATH/BaseModel.php(782): CodeIgniter\Model->doInsert([...])
 7 SYSTEMPATH/Model.php(730): CodeIgniter\BaseModel->insert([...], false)
 8 SYSTEMPATH/BaseModel.php(692): CodeIgniter\Model->insert([...], false)
 9 APPPATH/Controllers/Admin/DataPenindakan.php(362): CodeIgniter\BaseModel->save([...])
10 SYSTEMPATH/CodeIgniter.php(932): App\Controllers\Admin\DataPenindakan->insert()
11 SYSTEMPATH/CodeIgniter.php(497): CodeIgniter\CodeIgniter->runController(Object(App\Controllers\Admin\DataPenindakan))
12 SYSTEMPATH/CodeIgniter.php(366): CodeIgniter\CodeIgniter->handleRequest(null, Object(Config\Cache), false)
13 FCPATH/index.php(67): CodeIgniter\CodeIgniter->run()
14 SYSTEMPATH/Commands/Server/rewrite.php(47): require_once('/Users/chanchanbayubahari/Desktop/e-parli/public/index.php')
