CRITICAL - 2023-07-20 16:36:08 --> Trying to access array offset on value of type null
in APPPATH/Views/admin/ukpd.php on line 44.
 1 APPPATH/Views/admin/ukpd.php(44): CodeIgniter\Debug\Exceptions->errorHandler(8, 'Trying to access array offset on value of type null', '/Users/chanchanbayubahari/Desktop/e-parli/app/Views/admin/ukpd.php', 44, [...])
 2 SYSTEMPATH/View/View.php(224): include('/Users/chanchanbayubahari/Desktop/e-parli/app/Views/admin/ukpd.php')
 3 SYSTEMPATH/View/View.php(227): CodeIgniter\View\View->CodeIgniter\View\{closure}()
 4 SYSTEMPATH/Common.php(1180): CodeIgniter\View\View->render('admin/ukpd', [], true)
 5 APPPATH/Controllers/Admin/Ukpd.php(27): view('admin/ukpd', [...])
 6 SYSTEMPATH/CodeIgniter.php(932): App\Controllers\Admin\Ukpd->index()
 7 SYSTEMPATH/CodeIgniter.php(497): CodeIgniter\CodeIgniter->runController(Object(App\Controllers\Admin\Ukpd))
 8 SYSTEMPATH/CodeIgniter.php(366): CodeIgniter\CodeIgniter->handleRequest(null, Object(Config\Cache), false)
 9 FCPATH/index.php(67): CodeIgniter\CodeIgniter->run()
10 SYSTEMPATH/Commands/Server/rewrite.php(47): require_once('/Users/chanchanbayubahari/Desktop/e-parli/public/index.php')
CRITICAL - 2023-07-20 16:36:38 --> Cannot use object of type stdClass as array
in APPPATH/Views/admin/ukpd.php on line 44.
 1 SYSTEMPATH/View/View.php(224): include()
 2 SYSTEMPATH/View/View.php(227): CodeIgniter\View\View->CodeIgniter\View\{closure}()
 3 SYSTEMPATH/Common.php(1180): CodeIgniter\View\View->render('admin/ukpd', [], true)
 4 APPPATH/Controllers/Admin/Ukpd.php(27): view('admin/ukpd', [...])
 5 SYSTEMPATH/CodeIgniter.php(932): App\Controllers\Admin\Ukpd->index()
 6 SYSTEMPATH/CodeIgniter.php(497): CodeIgniter\CodeIgniter->runController(Object(App\Controllers\Admin\Ukpd))
 7 SYSTEMPATH/CodeIgniter.php(366): CodeIgniter\CodeIgniter->handleRequest(null, Object(Config\Cache), false)
 8 FCPATH/index.php(67): CodeIgniter\CodeIgniter->run()
 9 SYSTEMPATH/Commands/Server/rewrite.php(47): require_once('/Users/chanchanbayubahari/Desktop/e-parli/public/index.php')
CRITICAL - 2023-07-20 16:39:13 --> Cannot use object of type stdClass as array
in APPPATH/Views/admin/ukpd.php on line 44.
 1 SYSTEMPATH/View/View.php(224): include()
 2 SYSTEMPATH/View/View.php(227): CodeIgniter\View\View->CodeIgniter\View\{closure}()
 3 SYSTEMPATH/Common.php(1180): CodeIgniter\View\View->render('admin/ukpd', [], true)
 4 APPPATH/Controllers/Admin/Ukpd.php(27): view('admin/ukpd', [...])
 5 SYSTEMPATH/CodeIgniter.php(932): App\Controllers\Admin\Ukpd->index()
 6 SYSTEMPATH/CodeIgniter.php(497): CodeIgniter\CodeIgniter->runController(Object(App\Controllers\Admin\Ukpd))
 7 SYSTEMPATH/CodeIgniter.php(366): CodeIgniter\CodeIgniter->handleRequest(null, Object(Config\Cache), false)
 8 FCPATH/index.php(67): CodeIgniter\CodeIgniter->run()
 9 SYSTEMPATH/Commands/Server/rewrite.php(47): require_once('/Users/chanchanbayubahari/Desktop/e-parli/public/index.php')
CRITICAL - 2023-07-20 16:40:33 --> Cannot use object of type stdClass as array
in APPPATH/Views/admin/ukpd.php on line 46.
 1 SYSTEMPATH/View/View.php(224): include()
 2 SYSTEMPATH/View/View.php(227): CodeIgniter\View\View->CodeIgniter\View\{closure}()
 3 SYSTEMPATH/Common.php(1180): CodeIgniter\View\View->render('admin/ukpd', [], true)
 4 APPPATH/Controllers/Admin/Ukpd.php(27): view('admin/ukpd', [...])
 5 SYSTEMPATH/CodeIgniter.php(932): App\Controllers\Admin\Ukpd->index()
 6 SYSTEMPATH/CodeIgniter.php(497): CodeIgniter\CodeIgniter->runController(Object(App\Controllers\Admin\Ukpd))
 7 SYSTEMPATH/CodeIgniter.php(366): CodeIgniter\CodeIgniter->handleRequest(null, Object(Config\Cache), false)
 8 FCPATH/index.php(67): CodeIgniter\CodeIgniter->run()
 9 SYSTEMPATH/Commands/Server/rewrite.php(47): require_once('/Users/chanchanbayubahari/Desktop/e-parli/public/index.php')
