CRITICAL - 2023-07-31 09:59:18 --> Class 'App\Controllers\Admin\JenisPenindakanModel' not found
in APPPATH/Controllers/Admin/JenisPelanggaran.php on line 14.
 1 SYSTEMPATH/CodeIgniter.php(904): App\Controllers\Admin\JenisPelanggaran->__construct()
 2 SYSTEMPATH/CodeIgniter.php(488): CodeIgniter\CodeIgniter->createController()
 3 SYSTEMPATH/CodeIgniter.php(366): CodeIgniter\CodeIgniter->handleRequest(null, Object(Config\Cache), false)
 4 FCPATH/index.php(67): CodeIgniter\CodeIgniter->run()
 5 SYSTEMPATH/Commands/Server/rewrite.php(47): require_once('/Users/chanchanbayubahari/Desktop/e-parli/public/index.php')
CRITICAL - 2023-07-31 10:01:17 --> Undefined property: App\Controllers\Admin\JenisPelanggaran::$JenisPelanggaranModel
in APPPATH/Controllers/Admin/JenisPelanggaran.php on line 22.
 1 APPPATH/Controllers/Admin/JenisPelanggaran.php(22): CodeIgniter\Debug\Exceptions->errorHandler(8, 'Undefined property: App\\Controllers\\Admin\\JenisPelanggaran::$JenisPelanggaranModel', '/Users/chanchanbayubahari/Desktop/e-parli/app/Controllers/Admin/JenisPelanggaran.php', 22, [])
 2 SYSTEMPATH/CodeIgniter.php(932): App\Controllers\Admin\JenisPelanggaran->index()
 3 SYSTEMPATH/CodeIgniter.php(497): CodeIgniter\CodeIgniter->runController(Object(App\Controllers\Admin\JenisPelanggaran))
 4 SYSTEMPATH/CodeIgniter.php(366): CodeIgniter\CodeIgniter->handleRequest(null, Object(Config\Cache), false)
 5 FCPATH/index.php(67): CodeIgniter\CodeIgniter->run()
 6 SYSTEMPATH/Commands/Server/rewrite.php(47): require_once('/Users/chanchanbayubahari/Desktop/e-parli/public/index.php')
CRITICAL - 2023-07-31 10:02:08 --> Invalid file: "admin/jenis_pelanggaran.php"
in SYSTEMPATH/Exceptions/FrameworkException.php on line 33.
 1 SYSTEMPATH/View/View.php(212): CodeIgniter\Exceptions\FrameworkException::forInvalidFile('admin/jenis_pelanggaran.php')
 2 SYSTEMPATH/Common.php(1180): CodeIgniter\View\View->render('admin/jenis_pelanggaran', [], true)
 3 APPPATH/Controllers/Admin/JenisPelanggaran.php(26): view('admin/jenis_pelanggaran', [...])
 4 SYSTEMPATH/CodeIgniter.php(932): App\Controllers\Admin\JenisPelanggaran->index()
 5 SYSTEMPATH/CodeIgniter.php(497): CodeIgniter\CodeIgniter->runController(Object(App\Controllers\Admin\JenisPelanggaran))
 6 SYSTEMPATH/CodeIgniter.php(366): CodeIgniter\CodeIgniter->handleRequest(null, Object(Config\Cache), false)
 7 FCPATH/index.php(67): CodeIgniter\CodeIgniter->run()
 8 SYSTEMPATH/Commands/Server/rewrite.php(47): require_once('/Users/chanchanbayubahari/Desktop/e-parli/public/index.php')
CRITICAL - 2023-07-31 10:38:35 --> Call to undefined method App\Models\Admin\RoleManagementModel::getRole
in SYSTEMPATH/Model.php on line 838.
 1 APPPATH/Controllers/Admin/RoleManagement.php(22): CodeIgniter\Model->__call('getRole', [])
 2 SYSTEMPATH/CodeIgniter.php(932): App\Controllers\Admin\RoleManagement->index()
 3 SYSTEMPATH/CodeIgniter.php(497): CodeIgniter\CodeIgniter->runController(Object(App\Controllers\Admin\RoleManagement))
 4 SYSTEMPATH/CodeIgniter.php(366): CodeIgniter\CodeIgniter->handleRequest(null, Object(Config\Cache), false)
 5 FCPATH/index.php(67): CodeIgniter\CodeIgniter->run()
 6 SYSTEMPATH/Commands/Server/rewrite.php(47): require_once('/Users/chanchanbayubahari/Desktop/e-parli/public/index.php')
CRITICAL - 2023-07-31 10:39:47 --> Undefined variable: jenis_penindakan
in APPPATH/Views/admin/role_management.php on line 38.
 1 APPPATH/Views/admin/role_management.php(38): CodeIgniter\Debug\Exceptions->errorHandler(8, 'Undefined variable: jenis_penindakan', '/Users/chanchanbayubahari/Desktop/e-parli/app/Views/admin/role_management.php', 38, [...])
 2 SYSTEMPATH/View/View.php(224): include('/Users/chanchanbayubahari/Desktop/e-parli/app/Views/admin/role_management.php')
 3 SYSTEMPATH/View/View.php(227): CodeIgniter\View\View->CodeIgniter\View\{closure}()
 4 SYSTEMPATH/Common.php(1180): CodeIgniter\View\View->render('admin/role_management', [], true)
 5 APPPATH/Controllers/Admin/RoleManagement.php(26): view('admin/role_management', [...])
 6 SYSTEMPATH/CodeIgniter.php(932): App\Controllers\Admin\RoleManagement->index()
 7 SYSTEMPATH/CodeIgniter.php(497): CodeIgniter\CodeIgniter->runController(Object(App\Controllers\Admin\RoleManagement))
 8 SYSTEMPATH/CodeIgniter.php(366): CodeIgniter\CodeIgniter->handleRequest(null, Object(Config\Cache), false)
 9 FCPATH/index.php(67): CodeIgniter\CodeIgniter->run()
10 SYSTEMPATH/Commands/Server/rewrite.php(47): require_once('/Users/chanchanbayubahari/Desktop/e-parli/public/index.php')
ERROR - 2023-07-31 23:25:00 --> mysqli_sql_exception: You have an error in your SQL syntax; check the manual that corresponds to your MariaDB server version for the right syntax to use near '.`ukpd`
FROM `unit_regu_table`
JOIN `ukpd_table` ON `ukpd_table`.`id` = `temp...' at line 1 in /Users/chanchanbayubahari/Desktop/e-parli/vendor/codeigniter4/framework/system/Database/MySQLi/Connection.php:295
Stack trace:
#0 /Users/chanchanbayubahari/Desktop/e-parli/vendor/codeigniter4/framework/system/Database/MySQLi/Connection.php(295): mysqli->query('SELECT `unit_re...', 0)
#1 /Users/chanchanbayubahari/Desktop/e-parli/vendor/codeigniter4/framework/system/Database/BaseConnection.php(692): CodeIgniter\Database\MySQLi\Connection->execute('SELECT `unit_re...')
#2 /Users/chanchanbayubahari/Desktop/e-parli/vendor/codeigniter4/framework/system/Database/BaseConnection.php(606): CodeIgniter\Database\BaseConnection->simpleQuery('SELECT `unit_re...')
#3 /Users/chanchanbayubahari/Desktop/e-parli/vendor/codeigniter4/framework/system/Database/BaseBuilder.php(1616): CodeIgniter\Database\BaseConnection->query('SELECT `unit_re...', Array, false)
#4 /Users/chanchanbayubahari/Desktop/e-parli/vendor/codeigniter4/framework/system/Model.php(836): CodeIgniter\Database\BaseBuilder->get()
#5 /Users/chanchanbayubahari/Desktop/e-parli/app/Models/Admin/UnitReguModel.php(26): CodeIgniter\Model->__call('get', Array)
#6 /Users/chanchanbayubahari/Desktop/e-parli/app/Controllers/Admin/UnitRegu.php(25): App\Models\Admin\UnitReguModel->getUnit()
#7 /Users/chanchanbayubahari/Desktop/e-parli/vendor/codeigniter4/framework/system/CodeIgniter.php(932): App\Controllers\Admin\UnitRegu->index()
#8 /Users/chanchanbayubahari/Desktop/e-parli/vendor/codeigniter4/framework/system/CodeIgniter.php(497): CodeIgniter\CodeIgniter->runController(Object(App\Controllers\Admin\UnitRegu))
#9 /Users/chanchanbayubahari/Desktop/e-parli/vendor/codeigniter4/framework/system/CodeIgniter.php(366): CodeIgniter\CodeIgniter->handleRequest(NULL, Object(Config\Cache), false)
#10 /Users/chanchanbayubahari/Desktop/e-parli/public/index.php(67): CodeIgniter\CodeIgniter->run()
#11 /Users/chanchanbayubahari/Desktop/e-parli/vendor/codeigniter4/framework/system/Commands/Server/rewrite.php(47): require_once('/Users/chanchan...')
#12 {main}
CRITICAL - 2023-07-31 23:25:00 --> You have an error in your SQL syntax; check the manual that corresponds to your MariaDB server version for the right syntax to use near '.`ukpd`
FROM `unit_regu_table`
JOIN `ukpd_table` ON `ukpd_table`.`id` = `temp...' at line 1
in SYSTEMPATH/Database/MySQLi/Connection.php on line 295.
 1 SYSTEMPATH/Database/MySQLi/Connection.php(295): mysqli->query('SELECT `unit_regu_table`.`id`, `unit_regu_table`.`ukpd_id`, `unit_regu_table`.`unit_regu` `ukpd_table`.`ukpd`
FROM `unit_regu_table`
JOIN `ukpd_table` ON `ukpd_table`.`id` = `tempat_penyimpanan_table`.`ukpd_id`
ORDER BY `unit_regu_table`.`id` desc', 0)
 2 SYSTEMPATH/Database/BaseConnection.php(692): CodeIgniter\Database\MySQLi\Connection->execute('SELECT `unit_regu_table`.`id`, `unit_regu_table`.`ukpd_id`, `unit_regu_table`.`unit_regu` `ukpd_table`.`ukpd`
FROM `unit_regu_table`
JOIN `ukpd_table` ON `ukpd_table`.`id` = `tempat_penyimpanan_table`.`ukpd_id`
ORDER BY `unit_regu_table`.`id` desc')
 3 SYSTEMPATH/Database/BaseConnection.php(606): CodeIgniter\Database\BaseConnection->simpleQuery('SELECT `unit_regu_table`.`id`, `unit_regu_table`.`ukpd_id`, `unit_regu_table`.`unit_regu` `ukpd_table`.`ukpd`
FROM `unit_regu_table`
JOIN `ukpd_table` ON `ukpd_table`.`id` = `tempat_penyimpanan_table`.`ukpd_id`
ORDER BY `unit_regu_table`.`id` desc')
 4 SYSTEMPATH/Database/BaseBuilder.php(1616): CodeIgniter\Database\BaseConnection->query('SELECT `unit_regu_table`.`id`, `unit_regu_table`.`ukpd_id`, `unit_regu_table`.`unit_regu` `ukpd_table`.`ukpd`
FROM `unit_regu_table`
JOIN `ukpd_table` ON `ukpd_table`.`id` = `tempat_penyimpanan_table`.`ukpd_id`
ORDER BY `unit_regu_table`.`id` desc', [], false)
 5 SYSTEMPATH/Model.php(836): CodeIgniter\Database\BaseBuilder->get()
 6 APPPATH/Models/Admin/UnitReguModel.php(26): CodeIgniter\Model->__call('get', [])
 7 APPPATH/Controllers/Admin/UnitRegu.php(25): App\Models\Admin\UnitReguModel->getUnit()
 8 SYSTEMPATH/CodeIgniter.php(932): App\Controllers\Admin\UnitRegu->index()
 9 SYSTEMPATH/CodeIgniter.php(497): CodeIgniter\CodeIgniter->runController(Object(App\Controllers\Admin\UnitRegu))
10 SYSTEMPATH/CodeIgniter.php(366): CodeIgniter\CodeIgniter->handleRequest(null, Object(Config\Cache), false)
11 FCPATH/index.php(67): CodeIgniter\CodeIgniter->run()
12 SYSTEMPATH/Commands/Server/rewrite.php(47): require_once('/Users/chanchanbayubahari/Desktop/e-parli/public/index.php')
ERROR - 2023-07-31 23:25:24 --> mysqli_sql_exception: You have an error in your SQL syntax; check the manual that corresponds to your MariaDB server version for the right syntax to use near '.`ukpd`
FROM `unit_regu_table`
JOIN `ukpd_table` ON `ukpd_table`.`id` = `unit...' at line 1 in /Users/chanchanbayubahari/Desktop/e-parli/vendor/codeigniter4/framework/system/Database/MySQLi/Connection.php:295
Stack trace:
#0 /Users/chanchanbayubahari/Desktop/e-parli/vendor/codeigniter4/framework/system/Database/MySQLi/Connection.php(295): mysqli->query('SELECT `unit_re...', 0)
#1 /Users/chanchanbayubahari/Desktop/e-parli/vendor/codeigniter4/framework/system/Database/BaseConnection.php(692): CodeIgniter\Database\MySQLi\Connection->execute('SELECT `unit_re...')
#2 /Users/chanchanbayubahari/Desktop/e-parli/vendor/codeigniter4/framework/system/Database/BaseConnection.php(606): CodeIgniter\Database\BaseConnection->simpleQuery('SELECT `unit_re...')
#3 /Users/chanchanbayubahari/Desktop/e-parli/vendor/codeigniter4/framework/system/Database/BaseBuilder.php(1616): CodeIgniter\Database\BaseConnection->query('SELECT `unit_re...', Array, false)
#4 /Users/chanchanbayubahari/Desktop/e-parli/vendor/codeigniter4/framework/system/Model.php(836): CodeIgniter\Database\BaseBuilder->get()
#5 /Users/chanchanbayubahari/Desktop/e-parli/app/Models/Admin/UnitReguModel.php(26): CodeIgniter\Model->__call('get', Array)
#6 /Users/chanchanbayubahari/Desktop/e-parli/app/Controllers/Admin/UnitRegu.php(25): App\Models\Admin\UnitReguModel->getUnit()
#7 /Users/chanchanbayubahari/Desktop/e-parli/vendor/codeigniter4/framework/system/CodeIgniter.php(932): App\Controllers\Admin\UnitRegu->index()
#8 /Users/chanchanbayubahari/Desktop/e-parli/vendor/codeigniter4/framework/system/CodeIgniter.php(497): CodeIgniter\CodeIgniter->runController(Object(App\Controllers\Admin\UnitRegu))
#9 /Users/chanchanbayubahari/Desktop/e-parli/vendor/codeigniter4/framework/system/CodeIgniter.php(366): CodeIgniter\CodeIgniter->handleRequest(NULL, Object(Config\Cache), false)
#10 /Users/chanchanbayubahari/Desktop/e-parli/public/index.php(67): CodeIgniter\CodeIgniter->run()
#11 /Users/chanchanbayubahari/Desktop/e-parli/vendor/codeigniter4/framework/system/Commands/Server/rewrite.php(47): require_once('/Users/chanchan...')
#12 {main}
CRITICAL - 2023-07-31 23:25:24 --> You have an error in your SQL syntax; check the manual that corresponds to your MariaDB server version for the right syntax to use near '.`ukpd`
FROM `unit_regu_table`
JOIN `ukpd_table` ON `ukpd_table`.`id` = `unit...' at line 1
in SYSTEMPATH/Database/MySQLi/Connection.php on line 295.
 1 SYSTEMPATH/Database/MySQLi/Connection.php(295): mysqli->query('SELECT `unit_regu_table`.`id`, `unit_regu_table`.`ukpd_id`, `unit_regu_table`.`unit_regu` `ukpd_table`.`ukpd`
FROM `unit_regu_table`
JOIN `ukpd_table` ON `ukpd_table`.`id` = `unit_regu_table`.`ukpd_id`
ORDER BY `unit_regu_table`.`id` desc', 0)
 2 SYSTEMPATH/Database/BaseConnection.php(692): CodeIgniter\Database\MySQLi\Connection->execute('SELECT `unit_regu_table`.`id`, `unit_regu_table`.`ukpd_id`, `unit_regu_table`.`unit_regu` `ukpd_table`.`ukpd`
FROM `unit_regu_table`
JOIN `ukpd_table` ON `ukpd_table`.`id` = `unit_regu_table`.`ukpd_id`
ORDER BY `unit_regu_table`.`id` desc')
 3 SYSTEMPATH/Database/BaseConnection.php(606): CodeIgniter\Database\BaseConnection->simpleQuery('SELECT `unit_regu_table`.`id`, `unit_regu_table`.`ukpd_id`, `unit_regu_table`.`unit_regu` `ukpd_table`.`ukpd`
FROM `unit_regu_table`
JOIN `ukpd_table` ON `ukpd_table`.`id` = `unit_regu_table`.`ukpd_id`
ORDER BY `unit_regu_table`.`id` desc')
 4 SYSTEMPATH/Database/BaseBuilder.php(1616): CodeIgniter\Database\BaseConnection->query('SELECT `unit_regu_table`.`id`, `unit_regu_table`.`ukpd_id`, `unit_regu_table`.`unit_regu` `ukpd_table`.`ukpd`
FROM `unit_regu_table`
JOIN `ukpd_table` ON `ukpd_table`.`id` = `unit_regu_table`.`ukpd_id`
ORDER BY `unit_regu_table`.`id` desc', [], false)
 5 SYSTEMPATH/Model.php(836): CodeIgniter\Database\BaseBuilder->get()
 6 APPPATH/Models/Admin/UnitReguModel.php(26): CodeIgniter\Model->__call('get', [])
 7 APPPATH/Controllers/Admin/UnitRegu.php(25): App\Models\Admin\UnitReguModel->getUnit()
 8 SYSTEMPATH/CodeIgniter.php(932): App\Controllers\Admin\UnitRegu->index()
 9 SYSTEMPATH/CodeIgniter.php(497): CodeIgniter\CodeIgniter->runController(Object(App\Controllers\Admin\UnitRegu))
10 SYSTEMPATH/CodeIgniter.php(366): CodeIgniter\CodeIgniter->handleRequest(null, Object(Config\Cache), false)
11 FCPATH/index.php(67): CodeIgniter\CodeIgniter->run()
12 SYSTEMPATH/Commands/Server/rewrite.php(47): require_once('/Users/chanchanbayubahari/Desktop/e-parli/public/index.php')
ERROR - 2023-07-31 23:27:29 --> mysqli_sql_exception: You have an error in your SQL syntax; check the manual that corresponds to your MariaDB server version for the right syntax to use near '.`ukpd`
FROM `unit_regu_table`
JOIN `ukpd_table` ON `ukpd_table`.`id` = `unit...' at line 1 in /Users/chanchanbayubahari/Desktop/e-parli/vendor/codeigniter4/framework/system/Database/MySQLi/Connection.php:295
Stack trace:
#0 /Users/chanchanbayubahari/Desktop/e-parli/vendor/codeigniter4/framework/system/Database/MySQLi/Connection.php(295): mysqli->query('SELECT `unit_re...', 0)
#1 /Users/chanchanbayubahari/Desktop/e-parli/vendor/codeigniter4/framework/system/Database/BaseConnection.php(692): CodeIgniter\Database\MySQLi\Connection->execute('SELECT `unit_re...')
#2 /Users/chanchanbayubahari/Desktop/e-parli/vendor/codeigniter4/framework/system/Database/BaseConnection.php(606): CodeIgniter\Database\BaseConnection->simpleQuery('SELECT `unit_re...')
#3 /Users/chanchanbayubahari/Desktop/e-parli/vendor/codeigniter4/framework/system/Database/BaseBuilder.php(1616): CodeIgniter\Database\BaseConnection->query('SELECT `unit_re...', Array, false)
#4 /Users/chanchanbayubahari/Desktop/e-parli/vendor/codeigniter4/framework/system/Model.php(836): CodeIgniter\Database\BaseBuilder->get()
#5 /Users/chanchanbayubahari/Desktop/e-parli/app/Models/Admin/UnitReguModel.php(26): CodeIgniter\Model->__call('get', Array)
#6 /Users/chanchanbayubahari/Desktop/e-parli/app/Controllers/Admin/UnitRegu.php(25): App\Models\Admin\UnitReguModel->getUnit()
#7 /Users/chanchanbayubahari/Desktop/e-parli/vendor/codeigniter4/framework/system/CodeIgniter.php(932): App\Controllers\Admin\UnitRegu->index()
#8 /Users/chanchanbayubahari/Desktop/e-parli/vendor/codeigniter4/framework/system/CodeIgniter.php(497): CodeIgniter\CodeIgniter->runController(Object(App\Controllers\Admin\UnitRegu))
#9 /Users/chanchanbayubahari/Desktop/e-parli/vendor/codeigniter4/framework/system/CodeIgniter.php(366): CodeIgniter\CodeIgniter->handleRequest(NULL, Object(Config\Cache), false)
#10 /Users/chanchanbayubahari/Desktop/e-parli/public/index.php(67): CodeIgniter\CodeIgniter->run()
#11 /Users/chanchanbayubahari/Desktop/e-parli/vendor/codeigniter4/framework/system/Commands/Server/rewrite.php(47): require_once('/Users/chanchan...')
#12 {main}
CRITICAL - 2023-07-31 23:27:29 --> You have an error in your SQL syntax; check the manual that corresponds to your MariaDB server version for the right syntax to use near '.`ukpd`
FROM `unit_regu_table`
JOIN `ukpd_table` ON `ukpd_table`.`id` = `unit...' at line 1
in SYSTEMPATH/Database/MySQLi/Connection.php on line 295.
 1 SYSTEMPATH/Database/MySQLi/Connection.php(295): mysqli->query('SELECT `unit_regu_table`.`id`, `unit_regu_table`.`ukpd_id`, `unit_regu_table`.`unit_regu` `ukpd_table`.`ukpd`
FROM `unit_regu_table`
JOIN `ukpd_table` ON `ukpd_table`.`id` = `unit_regu_table`.`ukpd_id`
ORDER BY `unit_regu_table`.`id` desc', 0)
 2 SYSTEMPATH/Database/BaseConnection.php(692): CodeIgniter\Database\MySQLi\Connection->execute('SELECT `unit_regu_table`.`id`, `unit_regu_table`.`ukpd_id`, `unit_regu_table`.`unit_regu` `ukpd_table`.`ukpd`
FROM `unit_regu_table`
JOIN `ukpd_table` ON `ukpd_table`.`id` = `unit_regu_table`.`ukpd_id`
ORDER BY `unit_regu_table`.`id` desc')
 3 SYSTEMPATH/Database/BaseConnection.php(606): CodeIgniter\Database\BaseConnection->simpleQuery('SELECT `unit_regu_table`.`id`, `unit_regu_table`.`ukpd_id`, `unit_regu_table`.`unit_regu` `ukpd_table`.`ukpd`
FROM `unit_regu_table`
JOIN `ukpd_table` ON `ukpd_table`.`id` = `unit_regu_table`.`ukpd_id`
ORDER BY `unit_regu_table`.`id` desc')
 4 SYSTEMPATH/Database/BaseBuilder.php(1616): CodeIgniter\Database\BaseConnection->query('SELECT `unit_regu_table`.`id`, `unit_regu_table`.`ukpd_id`, `unit_regu_table`.`unit_regu` `ukpd_table`.`ukpd`
FROM `unit_regu_table`
JOIN `ukpd_table` ON `ukpd_table`.`id` = `unit_regu_table`.`ukpd_id`
ORDER BY `unit_regu_table`.`id` desc', [], false)
 5 SYSTEMPATH/Model.php(836): CodeIgniter\Database\BaseBuilder->get()
 6 APPPATH/Models/Admin/UnitReguModel.php(26): CodeIgniter\Model->__call('get', [])
 7 APPPATH/Controllers/Admin/UnitRegu.php(25): App\Models\Admin\UnitReguModel->getUnit()
 8 SYSTEMPATH/CodeIgniter.php(932): App\Controllers\Admin\UnitRegu->index()
 9 SYSTEMPATH/CodeIgniter.php(497): CodeIgniter\CodeIgniter->runController(Object(App\Controllers\Admin\UnitRegu))
10 SYSTEMPATH/CodeIgniter.php(366): CodeIgniter\CodeIgniter->handleRequest(null, Object(Config\Cache), false)
11 FCPATH/index.php(67): CodeIgniter\CodeIgniter->run()
12 SYSTEMPATH/Commands/Server/rewrite.php(47): require_once('/Users/chanchanbayubahari/Desktop/e-parli/public/index.php')
ERROR - 2023-07-31 23:27:32 --> mysqli_sql_exception: You have an error in your SQL syntax; check the manual that corresponds to your MariaDB server version for the right syntax to use near '.`ukpd`
FROM `unit_regu_table`
JOIN `ukpd_table` ON `ukpd_table`.`id` = `unit...' at line 1 in /Users/chanchanbayubahari/Desktop/e-parli/vendor/codeigniter4/framework/system/Database/MySQLi/Connection.php:295
Stack trace:
#0 /Users/chanchanbayubahari/Desktop/e-parli/vendor/codeigniter4/framework/system/Database/MySQLi/Connection.php(295): mysqli->query('SELECT `unit_re...', 0)
#1 /Users/chanchanbayubahari/Desktop/e-parli/vendor/codeigniter4/framework/system/Database/BaseConnection.php(692): CodeIgniter\Database\MySQLi\Connection->execute('SELECT `unit_re...')
#2 /Users/chanchanbayubahari/Desktop/e-parli/vendor/codeigniter4/framework/system/Database/BaseConnection.php(606): CodeIgniter\Database\BaseConnection->simpleQuery('SELECT `unit_re...')
#3 /Users/chanchanbayubahari/Desktop/e-parli/vendor/codeigniter4/framework/system/Database/BaseBuilder.php(1616): CodeIgniter\Database\BaseConnection->query('SELECT `unit_re...', Array, false)
#4 /Users/chanchanbayubahari/Desktop/e-parli/vendor/codeigniter4/framework/system/Model.php(836): CodeIgniter\Database\BaseBuilder->get()
#5 /Users/chanchanbayubahari/Desktop/e-parli/app/Models/Admin/UnitReguModel.php(26): CodeIgniter\Model->__call('get', Array)
#6 /Users/chanchanbayubahari/Desktop/e-parli/app/Controllers/Admin/UnitRegu.php(25): App\Models\Admin\UnitReguModel->getUnit()
#7 /Users/chanchanbayubahari/Desktop/e-parli/vendor/codeigniter4/framework/system/CodeIgniter.php(932): App\Controllers\Admin\UnitRegu->index()
#8 /Users/chanchanbayubahari/Desktop/e-parli/vendor/codeigniter4/framework/system/CodeIgniter.php(497): CodeIgniter\CodeIgniter->runController(Object(App\Controllers\Admin\UnitRegu))
#9 /Users/chanchanbayubahari/Desktop/e-parli/vendor/codeigniter4/framework/system/CodeIgniter.php(366): CodeIgniter\CodeIgniter->handleRequest(NULL, Object(Config\Cache), false)
#10 /Users/chanchanbayubahari/Desktop/e-parli/public/index.php(67): CodeIgniter\CodeIgniter->run()
#11 /Users/chanchanbayubahari/Desktop/e-parli/vendor/codeigniter4/framework/system/Commands/Server/rewrite.php(47): require_once('/Users/chanchan...')
#12 {main}
CRITICAL - 2023-07-31 23:27:32 --> You have an error in your SQL syntax; check the manual that corresponds to your MariaDB server version for the right syntax to use near '.`ukpd`
FROM `unit_regu_table`
JOIN `ukpd_table` ON `ukpd_table`.`id` = `unit...' at line 1
in SYSTEMPATH/Database/MySQLi/Connection.php on line 295.
 1 SYSTEMPATH/Database/MySQLi/Connection.php(295): mysqli->query('SELECT `unit_regu_table`.`id`, `unit_regu_table`.`ukpd_id`, `unit_regu_table`.`unit_regu` `ukpd_table`.`ukpd`
FROM `unit_regu_table`
JOIN `ukpd_table` ON `ukpd_table`.`id` = `unit_regu_table`.`ukpd_id`
ORDER BY `unit_regu_table`.`id` desc', 0)
 2 SYSTEMPATH/Database/BaseConnection.php(692): CodeIgniter\Database\MySQLi\Connection->execute('SELECT `unit_regu_table`.`id`, `unit_regu_table`.`ukpd_id`, `unit_regu_table`.`unit_regu` `ukpd_table`.`ukpd`
FROM `unit_regu_table`
JOIN `ukpd_table` ON `ukpd_table`.`id` = `unit_regu_table`.`ukpd_id`
ORDER BY `unit_regu_table`.`id` desc')
 3 SYSTEMPATH/Database/BaseConnection.php(606): CodeIgniter\Database\BaseConnection->simpleQuery('SELECT `unit_regu_table`.`id`, `unit_regu_table`.`ukpd_id`, `unit_regu_table`.`unit_regu` `ukpd_table`.`ukpd`
FROM `unit_regu_table`
JOIN `ukpd_table` ON `ukpd_table`.`id` = `unit_regu_table`.`ukpd_id`
ORDER BY `unit_regu_table`.`id` desc')
 4 SYSTEMPATH/Database/BaseBuilder.php(1616): CodeIgniter\Database\BaseConnection->query('SELECT `unit_regu_table`.`id`, `unit_regu_table`.`ukpd_id`, `unit_regu_table`.`unit_regu` `ukpd_table`.`ukpd`
FROM `unit_regu_table`
JOIN `ukpd_table` ON `ukpd_table`.`id` = `unit_regu_table`.`ukpd_id`
ORDER BY `unit_regu_table`.`id` desc', [], false)
 5 SYSTEMPATH/Model.php(836): CodeIgniter\Database\BaseBuilder->get()
 6 APPPATH/Models/Admin/UnitReguModel.php(26): CodeIgniter\Model->__call('get', [])
 7 APPPATH/Controllers/Admin/UnitRegu.php(25): App\Models\Admin\UnitReguModel->getUnit()
 8 SYSTEMPATH/CodeIgniter.php(932): App\Controllers\Admin\UnitRegu->index()
 9 SYSTEMPATH/CodeIgniter.php(497): CodeIgniter\CodeIgniter->runController(Object(App\Controllers\Admin\UnitRegu))
10 SYSTEMPATH/CodeIgniter.php(366): CodeIgniter\CodeIgniter->handleRequest(null, Object(Config\Cache), false)
11 FCPATH/index.php(67): CodeIgniter\CodeIgniter->run()
12 SYSTEMPATH/Commands/Server/rewrite.php(47): require_once('/Users/chanchanbayubahari/Desktop/e-parli/public/index.php')
ERROR - 2023-07-31 23:39:53 --> mysqli_sql_exception: Table 'e-parli.unit_regu' doesn't exist in /Users/chanchanbayubahari/Desktop/e-parli/vendor/codeigniter4/framework/system/Database/MySQLi/Connection.php:295
Stack trace:
#0 /Users/chanchanbayubahari/Desktop/e-parli/vendor/codeigniter4/framework/system/Database/MySQLi/Connection.php(295): mysqli->query('SELECT 1\nFROM `...', 0)
#1 /Users/chanchanbayubahari/Desktop/e-parli/vendor/codeigniter4/framework/system/Database/BaseConnection.php(692): CodeIgniter\Database\MySQLi\Connection->execute('SELECT 1\nFROM `...')
#2 /Users/chanchanbayubahari/Desktop/e-parli/vendor/codeigniter4/framework/system/Database/BaseConnection.php(606): CodeIgniter\Database\BaseConnection->simpleQuery('SELECT 1\nFROM `...')
#3 /Users/chanchanbayubahari/Desktop/e-parli/vendor/codeigniter4/framework/system/Database/BaseBuilder.php(1616): CodeIgniter\Database\BaseConnection->query('SELECT 1\nFROM `...', Array, false)
#4 /Users/chanchanbayubahari/Desktop/e-parli/vendor/codeigniter4/framework/system/Validation/StrictRules/Rules.php(206): CodeIgniter\Database\BaseBuilder->get()
#5 /Users/chanchanbayubahari/Desktop/e-parli/vendor/codeigniter4/framework/system/Validation/Validation.php(278): CodeIgniter\Validation\StrictRules\Rules->is_unique('regu_2', 'unit_regu', Array, NULL, 'unit_regu')
#6 /Users/chanchanbayubahari/Desktop/e-parli/vendor/codeigniter4/framework/system/Validation/Validation.php(182): CodeIgniter\Validation\Validation->processRules('unit_regu', 'unit_regu', 'regu_2', Array, Array)
#7 /Users/chanchanbayubahari/Desktop/e-parli/vendor/codeigniter4/framework/system/Controller.php(140): CodeIgniter\Validation\Validation->run()
#8 /Users/chanchanbayubahari/Desktop/e-parli/app/Controllers/Admin/UnitRegu.php(39): CodeIgniter\Controller->validate(Array)
#9 /Users/chanchanbayubahari/Desktop/e-parli/vendor/codeigniter4/framework/system/CodeIgniter.php(932): App\Controllers\Admin\UnitRegu->insert()
#10 /Users/chanchanbayubahari/Desktop/e-parli/vendor/codeigniter4/framework/system/CodeIgniter.php(497): CodeIgniter\CodeIgniter->runController(Object(App\Controllers\Admin\UnitRegu))
#11 /Users/chanchanbayubahari/Desktop/e-parli/vendor/codeigniter4/framework/system/CodeIgniter.php(366): CodeIgniter\CodeIgniter->handleRequest(NULL, Object(Config\Cache), false)
#12 /Users/chanchanbayubahari/Desktop/e-parli/public/index.php(67): CodeIgniter\CodeIgniter->run()
#13 /Users/chanchanbayubahari/Desktop/e-parli/vendor/codeigniter4/framework/system/Commands/Server/rewrite.php(47): require_once('/Users/chanchan...')
#14 {main}
CRITICAL - 2023-07-31 23:39:53 --> Table 'e-parli.unit_regu' doesn't exist
in SYSTEMPATH/Database/MySQLi/Connection.php on line 295.
 1 SYSTEMPATH/Database/MySQLi/Connection.php(295): mysqli->query('SELECT 1
FROM `unit_regu`
WHERE `unit_regu` = \'regu_2\'
 LIMIT 1', 0)
 2 SYSTEMPATH/Database/BaseConnection.php(692): CodeIgniter\Database\MySQLi\Connection->execute('SELECT 1
FROM `unit_regu`
WHERE `unit_regu` = \'regu_2\'
 LIMIT 1')
 3 SYSTEMPATH/Database/BaseConnection.php(606): CodeIgniter\Database\BaseConnection->simpleQuery('SELECT 1
FROM `unit_regu`
WHERE `unit_regu` = \'regu_2\'
 LIMIT 1')
 4 SYSTEMPATH/Database/BaseBuilder.php(1616): CodeIgniter\Database\BaseConnection->query('SELECT 1
FROM `unit_regu`
WHERE `unit_regu` = :unit_regu:
 LIMIT 1', [...], false)
 5 SYSTEMPATH/Validation/StrictRules/Rules.php(206): CodeIgniter\Database\BaseBuilder->get()
 6 SYSTEMPATH/Validation/Validation.php(278): CodeIgniter\Validation\StrictRules\Rules->is_unique('regu_2', 'unit_regu', [...], null, 'unit_regu')
 7 SYSTEMPATH/Validation/Validation.php(182): CodeIgniter\Validation\Validation->processRules('unit_regu', 'unit_regu', 'regu_2', [...], [...])
 8 SYSTEMPATH/Controller.php(140): CodeIgniter\Validation\Validation->run()
 9 APPPATH/Controllers/Admin/UnitRegu.php(39): CodeIgniter\Controller->validate([...])
10 SYSTEMPATH/CodeIgniter.php(932): App\Controllers\Admin\UnitRegu->insert()
11 SYSTEMPATH/CodeIgniter.php(497): CodeIgniter\CodeIgniter->runController(Object(App\Controllers\Admin\UnitRegu))
12 SYSTEMPATH/CodeIgniter.php(366): CodeIgniter\CodeIgniter->handleRequest(null, Object(Config\Cache), false)
13 FCPATH/index.php(67): CodeIgniter\CodeIgniter->run()
14 SYSTEMPATH/Commands/Server/rewrite.php(47): require_once('/Users/chanchanbayubahari/Desktop/e-parli/public/index.php')
ERROR - 2023-07-31 23:40:13 --> mysqli_sql_exception: Table 'e-parli.unit_regu' doesn't exist in /Users/chanchanbayubahari/Desktop/e-parli/vendor/codeigniter4/framework/system/Database/MySQLi/Connection.php:295
Stack trace:
#0 /Users/chanchanbayubahari/Desktop/e-parli/vendor/codeigniter4/framework/system/Database/MySQLi/Connection.php(295): mysqli->query('SELECT 1\nFROM `...', 0)
#1 /Users/chanchanbayubahari/Desktop/e-parli/vendor/codeigniter4/framework/system/Database/BaseConnection.php(692): CodeIgniter\Database\MySQLi\Connection->execute('SELECT 1\nFROM `...')
#2 /Users/chanchanbayubahari/Desktop/e-parli/vendor/codeigniter4/framework/system/Database/BaseConnection.php(606): CodeIgniter\Database\BaseConnection->simpleQuery('SELECT 1\nFROM `...')
#3 /Users/chanchanbayubahari/Desktop/e-parli/vendor/codeigniter4/framework/system/Database/BaseBuilder.php(1616): CodeIgniter\Database\BaseConnection->query('SELECT 1\nFROM `...', Array, false)
#4 /Users/chanchanbayubahari/Desktop/e-parli/vendor/codeigniter4/framework/system/Validation/StrictRules/Rules.php(206): CodeIgniter\Database\BaseBuilder->get()
#5 /Users/chanchanbayubahari/Desktop/e-parli/vendor/codeigniter4/framework/system/Validation/Validation.php(278): CodeIgniter\Validation\StrictRules\Rules->is_unique('derek_2', 'unit_regu', Array, NULL, 'unit_regu')
#6 /Users/chanchanbayubahari/Desktop/e-parli/vendor/codeigniter4/framework/system/Validation/Validation.php(182): CodeIgniter\Validation\Validation->processRules('unit_regu', 'unit_regu', 'derek_2', Array, Array)
#7 /Users/chanchanbayubahari/Desktop/e-parli/vendor/codeigniter4/framework/system/Controller.php(140): CodeIgniter\Validation\Validation->run()
#8 /Users/chanchanbayubahari/Desktop/e-parli/app/Controllers/Admin/UnitRegu.php(39): CodeIgniter\Controller->validate(Array)
#9 /Users/chanchanbayubahari/Desktop/e-parli/vendor/codeigniter4/framework/system/CodeIgniter.php(932): App\Controllers\Admin\UnitRegu->insert()
#10 /Users/chanchanbayubahari/Desktop/e-parli/vendor/codeigniter4/framework/system/CodeIgniter.php(497): CodeIgniter\CodeIgniter->runController(Object(App\Controllers\Admin\UnitRegu))
#11 /Users/chanchanbayubahari/Desktop/e-parli/vendor/codeigniter4/framework/system/CodeIgniter.php(366): CodeIgniter\CodeIgniter->handleRequest(NULL, Object(Config\Cache), false)
#12 /Users/chanchanbayubahari/Desktop/e-parli/public/index.php(67): CodeIgniter\CodeIgniter->run()
#13 /Users/chanchanbayubahari/Desktop/e-parli/vendor/codeigniter4/framework/system/Commands/Server/rewrite.php(47): require_once('/Users/chanchan...')
#14 {main}
CRITICAL - 2023-07-31 23:40:13 --> Table 'e-parli.unit_regu' doesn't exist
in SYSTEMPATH/Database/MySQLi/Connection.php on line 295.
 1 SYSTEMPATH/Database/MySQLi/Connection.php(295): mysqli->query('SELECT 1
FROM `unit_regu`
WHERE `unit_regu` = \'derek_2\'
 LIMIT 1', 0)
 2 SYSTEMPATH/Database/BaseConnection.php(692): CodeIgniter\Database\MySQLi\Connection->execute('SELECT 1
FROM `unit_regu`
WHERE `unit_regu` = \'derek_2\'
 LIMIT 1')
 3 SYSTEMPATH/Database/BaseConnection.php(606): CodeIgniter\Database\BaseConnection->simpleQuery('SELECT 1
FROM `unit_regu`
WHERE `unit_regu` = \'derek_2\'
 LIMIT 1')
 4 SYSTEMPATH/Database/BaseBuilder.php(1616): CodeIgniter\Database\BaseConnection->query('SELECT 1
FROM `unit_regu`
WHERE `unit_regu` = :unit_regu:
 LIMIT 1', [...], false)
 5 SYSTEMPATH/Validation/StrictRules/Rules.php(206): CodeIgniter\Database\BaseBuilder->get()
 6 SYSTEMPATH/Validation/Validation.php(278): CodeIgniter\Validation\StrictRules\Rules->is_unique('derek_2', 'unit_regu', [...], null, 'unit_regu')
 7 SYSTEMPATH/Validation/Validation.php(182): CodeIgniter\Validation\Validation->processRules('unit_regu', 'unit_regu', 'derek_2', [...], [...])
 8 SYSTEMPATH/Controller.php(140): CodeIgniter\Validation\Validation->run()
 9 APPPATH/Controllers/Admin/UnitRegu.php(39): CodeIgniter\Controller->validate([...])
10 SYSTEMPATH/CodeIgniter.php(932): App\Controllers\Admin\UnitRegu->insert()
11 SYSTEMPATH/CodeIgniter.php(497): CodeIgniter\CodeIgniter->runController(Object(App\Controllers\Admin\UnitRegu))
12 SYSTEMPATH/CodeIgniter.php(366): CodeIgniter\CodeIgniter->handleRequest(null, Object(Config\Cache), false)
13 FCPATH/index.php(67): CodeIgniter\CodeIgniter->run()
14 SYSTEMPATH/Commands/Server/rewrite.php(47): require_once('/Users/chanchanbayubahari/Desktop/e-parli/public/index.php')
ERROR - 2023-07-31 23:43:16 --> mysqli_sql_exception: Table 'e-parli.unit_regu_tabel' doesn't exist in /Users/chanchanbayubahari/Desktop/e-parli/vendor/codeigniter4/framework/system/Database/MySQLi/Connection.php:295
Stack trace:
#0 /Users/chanchanbayubahari/Desktop/e-parli/vendor/codeigniter4/framework/system/Database/MySQLi/Connection.php(295): mysqli->query('SELECT 1\nFROM `...', 0)
#1 /Users/chanchanbayubahari/Desktop/e-parli/vendor/codeigniter4/framework/system/Database/BaseConnection.php(692): CodeIgniter\Database\MySQLi\Connection->execute('SELECT 1\nFROM `...')
#2 /Users/chanchanbayubahari/Desktop/e-parli/vendor/codeigniter4/framework/system/Database/BaseConnection.php(606): CodeIgniter\Database\BaseConnection->simpleQuery('SELECT 1\nFROM `...')
#3 /Users/chanchanbayubahari/Desktop/e-parli/vendor/codeigniter4/framework/system/Database/BaseBuilder.php(1616): CodeIgniter\Database\BaseConnection->query('SELECT 1\nFROM `...', Array, false)
#4 /Users/chanchanbayubahari/Desktop/e-parli/vendor/codeigniter4/framework/system/Validation/StrictRules/Rules.php(206): CodeIgniter\Database\BaseBuilder->get()
#5 /Users/chanchanbayubahari/Desktop/e-parli/vendor/codeigniter4/framework/system/Validation/Validation.php(278): CodeIgniter\Validation\StrictRules\Rules->is_unique('regu_2', 'unit_regu', Array, NULL, 'unit_regu')
#6 /Users/chanchanbayubahari/Desktop/e-parli/vendor/codeigniter4/framework/system/Validation/Validation.php(182): CodeIgniter\Validation\Validation->processRules('unit_regu', 'unit_regu', 'regu_2', Array, Array)
#7 /Users/chanchanbayubahari/Desktop/e-parli/vendor/codeigniter4/framework/system/Controller.php(140): CodeIgniter\Validation\Validation->run()
#8 /Users/chanchanbayubahari/Desktop/e-parli/app/Controllers/Admin/UnitRegu.php(39): CodeIgniter\Controller->validate(Array)
#9 /Users/chanchanbayubahari/Desktop/e-parli/vendor/codeigniter4/framework/system/CodeIgniter.php(932): App\Controllers\Admin\UnitRegu->insert()
#10 /Users/chanchanbayubahari/Desktop/e-parli/vendor/codeigniter4/framework/system/CodeIgniter.php(497): CodeIgniter\CodeIgniter->runController(Object(App\Controllers\Admin\UnitRegu))
#11 /Users/chanchanbayubahari/Desktop/e-parli/vendor/codeigniter4/framework/system/CodeIgniter.php(366): CodeIgniter\CodeIgniter->handleRequest(NULL, Object(Config\Cache), false)
#12 /Users/chanchanbayubahari/Desktop/e-parli/public/index.php(67): CodeIgniter\CodeIgniter->run()
#13 /Users/chanchanbayubahari/Desktop/e-parli/vendor/codeigniter4/framework/system/Commands/Server/rewrite.php(47): require_once('/Users/chanchan...')
#14 {main}
CRITICAL - 2023-07-31 23:43:16 --> Table 'e-parli.unit_regu_tabel' doesn't exist
in SYSTEMPATH/Database/MySQLi/Connection.php on line 295.
 1 SYSTEMPATH/Database/MySQLi/Connection.php(295): mysqli->query('SELECT 1
FROM `unit_regu_tabel`
WHERE `unit_regu` = \'regu_2\'
 LIMIT 1', 0)
 2 SYSTEMPATH/Database/BaseConnection.php(692): CodeIgniter\Database\MySQLi\Connection->execute('SELECT 1
FROM `unit_regu_tabel`
WHERE `unit_regu` = \'regu_2\'
 LIMIT 1')
 3 SYSTEMPATH/Database/BaseConnection.php(606): CodeIgniter\Database\BaseConnection->simpleQuery('SELECT 1
FROM `unit_regu_tabel`
WHERE `unit_regu` = \'regu_2\'
 LIMIT 1')
 4 SYSTEMPATH/Database/BaseBuilder.php(1616): CodeIgniter\Database\BaseConnection->query('SELECT 1
FROM `unit_regu_tabel`
WHERE `unit_regu` = :unit_regu:
 LIMIT 1', [...], false)
 5 SYSTEMPATH/Validation/StrictRules/Rules.php(206): CodeIgniter\Database\BaseBuilder->get()
 6 SYSTEMPATH/Validation/Validation.php(278): CodeIgniter\Validation\StrictRules\Rules->is_unique('regu_2', 'unit_regu', [...], null, 'unit_regu')
 7 SYSTEMPATH/Validation/Validation.php(182): CodeIgniter\Validation\Validation->processRules('unit_regu', 'unit_regu', 'regu_2', [...], [...])
 8 SYSTEMPATH/Controller.php(140): CodeIgniter\Validation\Validation->run()
 9 APPPATH/Controllers/Admin/UnitRegu.php(39): CodeIgniter\Controller->validate([...])
10 SYSTEMPATH/CodeIgniter.php(932): App\Controllers\Admin\UnitRegu->insert()
11 SYSTEMPATH/CodeIgniter.php(497): CodeIgniter\CodeIgniter->runController(Object(App\Controllers\Admin\UnitRegu))
12 SYSTEMPATH/CodeIgniter.php(366): CodeIgniter\CodeIgniter->handleRequest(null, Object(Config\Cache), false)
13 FCPATH/index.php(67): CodeIgniter\CodeIgniter->run()
14 SYSTEMPATH/Commands/Server/rewrite.php(47): require_once('/Users/chanchanbayubahari/Desktop/e-parli/public/index.php')
