ERROR - 2023-07-29 17:46:35 --> mysqli_sql_exception: Can't create table `e-parli`.`nomor_spt_table` (errno: 150 "Foreign key constraint is incorrectly formed") in /Users/chanchanbayubahari/Desktop/e-parli/vendor/codeigniter4/framework/system/Database/MySQLi/Connection.php:295
Stack trace:
#0 /Users/chanchanbayubahari/Desktop/e-parli/vendor/codeigniter4/framework/system/Database/MySQLi/Connection.php(295): mysqli->query('CREATE TABLE `n...', 0)
#1 /Users/chanchanbayubahari/Desktop/e-parli/vendor/codeigniter4/framework/system/Database/BaseConnection.php(692): CodeIgniter\Database\MySQLi\Connection->execute('CREATE TABLE `n...')
#2 /Users/chanchanbayubahari/Desktop/e-parli/vendor/codeigniter4/framework/system/Database/BaseConnection.php(606): CodeIgniter\Database\BaseConnection->simpleQuery('CREATE TABLE `n...')
#3 /Users/chanchanbayubahari/Desktop/e-parli/vendor/codeigniter4/framework/system/Database/Forge.php(546): CodeIgniter\Database\BaseConnection->query('CREATE TABLE `n...')
#4 /Users/chanchanbayubahari/Desktop/e-parli/app/Database/Migrations/2023-07-17-170448_NomorSuratTugas.php(43): CodeIgniter\Database\Forge->createTable('nomor_spt_table', false, Array)
#5 /Users/chanchanbayubahari/Desktop/e-parli/vendor/codeigniter4/framework/system/Database/MigrationRunner.php(877): App\Database\Migrations\NomorSuratTugas->up()
#6 /Users/chanchanbayubahari/Desktop/e-parli/vendor/codeigniter4/framework/system/Database/MigrationRunner.php(188): CodeIgniter\Database\MigrationRunner->migrate('up', Object(stdClass))
#7 /Users/chanchanbayubahari/Desktop/e-parli/vendor/codeigniter4/framework/system/Commands/Database/Migrate.php(84): CodeIgniter\Database\MigrationRunner->latest(NULL)
#8 /Users/chanchanbayubahari/Desktop/e-parli/vendor/codeigniter4/framework/system/CLI/Commands.php(65): CodeIgniter\Commands\Database\Migrate->run(Array)
#9 /Users/chanchanbayubahari/Desktop/e-parli/vendor/codeigniter4/framework/system/CLI/Console.php(37): CodeIgniter\CLI\Commands->run('migrate', Array)
#10 /Users/chanchanbayubahari/Desktop/e-parli/spark(97): CodeIgniter\CLI\Console->run()
#11 {main}
ERROR - 2023-07-29 17:49:26 --> mysqli_sql_exception: Can't create table `e-parli`.`nomor_spt_table` (errno: 150 "Foreign key constraint is incorrectly formed") in /Users/chanchanbayubahari/Desktop/e-parli/vendor/codeigniter4/framework/system/Database/MySQLi/Connection.php:295
Stack trace:
#0 /Users/chanchanbayubahari/Desktop/e-parli/vendor/codeigniter4/framework/system/Database/MySQLi/Connection.php(295): mysqli->query('CREATE TABLE `n...', 0)
#1 /Users/chanchanbayubahari/Desktop/e-parli/vendor/codeigniter4/framework/system/Database/BaseConnection.php(692): CodeIgniter\Database\MySQLi\Connection->execute('CREATE TABLE `n...')
#2 /Users/chanchanbayubahari/Desktop/e-parli/vendor/codeigniter4/framework/system/Database/BaseConnection.php(606): CodeIgniter\Database\BaseConnection->simpleQuery('CREATE TABLE `n...')
#3 /Users/chanchanbayubahari/Desktop/e-parli/vendor/codeigniter4/framework/system/Database/Forge.php(546): CodeIgniter\Database\BaseConnection->query('CREATE TABLE `n...')
#4 /Users/chanchanbayubahari/Desktop/e-parli/app/Database/Migrations/2023-07-17-170448_NomorSuratTugas.php(42): CodeIgniter\Database\Forge->createTable('nomor_spt_table', false, Array)
#5 /Users/chanchanbayubahari/Desktop/e-parli/vendor/codeigniter4/framework/system/Database/MigrationRunner.php(877): App\Database\Migrations\NomorSuratTugas->up()
#6 /Users/chanchanbayubahari/Desktop/e-parli/vendor/codeigniter4/framework/system/Database/MigrationRunner.php(188): CodeIgniter\Database\MigrationRunner->migrate('up', Object(stdClass))
#7 /Users/chanchanbayubahari/Desktop/e-parli/vendor/codeigniter4/framework/system/Commands/Database/Migrate.php(84): CodeIgniter\Database\MigrationRunner->latest(NULL)
#8 /Users/chanchanbayubahari/Desktop/e-parli/vendor/codeigniter4/framework/system/CLI/Commands.php(65): CodeIgniter\Commands\Database\Migrate->run(Array)
#9 /Users/chanchanbayubahari/Desktop/e-parli/vendor/codeigniter4/framework/system/CLI/Console.php(37): CodeIgniter\CLI\Commands->run('migrate', Array)
#10 /Users/chanchanbayubahari/Desktop/e-parli/spark(97): CodeIgniter\CLI\Console->run()
#11 {main}
ERROR - 2023-07-29 17:50:05 --> mysqli_sql_exception: Can't create table `e-parli`.`nomor_spt_table` (errno: 150 "Foreign key constraint is incorrectly formed") in /Users/chanchanbayubahari/Desktop/e-parli/vendor/codeigniter4/framework/system/Database/MySQLi/Connection.php:295
Stack trace:
#0 /Users/chanchanbayubahari/Desktop/e-parli/vendor/codeigniter4/framework/system/Database/MySQLi/Connection.php(295): mysqli->query('CREATE TABLE `n...', 0)
#1 /Users/chanchanbayubahari/Desktop/e-parli/vendor/codeigniter4/framework/system/Database/BaseConnection.php(692): CodeIgniter\Database\MySQLi\Connection->execute('CREATE TABLE `n...')
#2 /Users/chanchanbayubahari/Desktop/e-parli/vendor/codeigniter4/framework/system/Database/BaseConnection.php(606): CodeIgniter\Database\BaseConnection->simpleQuery('CREATE TABLE `n...')
#3 /Users/chanchanbayubahari/Desktop/e-parli/vendor/codeigniter4/framework/system/Database/Forge.php(546): CodeIgniter\Database\BaseConnection->query('CREATE TABLE `n...')
#4 /Users/chanchanbayubahari/Desktop/e-parli/app/Database/Migrations/2023-07-17-170448_NomorSuratTugas.php(43): CodeIgniter\Database\Forge->createTable('nomor_spt_table', false, Array)
#5 /Users/chanchanbayubahari/Desktop/e-parli/vendor/codeigniter4/framework/system/Database/MigrationRunner.php(877): App\Database\Migrations\NomorSuratTugas->up()
#6 /Users/chanchanbayubahari/Desktop/e-parli/vendor/codeigniter4/framework/system/Database/MigrationRunner.php(188): CodeIgniter\Database\MigrationRunner->migrate('up', Object(stdClass))
#7 /Users/chanchanbayubahari/Desktop/e-parli/vendor/codeigniter4/framework/system/Commands/Database/Migrate.php(84): CodeIgniter\Database\MigrationRunner->latest(NULL)
#8 /Users/chanchanbayubahari/Desktop/e-parli/vendor/codeigniter4/framework/system/CLI/Commands.php(65): CodeIgniter\Commands\Database\Migrate->run(Array)
#9 /Users/chanchanbayubahari/Desktop/e-parli/vendor/codeigniter4/framework/system/CLI/Console.php(37): CodeIgniter\CLI\Commands->run('migrate', Array)
#10 /Users/chanchanbayubahari/Desktop/e-parli/spark(97): CodeIgniter\CLI\Console->run()
#11 {main}
ERROR - 2023-07-29 17:50:48 --> mysqli_sql_exception: Can't create table `e-parli`.`nomor_spt_table` (errno: 150 "Foreign key constraint is incorrectly formed") in /Users/chanchanbayubahari/Desktop/e-parli/vendor/codeigniter4/framework/system/Database/MySQLi/Connection.php:295
Stack trace:
#0 /Users/chanchanbayubahari/Desktop/e-parli/vendor/codeigniter4/framework/system/Database/MySQLi/Connection.php(295): mysqli->query('CREATE TABLE `n...', 0)
#1 /Users/chanchanbayubahari/Desktop/e-parli/vendor/codeigniter4/framework/system/Database/BaseConnection.php(692): CodeIgniter\Database\MySQLi\Connection->execute('CREATE TABLE `n...')
#2 /Users/chanchanbayubahari/Desktop/e-parli/vendor/codeigniter4/framework/system/Database/BaseConnection.php(606): CodeIgniter\Database\BaseConnection->simpleQuery('CREATE TABLE `n...')
#3 /Users/chanchanbayubahari/Desktop/e-parli/vendor/codeigniter4/framework/system/Database/Forge.php(546): CodeIgniter\Database\BaseConnection->query('CREATE TABLE `n...')
#4 /Users/chanchanbayubahari/Desktop/e-parli/app/Database/Migrations/2023-07-17-170448_NomorSuratTugas.php(43): CodeIgniter\Database\Forge->createTable('nomor_spt_table', false, Array)
#5 /Users/chanchanbayubahari/Desktop/e-parli/vendor/codeigniter4/framework/system/Database/MigrationRunner.php(877): App\Database\Migrations\NomorSuratTugas->up()
#6 /Users/chanchanbayubahari/Desktop/e-parli/vendor/codeigniter4/framework/system/Database/MigrationRunner.php(188): CodeIgniter\Database\MigrationRunner->migrate('up', Object(stdClass))
#7 /Users/chanchanbayubahari/Desktop/e-parli/vendor/codeigniter4/framework/system/Commands/Database/Migrate.php(84): CodeIgniter\Database\MigrationRunner->latest(NULL)
#8 /Users/chanchanbayubahari/Desktop/e-parli/vendor/codeigniter4/framework/system/CLI/Commands.php(65): CodeIgniter\Commands\Database\Migrate->run(Array)
#9 /Users/chanchanbayubahari/Desktop/e-parli/vendor/codeigniter4/framework/system/CLI/Console.php(37): CodeIgniter\CLI\Commands->run('migrate', Array)
#10 /Users/chanchanbayubahari/Desktop/e-parli/spark(97): CodeIgniter\CLI\Console->run()
#11 {main}
ERROR - 2023-07-29 17:52:03 --> mysqli_sql_exception: Can't create table `e-parli`.`nomor_spt_table` (errno: 150 "Foreign key constraint is incorrectly formed") in /Users/chanchanbayubahari/Desktop/e-parli/vendor/codeigniter4/framework/system/Database/MySQLi/Connection.php:295
Stack trace:
#0 /Users/chanchanbayubahari/Desktop/e-parli/vendor/codeigniter4/framework/system/Database/MySQLi/Connection.php(295): mysqli->query('CREATE TABLE `n...', 0)
#1 /Users/chanchanbayubahari/Desktop/e-parli/vendor/codeigniter4/framework/system/Database/BaseConnection.php(692): CodeIgniter\Database\MySQLi\Connection->execute('CREATE TABLE `n...')
#2 /Users/chanchanbayubahari/Desktop/e-parli/vendor/codeigniter4/framework/system/Database/BaseConnection.php(606): CodeIgniter\Database\BaseConnection->simpleQuery('CREATE TABLE `n...')
#3 /Users/chanchanbayubahari/Desktop/e-parli/vendor/codeigniter4/framework/system/Database/Forge.php(546): CodeIgniter\Database\BaseConnection->query('CREATE TABLE `n...')
#4 /Users/chanchanbayubahari/Desktop/e-parli/app/Database/Migrations/2023-07-17-170448_NomorSuratTugas.php(43): CodeIgniter\Database\Forge->createTable('nomor_spt_table', false, Array)
#5 /Users/chanchanbayubahari/Desktop/e-parli/vendor/codeigniter4/framework/system/Database/MigrationRunner.php(877): App\Database\Migrations\NomorSuratTugas->up()
#6 /Users/chanchanbayubahari/Desktop/e-parli/vendor/codeigniter4/framework/system/Database/MigrationRunner.php(188): CodeIgniter\Database\MigrationRunner->migrate('up', Object(stdClass))
#7 /Users/chanchanbayubahari/Desktop/e-parli/vendor/codeigniter4/framework/system/Commands/Database/Migrate.php(84): CodeIgniter\Database\MigrationRunner->latest(NULL)
#8 /Users/chanchanbayubahari/Desktop/e-parli/vendor/codeigniter4/framework/system/CLI/Commands.php(65): CodeIgniter\Commands\Database\Migrate->run(Array)
#9 /Users/chanchanbayubahari/Desktop/e-parli/vendor/codeigniter4/framework/system/CLI/Console.php(37): CodeIgniter\CLI\Commands->run('migrate', Array)
#10 /Users/chanchanbayubahari/Desktop/e-parli/spark(97): CodeIgniter\CLI\Console->run()
#11 {main}
ERROR - 2023-07-29 17:54:13 --> mysqli_sql_exception: Can't create table `e-parli`.`nomor_spt_table` (errno: 150 "Foreign key constraint is incorrectly formed") in /Users/chanchanbayubahari/Desktop/e-parli/vendor/codeigniter4/framework/system/Database/MySQLi/Connection.php:295
Stack trace:
#0 /Users/chanchanbayubahari/Desktop/e-parli/vendor/codeigniter4/framework/system/Database/MySQLi/Connection.php(295): mysqli->query('CREATE TABLE `n...', 0)
#1 /Users/chanchanbayubahari/Desktop/e-parli/vendor/codeigniter4/framework/system/Database/BaseConnection.php(692): CodeIgniter\Database\MySQLi\Connection->execute('CREATE TABLE `n...')
#2 /Users/chanchanbayubahari/Desktop/e-parli/vendor/codeigniter4/framework/system/Database/BaseConnection.php(606): CodeIgniter\Database\BaseConnection->simpleQuery('CREATE TABLE `n...')
#3 /Users/chanchanbayubahari/Desktop/e-parli/vendor/codeigniter4/framework/system/Database/Forge.php(546): CodeIgniter\Database\BaseConnection->query('CREATE TABLE `n...')
#4 /Users/chanchanbayubahari/Desktop/e-parli/app/Database/Migrations/2023-07-17-170448_NomorSuratTugas.php(43): CodeIgniter\Database\Forge->createTable('nomor_spt_table', false, Array)
#5 /Users/chanchanbayubahari/Desktop/e-parli/vendor/codeigniter4/framework/system/Database/MigrationRunner.php(877): App\Database\Migrations\NomorSuratTugas->up()
#6 /Users/chanchanbayubahari/Desktop/e-parli/vendor/codeigniter4/framework/system/Database/MigrationRunner.php(188): CodeIgniter\Database\MigrationRunner->migrate('up', Object(stdClass))
#7 /Users/chanchanbayubahari/Desktop/e-parli/vendor/codeigniter4/framework/system/Commands/Database/Migrate.php(84): CodeIgniter\Database\MigrationRunner->latest(NULL)
#8 /Users/chanchanbayubahari/Desktop/e-parli/vendor/codeigniter4/framework/system/CLI/Commands.php(65): CodeIgniter\Commands\Database\Migrate->run(Array)
#9 /Users/chanchanbayubahari/Desktop/e-parli/vendor/codeigniter4/framework/system/CLI/Console.php(37): CodeIgniter\CLI\Commands->run('migrate', Array)
#10 /Users/chanchanbayubahari/Desktop/e-parli/spark(97): CodeIgniter\CLI\Console->run()
#11 {main}
ERROR - 2023-07-29 17:57:47 --> mysqli_sql_exception: Can't create table `e-parli`.`nomor_spt_table` (errno: 150 "Foreign key constraint is incorrectly formed") in /Users/chanchanbayubahari/Desktop/e-parli/vendor/codeigniter4/framework/system/Database/MySQLi/Connection.php:295
Stack trace:
#0 /Users/chanchanbayubahari/Desktop/e-parli/vendor/codeigniter4/framework/system/Database/MySQLi/Connection.php(295): mysqli->query('CREATE TABLE `n...', 0)
#1 /Users/chanchanbayubahari/Desktop/e-parli/vendor/codeigniter4/framework/system/Database/BaseConnection.php(692): CodeIgniter\Database\MySQLi\Connection->execute('CREATE TABLE `n...')
#2 /Users/chanchanbayubahari/Desktop/e-parli/vendor/codeigniter4/framework/system/Database/BaseConnection.php(606): CodeIgniter\Database\BaseConnection->simpleQuery('CREATE TABLE `n...')
#3 /Users/chanchanbayubahari/Desktop/e-parli/vendor/codeigniter4/framework/system/Database/Forge.php(546): CodeIgniter\Database\BaseConnection->query('CREATE TABLE `n...')
#4 /Users/chanchanbayubahari/Desktop/e-parli/app/Database/Migrations/2023-07-17-170448_NomorSuratTugas.php(44): CodeIgniter\Database\Forge->createTable('nomor_spt_table', false, Array)
#5 /Users/chanchanbayubahari/Desktop/e-parli/vendor/codeigniter4/framework/system/Database/MigrationRunner.php(877): App\Database\Migrations\NomorSuratTugas->up()
#6 /Users/chanchanbayubahari/Desktop/e-parli/vendor/codeigniter4/framework/system/Database/MigrationRunner.php(188): CodeIgniter\Database\MigrationRunner->migrate('up', Object(stdClass))
#7 /Users/chanchanbayubahari/Desktop/e-parli/vendor/codeigniter4/framework/system/Commands/Database/Migrate.php(84): CodeIgniter\Database\MigrationRunner->latest(NULL)
#8 /Users/chanchanbayubahari/Desktop/e-parli/vendor/codeigniter4/framework/system/CLI/Commands.php(65): CodeIgniter\Commands\Database\Migrate->run(Array)
#9 /Users/chanchanbayubahari/Desktop/e-parli/vendor/codeigniter4/framework/system/CLI/Console.php(37): CodeIgniter\CLI\Commands->run('migrate', Array)
#10 /Users/chanchanbayubahari/Desktop/e-parli/spark(97): CodeIgniter\CLI\Console->run()
#11 {main}
ERROR - 2023-07-29 17:58:38 --> mysqli_sql_exception: Can't create table `e-parli`.`nomor_spt_table` (errno: 150 "Foreign key constraint is incorrectly formed") in /Users/chanchanbayubahari/Desktop/e-parli/vendor/codeigniter4/framework/system/Database/MySQLi/Connection.php:295
Stack trace:
#0 /Users/chanchanbayubahari/Desktop/e-parli/vendor/codeigniter4/framework/system/Database/MySQLi/Connection.php(295): mysqli->query('CREATE TABLE `n...', 0)
#1 /Users/chanchanbayubahari/Desktop/e-parli/vendor/codeigniter4/framework/system/Database/BaseConnection.php(692): CodeIgniter\Database\MySQLi\Connection->execute('CREATE TABLE `n...')
#2 /Users/chanchanbayubahari/Desktop/e-parli/vendor/codeigniter4/framework/system/Database/BaseConnection.php(606): CodeIgniter\Database\BaseConnection->simpleQuery('CREATE TABLE `n...')
#3 /Users/chanchanbayubahari/Desktop/e-parli/vendor/codeigniter4/framework/system/Database/Forge.php(546): CodeIgniter\Database\BaseConnection->query('CREATE TABLE `n...')
#4 /Users/chanchanbayubahari/Desktop/e-parli/app/Database/Migrations/2023-07-17-170448_NomorSuratTugas.php(44): CodeIgniter\Database\Forge->createTable('nomor_spt_table', false, Array)
#5 /Users/chanchanbayubahari/Desktop/e-parli/vendor/codeigniter4/framework/system/Database/MigrationRunner.php(877): App\Database\Migrations\NomorSuratTugas->up()
#6 /Users/chanchanbayubahari/Desktop/e-parli/vendor/codeigniter4/framework/system/Database/MigrationRunner.php(188): CodeIgniter\Database\MigrationRunner->migrate('up', Object(stdClass))
#7 /Users/chanchanbayubahari/Desktop/e-parli/vendor/codeigniter4/framework/system/Commands/Database/Migrate.php(84): CodeIgniter\Database\MigrationRunner->latest(NULL)
#8 /Users/chanchanbayubahari/Desktop/e-parli/vendor/codeigniter4/framework/system/CLI/Commands.php(65): CodeIgniter\Commands\Database\Migrate->run(Array)
#9 /Users/chanchanbayubahari/Desktop/e-parli/vendor/codeigniter4/framework/system/CLI/Console.php(37): CodeIgniter\CLI\Commands->run('migrate', Array)
#10 /Users/chanchanbayubahari/Desktop/e-parli/spark(97): CodeIgniter\CLI\Console->run()
#11 {main}
CRITICAL - 2023-07-29 18:03:26 --> Undefined variable: ukpd
in APPPATH/Views/admin/spt.php on line 39.
 1 APPPATH/Views/admin/spt.php(39): CodeIgniter\Debug\Exceptions->errorHandler(8, 'Undefined variable: ukpd', '/Users/chanchanbayubahari/Desktop/e-parli/app/Views/admin/spt.php', 39, [...])
 2 SYSTEMPATH/View/View.php(224): include('/Users/chanchanbayubahari/Desktop/e-parli/app/Views/admin/spt.php')
 3 SYSTEMPATH/View/View.php(227): CodeIgniter\View\View->CodeIgniter\View\{closure}()
 4 SYSTEMPATH/Common.php(1180): CodeIgniter\View\View->render('admin/spt', [], true)
 5 APPPATH/Controllers/Admin/SPT.php(24): view('admin/spt', [...])
 6 SYSTEMPATH/CodeIgniter.php(932): App\Controllers\Admin\SPT->index()
 7 SYSTEMPATH/CodeIgniter.php(497): CodeIgniter\CodeIgniter->runController(Object(App\Controllers\Admin\SPT))
 8 SYSTEMPATH/CodeIgniter.php(366): CodeIgniter\CodeIgniter->handleRequest(null, Object(Config\Cache), false)
 9 FCPATH/index.php(67): CodeIgniter\CodeIgniter->run()
10 SYSTEMPATH/Commands/Server/rewrite.php(47): require_once('/Users/chanchanbayubahari/Desktop/e-parli/public/index.php')
CRITICAL - 2023-07-29 18:18:01 --> syntax error, unexpected 'validation' (T_STRING), expecting variable (T_VARIABLE) or '$'
in APPPATH/Controllers/Admin/SPT.php on line 19.
 1 SYSTEMPATH/Autoloader/Autoloader.php(289): CodeIgniter\Autoloader\Autoloader->includeFile('/Users/chanchanbayubahari/Desktop/e-parli/app/Controllers/Admin/SPT.php')
 2 SYSTEMPATH/Autoloader/Autoloader.php(267): CodeIgniter\Autoloader\Autoloader->loadInNamespace('App\\Controllers\\Admin\\SPT')
 3 [internal function]: CodeIgniter\Autoloader\Autoloader->loadClass('App\\Controllers\\Admin\\SPT')
 4 [internal function]: spl_autoload_call('App\\Controllers\\Admin\\SPT')
 5 SYSTEMPATH/CodeIgniter.php(890): class_exists('\\App\\Controllers\\Admin\\SPT', true)
 6 SYSTEMPATH/CodeIgniter.php(484): CodeIgniter\CodeIgniter->startController()
 7 SYSTEMPATH/CodeIgniter.php(366): CodeIgniter\CodeIgniter->handleRequest(null, Object(Config\Cache), false)
 8 FCPATH/index.php(67): CodeIgniter\CodeIgniter->run()
 9 SYSTEMPATH/Commands/Server/rewrite.php(47): require_once('/Users/chanchanbayubahari/Desktop/e-parli/public/index.php')
CRITICAL - 2023-07-29 18:19:38 --> Undefined property: App\Controllers\Admin\SPT::$jenisPenindakanModel
in APPPATH/Controllers/Admin/SPT.php on line 72.
 1 APPPATH/Controllers/Admin/SPT.php(72): CodeIgniter\Debug\Exceptions->errorHandler(8, 'Undefined property: App\\Controllers\\Admin\\SPT::$jenisPenindakanModel', '/Users/chanchanbayubahari/Desktop/e-parli/app/Controllers/Admin/SPT.php', 72, [...])
 2 SYSTEMPATH/CodeIgniter.php(932): App\Controllers\Admin\SPT->insert()
 3 SYSTEMPATH/CodeIgniter.php(497): CodeIgniter\CodeIgniter->runController(Object(App\Controllers\Admin\SPT))
 4 SYSTEMPATH/CodeIgniter.php(366): CodeIgniter\CodeIgniter->handleRequest(null, Object(Config\Cache), false)
 5 FCPATH/index.php(67): CodeIgniter\CodeIgniter->run()
 6 SYSTEMPATH/Commands/Server/rewrite.php(47): require_once('/Users/chanchanbayubahari/Desktop/e-parli/public/index.php')
CRITICAL - 2023-07-29 18:21:29 --> Undefined property: stdClass::$ukpd
in APPPATH/Views/admin/spt.php on line 43.
 1 APPPATH/Views/admin/spt.php(43): CodeIgniter\Debug\Exceptions->errorHandler(8, 'Undefined property: stdClass::$ukpd', '/Users/chanchanbayubahari/Desktop/e-parli/app/Views/admin/spt.php', 43, [...])
 2 SYSTEMPATH/View/View.php(224): include('/Users/chanchanbayubahari/Desktop/e-parli/app/Views/admin/spt.php')
 3 SYSTEMPATH/View/View.php(227): CodeIgniter\View\View->CodeIgniter\View\{closure}()
 4 SYSTEMPATH/Common.php(1180): CodeIgniter\View\View->render('admin/spt', [], true)
 5 APPPATH/Controllers/Admin/SPT.php(30): view('admin/spt', [...])
 6 SYSTEMPATH/CodeIgniter.php(932): App\Controllers\Admin\SPT->index()
 7 SYSTEMPATH/CodeIgniter.php(497): CodeIgniter\CodeIgniter->runController(Object(App\Controllers\Admin\SPT))
 8 SYSTEMPATH/CodeIgniter.php(366): CodeIgniter\CodeIgniter->handleRequest(null, Object(Config\Cache), false)
 9 FCPATH/index.php(67): CodeIgniter\CodeIgniter->run()
10 SYSTEMPATH/Commands/Server/rewrite.php(47): require_once('/Users/chanchanbayubahari/Desktop/e-parli/public/index.php')
