CRITICAL - 2023-08-23 21:50:11 --> Class 'App\Controllers\Admin\StatusPenderekanModel' not found
in APPPATH/Controllers/Admin/KartuIdentitas.php on line 14.
 1 SYSTEMPATH/CodeIgniter.php(904): App\Controllers\Admin\KartuIdentitas->__construct()
 2 SYSTEMPATH/CodeIgniter.php(488): CodeIgniter\CodeIgniter->createController()
 3 SYSTEMPATH/CodeIgniter.php(366): CodeIgniter\CodeIgniter->handleRequest(null, Object(Config\Cache), false)
 4 FCPATH/index.php(67): CodeIgniter\CodeIgniter->run()
 5 SYSTEMPATH/Commands/Server/rewrite.php(47): require_once('/Users/chanchanbayubahari/Desktop/e-parli/public/index.php')
CRITICAL - 2023-08-23 21:52:07 --> Call to undefined method App\Models\Admin\KartuIdentitasModel::getKartuIdentitas
in SYSTEMPATH/Model.php on line 838.
 1 APPPATH/Controllers/Admin/KartuIdentitas.php(22): CodeIgniter\Model->__call('getKartuIdentitas', [])
 2 SYSTEMPATH/CodeIgniter.php(932): App\Controllers\Admin\KartuIdentitas->index()
 3 SYSTEMPATH/CodeIgniter.php(497): CodeIgniter\CodeIgniter->runController(Object(App\Controllers\Admin\KartuIdentitas))
 4 SYSTEMPATH/CodeIgniter.php(366): CodeIgniter\CodeIgniter->handleRequest(null, Object(Config\Cache), false)
 5 FCPATH/index.php(67): CodeIgniter\CodeIgniter->run()
 6 SYSTEMPATH/Commands/Server/rewrite.php(47): require_once('/Users/chanchanbayubahari/Desktop/e-parli/public/index.php')
CRITICAL - 2023-08-23 21:52:27 --> Undefined variable: status_penderekan
in APPPATH/Views/admin/status_penderekan.php on line 38.
 1 APPPATH/Views/admin/status_penderekan.php(38): CodeIgniter\Debug\Exceptions->errorHandler(8, 'Undefined variable: status_penderekan', '/Users/chanchanbayubahari/Desktop/e-parli/app/Views/admin/status_penderekan.php', 38, [...])
 2 SYSTEMPATH/View/View.php(224): include('/Users/chanchanbayubahari/Desktop/e-parli/app/Views/admin/status_penderekan.php')
 3 SYSTEMPATH/View/View.php(227): CodeIgniter\View\View->CodeIgniter\View\{closure}()
 4 SYSTEMPATH/Common.php(1180): CodeIgniter\View\View->render('admin/status_penderekan', [], true)
 5 APPPATH/Controllers/Admin/KartuIdentitas.php(26): view('admin/status_penderekan', [...])
 6 SYSTEMPATH/CodeIgniter.php(932): App\Controllers\Admin\KartuIdentitas->index()
 7 SYSTEMPATH/CodeIgniter.php(497): CodeIgniter\CodeIgniter->runController(Object(App\Controllers\Admin\KartuIdentitas))
 8 SYSTEMPATH/CodeIgniter.php(366): CodeIgniter\CodeIgniter->handleRequest(null, Object(Config\Cache), false)
 9 FCPATH/index.php(67): CodeIgniter\CodeIgniter->run()
10 SYSTEMPATH/Commands/Server/rewrite.php(47): require_once('/Users/chanchanbayubahari/Desktop/e-parli/public/index.php')
CRITICAL - 2023-08-23 21:58:38 --> Undefined property: App\Controllers\Admin\KartuIdentitas::$statusPenderekanModel
in APPPATH/Controllers/Admin/KartuIdentitas.php on line 84.
 1 APPPATH/Controllers/Admin/KartuIdentitas.php(84): CodeIgniter\Debug\Exceptions->errorHandler(8, 'Undefined property: App\\Controllers\\Admin\\KartuIdentitas::$statusPenderekanModel', '/Users/chanchanbayubahari/Desktop/e-parli/app/Controllers/Admin/KartuIdentitas.php', 84, [...])
 2 SYSTEMPATH/CodeIgniter.php(932): App\Controllers\Admin\KartuIdentitas->delete()
 3 SYSTEMPATH/CodeIgniter.php(497): CodeIgniter\CodeIgniter->runController(Object(App\Controllers\Admin\KartuIdentitas))
 4 SYSTEMPATH/CodeIgniter.php(366): CodeIgniter\CodeIgniter->handleRequest(null, Object(Config\Cache), false)
 5 FCPATH/index.php(67): CodeIgniter\CodeIgniter->run()
 6 SYSTEMPATH/Commands/Server/rewrite.php(47): require_once('/Users/chanchanbayubahari/Desktop/e-parli/public/index.php')
CRITICAL - 2023-08-23 22:23:01 --> Call to undefined method App\Models\Admin\PetugasModel::getUkpd
in SYSTEMPATH/Model.php on line 838.
 1 APPPATH/Controllers/Admin/DataPenindakan.php(33): CodeIgniter\Model->__call('getUkpd', [])
 2 SYSTEMPATH/CodeIgniter.php(932): App\Controllers\Admin\DataPenindakan->tambah_penindakan()
 3 SYSTEMPATH/CodeIgniter.php(497): CodeIgniter\CodeIgniter->runController(Object(App\Controllers\Admin\DataPenindakan))
 4 SYSTEMPATH/CodeIgniter.php(366): CodeIgniter\CodeIgniter->handleRequest(null, Object(Config\Cache), false)
 5 FCPATH/index.php(67): CodeIgniter\CodeIgniter->run()
 6 SYSTEMPATH/Commands/Server/rewrite.php(47): require_once('/Users/chanchanbayubahari/Desktop/e-parli/public/index.php')
CRITICAL - 2023-08-23 22:23:32 --> Call to undefined method App\Models\Admin\PetugasModel::getUkpd
in SYSTEMPATH/Model.php on line 838.
 1 APPPATH/Controllers/Admin/DataPenindakan.php(33): CodeIgniter\Model->__call('getUkpd', [])
 2 SYSTEMPATH/CodeIgniter.php(932): App\Controllers\Admin\DataPenindakan->tambah_penindakan()
 3 SYSTEMPATH/CodeIgniter.php(497): CodeIgniter\CodeIgniter->runController(Object(App\Controllers\Admin\DataPenindakan))
 4 SYSTEMPATH/CodeIgniter.php(366): CodeIgniter\CodeIgniter->handleRequest(null, Object(Config\Cache), false)
 5 FCPATH/index.php(67): CodeIgniter\CodeIgniter->run()
 6 SYSTEMPATH/Commands/Server/rewrite.php(47): require_once('/Users/chanchanbayubahari/Desktop/e-parli/public/index.php')
CRITICAL - 2023-08-23 22:26:35 --> Call to undefined method App\Models\Admin\PetugasModel::getPPNS
in SYSTEMPATH/Model.php on line 838.
 1 APPPATH/Controllers/Admin/DataPenindakan.php(44): CodeIgniter\Model->__call('getPPNS', [...])
 2 SYSTEMPATH/CodeIgniter.php(932): App\Controllers\Admin\DataPenindakan->getPPNS()
 3 SYSTEMPATH/CodeIgniter.php(497): CodeIgniter\CodeIgniter->runController(Object(App\Controllers\Admin\DataPenindakan))
 4 SYSTEMPATH/CodeIgniter.php(366): CodeIgniter\CodeIgniter->handleRequest(null, Object(Config\Cache), false)
 5 FCPATH/index.php(67): CodeIgniter\CodeIgniter->run()
 6 SYSTEMPATH/Commands/Server/rewrite.php(47): require_once('/Users/chanchanbayubahari/Desktop/e-parli/public/index.php')
CRITICAL - 2023-08-23 22:26:42 --> Call to undefined method App\Models\Admin\PetugasModel::getPPNS
in SYSTEMPATH/Model.php on line 838.
 1 APPPATH/Controllers/Admin/DataPenindakan.php(44): CodeIgniter\Model->__call('getPPNS', [...])
 2 SYSTEMPATH/CodeIgniter.php(932): App\Controllers\Admin\DataPenindakan->getPPNS()
 3 SYSTEMPATH/CodeIgniter.php(497): CodeIgniter\CodeIgniter->runController(Object(App\Controllers\Admin\DataPenindakan))
 4 SYSTEMPATH/CodeIgniter.php(366): CodeIgniter\CodeIgniter->handleRequest(null, Object(Config\Cache), false)
 5 FCPATH/index.php(67): CodeIgniter\CodeIgniter->run()
 6 SYSTEMPATH/Commands/Server/rewrite.php(47): require_once('/Users/chanchanbayubahari/Desktop/e-parli/public/index.php')
ERROR - 2023-08-23 22:29:39 --> mysqli_sql_exception: Unknown column 'ukpd_table.ukpd' in 'field list' in /Users/chanchanbayubahari/Desktop/e-parli/vendor/codeigniter4/framework/system/Database/MySQLi/Connection.php:295
Stack trace:
#0 /Users/chanchanbayubahari/Desktop/e-parli/vendor/codeigniter4/framework/system/Database/MySQLi/Connection.php(295): mysqli->query('SELECT `petugas...', 0)
#1 /Users/chanchanbayubahari/Desktop/e-parli/vendor/codeigniter4/framework/system/Database/BaseConnection.php(692): CodeIgniter\Database\MySQLi\Connection->execute('SELECT `petugas...')
#2 /Users/chanchanbayubahari/Desktop/e-parli/vendor/codeigniter4/framework/system/Database/BaseConnection.php(606): CodeIgniter\Database\BaseConnection->simpleQuery('SELECT `petugas...')
#3 /Users/chanchanbayubahari/Desktop/e-parli/vendor/codeigniter4/framework/system/Database/BaseBuilder.php(1616): CodeIgniter\Database\BaseConnection->query('SELECT `petugas...', Array, false)
#4 /Users/chanchanbayubahari/Desktop/e-parli/vendor/codeigniter4/framework/system/Model.php(836): CodeIgniter\Database\BaseBuilder->get()
#5 /Users/chanchanbayubahari/Desktop/e-parli/app/Models/Admin/PetugasModel.php(66): CodeIgniter\Model->__call('get', Array)
#6 /Users/chanchanbayubahari/Desktop/e-parli/app/Controllers/Admin/DataPenindakan.php(44): App\Models\Admin\PetugasModel->getPPNS(NULL)
#7 /Users/chanchanbayubahari/Desktop/e-parli/vendor/codeigniter4/framework/system/CodeIgniter.php(932): App\Controllers\Admin\DataPenindakan->getPPNS()
#8 /Users/chanchanbayubahari/Desktop/e-parli/vendor/codeigniter4/framework/system/CodeIgniter.php(497): CodeIgniter\CodeIgniter->runController(Object(App\Controllers\Admin\DataPenindakan))
#9 /Users/chanchanbayubahari/Desktop/e-parli/vendor/codeigniter4/framework/system/CodeIgniter.php(366): CodeIgniter\CodeIgniter->handleRequest(NULL, Object(Config\Cache), false)
#10 /Users/chanchanbayubahari/Desktop/e-parli/public/index.php(67): CodeIgniter\CodeIgniter->run()
#11 /Users/chanchanbayubahari/Desktop/e-parli/vendor/codeigniter4/framework/system/Commands/Server/rewrite.php(47): require_once('/Users/chanchan...')
#12 {main}
CRITICAL - 2023-08-23 22:29:39 --> Unknown column 'ukpd_table.ukpd' in 'field list'
in SYSTEMPATH/Database/MySQLi/Connection.php on line 295.
 1 SYSTEMPATH/Database/MySQLi/Connection.php(295): mysqli->query('SELECT `petugas_table`.`id`, `petugas_table`.`ukpd_id`, `petugas_table`.`unit_id`, `petugas_table`.`nama`, `petugas_table`.`username`, `petugas_table`.`nip`, `petugas_table`.`pangkat`, `petugas_table`.`golongan`, `petugas_table`.`jabatan_id`, `petugas_table`.`role_id`, `petugas_table`.`status_id`, `ukpd_table`.`ukpd`
FROM `petugas_table`
WHERE `petugas_table`.`ukpd_id` IS NULL
AND `petugas_table`.`jabatan_id` = 2
ORDER BY `petugas_table`.`id` desc', 0)
 2 SYSTEMPATH/Database/BaseConnection.php(692): CodeIgniter\Database\MySQLi\Connection->execute('SELECT `petugas_table`.`id`, `petugas_table`.`ukpd_id`, `petugas_table`.`unit_id`, `petugas_table`.`nama`, `petugas_table`.`username`, `petugas_table`.`nip`, `petugas_table`.`pangkat`, `petugas_table`.`golongan`, `petugas_table`.`jabatan_id`, `petugas_table`.`role_id`, `petugas_table`.`status_id`, `ukpd_table`.`ukpd`
FROM `petugas_table`
WHERE `petugas_table`.`ukpd_id` IS NULL
AND `petugas_table`.`jabatan_id` = 2
ORDER BY `petugas_table`.`id` desc')
 3 SYSTEMPATH/Database/BaseConnection.php(606): CodeIgniter\Database\BaseConnection->simpleQuery('SELECT `petugas_table`.`id`, `petugas_table`.`ukpd_id`, `petugas_table`.`unit_id`, `petugas_table`.`nama`, `petugas_table`.`username`, `petugas_table`.`nip`, `petugas_table`.`pangkat`, `petugas_table`.`golongan`, `petugas_table`.`jabatan_id`, `petugas_table`.`role_id`, `petugas_table`.`status_id`, `ukpd_table`.`ukpd`
FROM `petugas_table`
WHERE `petugas_table`.`ukpd_id` IS NULL
AND `petugas_table`.`jabatan_id` = 2
ORDER BY `petugas_table`.`id` desc')
 4 SYSTEMPATH/Database/BaseBuilder.php(1616): CodeIgniter\Database\BaseConnection->query('SELECT `petugas_table`.`id`, `petugas_table`.`ukpd_id`, `petugas_table`.`unit_id`, `petugas_table`.`nama`, `petugas_table`.`username`, `petugas_table`.`nip`, `petugas_table`.`pangkat`, `petugas_table`.`golongan`, `petugas_table`.`jabatan_id`, `petugas_table`.`role_id`, `petugas_table`.`status_id`, `ukpd_table`.`ukpd`
FROM `petugas_table`
WHERE `petugas_table`.`ukpd_id` IS NULL
AND `petugas_table`.`jabatan_id` = :petugas_table.jabatan_id:
ORDER BY `petugas_table`.`id` desc', [...], false)
 5 SYSTEMPATH/Model.php(836): CodeIgniter\Database\BaseBuilder->get()
 6 APPPATH/Models/Admin/PetugasModel.php(66): CodeIgniter\Model->__call('get', [])
 7 APPPATH/Controllers/Admin/DataPenindakan.php(44): App\Models\Admin\PetugasModel->getPPNS(null)
 8 SYSTEMPATH/CodeIgniter.php(932): App\Controllers\Admin\DataPenindakan->getPPNS()
 9 SYSTEMPATH/CodeIgniter.php(497): CodeIgniter\CodeIgniter->runController(Object(App\Controllers\Admin\DataPenindakan))
10 SYSTEMPATH/CodeIgniter.php(366): CodeIgniter\CodeIgniter->handleRequest(null, Object(Config\Cache), false)
11 FCPATH/index.php(67): CodeIgniter\CodeIgniter->run()
12 SYSTEMPATH/Commands/Server/rewrite.php(47): require_once('/Users/chanchanbayubahari/Desktop/e-parli/public/index.php')
ERROR - 2023-08-23 22:29:44 --> mysqli_sql_exception: Unknown column 'ukpd_table.ukpd' in 'field list' in /Users/chanchanbayubahari/Desktop/e-parli/vendor/codeigniter4/framework/system/Database/MySQLi/Connection.php:295
Stack trace:
#0 /Users/chanchanbayubahari/Desktop/e-parli/vendor/codeigniter4/framework/system/Database/MySQLi/Connection.php(295): mysqli->query('SELECT `petugas...', 0)
#1 /Users/chanchanbayubahari/Desktop/e-parli/vendor/codeigniter4/framework/system/Database/BaseConnection.php(692): CodeIgniter\Database\MySQLi\Connection->execute('SELECT `petugas...')
#2 /Users/chanchanbayubahari/Desktop/e-parli/vendor/codeigniter4/framework/system/Database/BaseConnection.php(606): CodeIgniter\Database\BaseConnection->simpleQuery('SELECT `petugas...')
#3 /Users/chanchanbayubahari/Desktop/e-parli/vendor/codeigniter4/framework/system/Database/BaseBuilder.php(1616): CodeIgniter\Database\BaseConnection->query('SELECT `petugas...', Array, false)
#4 /Users/chanchanbayubahari/Desktop/e-parli/vendor/codeigniter4/framework/system/Model.php(836): CodeIgniter\Database\BaseBuilder->get()
#5 /Users/chanchanbayubahari/Desktop/e-parli/app/Models/Admin/PetugasModel.php(66): CodeIgniter\Model->__call('get', Array)
#6 /Users/chanchanbayubahari/Desktop/e-parli/app/Controllers/Admin/DataPenindakan.php(44): App\Models\Admin\PetugasModel->getPPNS(NULL)
#7 /Users/chanchanbayubahari/Desktop/e-parli/vendor/codeigniter4/framework/system/CodeIgniter.php(932): App\Controllers\Admin\DataPenindakan->getPPNS()
#8 /Users/chanchanbayubahari/Desktop/e-parli/vendor/codeigniter4/framework/system/CodeIgniter.php(497): CodeIgniter\CodeIgniter->runController(Object(App\Controllers\Admin\DataPenindakan))
#9 /Users/chanchanbayubahari/Desktop/e-parli/vendor/codeigniter4/framework/system/CodeIgniter.php(366): CodeIgniter\CodeIgniter->handleRequest(NULL, Object(Config\Cache), false)
#10 /Users/chanchanbayubahari/Desktop/e-parli/public/index.php(67): CodeIgniter\CodeIgniter->run()
#11 /Users/chanchanbayubahari/Desktop/e-parli/vendor/codeigniter4/framework/system/Commands/Server/rewrite.php(47): require_once('/Users/chanchan...')
#12 {main}
CRITICAL - 2023-08-23 22:29:44 --> Unknown column 'ukpd_table.ukpd' in 'field list'
in SYSTEMPATH/Database/MySQLi/Connection.php on line 295.
 1 SYSTEMPATH/Database/MySQLi/Connection.php(295): mysqli->query('SELECT `petugas_table`.`id`, `petugas_table`.`ukpd_id`, `petugas_table`.`unit_id`, `petugas_table`.`nama`, `petugas_table`.`username`, `petugas_table`.`nip`, `petugas_table`.`pangkat`, `petugas_table`.`golongan`, `petugas_table`.`jabatan_id`, `petugas_table`.`role_id`, `petugas_table`.`status_id`, `ukpd_table`.`ukpd`
FROM `petugas_table`
WHERE `petugas_table`.`ukpd_id` IS NULL
AND `petugas_table`.`jabatan_id` = 2
ORDER BY `petugas_table`.`id` desc', 0)
 2 SYSTEMPATH/Database/BaseConnection.php(692): CodeIgniter\Database\MySQLi\Connection->execute('SELECT `petugas_table`.`id`, `petugas_table`.`ukpd_id`, `petugas_table`.`unit_id`, `petugas_table`.`nama`, `petugas_table`.`username`, `petugas_table`.`nip`, `petugas_table`.`pangkat`, `petugas_table`.`golongan`, `petugas_table`.`jabatan_id`, `petugas_table`.`role_id`, `petugas_table`.`status_id`, `ukpd_table`.`ukpd`
FROM `petugas_table`
WHERE `petugas_table`.`ukpd_id` IS NULL
AND `petugas_table`.`jabatan_id` = 2
ORDER BY `petugas_table`.`id` desc')
 3 SYSTEMPATH/Database/BaseConnection.php(606): CodeIgniter\Database\BaseConnection->simpleQuery('SELECT `petugas_table`.`id`, `petugas_table`.`ukpd_id`, `petugas_table`.`unit_id`, `petugas_table`.`nama`, `petugas_table`.`username`, `petugas_table`.`nip`, `petugas_table`.`pangkat`, `petugas_table`.`golongan`, `petugas_table`.`jabatan_id`, `petugas_table`.`role_id`, `petugas_table`.`status_id`, `ukpd_table`.`ukpd`
FROM `petugas_table`
WHERE `petugas_table`.`ukpd_id` IS NULL
AND `petugas_table`.`jabatan_id` = 2
ORDER BY `petugas_table`.`id` desc')
 4 SYSTEMPATH/Database/BaseBuilder.php(1616): CodeIgniter\Database\BaseConnection->query('SELECT `petugas_table`.`id`, `petugas_table`.`ukpd_id`, `petugas_table`.`unit_id`, `petugas_table`.`nama`, `petugas_table`.`username`, `petugas_table`.`nip`, `petugas_table`.`pangkat`, `petugas_table`.`golongan`, `petugas_table`.`jabatan_id`, `petugas_table`.`role_id`, `petugas_table`.`status_id`, `ukpd_table`.`ukpd`
FROM `petugas_table`
WHERE `petugas_table`.`ukpd_id` IS NULL
AND `petugas_table`.`jabatan_id` = :petugas_table.jabatan_id:
ORDER BY `petugas_table`.`id` desc', [...], false)
 5 SYSTEMPATH/Model.php(836): CodeIgniter\Database\BaseBuilder->get()
 6 APPPATH/Models/Admin/PetugasModel.php(66): CodeIgniter\Model->__call('get', [])
 7 APPPATH/Controllers/Admin/DataPenindakan.php(44): App\Models\Admin\PetugasModel->getPPNS(null)
 8 SYSTEMPATH/CodeIgniter.php(932): App\Controllers\Admin\DataPenindakan->getPPNS()
 9 SYSTEMPATH/CodeIgniter.php(497): CodeIgniter\CodeIgniter->runController(Object(App\Controllers\Admin\DataPenindakan))
10 SYSTEMPATH/CodeIgniter.php(366): CodeIgniter\CodeIgniter->handleRequest(null, Object(Config\Cache), false)
11 FCPATH/index.php(67): CodeIgniter\CodeIgniter->run()
12 SYSTEMPATH/Commands/Server/rewrite.php(47): require_once('/Users/chanchanbayubahari/Desktop/e-parli/public/index.php')
CRITICAL - 2023-08-23 22:46:02 --> Call to undefined method stdClass::orderBy()
in APPPATH/Controllers/Admin/DataPenindakan.php on line 37.
 1 SYSTEMPATH/CodeIgniter.php(932): App\Controllers\Admin\DataPenindakan->tambah_penindakan()
 2 SYSTEMPATH/CodeIgniter.php(497): CodeIgniter\CodeIgniter->runController(Object(App\Controllers\Admin\DataPenindakan))
 3 SYSTEMPATH/CodeIgniter.php(366): CodeIgniter\CodeIgniter->handleRequest(null, Object(Config\Cache), false)
 4 FCPATH/index.php(67): CodeIgniter\CodeIgniter->run()
 5 SYSTEMPATH/Commands/Server/rewrite.php(47): require_once('/Users/chanchanbayubahari/Desktop/e-parli/public/index.php')
ERROR - 2023-08-23 23:50:11 --> mysqli_sql_exception: Unknown column 'ukpd_table.ukpd' in 'field list' in /Users/chanchanbayubahari/Desktop/e-parli/vendor/codeigniter4/framework/system/Database/MySQLi/Connection.php:295
Stack trace:
#0 /Users/chanchanbayubahari/Desktop/e-parli/vendor/codeigniter4/framework/system/Database/MySQLi/Connection.php(295): mysqli->query('SELECT `bap_tab...', 0)
#1 /Users/chanchanbayubahari/Desktop/e-parli/vendor/codeigniter4/framework/system/Database/BaseConnection.php(692): CodeIgniter\Database\MySQLi\Connection->execute('SELECT `bap_tab...')
#2 /Users/chanchanbayubahari/Desktop/e-parli/vendor/codeigniter4/framework/system/Database/BaseConnection.php(606): CodeIgniter\Database\BaseConnection->simpleQuery('SELECT `bap_tab...')
#3 /Users/chanchanbayubahari/Desktop/e-parli/vendor/codeigniter4/framework/system/Database/BaseBuilder.php(1616): CodeIgniter\Database\BaseConnection->query('SELECT `bap_tab...', Array, false)
#4 /Users/chanchanbayubahari/Desktop/e-parli/vendor/codeigniter4/framework/system/Model.php(836): CodeIgniter\Database\BaseBuilder->get()
#5 /Users/chanchanbayubahari/Desktop/e-parli/app/Models/Admin/BAPModel.php(40): CodeIgniter\Model->__call('get', Array)
#6 /Users/chanchanbayubahari/Desktop/e-parli/app/Controllers/Admin/DataPenindakan.php(79): App\Models\Admin\BAPModel->getNomorBap('', '5')
#7 /Users/chanchanbayubahari/Desktop/e-parli/vendor/codeigniter4/framework/system/CodeIgniter.php(932): App\Controllers\Admin\DataPenindakan->getNomorBap()
#8 /Users/chanchanbayubahari/Desktop/e-parli/vendor/codeigniter4/framework/system/CodeIgniter.php(497): CodeIgniter\CodeIgniter->runController(Object(App\Controllers\Admin\DataPenindakan))
#9 /Users/chanchanbayubahari/Desktop/e-parli/vendor/codeigniter4/framework/system/CodeIgniter.php(366): CodeIgniter\CodeIgniter->handleRequest(NULL, Object(Config\Cache), false)
#10 /Users/chanchanbayubahari/Desktop/e-parli/public/index.php(67): CodeIgniter\CodeIgniter->run()
#11 /Users/chanchanbayubahari/Desktop/e-parli/vendor/codeigniter4/framework/system/Commands/Server/rewrite.php(47): require_once('/Users/chanchan...')
#12 {main}
CRITICAL - 2023-08-23 23:50:11 --> Unknown column 'ukpd_table.ukpd' in 'field list'
in SYSTEMPATH/Database/MySQLi/Connection.php on line 295.
 1 SYSTEMPATH/Database/MySQLi/Connection.php(295): mysqli->query('SELECT `bap_table`.`id`, `bap_table`.`ukpd_id`, `bap_table`.`jenis_penindakan_id`, `bap_table`.`nomor_bap`, `bap_table`.`status_bap_id`, `ukpd_table`.`ukpd`, `jenis_penindakan_table`.`jenis_penindakan`, `status_penderekan_table`.`status_penderekan`
FROM `bap_table`
WHERE `bap_table`.`ukpd_id` = \'\'
AND `bap_table`.`jenis_penindakan_id` = \'5\'
ORDER BY `bap_table`.`id` asc', 0)
 2 SYSTEMPATH/Database/BaseConnection.php(692): CodeIgniter\Database\MySQLi\Connection->execute('SELECT `bap_table`.`id`, `bap_table`.`ukpd_id`, `bap_table`.`jenis_penindakan_id`, `bap_table`.`nomor_bap`, `bap_table`.`status_bap_id`, `ukpd_table`.`ukpd`, `jenis_penindakan_table`.`jenis_penindakan`, `status_penderekan_table`.`status_penderekan`
FROM `bap_table`
WHERE `bap_table`.`ukpd_id` = \'\'
AND `bap_table`.`jenis_penindakan_id` = \'5\'
ORDER BY `bap_table`.`id` asc')
 3 SYSTEMPATH/Database/BaseConnection.php(606): CodeIgniter\Database\BaseConnection->simpleQuery('SELECT `bap_table`.`id`, `bap_table`.`ukpd_id`, `bap_table`.`jenis_penindakan_id`, `bap_table`.`nomor_bap`, `bap_table`.`status_bap_id`, `ukpd_table`.`ukpd`, `jenis_penindakan_table`.`jenis_penindakan`, `status_penderekan_table`.`status_penderekan`
FROM `bap_table`
WHERE `bap_table`.`ukpd_id` = \'\'
AND `bap_table`.`jenis_penindakan_id` = \'5\'
ORDER BY `bap_table`.`id` asc')
 4 SYSTEMPATH/Database/BaseBuilder.php(1616): CodeIgniter\Database\BaseConnection->query('SELECT `bap_table`.`id`, `bap_table`.`ukpd_id`, `bap_table`.`jenis_penindakan_id`, `bap_table`.`nomor_bap`, `bap_table`.`status_bap_id`, `ukpd_table`.`ukpd`, `jenis_penindakan_table`.`jenis_penindakan`, `status_penderekan_table`.`status_penderekan`
FROM `bap_table`
WHERE `bap_table`.`ukpd_id` = :bap_table.ukpd_id:
AND `bap_table`.`jenis_penindakan_id` = :bap_table.jenis_penindakan_id:
ORDER BY `bap_table`.`id` asc', [...], false)
 5 SYSTEMPATH/Model.php(836): CodeIgniter\Database\BaseBuilder->get()
 6 APPPATH/Models/Admin/BAPModel.php(40): CodeIgniter\Model->__call('get', [])
 7 APPPATH/Controllers/Admin/DataPenindakan.php(79): App\Models\Admin\BAPModel->getNomorBap('', '5')
 8 SYSTEMPATH/CodeIgniter.php(932): App\Controllers\Admin\DataPenindakan->getNomorBap()
 9 SYSTEMPATH/CodeIgniter.php(497): CodeIgniter\CodeIgniter->runController(Object(App\Controllers\Admin\DataPenindakan))
10 SYSTEMPATH/CodeIgniter.php(366): CodeIgniter\CodeIgniter->handleRequest(null, Object(Config\Cache), false)
11 FCPATH/index.php(67): CodeIgniter\CodeIgniter->run()
12 SYSTEMPATH/Commands/Server/rewrite.php(47): require_once('/Users/chanchanbayubahari/Desktop/e-parli/public/index.php')
