CRITICAL - 2023-09-02 23:11:35 --> Undefined variable: title
in APPPATH/Views/auth/login.php on line 54.
 1 APPPATH/Views/auth/login.php(54): CodeIgniter\Debug\Exceptions->errorHandler(8, 'Undefined variable: title', '/Users/chanchanbayubahari/Desktop/e-parli/app/Views/auth/login.php', 54, [...])
 2 SYSTEMPATH/View/View.php(224): include('/Users/chanchanbayubahari/Desktop/e-parli/app/Views/auth/login.php')
 3 SYSTEMPATH/View/View.php(227): CodeIgniter\View\View->CodeIgniter\View\{closure}()
 4 SYSTEMPATH/Common.php(1180): CodeIgniter\View\View->render('auth/login.php', [], true)
 5 APPPATH/Controllers/Auth/Login.php(15): view('auth/login.php', [...])
 6 SYSTEMPATH/CodeIgniter.php(932): App\Controllers\Auth\Login->index()
 7 SYSTEMPATH/CodeIgniter.php(497): CodeIgniter\CodeIgniter->runController(Object(App\Controllers\Auth\Login))
 8 SYSTEMPATH/CodeIgniter.php(366): CodeIgniter\CodeIgniter->handleRequest(null, Object(Config\Cache), false)
 9 FCPATH/index.php(67): CodeIgniter\CodeIgniter->run()
10 SYSTEMPATH/Commands/Server/rewrite.php(47): require_once('/Users/chanchanbayubahari/Desktop/e-parli/public/index.php')
CRITICAL - 2023-09-02 23:12:07 --> Undefined variable: title
in APPPATH/Views/auth/login.php on line 8.
 1 APPPATH/Views/auth/login.php(8): CodeIgniter\Debug\Exceptions->errorHandler(8, 'Undefined variable: title', '/Users/chanchanbayubahari/Desktop/e-parli/app/Views/auth/login.php', 8, [...])
 2 SYSTEMPATH/View/View.php(224): include('/Users/chanchanbayubahari/Desktop/e-parli/app/Views/auth/login.php')
 3 SYSTEMPATH/View/View.php(227): CodeIgniter\View\View->CodeIgniter\View\{closure}()
 4 SYSTEMPATH/Common.php(1180): CodeIgniter\View\View->render('auth/login.php', [], true)
 5 APPPATH/Controllers/Auth/Login.php(15): view('auth/login.php', [...])
 6 SYSTEMPATH/CodeIgniter.php(932): App\Controllers\Auth\Login->index()
 7 SYSTEMPATH/CodeIgniter.php(497): CodeIgniter\CodeIgniter->runController(Object(App\Controllers\Auth\Login))
 8 SYSTEMPATH/CodeIgniter.php(366): CodeIgniter\CodeIgniter->handleRequest(null, Object(Config\Cache), false)
 9 FCPATH/index.php(67): CodeIgniter\CodeIgniter->run()
10 SYSTEMPATH/Commands/Server/rewrite.php(47): require_once('/Users/chanchanbayubahari/Desktop/e-parli/public/index.php')
CRITICAL - 2023-09-02 23:54:08 --> count(): Parameter must be an array or an object that implements Countable
in APPPATH/Controllers/Auth/Login.php on line 59.
 1 [internal function]: CodeIgniter\Debug\Exceptions->errorHandler(2, 'count(): Parameter must be an array or an object that implements Countable', '/Users/chanchanbayubahari/Desktop/e-parli/app/Controllers/Auth/Login.php', 59, [...])
 2 APPPATH/Controllers/Auth/Login.php(59): count(null)
 3 SYSTEMPATH/CodeIgniter.php(932): App\Controllers\Auth\Login->check_login()
 4 SYSTEMPATH/CodeIgniter.php(497): CodeIgniter\CodeIgniter->runController(Object(App\Controllers\Auth\Login))
 5 SYSTEMPATH/CodeIgniter.php(366): CodeIgniter\CodeIgniter->handleRequest(null, Object(Config\Cache), false)
 6 FCPATH/index.php(67): CodeIgniter\CodeIgniter->run()
 7 SYSTEMPATH/Commands/Server/rewrite.php(47): require_once('/Users/chanchanbayubahari/Desktop/e-parli/public/index.php')
CRITICAL - 2023-09-02 23:55:40 --> Call to undefined method App\Models\Auth\LoginModel::getRowArray
in SYSTEMPATH/Model.php on line 838.
 1 APPPATH/Models/Auth/LoginModel.php(32): CodeIgniter\Model->__call('getRowArray', [])
 2 APPPATH/Controllers/Auth/Login.php(57): App\Models\Auth\LoginModel->getPetugasRow('adadad', 'dadasd')
 3 SYSTEMPATH/CodeIgniter.php(932): App\Controllers\Auth\Login->check_login()
 4 SYSTEMPATH/CodeIgniter.php(497): CodeIgniter\CodeIgniter->runController(Object(App\Controllers\Auth\Login))
 5 SYSTEMPATH/CodeIgniter.php(366): CodeIgniter\CodeIgniter->handleRequest(null, Object(Config\Cache), false)
 6 FCPATH/index.php(67): CodeIgniter\CodeIgniter->run()
 7 SYSTEMPATH/Commands/Server/rewrite.php(47): require_once('/Users/chanchanbayubahari/Desktop/e-parli/public/index.php')
CRITICAL - 2023-09-02 23:55:57 --> count(): Parameter must be an array or an object that implements Countable
in APPPATH/Controllers/Auth/Login.php on line 59.
 1 [internal function]: CodeIgniter\Debug\Exceptions->errorHandler(2, 'count(): Parameter must be an array or an object that implements Countable', '/Users/chanchanbayubahari/Desktop/e-parli/app/Controllers/Auth/Login.php', 59, [...])
 2 APPPATH/Controllers/Auth/Login.php(59): count(null)
 3 SYSTEMPATH/CodeIgniter.php(932): App\Controllers\Auth\Login->check_login()
 4 SYSTEMPATH/CodeIgniter.php(497): CodeIgniter\CodeIgniter->runController(Object(App\Controllers\Auth\Login))
 5 SYSTEMPATH/CodeIgniter.php(366): CodeIgniter\CodeIgniter->handleRequest(null, Object(Config\Cache), false)
 6 FCPATH/index.php(67): CodeIgniter\CodeIgniter->run()
 7 SYSTEMPATH/Commands/Server/rewrite.php(47): require_once('/Users/chanchanbayubahari/Desktop/e-parli/public/index.php')
