ERROR - 2023-08-13 21:06:08 --> mysqli_sql_exception: Table 'e-parli.tanda_tangan_petuga_table' doesn't exist in /Users/chanchanbayubahari/Desktop/e-parli/vendor/codeigniter4/framework/system/Database/MySQLi/Connection.php:295
Stack trace:
#0 /Users/chanchanbayubahari/Desktop/e-parli/vendor/codeigniter4/framework/system/Database/MySQLi/Connection.php(295): mysqli->query('SELECT *\nFROM `...', 0)
#1 /Users/chanchanbayubahari/Desktop/e-parli/vendor/codeigniter4/framework/system/Database/BaseConnection.php(692): CodeIgniter\Database\MySQLi\Connection->execute('SELECT *\nFROM `...')
#2 /Users/chanchanbayubahari/Desktop/e-parli/vendor/codeigniter4/framework/system/Database/BaseConnection.php(606): CodeIgniter\Database\BaseConnection->simpleQuery('SELECT *\nFROM `...')
#3 /Users/chanchanbayubahari/Desktop/e-parli/vendor/codeigniter4/framework/system/Database/BaseBuilder.php(1616): CodeIgniter\Database\BaseConnection->query('SELECT *\nFROM `...', Array, false)
#4 /Users/chanchanbayubahari/Desktop/e-parli/vendor/codeigniter4/framework/system/Model.php(836): CodeIgniter\Database\BaseBuilder->get()
#5 /Users/chanchanbayubahari/Desktop/e-parli/app/Models/Admin/TandaTanganPetugasModel.php(26): CodeIgniter\Model->__call('get', Array)
#6 /Users/chanchanbayubahari/Desktop/e-parli/app/Controllers/Admin/TandaTanganPetugas.php(25): App\Models\Admin\TandaTanganPetugasModel->getTandaTanganPetugas()
#7 /Users/chanchanbayubahari/Desktop/e-parli/vendor/codeigniter4/framework/system/CodeIgniter.php(932): App\Controllers\Admin\TandaTanganPetugas->index()
#8 /Users/chanchanbayubahari/Desktop/e-parli/vendor/codeigniter4/framework/system/CodeIgniter.php(497): CodeIgniter\CodeIgniter->runController(Object(App\Controllers\Admin\TandaTanganPetugas))
#9 /Users/chanchanbayubahari/Desktop/e-parli/vendor/codeigniter4/framework/system/CodeIgniter.php(366): CodeIgniter\CodeIgniter->handleRequest(NULL, Object(Config\Cache), false)
#10 /Users/chanchanbayubahari/Desktop/e-parli/public/index.php(67): CodeIgniter\CodeIgniter->run()
#11 /Users/chanchanbayubahari/Desktop/e-parli/vendor/codeigniter4/framework/system/Commands/Server/rewrite.php(47): require_once('/Users/chanchan...')
#12 {main}
CRITICAL - 2023-08-13 21:06:08 --> Table 'e-parli.tanda_tangan_petuga_table' doesn't exist
in SYSTEMPATH/Database/MySQLi/Connection.php on line 295.
 1 SYSTEMPATH/Database/MySQLi/Connection.php(295): mysqli->query('SELECT *
FROM `tanda_tangan_petuga_table`
ORDER BY `tanda_tangan_table`.`id` desc', 0)
 2 SYSTEMPATH/Database/BaseConnection.php(692): CodeIgniter\Database\MySQLi\Connection->execute('SELECT *
FROM `tanda_tangan_petuga_table`
ORDER BY `tanda_tangan_table`.`id` desc')
 3 SYSTEMPATH/Database/BaseConnection.php(606): CodeIgniter\Database\BaseConnection->simpleQuery('SELECT *
FROM `tanda_tangan_petuga_table`
ORDER BY `tanda_tangan_table`.`id` desc')
 4 SYSTEMPATH/Database/BaseBuilder.php(1616): CodeIgniter\Database\BaseConnection->query('SELECT *
FROM `tanda_tangan_petuga_table`
ORDER BY `tanda_tangan_table`.`id` desc', [], false)
 5 SYSTEMPATH/Model.php(836): CodeIgniter\Database\BaseBuilder->get()
 6 APPPATH/Models/Admin/TandaTanganPetugasModel.php(26): CodeIgniter\Model->__call('get', [])
 7 APPPATH/Controllers/Admin/TandaTanganPetugas.php(25): App\Models\Admin\TandaTanganPetugasModel->getTandaTanganPetugas()
 8 SYSTEMPATH/CodeIgniter.php(932): App\Controllers\Admin\TandaTanganPetugas->index()
 9 SYSTEMPATH/CodeIgniter.php(497): CodeIgniter\CodeIgniter->runController(Object(App\Controllers\Admin\TandaTanganPetugas))
10 SYSTEMPATH/CodeIgniter.php(366): CodeIgniter\CodeIgniter->handleRequest(null, Object(Config\Cache), false)
11 FCPATH/index.php(67): CodeIgniter\CodeIgniter->run()
12 SYSTEMPATH/Commands/Server/rewrite.php(47): require_once('/Users/chanchanbayubahari/Desktop/e-parli/public/index.php')
ERROR - 2023-08-13 21:06:21 --> mysqli_sql_exception: Table 'e-parli.tanda_tangan_petuga_table' doesn't exist in /Users/chanchanbayubahari/Desktop/e-parli/vendor/codeigniter4/framework/system/Database/MySQLi/Connection.php:295
Stack trace:
#0 /Users/chanchanbayubahari/Desktop/e-parli/vendor/codeigniter4/framework/system/Database/MySQLi/Connection.php(295): mysqli->query('SELECT *\nFROM `...', 0)
#1 /Users/chanchanbayubahari/Desktop/e-parli/vendor/codeigniter4/framework/system/Database/BaseConnection.php(692): CodeIgniter\Database\MySQLi\Connection->execute('SELECT *\nFROM `...')
#2 /Users/chanchanbayubahari/Desktop/e-parli/vendor/codeigniter4/framework/system/Database/BaseConnection.php(606): CodeIgniter\Database\BaseConnection->simpleQuery('SELECT *\nFROM `...')
#3 /Users/chanchanbayubahari/Desktop/e-parli/vendor/codeigniter4/framework/system/Database/BaseBuilder.php(1616): CodeIgniter\Database\BaseConnection->query('SELECT *\nFROM `...', Array, false)
#4 /Users/chanchanbayubahari/Desktop/e-parli/vendor/codeigniter4/framework/system/Model.php(836): CodeIgniter\Database\BaseBuilder->get()
#5 /Users/chanchanbayubahari/Desktop/e-parli/app/Models/Admin/TandaTanganPetugasModel.php(26): CodeIgniter\Model->__call('get', Array)
#6 /Users/chanchanbayubahari/Desktop/e-parli/app/Controllers/Admin/TandaTanganPetugas.php(25): App\Models\Admin\TandaTanganPetugasModel->getTandaTanganPetugas()
#7 /Users/chanchanbayubahari/Desktop/e-parli/vendor/codeigniter4/framework/system/CodeIgniter.php(932): App\Controllers\Admin\TandaTanganPetugas->index()
#8 /Users/chanchanbayubahari/Desktop/e-parli/vendor/codeigniter4/framework/system/CodeIgniter.php(497): CodeIgniter\CodeIgniter->runController(Object(App\Controllers\Admin\TandaTanganPetugas))
#9 /Users/chanchanbayubahari/Desktop/e-parli/vendor/codeigniter4/framework/system/CodeIgniter.php(366): CodeIgniter\CodeIgniter->handleRequest(NULL, Object(Config\Cache), false)
#10 /Users/chanchanbayubahari/Desktop/e-parli/public/index.php(67): CodeIgniter\CodeIgniter->run()
#11 /Users/chanchanbayubahari/Desktop/e-parli/vendor/codeigniter4/framework/system/Commands/Server/rewrite.php(47): require_once('/Users/chanchan...')
#12 {main}
CRITICAL - 2023-08-13 21:06:21 --> Table 'e-parli.tanda_tangan_petuga_table' doesn't exist
in SYSTEMPATH/Database/MySQLi/Connection.php on line 295.
 1 SYSTEMPATH/Database/MySQLi/Connection.php(295): mysqli->query('SELECT *
FROM `tanda_tangan_petuga_table`
ORDER BY `tanda_tangan_table`.`id` desc', 0)
 2 SYSTEMPATH/Database/BaseConnection.php(692): CodeIgniter\Database\MySQLi\Connection->execute('SELECT *
FROM `tanda_tangan_petuga_table`
ORDER BY `tanda_tangan_table`.`id` desc')
 3 SYSTEMPATH/Database/BaseConnection.php(606): CodeIgniter\Database\BaseConnection->simpleQuery('SELECT *
FROM `tanda_tangan_petuga_table`
ORDER BY `tanda_tangan_table`.`id` desc')
 4 SYSTEMPATH/Database/BaseBuilder.php(1616): CodeIgniter\Database\BaseConnection->query('SELECT *
FROM `tanda_tangan_petuga_table`
ORDER BY `tanda_tangan_table`.`id` desc', [], false)
 5 SYSTEMPATH/Model.php(836): CodeIgniter\Database\BaseBuilder->get()
 6 APPPATH/Models/Admin/TandaTanganPetugasModel.php(26): CodeIgniter\Model->__call('get', [])
 7 APPPATH/Controllers/Admin/TandaTanganPetugas.php(25): App\Models\Admin\TandaTanganPetugasModel->getTandaTanganPetugas()
 8 SYSTEMPATH/CodeIgniter.php(932): App\Controllers\Admin\TandaTanganPetugas->index()
 9 SYSTEMPATH/CodeIgniter.php(497): CodeIgniter\CodeIgniter->runController(Object(App\Controllers\Admin\TandaTanganPetugas))
10 SYSTEMPATH/CodeIgniter.php(366): CodeIgniter\CodeIgniter->handleRequest(null, Object(Config\Cache), false)
11 FCPATH/index.php(67): CodeIgniter\CodeIgniter->run()
12 SYSTEMPATH/Commands/Server/rewrite.php(47): require_once('/Users/chanchanbayubahari/Desktop/e-parli/public/index.php')
ERROR - 2023-08-13 21:06:23 --> mysqli_sql_exception: Table 'e-parli.tanda_tangan_petuga_table' doesn't exist in /Users/chanchanbayubahari/Desktop/e-parli/vendor/codeigniter4/framework/system/Database/MySQLi/Connection.php:295
Stack trace:
#0 /Users/chanchanbayubahari/Desktop/e-parli/vendor/codeigniter4/framework/system/Database/MySQLi/Connection.php(295): mysqli->query('SELECT *\nFROM `...', 0)
#1 /Users/chanchanbayubahari/Desktop/e-parli/vendor/codeigniter4/framework/system/Database/BaseConnection.php(692): CodeIgniter\Database\MySQLi\Connection->execute('SELECT *\nFROM `...')
#2 /Users/chanchanbayubahari/Desktop/e-parli/vendor/codeigniter4/framework/system/Database/BaseConnection.php(606): CodeIgniter\Database\BaseConnection->simpleQuery('SELECT *\nFROM `...')
#3 /Users/chanchanbayubahari/Desktop/e-parli/vendor/codeigniter4/framework/system/Database/BaseBuilder.php(1616): CodeIgniter\Database\BaseConnection->query('SELECT *\nFROM `...', Array, false)
#4 /Users/chanchanbayubahari/Desktop/e-parli/vendor/codeigniter4/framework/system/Model.php(836): CodeIgniter\Database\BaseBuilder->get()
#5 /Users/chanchanbayubahari/Desktop/e-parli/app/Models/Admin/TandaTanganPetugasModel.php(26): CodeIgniter\Model->__call('get', Array)
#6 /Users/chanchanbayubahari/Desktop/e-parli/app/Controllers/Admin/TandaTanganPetugas.php(25): App\Models\Admin\TandaTanganPetugasModel->getTandaTanganPetugas()
#7 /Users/chanchanbayubahari/Desktop/e-parli/vendor/codeigniter4/framework/system/CodeIgniter.php(932): App\Controllers\Admin\TandaTanganPetugas->index()
#8 /Users/chanchanbayubahari/Desktop/e-parli/vendor/codeigniter4/framework/system/CodeIgniter.php(497): CodeIgniter\CodeIgniter->runController(Object(App\Controllers\Admin\TandaTanganPetugas))
#9 /Users/chanchanbayubahari/Desktop/e-parli/vendor/codeigniter4/framework/system/CodeIgniter.php(366): CodeIgniter\CodeIgniter->handleRequest(NULL, Object(Config\Cache), false)
#10 /Users/chanchanbayubahari/Desktop/e-parli/public/index.php(67): CodeIgniter\CodeIgniter->run()
#11 /Users/chanchanbayubahari/Desktop/e-parli/vendor/codeigniter4/framework/system/Commands/Server/rewrite.php(47): require_once('/Users/chanchan...')
#12 {main}
CRITICAL - 2023-08-13 21:06:23 --> Table 'e-parli.tanda_tangan_petuga_table' doesn't exist
in SYSTEMPATH/Database/MySQLi/Connection.php on line 295.
 1 SYSTEMPATH/Database/MySQLi/Connection.php(295): mysqli->query('SELECT *
FROM `tanda_tangan_petuga_table`
ORDER BY `tanda_tangan_table`.`id` desc', 0)
 2 SYSTEMPATH/Database/BaseConnection.php(692): CodeIgniter\Database\MySQLi\Connection->execute('SELECT *
FROM `tanda_tangan_petuga_table`
ORDER BY `tanda_tangan_table`.`id` desc')
 3 SYSTEMPATH/Database/BaseConnection.php(606): CodeIgniter\Database\BaseConnection->simpleQuery('SELECT *
FROM `tanda_tangan_petuga_table`
ORDER BY `tanda_tangan_table`.`id` desc')
 4 SYSTEMPATH/Database/BaseBuilder.php(1616): CodeIgniter\Database\BaseConnection->query('SELECT *
FROM `tanda_tangan_petuga_table`
ORDER BY `tanda_tangan_table`.`id` desc', [], false)
 5 SYSTEMPATH/Model.php(836): CodeIgniter\Database\BaseBuilder->get()
 6 APPPATH/Models/Admin/TandaTanganPetugasModel.php(26): CodeIgniter\Model->__call('get', [])
 7 APPPATH/Controllers/Admin/TandaTanganPetugas.php(25): App\Models\Admin\TandaTanganPetugasModel->getTandaTanganPetugas()
 8 SYSTEMPATH/CodeIgniter.php(932): App\Controllers\Admin\TandaTanganPetugas->index()
 9 SYSTEMPATH/CodeIgniter.php(497): CodeIgniter\CodeIgniter->runController(Object(App\Controllers\Admin\TandaTanganPetugas))
10 SYSTEMPATH/CodeIgniter.php(366): CodeIgniter\CodeIgniter->handleRequest(null, Object(Config\Cache), false)
11 FCPATH/index.php(67): CodeIgniter\CodeIgniter->run()
12 SYSTEMPATH/Commands/Server/rewrite.php(47): require_once('/Users/chanchanbayubahari/Desktop/e-parli/public/index.php')
ERROR - 2023-08-13 21:07:36 --> mysqli_sql_exception: Table 'e-parli.tanda_tangan_petuga_table' doesn't exist in /Users/chanchanbayubahari/Desktop/e-parli/vendor/codeigniter4/framework/system/Database/MySQLi/Connection.php:295
Stack trace:
#0 /Users/chanchanbayubahari/Desktop/e-parli/vendor/codeigniter4/framework/system/Database/MySQLi/Connection.php(295): mysqli->query('SELECT *\nFROM `...', 0)
#1 /Users/chanchanbayubahari/Desktop/e-parli/vendor/codeigniter4/framework/system/Database/BaseConnection.php(692): CodeIgniter\Database\MySQLi\Connection->execute('SELECT *\nFROM `...')
#2 /Users/chanchanbayubahari/Desktop/e-parli/vendor/codeigniter4/framework/system/Database/BaseConnection.php(606): CodeIgniter\Database\BaseConnection->simpleQuery('SELECT *\nFROM `...')
#3 /Users/chanchanbayubahari/Desktop/e-parli/vendor/codeigniter4/framework/system/Database/BaseBuilder.php(1616): CodeIgniter\Database\BaseConnection->query('SELECT *\nFROM `...', Array, false)
#4 /Users/chanchanbayubahari/Desktop/e-parli/vendor/codeigniter4/framework/system/Model.php(836): CodeIgniter\Database\BaseBuilder->get()
#5 /Users/chanchanbayubahari/Desktop/e-parli/app/Models/Admin/TandaTanganPetugasModel.php(26): CodeIgniter\Model->__call('get', Array)
#6 /Users/chanchanbayubahari/Desktop/e-parli/app/Controllers/Admin/TandaTanganPetugas.php(25): App\Models\Admin\TandaTanganPetugasModel->getTandaTanganPetugas()
#7 /Users/chanchanbayubahari/Desktop/e-parli/vendor/codeigniter4/framework/system/CodeIgniter.php(932): App\Controllers\Admin\TandaTanganPetugas->index()
#8 /Users/chanchanbayubahari/Desktop/e-parli/vendor/codeigniter4/framework/system/CodeIgniter.php(497): CodeIgniter\CodeIgniter->runController(Object(App\Controllers\Admin\TandaTanganPetugas))
#9 /Users/chanchanbayubahari/Desktop/e-parli/vendor/codeigniter4/framework/system/CodeIgniter.php(366): CodeIgniter\CodeIgniter->handleRequest(NULL, Object(Config\Cache), false)
#10 /Users/chanchanbayubahari/Desktop/e-parli/public/index.php(67): CodeIgniter\CodeIgniter->run()
#11 /Users/chanchanbayubahari/Desktop/e-parli/vendor/codeigniter4/framework/system/Commands/Server/rewrite.php(47): require_once('/Users/chanchan...')
#12 {main}
CRITICAL - 2023-08-13 21:07:36 --> Table 'e-parli.tanda_tangan_petuga_table' doesn't exist
in SYSTEMPATH/Database/MySQLi/Connection.php on line 295.
 1 SYSTEMPATH/Database/MySQLi/Connection.php(295): mysqli->query('SELECT *
FROM `tanda_tangan_petuga_table`
ORDER BY `tanda_tangan_table`.`id` desc', 0)
 2 SYSTEMPATH/Database/BaseConnection.php(692): CodeIgniter\Database\MySQLi\Connection->execute('SELECT *
FROM `tanda_tangan_petuga_table`
ORDER BY `tanda_tangan_table`.`id` desc')
 3 SYSTEMPATH/Database/BaseConnection.php(606): CodeIgniter\Database\BaseConnection->simpleQuery('SELECT *
FROM `tanda_tangan_petuga_table`
ORDER BY `tanda_tangan_table`.`id` desc')
 4 SYSTEMPATH/Database/BaseBuilder.php(1616): CodeIgniter\Database\BaseConnection->query('SELECT *
FROM `tanda_tangan_petuga_table`
ORDER BY `tanda_tangan_table`.`id` desc', [], false)
 5 SYSTEMPATH/Model.php(836): CodeIgniter\Database\BaseBuilder->get()
 6 APPPATH/Models/Admin/TandaTanganPetugasModel.php(26): CodeIgniter\Model->__call('get', [])
 7 APPPATH/Controllers/Admin/TandaTanganPetugas.php(25): App\Models\Admin\TandaTanganPetugasModel->getTandaTanganPetugas()
 8 SYSTEMPATH/CodeIgniter.php(932): App\Controllers\Admin\TandaTanganPetugas->index()
 9 SYSTEMPATH/CodeIgniter.php(497): CodeIgniter\CodeIgniter->runController(Object(App\Controllers\Admin\TandaTanganPetugas))
10 SYSTEMPATH/CodeIgniter.php(366): CodeIgniter\CodeIgniter->handleRequest(null, Object(Config\Cache), false)
11 FCPATH/index.php(67): CodeIgniter\CodeIgniter->run()
12 SYSTEMPATH/Commands/Server/rewrite.php(47): require_once('/Users/chanchanbayubahari/Desktop/e-parli/public/index.php')
ERROR - 2023-08-13 21:07:43 --> mysqli_sql_exception: Unknown column 'tanda_tangan_table.id' in 'order clause' in /Users/chanchanbayubahari/Desktop/e-parli/vendor/codeigniter4/framework/system/Database/MySQLi/Connection.php:295
Stack trace:
#0 /Users/chanchanbayubahari/Desktop/e-parli/vendor/codeigniter4/framework/system/Database/MySQLi/Connection.php(295): mysqli->query('SELECT *\nFROM `...', 0)
#1 /Users/chanchanbayubahari/Desktop/e-parli/vendor/codeigniter4/framework/system/Database/BaseConnection.php(692): CodeIgniter\Database\MySQLi\Connection->execute('SELECT *\nFROM `...')
#2 /Users/chanchanbayubahari/Desktop/e-parli/vendor/codeigniter4/framework/system/Database/BaseConnection.php(606): CodeIgniter\Database\BaseConnection->simpleQuery('SELECT *\nFROM `...')
#3 /Users/chanchanbayubahari/Desktop/e-parli/vendor/codeigniter4/framework/system/Database/BaseBuilder.php(1616): CodeIgniter\Database\BaseConnection->query('SELECT *\nFROM `...', Array, false)
#4 /Users/chanchanbayubahari/Desktop/e-parli/vendor/codeigniter4/framework/system/Model.php(836): CodeIgniter\Database\BaseBuilder->get()
#5 /Users/chanchanbayubahari/Desktop/e-parli/app/Models/Admin/TandaTanganPetugasModel.php(26): CodeIgniter\Model->__call('get', Array)
#6 /Users/chanchanbayubahari/Desktop/e-parli/app/Controllers/Admin/TandaTanganPetugas.php(25): App\Models\Admin\TandaTanganPetugasModel->getTandaTanganPetugas()
#7 /Users/chanchanbayubahari/Desktop/e-parli/vendor/codeigniter4/framework/system/CodeIgniter.php(932): App\Controllers\Admin\TandaTanganPetugas->index()
#8 /Users/chanchanbayubahari/Desktop/e-parli/vendor/codeigniter4/framework/system/CodeIgniter.php(497): CodeIgniter\CodeIgniter->runController(Object(App\Controllers\Admin\TandaTanganPetugas))
#9 /Users/chanchanbayubahari/Desktop/e-parli/vendor/codeigniter4/framework/system/CodeIgniter.php(366): CodeIgniter\CodeIgniter->handleRequest(NULL, Object(Config\Cache), false)
#10 /Users/chanchanbayubahari/Desktop/e-parli/public/index.php(67): CodeIgniter\CodeIgniter->run()
#11 /Users/chanchanbayubahari/Desktop/e-parli/vendor/codeigniter4/framework/system/Commands/Server/rewrite.php(47): require_once('/Users/chanchan...')
#12 {main}
CRITICAL - 2023-08-13 21:07:43 --> Unknown column 'tanda_tangan_table.id' in 'order clause'
in SYSTEMPATH/Database/MySQLi/Connection.php on line 295.
 1 SYSTEMPATH/Database/MySQLi/Connection.php(295): mysqli->query('SELECT *
FROM `tanda_tangan_petugas_table`
ORDER BY `tanda_tangan_table`.`id` desc', 0)
 2 SYSTEMPATH/Database/BaseConnection.php(692): CodeIgniter\Database\MySQLi\Connection->execute('SELECT *
FROM `tanda_tangan_petugas_table`
ORDER BY `tanda_tangan_table`.`id` desc')
 3 SYSTEMPATH/Database/BaseConnection.php(606): CodeIgniter\Database\BaseConnection->simpleQuery('SELECT *
FROM `tanda_tangan_petugas_table`
ORDER BY `tanda_tangan_table`.`id` desc')
 4 SYSTEMPATH/Database/BaseBuilder.php(1616): CodeIgniter\Database\BaseConnection->query('SELECT *
FROM `tanda_tangan_petugas_table`
ORDER BY `tanda_tangan_table`.`id` desc', [], false)
 5 SYSTEMPATH/Model.php(836): CodeIgniter\Database\BaseBuilder->get()
 6 APPPATH/Models/Admin/TandaTanganPetugasModel.php(26): CodeIgniter\Model->__call('get', [])
 7 APPPATH/Controllers/Admin/TandaTanganPetugas.php(25): App\Models\Admin\TandaTanganPetugasModel->getTandaTanganPetugas()
 8 SYSTEMPATH/CodeIgniter.php(932): App\Controllers\Admin\TandaTanganPetugas->index()
 9 SYSTEMPATH/CodeIgniter.php(497): CodeIgniter\CodeIgniter->runController(Object(App\Controllers\Admin\TandaTanganPetugas))
10 SYSTEMPATH/CodeIgniter.php(366): CodeIgniter\CodeIgniter->handleRequest(null, Object(Config\Cache), false)
11 FCPATH/index.php(67): CodeIgniter\CodeIgniter->run()
12 SYSTEMPATH/Commands/Server/rewrite.php(47): require_once('/Users/chanchanbayubahari/Desktop/e-parli/public/index.php')
CRITICAL - 2023-08-13 21:07:55 --> Invalid file: "admin/tanda_tangan_petugas.php"
in SYSTEMPATH/Exceptions/FrameworkException.php on line 33.
 1 SYSTEMPATH/View/View.php(212): CodeIgniter\Exceptions\FrameworkException::forInvalidFile('admin/tanda_tangan_petugas.php')
 2 SYSTEMPATH/Common.php(1180): CodeIgniter\View\View->render('admin/tanda_tangan_petugas', [], true)
 3 APPPATH/Controllers/Admin/TandaTanganPetugas.php(30): view('admin/tanda_tangan_petugas', [...])
 4 SYSTEMPATH/CodeIgniter.php(932): App\Controllers\Admin\TandaTanganPetugas->index()
 5 SYSTEMPATH/CodeIgniter.php(497): CodeIgniter\CodeIgniter->runController(Object(App\Controllers\Admin\TandaTanganPetugas))
 6 SYSTEMPATH/CodeIgniter.php(366): CodeIgniter\CodeIgniter->handleRequest(null, Object(Config\Cache), false)
 7 FCPATH/index.php(67): CodeIgniter\CodeIgniter->run()
 8 SYSTEMPATH/Commands/Server/rewrite.php(47): require_once('/Users/chanchanbayubahari/Desktop/e-parli/public/index.php')
CRITICAL - 2023-08-13 21:12:31 --> Undefined variable: ukpd
in APPPATH/Views/admin/tanda_tangan_petugas.php on line 79.
 1 APPPATH/Views/admin/tanda_tangan_petugas.php(79): CodeIgniter\Debug\Exceptions->errorHandler(8, 'Undefined variable: ukpd', '/Users/chanchanbayubahari/Desktop/e-parli/app/Views/admin/tanda_tangan_petugas.php', 79, [...])
 2 SYSTEMPATH/View/View.php(224): include('/Users/chanchanbayubahari/Desktop/e-parli/app/Views/admin/tanda_tangan_petugas.php')
 3 SYSTEMPATH/View/View.php(227): CodeIgniter\View\View->CodeIgniter\View\{closure}()
 4 SYSTEMPATH/Common.php(1180): CodeIgniter\View\View->render('admin/tanda_tangan_petugas', [], true)
 5 APPPATH/Controllers/Admin/TandaTanganPetugas.php(30): view('admin/tanda_tangan_petugas', [...])
 6 SYSTEMPATH/CodeIgniter.php(932): App\Controllers\Admin\TandaTanganPetugas->index()
 7 SYSTEMPATH/CodeIgniter.php(497): CodeIgniter\CodeIgniter->runController(Object(App\Controllers\Admin\TandaTanganPetugas))
 8 SYSTEMPATH/CodeIgniter.php(366): CodeIgniter\CodeIgniter->handleRequest(null, Object(Config\Cache), false)
 9 FCPATH/index.php(67): CodeIgniter\CodeIgniter->run()
10 SYSTEMPATH/Commands/Server/rewrite.php(47): require_once('/Users/chanchanbayubahari/Desktop/e-parli/public/index.php')
CRITICAL - 2023-08-13 21:18:21 --> Trying to get property 'id' of non-object
in APPPATH/Views/admin/tanda_tangan_petugas.php on line 80.
 1 APPPATH/Views/admin/tanda_tangan_petugas.php(80): CodeIgniter\Debug\Exceptions->errorHandler(8, 'Trying to get property \'id\' of non-object', '/Users/chanchanbayubahari/Desktop/e-parli/app/Views/admin/tanda_tangan_petugas.php', 80, [...])
 2 SYSTEMPATH/View/View.php(224): include('/Users/chanchanbayubahari/Desktop/e-parli/app/Views/admin/tanda_tangan_petugas.php')
 3 SYSTEMPATH/View/View.php(227): CodeIgniter\View\View->CodeIgniter\View\{closure}()
 4 SYSTEMPATH/Common.php(1180): CodeIgniter\View\View->render('admin/tanda_tangan_petugas', [], true)
 5 APPPATH/Controllers/Admin/TandaTanganPetugas.php(30): view('admin/tanda_tangan_petugas', [...])
 6 SYSTEMPATH/CodeIgniter.php(932): App\Controllers\Admin\TandaTanganPetugas->index()
 7 SYSTEMPATH/CodeIgniter.php(497): CodeIgniter\CodeIgniter->runController(Object(App\Controllers\Admin\TandaTanganPetugas))
 8 SYSTEMPATH/CodeIgniter.php(366): CodeIgniter\CodeIgniter->handleRequest(null, Object(Config\Cache), false)
 9 FCPATH/index.php(67): CodeIgniter\CodeIgniter->run()
10 SYSTEMPATH/Commands/Server/rewrite.php(47): require_once('/Users/chanchanbayubahari/Desktop/e-parli/public/index.php')
CRITICAL - 2023-08-13 21:19:33 --> Trying to get property 'id' of non-object
in APPPATH/Views/admin/tanda_tangan_petugas.php on line 80.
 1 APPPATH/Views/admin/tanda_tangan_petugas.php(80): CodeIgniter\Debug\Exceptions->errorHandler(8, 'Trying to get property \'id\' of non-object', '/Users/chanchanbayubahari/Desktop/e-parli/app/Views/admin/tanda_tangan_petugas.php', 80, [...])
 2 SYSTEMPATH/View/View.php(224): include('/Users/chanchanbayubahari/Desktop/e-parli/app/Views/admin/tanda_tangan_petugas.php')
 3 SYSTEMPATH/View/View.php(227): CodeIgniter\View\View->CodeIgniter\View\{closure}()
 4 SYSTEMPATH/Common.php(1180): CodeIgniter\View\View->render('admin/tanda_tangan_petugas', [], true)
 5 APPPATH/Controllers/Admin/TandaTanganPetugas.php(30): view('admin/tanda_tangan_petugas', [...])
 6 SYSTEMPATH/CodeIgniter.php(932): App\Controllers\Admin\TandaTanganPetugas->index()
 7 SYSTEMPATH/CodeIgniter.php(497): CodeIgniter\CodeIgniter->runController(Object(App\Controllers\Admin\TandaTanganPetugas))
 8 SYSTEMPATH/CodeIgniter.php(366): CodeIgniter\CodeIgniter->handleRequest(null, Object(Config\Cache), false)
 9 FCPATH/index.php(67): CodeIgniter\CodeIgniter->run()
10 SYSTEMPATH/Commands/Server/rewrite.php(47): require_once('/Users/chanchanbayubahari/Desktop/e-parli/public/index.php')
CRITICAL - 2023-08-13 21:19:49 --> Trying to get property 'id' of non-object
in APPPATH/Views/admin/tanda_tangan_petugas.php on line 80.
 1 APPPATH/Views/admin/tanda_tangan_petugas.php(80): CodeIgniter\Debug\Exceptions->errorHandler(8, 'Trying to get property \'id\' of non-object', '/Users/chanchanbayubahari/Desktop/e-parli/app/Views/admin/tanda_tangan_petugas.php', 80, [...])
 2 SYSTEMPATH/View/View.php(224): include('/Users/chanchanbayubahari/Desktop/e-parli/app/Views/admin/tanda_tangan_petugas.php')
 3 SYSTEMPATH/View/View.php(227): CodeIgniter\View\View->CodeIgniter\View\{closure}()
 4 SYSTEMPATH/Common.php(1180): CodeIgniter\View\View->render('admin/tanda_tangan_petugas', [], true)
 5 APPPATH/Controllers/Admin/TandaTanganPetugas.php(30): view('admin/tanda_tangan_petugas', [...])
 6 SYSTEMPATH/CodeIgniter.php(932): App\Controllers\Admin\TandaTanganPetugas->index()
 7 SYSTEMPATH/CodeIgniter.php(497): CodeIgniter\CodeIgniter->runController(Object(App\Controllers\Admin\TandaTanganPetugas))
 8 SYSTEMPATH/CodeIgniter.php(366): CodeIgniter\CodeIgniter->handleRequest(null, Object(Config\Cache), false)
 9 FCPATH/index.php(67): CodeIgniter\CodeIgniter->run()
10 SYSTEMPATH/Commands/Server/rewrite.php(47): require_once('/Users/chanchanbayubahari/Desktop/e-parli/public/index.php')
CRITICAL - 2023-08-13 21:19:50 --> Trying to get property 'id' of non-object
in APPPATH/Views/admin/tanda_tangan_petugas.php on line 80.
 1 APPPATH/Views/admin/tanda_tangan_petugas.php(80): CodeIgniter\Debug\Exceptions->errorHandler(8, 'Trying to get property \'id\' of non-object', '/Users/chanchanbayubahari/Desktop/e-parli/app/Views/admin/tanda_tangan_petugas.php', 80, [...])
 2 SYSTEMPATH/View/View.php(224): include('/Users/chanchanbayubahari/Desktop/e-parli/app/Views/admin/tanda_tangan_petugas.php')
 3 SYSTEMPATH/View/View.php(227): CodeIgniter\View\View->CodeIgniter\View\{closure}()
 4 SYSTEMPATH/Common.php(1180): CodeIgniter\View\View->render('admin/tanda_tangan_petugas', [], true)
 5 APPPATH/Controllers/Admin/TandaTanganPetugas.php(30): view('admin/tanda_tangan_petugas', [...])
 6 SYSTEMPATH/CodeIgniter.php(932): App\Controllers\Admin\TandaTanganPetugas->index()
 7 SYSTEMPATH/CodeIgniter.php(497): CodeIgniter\CodeIgniter->runController(Object(App\Controllers\Admin\TandaTanganPetugas))
 8 SYSTEMPATH/CodeIgniter.php(366): CodeIgniter\CodeIgniter->handleRequest(null, Object(Config\Cache), false)
 9 FCPATH/index.php(67): CodeIgniter\CodeIgniter->run()
10 SYSTEMPATH/Commands/Server/rewrite.php(47): require_once('/Users/chanchanbayubahari/Desktop/e-parli/public/index.php')
ERROR - 2023-08-13 21:24:55 --> mysqli_sql_exception: You have an error in your SQL syntax; check the manual that corresponds to your MariaDB server version for the right syntax to use near ':0:
ORDER BY `petugas_table`.`id` desc' at line 8 in /Users/chanchanbayubahari/Desktop/e-parli/vendor/codeigniter4/framework/system/Database/MySQLi/Connection.php:295
Stack trace:
#0 /Users/chanchanbayubahari/Desktop/e-parli/vendor/codeigniter4/framework/system/Database/MySQLi/Connection.php(295): mysqli->query('SELECT `petugas...', 0)
#1 /Users/chanchanbayubahari/Desktop/e-parli/vendor/codeigniter4/framework/system/Database/BaseConnection.php(692): CodeIgniter\Database\MySQLi\Connection->execute('SELECT `petugas...')
#2 /Users/chanchanbayubahari/Desktop/e-parli/vendor/codeigniter4/framework/system/Database/BaseConnection.php(606): CodeIgniter\Database\BaseConnection->simpleQuery('SELECT `petugas...')
#3 /Users/chanchanbayubahari/Desktop/e-parli/vendor/codeigniter4/framework/system/Database/BaseBuilder.php(1616): CodeIgniter\Database\BaseConnection->query('SELECT `petugas...', Array, false)
#4 /Users/chanchanbayubahari/Desktop/e-parli/vendor/codeigniter4/framework/system/Model.php(836): CodeIgniter\Database\BaseBuilder->get()
#5 /Users/chanchanbayubahari/Desktop/e-parli/app/Models/Admin/PetugasModel.php(57): CodeIgniter\Model->__call('get', Array)
#6 /Users/chanchanbayubahari/Desktop/e-parli/app/Controllers/Admin/TandaTanganPetugas.php(26): App\Models\Admin\PetugasModel->getKomandanRegu()
#7 /Users/chanchanbayubahari/Desktop/e-parli/vendor/codeigniter4/framework/system/CodeIgniter.php(932): App\Controllers\Admin\TandaTanganPetugas->index()
#8 /Users/chanchanbayubahari/Desktop/e-parli/vendor/codeigniter4/framework/system/CodeIgniter.php(497): CodeIgniter\CodeIgniter->runController(Object(App\Controllers\Admin\TandaTanganPetugas))
#9 /Users/chanchanbayubahari/Desktop/e-parli/vendor/codeigniter4/framework/system/CodeIgniter.php(366): CodeIgniter\CodeIgniter->handleRequest(NULL, Object(Config\Cache), false)
#10 /Users/chanchanbayubahari/Desktop/e-parli/public/index.php(67): CodeIgniter\CodeIgniter->run()
#11 /Users/chanchanbayubahari/Desktop/e-parli/vendor/codeigniter4/framework/system/Commands/Server/rewrite.php(47): require_once('/Users/chanchan...')
#12 {main}
CRITICAL - 2023-08-13 21:24:55 --> You have an error in your SQL syntax; check the manual that corresponds to your MariaDB server version for the right syntax to use near ':0:
ORDER BY `petugas_table`.`id` desc' at line 8
in SYSTEMPATH/Database/MySQLi/Connection.php on line 295.
 1 SYSTEMPATH/Database/MySQLi/Connection.php(295): mysqli->query('SELECT `petugas_table`.`id`, `petugas_table`.`ukpd_id`, `petugas_table`.`unit_id`, `petugas_table`.`nama`, `petugas_table`.`username`, `petugas_table`.`nip`, `petugas_table`.`pangkat`, `petugas_table`.`golongan`, `petugas_table`.`jabatan_id`, `petugas_table`.`role_id`, `petugas_table`.`status_id`, `ukpd_table`.`ukpd`, `unit_regu_table`.`unit_regu`, `jabatan_table`.`jabatan`, `role_management_table`.`role_management`, `status_petugas_table`.`status_petugas`
FROM `petugas_table`
JOIN `ukpd_table` ON `ukpd_table`.`id` = `petugas_table`.`ukpd_id`
JOIN `unit_regu_table` ON `unit_regu_table`.`id` = `petugas_table`.`unit_id`
JOIN `jabatan_table` ON `jabatan_table`.`id` = `petugas_table`.`jabatan_id`
JOIN `role_management_table` ON `role_management_table`.`id` = `petugas_table`.`role_id`
JOIN `status_petugas_table` ON `status_petugas_table`.`id` = `petugas_table`.`status_id`
WHERE 0 = :0:
ORDER BY `petugas_table`.`id` desc', 0)
 2 SYSTEMPATH/Database/BaseConnection.php(692): CodeIgniter\Database\MySQLi\Connection->execute('SELECT `petugas_table`.`id`, `petugas_table`.`ukpd_id`, `petugas_table`.`unit_id`, `petugas_table`.`nama`, `petugas_table`.`username`, `petugas_table`.`nip`, `petugas_table`.`pangkat`, `petugas_table`.`golongan`, `petugas_table`.`jabatan_id`, `petugas_table`.`role_id`, `petugas_table`.`status_id`, `ukpd_table`.`ukpd`, `unit_regu_table`.`unit_regu`, `jabatan_table`.`jabatan`, `role_management_table`.`role_management`, `status_petugas_table`.`status_petugas`
FROM `petugas_table`
JOIN `ukpd_table` ON `ukpd_table`.`id` = `petugas_table`.`ukpd_id`
JOIN `unit_regu_table` ON `unit_regu_table`.`id` = `petugas_table`.`unit_id`
JOIN `jabatan_table` ON `jabatan_table`.`id` = `petugas_table`.`jabatan_id`
JOIN `role_management_table` ON `role_management_table`.`id` = `petugas_table`.`role_id`
JOIN `status_petugas_table` ON `status_petugas_table`.`id` = `petugas_table`.`status_id`
WHERE 0 = :0:
ORDER BY `petugas_table`.`id` desc')
 3 SYSTEMPATH/Database/BaseConnection.php(606): CodeIgniter\Database\BaseConnection->simpleQuery('SELECT `petugas_table`.`id`, `petugas_table`.`ukpd_id`, `petugas_table`.`unit_id`, `petugas_table`.`nama`, `petugas_table`.`username`, `petugas_table`.`nip`, `petugas_table`.`pangkat`, `petugas_table`.`golongan`, `petugas_table`.`jabatan_id`, `petugas_table`.`role_id`, `petugas_table`.`status_id`, `ukpd_table`.`ukpd`, `unit_regu_table`.`unit_regu`, `jabatan_table`.`jabatan`, `role_management_table`.`role_management`, `status_petugas_table`.`status_petugas`
FROM `petugas_table`
JOIN `ukpd_table` ON `ukpd_table`.`id` = `petugas_table`.`ukpd_id`
JOIN `unit_regu_table` ON `unit_regu_table`.`id` = `petugas_table`.`unit_id`
JOIN `jabatan_table` ON `jabatan_table`.`id` = `petugas_table`.`jabatan_id`
JOIN `role_management_table` ON `role_management_table`.`id` = `petugas_table`.`role_id`
JOIN `status_petugas_table` ON `status_petugas_table`.`id` = `petugas_table`.`status_id`
WHERE 0 = :0:
ORDER BY `petugas_table`.`id` desc')
 4 SYSTEMPATH/Database/BaseBuilder.php(1616): CodeIgniter\Database\BaseConnection->query('SELECT `petugas_table`.`id`, `petugas_table`.`ukpd_id`, `petugas_table`.`unit_id`, `petugas_table`.`nama`, `petugas_table`.`username`, `petugas_table`.`nip`, `petugas_table`.`pangkat`, `petugas_table`.`golongan`, `petugas_table`.`jabatan_id`, `petugas_table`.`role_id`, `petugas_table`.`status_id`, `ukpd_table`.`ukpd`, `unit_regu_table`.`unit_regu`, `jabatan_table`.`jabatan`, `role_management_table`.`role_management`, `status_petugas_table`.`status_petugas`
FROM `petugas_table`
JOIN `ukpd_table` ON `ukpd_table`.`id` = `petugas_table`.`ukpd_id`
JOIN `unit_regu_table` ON `unit_regu_table`.`id` = `petugas_table`.`unit_id`
JOIN `jabatan_table` ON `jabatan_table`.`id` = `petugas_table`.`jabatan_id`
JOIN `role_management_table` ON `role_management_table`.`id` = `petugas_table`.`role_id`
JOIN `status_petugas_table` ON `status_petugas_table`.`id` = `petugas_table`.`status_id`
WHERE 0 = :0:
ORDER BY `petugas_table`.`id` desc', [...], false)
 5 SYSTEMPATH/Model.php(836): CodeIgniter\Database\BaseBuilder->get()
 6 APPPATH/Models/Admin/PetugasModel.php(57): CodeIgniter\Model->__call('get', [])
 7 APPPATH/Controllers/Admin/TandaTanganPetugas.php(26): App\Models\Admin\PetugasModel->getKomandanRegu()
 8 SYSTEMPATH/CodeIgniter.php(932): App\Controllers\Admin\TandaTanganPetugas->index()
 9 SYSTEMPATH/CodeIgniter.php(497): CodeIgniter\CodeIgniter->runController(Object(App\Controllers\Admin\TandaTanganPetugas))
10 SYSTEMPATH/CodeIgniter.php(366): CodeIgniter\CodeIgniter->handleRequest(null, Object(Config\Cache), false)
11 FCPATH/index.php(67): CodeIgniter\CodeIgniter->run()
12 SYSTEMPATH/Commands/Server/rewrite.php(47): require_once('/Users/chanchanbayubahari/Desktop/e-parli/public/index.php')
ERROR - 2023-08-13 21:25:00 --> mysqli_sql_exception: You have an error in your SQL syntax; check the manual that corresponds to your MariaDB server version for the right syntax to use near ':0:
ORDER BY `petugas_table`.`id` desc' at line 8 in /Users/chanchanbayubahari/Desktop/e-parli/vendor/codeigniter4/framework/system/Database/MySQLi/Connection.php:295
Stack trace:
#0 /Users/chanchanbayubahari/Desktop/e-parli/vendor/codeigniter4/framework/system/Database/MySQLi/Connection.php(295): mysqli->query('SELECT `petugas...', 0)
#1 /Users/chanchanbayubahari/Desktop/e-parli/vendor/codeigniter4/framework/system/Database/BaseConnection.php(692): CodeIgniter\Database\MySQLi\Connection->execute('SELECT `petugas...')
#2 /Users/chanchanbayubahari/Desktop/e-parli/vendor/codeigniter4/framework/system/Database/BaseConnection.php(606): CodeIgniter\Database\BaseConnection->simpleQuery('SELECT `petugas...')
#3 /Users/chanchanbayubahari/Desktop/e-parli/vendor/codeigniter4/framework/system/Database/BaseBuilder.php(1616): CodeIgniter\Database\BaseConnection->query('SELECT `petugas...', Array, false)
#4 /Users/chanchanbayubahari/Desktop/e-parli/vendor/codeigniter4/framework/system/Model.php(836): CodeIgniter\Database\BaseBuilder->get()
#5 /Users/chanchanbayubahari/Desktop/e-parli/app/Models/Admin/PetugasModel.php(57): CodeIgniter\Model->__call('get', Array)
#6 /Users/chanchanbayubahari/Desktop/e-parli/app/Controllers/Admin/TandaTanganPetugas.php(26): App\Models\Admin\PetugasModel->getKomandanRegu()
#7 /Users/chanchanbayubahari/Desktop/e-parli/vendor/codeigniter4/framework/system/CodeIgniter.php(932): App\Controllers\Admin\TandaTanganPetugas->index()
#8 /Users/chanchanbayubahari/Desktop/e-parli/vendor/codeigniter4/framework/system/CodeIgniter.php(497): CodeIgniter\CodeIgniter->runController(Object(App\Controllers\Admin\TandaTanganPetugas))
#9 /Users/chanchanbayubahari/Desktop/e-parli/vendor/codeigniter4/framework/system/CodeIgniter.php(366): CodeIgniter\CodeIgniter->handleRequest(NULL, Object(Config\Cache), false)
#10 /Users/chanchanbayubahari/Desktop/e-parli/public/index.php(67): CodeIgniter\CodeIgniter->run()
#11 /Users/chanchanbayubahari/Desktop/e-parli/vendor/codeigniter4/framework/system/Commands/Server/rewrite.php(47): require_once('/Users/chanchan...')
#12 {main}
CRITICAL - 2023-08-13 21:25:00 --> You have an error in your SQL syntax; check the manual that corresponds to your MariaDB server version for the right syntax to use near ':0:
ORDER BY `petugas_table`.`id` desc' at line 8
in SYSTEMPATH/Database/MySQLi/Connection.php on line 295.
 1 SYSTEMPATH/Database/MySQLi/Connection.php(295): mysqli->query('SELECT `petugas_table`.`id`, `petugas_table`.`ukpd_id`, `petugas_table`.`unit_id`, `petugas_table`.`nama`, `petugas_table`.`username`, `petugas_table`.`nip`, `petugas_table`.`pangkat`, `petugas_table`.`golongan`, `petugas_table`.`jabatan_id`, `petugas_table`.`role_id`, `petugas_table`.`status_id`, `ukpd_table`.`ukpd`, `unit_regu_table`.`unit_regu`, `jabatan_table`.`jabatan`, `role_management_table`.`role_management`, `status_petugas_table`.`status_petugas`
FROM `petugas_table`
JOIN `ukpd_table` ON `ukpd_table`.`id` = `petugas_table`.`ukpd_id`
JOIN `unit_regu_table` ON `unit_regu_table`.`id` = `petugas_table`.`unit_id`
JOIN `jabatan_table` ON `jabatan_table`.`id` = `petugas_table`.`jabatan_id`
JOIN `role_management_table` ON `role_management_table`.`id` = `petugas_table`.`role_id`
JOIN `status_petugas_table` ON `status_petugas_table`.`id` = `petugas_table`.`status_id`
WHERE 0 = :0:
ORDER BY `petugas_table`.`id` desc', 0)
 2 SYSTEMPATH/Database/BaseConnection.php(692): CodeIgniter\Database\MySQLi\Connection->execute('SELECT `petugas_table`.`id`, `petugas_table`.`ukpd_id`, `petugas_table`.`unit_id`, `petugas_table`.`nama`, `petugas_table`.`username`, `petugas_table`.`nip`, `petugas_table`.`pangkat`, `petugas_table`.`golongan`, `petugas_table`.`jabatan_id`, `petugas_table`.`role_id`, `petugas_table`.`status_id`, `ukpd_table`.`ukpd`, `unit_regu_table`.`unit_regu`, `jabatan_table`.`jabatan`, `role_management_table`.`role_management`, `status_petugas_table`.`status_petugas`
FROM `petugas_table`
JOIN `ukpd_table` ON `ukpd_table`.`id` = `petugas_table`.`ukpd_id`
JOIN `unit_regu_table` ON `unit_regu_table`.`id` = `petugas_table`.`unit_id`
JOIN `jabatan_table` ON `jabatan_table`.`id` = `petugas_table`.`jabatan_id`
JOIN `role_management_table` ON `role_management_table`.`id` = `petugas_table`.`role_id`
JOIN `status_petugas_table` ON `status_petugas_table`.`id` = `petugas_table`.`status_id`
WHERE 0 = :0:
ORDER BY `petugas_table`.`id` desc')
 3 SYSTEMPATH/Database/BaseConnection.php(606): CodeIgniter\Database\BaseConnection->simpleQuery('SELECT `petugas_table`.`id`, `petugas_table`.`ukpd_id`, `petugas_table`.`unit_id`, `petugas_table`.`nama`, `petugas_table`.`username`, `petugas_table`.`nip`, `petugas_table`.`pangkat`, `petugas_table`.`golongan`, `petugas_table`.`jabatan_id`, `petugas_table`.`role_id`, `petugas_table`.`status_id`, `ukpd_table`.`ukpd`, `unit_regu_table`.`unit_regu`, `jabatan_table`.`jabatan`, `role_management_table`.`role_management`, `status_petugas_table`.`status_petugas`
FROM `petugas_table`
JOIN `ukpd_table` ON `ukpd_table`.`id` = `petugas_table`.`ukpd_id`
JOIN `unit_regu_table` ON `unit_regu_table`.`id` = `petugas_table`.`unit_id`
JOIN `jabatan_table` ON `jabatan_table`.`id` = `petugas_table`.`jabatan_id`
JOIN `role_management_table` ON `role_management_table`.`id` = `petugas_table`.`role_id`
JOIN `status_petugas_table` ON `status_petugas_table`.`id` = `petugas_table`.`status_id`
WHERE 0 = :0:
ORDER BY `petugas_table`.`id` desc')
 4 SYSTEMPATH/Database/BaseBuilder.php(1616): CodeIgniter\Database\BaseConnection->query('SELECT `petugas_table`.`id`, `petugas_table`.`ukpd_id`, `petugas_table`.`unit_id`, `petugas_table`.`nama`, `petugas_table`.`username`, `petugas_table`.`nip`, `petugas_table`.`pangkat`, `petugas_table`.`golongan`, `petugas_table`.`jabatan_id`, `petugas_table`.`role_id`, `petugas_table`.`status_id`, `ukpd_table`.`ukpd`, `unit_regu_table`.`unit_regu`, `jabatan_table`.`jabatan`, `role_management_table`.`role_management`, `status_petugas_table`.`status_petugas`
FROM `petugas_table`
JOIN `ukpd_table` ON `ukpd_table`.`id` = `petugas_table`.`ukpd_id`
JOIN `unit_regu_table` ON `unit_regu_table`.`id` = `petugas_table`.`unit_id`
JOIN `jabatan_table` ON `jabatan_table`.`id` = `petugas_table`.`jabatan_id`
JOIN `role_management_table` ON `role_management_table`.`id` = `petugas_table`.`role_id`
JOIN `status_petugas_table` ON `status_petugas_table`.`id` = `petugas_table`.`status_id`
WHERE 0 = :0:
ORDER BY `petugas_table`.`id` desc', [...], false)
 5 SYSTEMPATH/Model.php(836): CodeIgniter\Database\BaseBuilder->get()
 6 APPPATH/Models/Admin/PetugasModel.php(57): CodeIgniter\Model->__call('get', [])
 7 APPPATH/Controllers/Admin/TandaTanganPetugas.php(26): App\Models\Admin\PetugasModel->getKomandanRegu()
 8 SYSTEMPATH/CodeIgniter.php(932): App\Controllers\Admin\TandaTanganPetugas->index()
 9 SYSTEMPATH/CodeIgniter.php(497): CodeIgniter\CodeIgniter->runController(Object(App\Controllers\Admin\TandaTanganPetugas))
10 SYSTEMPATH/CodeIgniter.php(366): CodeIgniter\CodeIgniter->handleRequest(null, Object(Config\Cache), false)
11 FCPATH/index.php(67): CodeIgniter\CodeIgniter->run()
12 SYSTEMPATH/Commands/Server/rewrite.php(47): require_once('/Users/chanchanbayubahari/Desktop/e-parli/public/index.php')
ERROR - 2023-08-13 21:26:46 --> mysqli_sql_exception: You have an error in your SQL syntax; check the manual that corresponds to your MariaDB server version for the right syntax to use near ':0:
ORDER BY `petugas_table`.`id` desc' at line 8 in /Users/chanchanbayubahari/Desktop/e-parli/vendor/codeigniter4/framework/system/Database/MySQLi/Connection.php:295
Stack trace:
#0 /Users/chanchanbayubahari/Desktop/e-parli/vendor/codeigniter4/framework/system/Database/MySQLi/Connection.php(295): mysqli->query('SELECT `petugas...', 0)
#1 /Users/chanchanbayubahari/Desktop/e-parli/vendor/codeigniter4/framework/system/Database/BaseConnection.php(692): CodeIgniter\Database\MySQLi\Connection->execute('SELECT `petugas...')
#2 /Users/chanchanbayubahari/Desktop/e-parli/vendor/codeigniter4/framework/system/Database/BaseConnection.php(606): CodeIgniter\Database\BaseConnection->simpleQuery('SELECT `petugas...')
#3 /Users/chanchanbayubahari/Desktop/e-parli/vendor/codeigniter4/framework/system/Database/BaseBuilder.php(1616): CodeIgniter\Database\BaseConnection->query('SELECT `petugas...', Array, false)
#4 /Users/chanchanbayubahari/Desktop/e-parli/vendor/codeigniter4/framework/system/Model.php(836): CodeIgniter\Database\BaseBuilder->get()
#5 /Users/chanchanbayubahari/Desktop/e-parli/app/Models/Admin/PetugasModel.php(57): CodeIgniter\Model->__call('get', Array)
#6 /Users/chanchanbayubahari/Desktop/e-parli/app/Controllers/Admin/TandaTanganPetugas.php(26): App\Models\Admin\PetugasModel->getKomandanRegu()
#7 /Users/chanchanbayubahari/Desktop/e-parli/vendor/codeigniter4/framework/system/CodeIgniter.php(932): App\Controllers\Admin\TandaTanganPetugas->index()
#8 /Users/chanchanbayubahari/Desktop/e-parli/vendor/codeigniter4/framework/system/CodeIgniter.php(497): CodeIgniter\CodeIgniter->runController(Object(App\Controllers\Admin\TandaTanganPetugas))
#9 /Users/chanchanbayubahari/Desktop/e-parli/vendor/codeigniter4/framework/system/CodeIgniter.php(366): CodeIgniter\CodeIgniter->handleRequest(NULL, Object(Config\Cache), false)
#10 /Users/chanchanbayubahari/Desktop/e-parli/public/index.php(67): CodeIgniter\CodeIgniter->run()
#11 /Users/chanchanbayubahari/Desktop/e-parli/vendor/codeigniter4/framework/system/Commands/Server/rewrite.php(47): require_once('/Users/chanchan...')
#12 {main}
CRITICAL - 2023-08-13 21:26:47 --> You have an error in your SQL syntax; check the manual that corresponds to your MariaDB server version for the right syntax to use near ':0:
ORDER BY `petugas_table`.`id` desc' at line 8
in SYSTEMPATH/Database/MySQLi/Connection.php on line 295.
 1 SYSTEMPATH/Database/MySQLi/Connection.php(295): mysqli->query('SELECT `petugas_table`.`id`, `petugas_table`.`ukpd_id`, `petugas_table`.`unit_id`, `petugas_table`.`nama`, `petugas_table`.`username`, `petugas_table`.`nip`, `petugas_table`.`pangkat`, `petugas_table`.`golongan`, `petugas_table`.`jabatan_id`, `petugas_table`.`role_id`, `petugas_table`.`status_id`, `ukpd_table`.`ukpd`, `unit_regu_table`.`unit_regu`, `jabatan_table`.`jabatan`, `role_management_table`.`role_management`, `status_petugas_table`.`status_petugas`
FROM `petugas_table`
JOIN `ukpd_table` ON `ukpd_table`.`id` = `petugas_table`.`ukpd_id`
JOIN `unit_regu_table` ON `unit_regu_table`.`id` = `petugas_table`.`unit_id`
JOIN `jabatan_table` ON `jabatan_table`.`id` = `petugas_table`.`jabatan_id`
JOIN `role_management_table` ON `role_management_table`.`id` = `petugas_table`.`role_id`
JOIN `status_petugas_table` ON `status_petugas_table`.`id` = `petugas_table`.`status_id`
WHERE 0 = :0:
ORDER BY `petugas_table`.`id` desc', 0)
 2 SYSTEMPATH/Database/BaseConnection.php(692): CodeIgniter\Database\MySQLi\Connection->execute('SELECT `petugas_table`.`id`, `petugas_table`.`ukpd_id`, `petugas_table`.`unit_id`, `petugas_table`.`nama`, `petugas_table`.`username`, `petugas_table`.`nip`, `petugas_table`.`pangkat`, `petugas_table`.`golongan`, `petugas_table`.`jabatan_id`, `petugas_table`.`role_id`, `petugas_table`.`status_id`, `ukpd_table`.`ukpd`, `unit_regu_table`.`unit_regu`, `jabatan_table`.`jabatan`, `role_management_table`.`role_management`, `status_petugas_table`.`status_petugas`
FROM `petugas_table`
JOIN `ukpd_table` ON `ukpd_table`.`id` = `petugas_table`.`ukpd_id`
JOIN `unit_regu_table` ON `unit_regu_table`.`id` = `petugas_table`.`unit_id`
JOIN `jabatan_table` ON `jabatan_table`.`id` = `petugas_table`.`jabatan_id`
JOIN `role_management_table` ON `role_management_table`.`id` = `petugas_table`.`role_id`
JOIN `status_petugas_table` ON `status_petugas_table`.`id` = `petugas_table`.`status_id`
WHERE 0 = :0:
ORDER BY `petugas_table`.`id` desc')
 3 SYSTEMPATH/Database/BaseConnection.php(606): CodeIgniter\Database\BaseConnection->simpleQuery('SELECT `petugas_table`.`id`, `petugas_table`.`ukpd_id`, `petugas_table`.`unit_id`, `petugas_table`.`nama`, `petugas_table`.`username`, `petugas_table`.`nip`, `petugas_table`.`pangkat`, `petugas_table`.`golongan`, `petugas_table`.`jabatan_id`, `petugas_table`.`role_id`, `petugas_table`.`status_id`, `ukpd_table`.`ukpd`, `unit_regu_table`.`unit_regu`, `jabatan_table`.`jabatan`, `role_management_table`.`role_management`, `status_petugas_table`.`status_petugas`
FROM `petugas_table`
JOIN `ukpd_table` ON `ukpd_table`.`id` = `petugas_table`.`ukpd_id`
JOIN `unit_regu_table` ON `unit_regu_table`.`id` = `petugas_table`.`unit_id`
JOIN `jabatan_table` ON `jabatan_table`.`id` = `petugas_table`.`jabatan_id`
JOIN `role_management_table` ON `role_management_table`.`id` = `petugas_table`.`role_id`
JOIN `status_petugas_table` ON `status_petugas_table`.`id` = `petugas_table`.`status_id`
WHERE 0 = :0:
ORDER BY `petugas_table`.`id` desc')
 4 SYSTEMPATH/Database/BaseBuilder.php(1616): CodeIgniter\Database\BaseConnection->query('SELECT `petugas_table`.`id`, `petugas_table`.`ukpd_id`, `petugas_table`.`unit_id`, `petugas_table`.`nama`, `petugas_table`.`username`, `petugas_table`.`nip`, `petugas_table`.`pangkat`, `petugas_table`.`golongan`, `petugas_table`.`jabatan_id`, `petugas_table`.`role_id`, `petugas_table`.`status_id`, `ukpd_table`.`ukpd`, `unit_regu_table`.`unit_regu`, `jabatan_table`.`jabatan`, `role_management_table`.`role_management`, `status_petugas_table`.`status_petugas`
FROM `petugas_table`
JOIN `ukpd_table` ON `ukpd_table`.`id` = `petugas_table`.`ukpd_id`
JOIN `unit_regu_table` ON `unit_regu_table`.`id` = `petugas_table`.`unit_id`
JOIN `jabatan_table` ON `jabatan_table`.`id` = `petugas_table`.`jabatan_id`
JOIN `role_management_table` ON `role_management_table`.`id` = `petugas_table`.`role_id`
JOIN `status_petugas_table` ON `status_petugas_table`.`id` = `petugas_table`.`status_id`
WHERE 0 = :0:
ORDER BY `petugas_table`.`id` desc', [...], false)
 5 SYSTEMPATH/Model.php(836): CodeIgniter\Database\BaseBuilder->get()
 6 APPPATH/Models/Admin/PetugasModel.php(57): CodeIgniter\Model->__call('get', [])
 7 APPPATH/Controllers/Admin/TandaTanganPetugas.php(26): App\Models\Admin\PetugasModel->getKomandanRegu()
 8 SYSTEMPATH/CodeIgniter.php(932): App\Controllers\Admin\TandaTanganPetugas->index()
 9 SYSTEMPATH/CodeIgniter.php(497): CodeIgniter\CodeIgniter->runController(Object(App\Controllers\Admin\TandaTanganPetugas))
10 SYSTEMPATH/CodeIgniter.php(366): CodeIgniter\CodeIgniter->handleRequest(null, Object(Config\Cache), false)
11 FCPATH/index.php(67): CodeIgniter\CodeIgniter->run()
12 SYSTEMPATH/Commands/Server/rewrite.php(47): require_once('/Users/chanchanbayubahari/Desktop/e-parli/public/index.php')
ERROR - 2023-08-13 21:27:04 --> mysqli_sql_exception: You have an error in your SQL syntax; check the manual that corresponds to your MariaDB server version for the right syntax to use near ':0:
ORDER BY `petugas_table`.`id` desc' at line 8 in /Users/chanchanbayubahari/Desktop/e-parli/vendor/codeigniter4/framework/system/Database/MySQLi/Connection.php:295
Stack trace:
#0 /Users/chanchanbayubahari/Desktop/e-parli/vendor/codeigniter4/framework/system/Database/MySQLi/Connection.php(295): mysqli->query('SELECT `petugas...', 0)
#1 /Users/chanchanbayubahari/Desktop/e-parli/vendor/codeigniter4/framework/system/Database/BaseConnection.php(692): CodeIgniter\Database\MySQLi\Connection->execute('SELECT `petugas...')
#2 /Users/chanchanbayubahari/Desktop/e-parli/vendor/codeigniter4/framework/system/Database/BaseConnection.php(606): CodeIgniter\Database\BaseConnection->simpleQuery('SELECT `petugas...')
#3 /Users/chanchanbayubahari/Desktop/e-parli/vendor/codeigniter4/framework/system/Database/BaseBuilder.php(1616): CodeIgniter\Database\BaseConnection->query('SELECT `petugas...', Array, false)
#4 /Users/chanchanbayubahari/Desktop/e-parli/vendor/codeigniter4/framework/system/Model.php(836): CodeIgniter\Database\BaseBuilder->get()
#5 /Users/chanchanbayubahari/Desktop/e-parli/app/Models/Admin/PetugasModel.php(57): CodeIgniter\Model->__call('get', Array)
#6 /Users/chanchanbayubahari/Desktop/e-parli/app/Controllers/Admin/TandaTanganPetugas.php(26): App\Models\Admin\PetugasModel->getKomandanRegu()
#7 /Users/chanchanbayubahari/Desktop/e-parli/vendor/codeigniter4/framework/system/CodeIgniter.php(932): App\Controllers\Admin\TandaTanganPetugas->index()
#8 /Users/chanchanbayubahari/Desktop/e-parli/vendor/codeigniter4/framework/system/CodeIgniter.php(497): CodeIgniter\CodeIgniter->runController(Object(App\Controllers\Admin\TandaTanganPetugas))
#9 /Users/chanchanbayubahari/Desktop/e-parli/vendor/codeigniter4/framework/system/CodeIgniter.php(366): CodeIgniter\CodeIgniter->handleRequest(NULL, Object(Config\Cache), false)
#10 /Users/chanchanbayubahari/Desktop/e-parli/public/index.php(67): CodeIgniter\CodeIgniter->run()
#11 /Users/chanchanbayubahari/Desktop/e-parli/vendor/codeigniter4/framework/system/Commands/Server/rewrite.php(47): require_once('/Users/chanchan...')
#12 {main}
CRITICAL - 2023-08-13 21:27:04 --> You have an error in your SQL syntax; check the manual that corresponds to your MariaDB server version for the right syntax to use near ':0:
ORDER BY `petugas_table`.`id` desc' at line 8
in SYSTEMPATH/Database/MySQLi/Connection.php on line 295.
 1 SYSTEMPATH/Database/MySQLi/Connection.php(295): mysqli->query('SELECT `petugas_table`.`id`, `petugas_table`.`ukpd_id`, `petugas_table`.`unit_id`, `petugas_table`.`nama`, `petugas_table`.`username`, `petugas_table`.`nip`, `petugas_table`.`pangkat`, `petugas_table`.`golongan`, `petugas_table`.`jabatan_id`, `petugas_table`.`role_id`, `petugas_table`.`status_id`, `ukpd_table`.`ukpd`, `unit_regu_table`.`unit_regu`, `jabatan_table`.`jabatan`, `role_management_table`.`role_management`, `status_petugas_table`.`status_petugas`
FROM `petugas_table`
JOIN `ukpd_table` ON `ukpd_table`.`id` = `petugas_table`.`ukpd_id`
JOIN `unit_regu_table` ON `unit_regu_table`.`id` = `petugas_table`.`unit_id`
JOIN `jabatan_table` ON `jabatan_table`.`id` = `petugas_table`.`jabatan_id`
JOIN `role_management_table` ON `role_management_table`.`id` = `petugas_table`.`role_id`
JOIN `status_petugas_table` ON `status_petugas_table`.`id` = `petugas_table`.`status_id`
WHERE 0 = :0:
ORDER BY `petugas_table`.`id` desc', 0)
 2 SYSTEMPATH/Database/BaseConnection.php(692): CodeIgniter\Database\MySQLi\Connection->execute('SELECT `petugas_table`.`id`, `petugas_table`.`ukpd_id`, `petugas_table`.`unit_id`, `petugas_table`.`nama`, `petugas_table`.`username`, `petugas_table`.`nip`, `petugas_table`.`pangkat`, `petugas_table`.`golongan`, `petugas_table`.`jabatan_id`, `petugas_table`.`role_id`, `petugas_table`.`status_id`, `ukpd_table`.`ukpd`, `unit_regu_table`.`unit_regu`, `jabatan_table`.`jabatan`, `role_management_table`.`role_management`, `status_petugas_table`.`status_petugas`
FROM `petugas_table`
JOIN `ukpd_table` ON `ukpd_table`.`id` = `petugas_table`.`ukpd_id`
JOIN `unit_regu_table` ON `unit_regu_table`.`id` = `petugas_table`.`unit_id`
JOIN `jabatan_table` ON `jabatan_table`.`id` = `petugas_table`.`jabatan_id`
JOIN `role_management_table` ON `role_management_table`.`id` = `petugas_table`.`role_id`
JOIN `status_petugas_table` ON `status_petugas_table`.`id` = `petugas_table`.`status_id`
WHERE 0 = :0:
ORDER BY `petugas_table`.`id` desc')
 3 SYSTEMPATH/Database/BaseConnection.php(606): CodeIgniter\Database\BaseConnection->simpleQuery('SELECT `petugas_table`.`id`, `petugas_table`.`ukpd_id`, `petugas_table`.`unit_id`, `petugas_table`.`nama`, `petugas_table`.`username`, `petugas_table`.`nip`, `petugas_table`.`pangkat`, `petugas_table`.`golongan`, `petugas_table`.`jabatan_id`, `petugas_table`.`role_id`, `petugas_table`.`status_id`, `ukpd_table`.`ukpd`, `unit_regu_table`.`unit_regu`, `jabatan_table`.`jabatan`, `role_management_table`.`role_management`, `status_petugas_table`.`status_petugas`
FROM `petugas_table`
JOIN `ukpd_table` ON `ukpd_table`.`id` = `petugas_table`.`ukpd_id`
JOIN `unit_regu_table` ON `unit_regu_table`.`id` = `petugas_table`.`unit_id`
JOIN `jabatan_table` ON `jabatan_table`.`id` = `petugas_table`.`jabatan_id`
JOIN `role_management_table` ON `role_management_table`.`id` = `petugas_table`.`role_id`
JOIN `status_petugas_table` ON `status_petugas_table`.`id` = `petugas_table`.`status_id`
WHERE 0 = :0:
ORDER BY `petugas_table`.`id` desc')
 4 SYSTEMPATH/Database/BaseBuilder.php(1616): CodeIgniter\Database\BaseConnection->query('SELECT `petugas_table`.`id`, `petugas_table`.`ukpd_id`, `petugas_table`.`unit_id`, `petugas_table`.`nama`, `petugas_table`.`username`, `petugas_table`.`nip`, `petugas_table`.`pangkat`, `petugas_table`.`golongan`, `petugas_table`.`jabatan_id`, `petugas_table`.`role_id`, `petugas_table`.`status_id`, `ukpd_table`.`ukpd`, `unit_regu_table`.`unit_regu`, `jabatan_table`.`jabatan`, `role_management_table`.`role_management`, `status_petugas_table`.`status_petugas`
FROM `petugas_table`
JOIN `ukpd_table` ON `ukpd_table`.`id` = `petugas_table`.`ukpd_id`
JOIN `unit_regu_table` ON `unit_regu_table`.`id` = `petugas_table`.`unit_id`
JOIN `jabatan_table` ON `jabatan_table`.`id` = `petugas_table`.`jabatan_id`
JOIN `role_management_table` ON `role_management_table`.`id` = `petugas_table`.`role_id`
JOIN `status_petugas_table` ON `status_petugas_table`.`id` = `petugas_table`.`status_id`
WHERE 0 = :0:
ORDER BY `petugas_table`.`id` desc', [...], false)
 5 SYSTEMPATH/Model.php(836): CodeIgniter\Database\BaseBuilder->get()
 6 APPPATH/Models/Admin/PetugasModel.php(57): CodeIgniter\Model->__call('get', [])
 7 APPPATH/Controllers/Admin/TandaTanganPetugas.php(26): App\Models\Admin\PetugasModel->getKomandanRegu()
 8 SYSTEMPATH/CodeIgniter.php(932): App\Controllers\Admin\TandaTanganPetugas->index()
 9 SYSTEMPATH/CodeIgniter.php(497): CodeIgniter\CodeIgniter->runController(Object(App\Controllers\Admin\TandaTanganPetugas))
10 SYSTEMPATH/CodeIgniter.php(366): CodeIgniter\CodeIgniter->handleRequest(null, Object(Config\Cache), false)
11 FCPATH/index.php(67): CodeIgniter\CodeIgniter->run()
12 SYSTEMPATH/Commands/Server/rewrite.php(47): require_once('/Users/chanchanbayubahari/Desktop/e-parli/public/index.php')
