CRITICAL - 2023-07-24 16:31:43 --> Trying to access array offset on value of type null
in APPPATH/Controllers/Admin/Ukpd.php on line 91.
 1 APPPATH/Controllers/Admin/Ukpd.php(91): CodeIgniter\Debug\Exceptions->errorHandler(8, 'Trying to access array offset on value of type null', '/Users/chanchanbayubahari/Desktop/e-parli/app/Controllers/Admin/Ukpd.php', 91, [...])
 2 SYSTEMPATH/CodeIgniter.php(932): App\Controllers\Admin\Ukpd->delete()
 3 SYSTEMPATH/CodeIgniter.php(497): CodeIgniter\CodeIgniter->runController(Object(App\Controllers\Admin\Ukpd))
 4 SYSTEMPATH/CodeIgniter.php(366): CodeIgniter\CodeIgniter->handleRequest(null, Object(Config\Cache), false)
 5 FCPATH/index.php(67): CodeIgniter\CodeIgniter->run()
 6 SYSTEMPATH/Commands/Server/rewrite.php(47): require_once('/Users/chanchanbayubahari/Desktop/e-parli/public/index.php')
CRITICAL - 2023-07-24 16:33:00 --> Trying to access array offset on value of type null
in APPPATH/Controllers/Admin/Ukpd.php on line 91.
 1 APPPATH/Controllers/Admin/Ukpd.php(91): CodeIgniter\Debug\Exceptions->errorHandler(8, 'Trying to access array offset on value of type null', '/Users/chanchanbayubahari/Desktop/e-parli/app/Controllers/Admin/Ukpd.php', 91, [...])
 2 SYSTEMPATH/CodeIgniter.php(932): App\Controllers\Admin\Ukpd->delete()
 3 SYSTEMPATH/CodeIgniter.php(497): CodeIgniter\CodeIgniter->runController(Object(App\Controllers\Admin\Ukpd))
 4 SYSTEMPATH/CodeIgniter.php(366): CodeIgniter\CodeIgniter->handleRequest(null, Object(Config\Cache), false)
 5 FCPATH/index.php(67): CodeIgniter\CodeIgniter->run()
 6 SYSTEMPATH/Commands/Server/rewrite.php(47): require_once('/Users/chanchanbayubahari/Desktop/e-parli/public/index.php')
CRITICAL - 2023-07-24 16:34:13 --> Trying to access array offset on value of type null
in APPPATH/Controllers/Admin/Ukpd.php on line 92.
 1 APPPATH/Controllers/Admin/Ukpd.php(92): CodeIgniter\Debug\Exceptions->errorHandler(8, 'Trying to access array offset on value of type null', '/Users/chanchanbayubahari/Desktop/e-parli/app/Controllers/Admin/Ukpd.php', 92, [...])
 2 SYSTEMPATH/CodeIgniter.php(932): App\Controllers\Admin\Ukpd->delete()
 3 SYSTEMPATH/CodeIgniter.php(497): CodeIgniter\CodeIgniter->runController(Object(App\Controllers\Admin\Ukpd))
 4 SYSTEMPATH/CodeIgniter.php(366): CodeIgniter\CodeIgniter->handleRequest(null, Object(Config\Cache), false)
 5 FCPATH/index.php(67): CodeIgniter\CodeIgniter->run()
 6 SYSTEMPATH/Commands/Server/rewrite.php(47): require_once('/Users/chanchanbayubahari/Desktop/e-parli/public/index.php')
CRITICAL - 2023-07-24 16:34:20 --> Trying to access array offset on value of type null
in APPPATH/Controllers/Admin/Ukpd.php on line 92.
 1 APPPATH/Controllers/Admin/Ukpd.php(92): CodeIgniter\Debug\Exceptions->errorHandler(8, 'Trying to access array offset on value of type null', '/Users/chanchanbayubahari/Desktop/e-parli/app/Controllers/Admin/Ukpd.php', 92, [...])
 2 SYSTEMPATH/CodeIgniter.php(932): App\Controllers\Admin\Ukpd->delete()
 3 SYSTEMPATH/CodeIgniter.php(497): CodeIgniter\CodeIgniter->runController(Object(App\Controllers\Admin\Ukpd))
 4 SYSTEMPATH/CodeIgniter.php(366): CodeIgniter\CodeIgniter->handleRequest(null, Object(Config\Cache), false)
 5 FCPATH/index.php(67): CodeIgniter\CodeIgniter->run()
 6 SYSTEMPATH/Commands/Server/rewrite.php(47): require_once('/Users/chanchanbayubahari/Desktop/e-parli/public/index.php')
CRITICAL - 2023-07-24 16:35:18 --> Trying to access array offset on value of type null
in APPPATH/Controllers/Admin/Ukpd.php on line 92.
 1 APPPATH/Controllers/Admin/Ukpd.php(92): CodeIgniter\Debug\Exceptions->errorHandler(8, 'Trying to access array offset on value of type null', '/Users/chanchanbayubahari/Desktop/e-parli/app/Controllers/Admin/Ukpd.php', 92, [...])
 2 SYSTEMPATH/CodeIgniter.php(932): App\Controllers\Admin\Ukpd->delete()
 3 SYSTEMPATH/CodeIgniter.php(497): CodeIgniter\CodeIgniter->runController(Object(App\Controllers\Admin\Ukpd))
 4 SYSTEMPATH/CodeIgniter.php(366): CodeIgniter\CodeIgniter->handleRequest(null, Object(Config\Cache), false)
 5 FCPATH/index.php(67): CodeIgniter\CodeIgniter->run()
 6 SYSTEMPATH/Commands/Server/rewrite.php(47): require_once('/Users/chanchanbayubahari/Desktop/e-parli/public/index.php')
CRITICAL - 2023-07-24 17:19:09 --> Trying to get property 'ukpd' of non-object
in APPPATH/Views/admin/ukpd.php on line 43.
 1 APPPATH/Views/admin/ukpd.php(43): CodeIgniter\Debug\Exceptions->errorHandler(8, 'Trying to get property \'ukpd\' of non-object', '/Users/chanchanbayubahari/Desktop/e-parli/app/Views/admin/ukpd.php', 43, [...])
 2 SYSTEMPATH/View/View.php(224): include('/Users/chanchanbayubahari/Desktop/e-parli/app/Views/admin/ukpd.php')
 3 SYSTEMPATH/View/View.php(227): CodeIgniter\View\View->CodeIgniter\View\{closure}()
 4 SYSTEMPATH/Common.php(1180): CodeIgniter\View\View->render('admin/ukpd', [], true)
 5 APPPATH/Controllers/Admin/Ukpd.php(27): view('admin/ukpd', [...])
 6 SYSTEMPATH/CodeIgniter.php(932): App\Controllers\Admin\Ukpd->index()
 7 SYSTEMPATH/CodeIgniter.php(497): CodeIgniter\CodeIgniter->runController(Object(App\Controllers\Admin\Ukpd))
 8 SYSTEMPATH/CodeIgniter.php(366): CodeIgniter\CodeIgniter->handleRequest(null, Object(Config\Cache), false)
 9 FCPATH/index.php(67): CodeIgniter\CodeIgniter->run()
10 SYSTEMPATH/Commands/Server/rewrite.php(47): require_once('/Users/chanchanbayubahari/Desktop/e-parli/public/index.php')
CRITICAL - 2023-07-24 17:19:59 --> Undefined index: nama_dina
in APPPATH/Views/admin/ukpd.php on line 44.
 1 APPPATH/Views/admin/ukpd.php(44): CodeIgniter\Debug\Exceptions->errorHandler(8, 'Undefined index: nama_dina', '/Users/chanchanbayubahari/Desktop/e-parli/app/Views/admin/ukpd.php', 44, [...])
 2 SYSTEMPATH/View/View.php(224): include('/Users/chanchanbayubahari/Desktop/e-parli/app/Views/admin/ukpd.php')
 3 SYSTEMPATH/View/View.php(227): CodeIgniter\View\View->CodeIgniter\View\{closure}()
 4 SYSTEMPATH/Common.php(1180): CodeIgniter\View\View->render('admin/ukpd', [], true)
 5 APPPATH/Controllers/Admin/Ukpd.php(27): view('admin/ukpd', [...])
 6 SYSTEMPATH/CodeIgniter.php(932): App\Controllers\Admin\Ukpd->index()
 7 SYSTEMPATH/CodeIgniter.php(497): CodeIgniter\CodeIgniter->runController(Object(App\Controllers\Admin\Ukpd))
 8 SYSTEMPATH/CodeIgniter.php(366): CodeIgniter\CodeIgniter->handleRequest(null, Object(Config\Cache), false)
 9 FCPATH/index.php(67): CodeIgniter\CodeIgniter->run()
10 SYSTEMPATH/Commands/Server/rewrite.php(47): require_once('/Users/chanchanbayubahari/Desktop/e-parli/public/index.php')
