CRITICAL - 2023-09-01 22:58:26 --> Call to undefined method App\Models\Admin\OcpModel::getDataOcpWithNomorKendaraan
in SYSTEMPATH/Model.php on line 838.
 1 APPPATH/Controllers/Admin/Ocp.php(51): CodeIgniter\Model->__call('getDataOcpWithNomorKendaraan', [...])
 2 SYSTEMPATH/CodeIgniter.php(932): App\Controllers\Admin\Ocp->detail('b 1234 g')
 3 SYSTEMPATH/CodeIgniter.php(497): CodeIgniter\CodeIgniter->runController(Object(App\Controllers\Admin\Ocp))
 4 SYSTEMPATH/CodeIgniter.php(366): CodeIgniter\CodeIgniter->handleRequest(null, Object(Config\Cache), false)
 5 FCPATH/index.php(67): CodeIgniter\CodeIgniter->run()
 6 SYSTEMPATH/Commands/Server/rewrite.php(47): require_once('/Users/chanchanbayubahari/Desktop/e-parli/public/index.php')
CRITICAL - 2023-09-01 22:59:27 --> Undefined variable: b 1234 g
in APPPATH/Models/Admin/OcpModel.php on line 63.
 1 APPPATH/Models/Admin/OcpModel.php(63): CodeIgniter\Debug\Exceptions->errorHandler(8, 'Undefined variable: b 1234 g', '/Users/chanchanbayubahari/Desktop/e-parli/app/Models/Admin/OcpModel.php', 63, [...])
 2 APPPATH/Controllers/Admin/Ocp.php(51): App\Models\Admin\OcpModel->getDataOcpWithNomorKendaraan('b 1234 g')
 3 SYSTEMPATH/CodeIgniter.php(932): App\Controllers\Admin\Ocp->detail('b 1234 g')
 4 SYSTEMPATH/CodeIgniter.php(497): CodeIgniter\CodeIgniter->runController(Object(App\Controllers\Admin\Ocp))
 5 SYSTEMPATH/CodeIgniter.php(366): CodeIgniter\CodeIgniter->handleRequest(null, Object(Config\Cache), false)
 6 FCPATH/index.php(67): CodeIgniter\CodeIgniter->run()
 7 SYSTEMPATH/Commands/Server/rewrite.php(47): require_once('/Users/chanchanbayubahari/Desktop/e-parli/public/index.php')
CRITICAL - 2023-09-01 22:59:43 --> Undefined variable: b 1234 g
in APPPATH/Models/Admin/OcpModel.php on line 63.
 1 APPPATH/Models/Admin/OcpModel.php(63): CodeIgniter\Debug\Exceptions->errorHandler(8, 'Undefined variable: b 1234 g', '/Users/chanchanbayubahari/Desktop/e-parli/app/Models/Admin/OcpModel.php', 63, [...])
 2 APPPATH/Controllers/Admin/Ocp.php(51): App\Models\Admin\OcpModel->getDataOcpWithNomorKendaraan('b 1234 g')
 3 SYSTEMPATH/CodeIgniter.php(932): App\Controllers\Admin\Ocp->detail('b 1234 g')
 4 SYSTEMPATH/CodeIgniter.php(497): CodeIgniter\CodeIgniter->runController(Object(App\Controllers\Admin\Ocp))
 5 SYSTEMPATH/CodeIgniter.php(366): CodeIgniter\CodeIgniter->handleRequest(null, Object(Config\Cache), false)
 6 FCPATH/index.php(67): CodeIgniter\CodeIgniter->run()
 7 SYSTEMPATH/Commands/Server/rewrite.php(47): require_once('/Users/chanchanbayubahari/Desktop/e-parli/public/index.php')
ERROR - 2023-09-01 23:03:20 --> mysqli_sql_exception: Table 'e-parli.ocp_table' doesn't exist in /Users/chanchanbayubahari/Desktop/e-parli/vendor/codeigniter4/framework/system/Database/MySQLi/Connection.php:295
Stack trace:
#0 /Users/chanchanbayubahari/Desktop/e-parli/vendor/codeigniter4/framework/system/Database/MySQLi/Connection.php(295): mysqli->query('SELECT `ocp_tab...', 0)
#1 /Users/chanchanbayubahari/Desktop/e-parli/vendor/codeigniter4/framework/system/Database/BaseConnection.php(692): CodeIgniter\Database\MySQLi\Connection->execute('SELECT `ocp_tab...')
#2 /Users/chanchanbayubahari/Desktop/e-parli/vendor/codeigniter4/framework/system/Database/BaseConnection.php(606): CodeIgniter\Database\BaseConnection->simpleQuery('SELECT `ocp_tab...')
#3 /Users/chanchanbayubahari/Desktop/e-parli/vendor/codeigniter4/framework/system/Database/BaseBuilder.php(1616): CodeIgniter\Database\BaseConnection->query('SELECT `ocp_tab...', Array, false)
#4 /Users/chanchanbayubahari/Desktop/e-parli/vendor/codeigniter4/framework/system/Model.php(836): CodeIgniter\Database\BaseBuilder->get()
#5 /Users/chanchanbayubahari/Desktop/e-parli/app/Models/Admin/OcpModel.php(37): CodeIgniter\Model->__call('get', Array)
#6 /Users/chanchanbayubahari/Desktop/e-parli/app/Controllers/Admin/Ocp.php(37): App\Models\Admin\OcpModel->getDataOcp()
#7 /Users/chanchanbayubahari/Desktop/e-parli/vendor/codeigniter4/framework/system/CodeIgniter.php(932): App\Controllers\Admin\Ocp->index()
#8 /Users/chanchanbayubahari/Desktop/e-parli/vendor/codeigniter4/framework/system/CodeIgniter.php(497): CodeIgniter\CodeIgniter->runController(Object(App\Controllers\Admin\Ocp))
#9 /Users/chanchanbayubahari/Desktop/e-parli/vendor/codeigniter4/framework/system/CodeIgniter.php(366): CodeIgniter\CodeIgniter->handleRequest(NULL, Object(Config\Cache), false)
#10 /Users/chanchanbayubahari/Desktop/e-parli/public/index.php(67): CodeIgniter\CodeIgniter->run()
#11 /Users/chanchanbayubahari/Desktop/e-parli/vendor/codeigniter4/framework/system/Commands/Server/rewrite.php(47): require_once('/Users/chanchan...')
#12 {main}
CRITICAL - 2023-09-01 23:03:20 --> Table 'e-parli.ocp_table' doesn't exist
in SYSTEMPATH/Database/MySQLi/Connection.php on line 295.
 1 SYSTEMPATH/Database/MySQLi/Connection.php(295): mysqli->query('SELECT `ocp_table`.`id`, `ocp_table`.`ukpd_id`, `ocp_table`.`jenis_penindakan_id`, `ocp_table`.`nomor_kendaraan_ocp`, `ocp_table`.`provinsi_id`, `ocp_table`.`kota_id`, `ocp_table`.`kecamatan_id`, `ocp_table`.`lokasi_penindakan`, `ocp_table`.`foto_penindakan`, `ukpd_table`.`ukpd`, `jenis_penindakan_table`.`jenis_penindakan`, `provinsi`.`provinsi`, `kota`.`kabupaten_kota`, `kecamatan`.`kecamatan`
FROM `ocp_table`
JOIN `ukpd_table` ON `ukpd_table`.`id` = `ocp_table`.`ukpd_id`
JOIN `jenis_penindakan_table` ON `jenis_penindakan_table`.`id` = `ocp_table`.`jenis_penindakan_id`
JOIN `provinsi` ON `provinsi`.`id` = `ocp_table`.`provinsi_id`
JOIN `kota` ON `kota`.`id` = `ocp_table`.`kota_id`
JOIN `kecamatan` ON `kecamatan`.`id` = `ocp_table`.`kecamatan_id`
ORDER BY `ocp_table`.`id` desc', 0)
 2 SYSTEMPATH/Database/BaseConnection.php(692): CodeIgniter\Database\MySQLi\Connection->execute('SELECT `ocp_table`.`id`, `ocp_table`.`ukpd_id`, `ocp_table`.`jenis_penindakan_id`, `ocp_table`.`nomor_kendaraan_ocp`, `ocp_table`.`provinsi_id`, `ocp_table`.`kota_id`, `ocp_table`.`kecamatan_id`, `ocp_table`.`lokasi_penindakan`, `ocp_table`.`foto_penindakan`, `ukpd_table`.`ukpd`, `jenis_penindakan_table`.`jenis_penindakan`, `provinsi`.`provinsi`, `kota`.`kabupaten_kota`, `kecamatan`.`kecamatan`
FROM `ocp_table`
JOIN `ukpd_table` ON `ukpd_table`.`id` = `ocp_table`.`ukpd_id`
JOIN `jenis_penindakan_table` ON `jenis_penindakan_table`.`id` = `ocp_table`.`jenis_penindakan_id`
JOIN `provinsi` ON `provinsi`.`id` = `ocp_table`.`provinsi_id`
JOIN `kota` ON `kota`.`id` = `ocp_table`.`kota_id`
JOIN `kecamatan` ON `kecamatan`.`id` = `ocp_table`.`kecamatan_id`
ORDER BY `ocp_table`.`id` desc')
 3 SYSTEMPATH/Database/BaseConnection.php(606): CodeIgniter\Database\BaseConnection->simpleQuery('SELECT `ocp_table`.`id`, `ocp_table`.`ukpd_id`, `ocp_table`.`jenis_penindakan_id`, `ocp_table`.`nomor_kendaraan_ocp`, `ocp_table`.`provinsi_id`, `ocp_table`.`kota_id`, `ocp_table`.`kecamatan_id`, `ocp_table`.`lokasi_penindakan`, `ocp_table`.`foto_penindakan`, `ukpd_table`.`ukpd`, `jenis_penindakan_table`.`jenis_penindakan`, `provinsi`.`provinsi`, `kota`.`kabupaten_kota`, `kecamatan`.`kecamatan`
FROM `ocp_table`
JOIN `ukpd_table` ON `ukpd_table`.`id` = `ocp_table`.`ukpd_id`
JOIN `jenis_penindakan_table` ON `jenis_penindakan_table`.`id` = `ocp_table`.`jenis_penindakan_id`
JOIN `provinsi` ON `provinsi`.`id` = `ocp_table`.`provinsi_id`
JOIN `kota` ON `kota`.`id` = `ocp_table`.`kota_id`
JOIN `kecamatan` ON `kecamatan`.`id` = `ocp_table`.`kecamatan_id`
ORDER BY `ocp_table`.`id` desc')
 4 SYSTEMPATH/Database/BaseBuilder.php(1616): CodeIgniter\Database\BaseConnection->query('SELECT `ocp_table`.`id`, `ocp_table`.`ukpd_id`, `ocp_table`.`jenis_penindakan_id`, `ocp_table`.`nomor_kendaraan_ocp`, `ocp_table`.`provinsi_id`, `ocp_table`.`kota_id`, `ocp_table`.`kecamatan_id`, `ocp_table`.`lokasi_penindakan`, `ocp_table`.`foto_penindakan`, `ukpd_table`.`ukpd`, `jenis_penindakan_table`.`jenis_penindakan`, `provinsi`.`provinsi`, `kota`.`kabupaten_kota`, `kecamatan`.`kecamatan`
FROM `ocp_table`
JOIN `ukpd_table` ON `ukpd_table`.`id` = `ocp_table`.`ukpd_id`
JOIN `jenis_penindakan_table` ON `jenis_penindakan_table`.`id` = `ocp_table`.`jenis_penindakan_id`
JOIN `provinsi` ON `provinsi`.`id` = `ocp_table`.`provinsi_id`
JOIN `kota` ON `kota`.`id` = `ocp_table`.`kota_id`
JOIN `kecamatan` ON `kecamatan`.`id` = `ocp_table`.`kecamatan_id`
ORDER BY `ocp_table`.`id` desc', [], false)
 5 SYSTEMPATH/Model.php(836): CodeIgniter\Database\BaseBuilder->get()
 6 APPPATH/Models/Admin/OcpModel.php(37): CodeIgniter\Model->__call('get', [])
 7 APPPATH/Controllers/Admin/Ocp.php(37): App\Models\Admin\OcpModel->getDataOcp()
 8 SYSTEMPATH/CodeIgniter.php(932): App\Controllers\Admin\Ocp->index()
 9 SYSTEMPATH/CodeIgniter.php(497): CodeIgniter\CodeIgniter->runController(Object(App\Controllers\Admin\Ocp))
10 SYSTEMPATH/CodeIgniter.php(366): CodeIgniter\CodeIgniter->handleRequest(null, Object(Config\Cache), false)
11 FCPATH/index.php(67): CodeIgniter\CodeIgniter->run()
12 SYSTEMPATH/Commands/Server/rewrite.php(47): require_once('/Users/chanchanbayubahari/Desktop/e-parli/public/index.php')
ERROR - 2023-09-01 23:06:12 --> mysqli_sql_exception: Unknown column 'unit_regu_table' in 'on clause' in /Users/chanchanbayubahari/Desktop/e-parli/vendor/codeigniter4/framework/system/Database/MySQLi/Connection.php:295
Stack trace:
#0 /Users/chanchanbayubahari/Desktop/e-parli/vendor/codeigniter4/framework/system/Database/MySQLi/Connection.php(295): mysqli->query('SELECT `ocp_tab...', 0)
#1 /Users/chanchanbayubahari/Desktop/e-parli/vendor/codeigniter4/framework/system/Database/BaseConnection.php(692): CodeIgniter\Database\MySQLi\Connection->execute('SELECT `ocp_tab...')
#2 /Users/chanchanbayubahari/Desktop/e-parli/vendor/codeigniter4/framework/system/Database/BaseConnection.php(606): CodeIgniter\Database\BaseConnection->simpleQuery('SELECT `ocp_tab...')
#3 /Users/chanchanbayubahari/Desktop/e-parli/vendor/codeigniter4/framework/system/Database/BaseBuilder.php(1616): CodeIgniter\Database\BaseConnection->query('SELECT `ocp_tab...', Array, false)
#4 /Users/chanchanbayubahari/Desktop/e-parli/vendor/codeigniter4/framework/system/Model.php(836): CodeIgniter\Database\BaseBuilder->get()
#5 /Users/chanchanbayubahari/Desktop/e-parli/app/Models/Admin/OcpModel.php(39): CodeIgniter\Model->__call('get', Array)
#6 /Users/chanchanbayubahari/Desktop/e-parli/app/Controllers/Admin/Ocp.php(40): App\Models\Admin\OcpModel->getDataOcp()
#7 /Users/chanchanbayubahari/Desktop/e-parli/vendor/codeigniter4/framework/system/CodeIgniter.php(932): App\Controllers\Admin\Ocp->index()
#8 /Users/chanchanbayubahari/Desktop/e-parli/vendor/codeigniter4/framework/system/CodeIgniter.php(497): CodeIgniter\CodeIgniter->runController(Object(App\Controllers\Admin\Ocp))
#9 /Users/chanchanbayubahari/Desktop/e-parli/vendor/codeigniter4/framework/system/CodeIgniter.php(366): CodeIgniter\CodeIgniter->handleRequest(NULL, Object(Config\Cache), false)
#10 /Users/chanchanbayubahari/Desktop/e-parli/public/index.php(67): CodeIgniter\CodeIgniter->run()
#11 /Users/chanchanbayubahari/Desktop/e-parli/vendor/codeigniter4/framework/system/Commands/Server/rewrite.php(47): require_once('/Users/chanchan...')
#12 {main}
CRITICAL - 2023-09-01 23:06:12 --> Unknown column 'unit_regu_table' in 'on clause'
in SYSTEMPATH/Database/MySQLi/Connection.php on line 295.
 1 SYSTEMPATH/Database/MySQLi/Connection.php(295): mysqli->query('SELECT `ocp_table`.`id`, `ocp_table`.`ukpd_id`, `ocp_table`.`jenis_penindakan_id`, `ocp_table`.`nomor_kendaraan_ocp`, `ocp_table`.`provinsi_id`, `ocp_table`.`kota_id`, `ocp_table`.`kecamatan_id`, `ocp_table`.`lokasi_penindakan`, `ocp_table`.`foto_penindakan`, `ukpd_table`.`ukpd`, `jenis_penindakan_table`.`jenis_penindakan`, `provinsi`.`provinsi`, `kota`.`kabupaten_kota`, `unit_regu_table`.`unit_regu`, `kecamatan`.`kecamatan`
FROM `ocp_table`
JOIN `ukpd_table` ON `ukpd_table`.`id` = `ocp_table`.`ukpd_id`
JOIN `jenis_penindakan_table` ON `jenis_penindakan_table`.`id` = `ocp_table`.`jenis_penindakan_id`
JOIN `provinsi` ON `provinsi`.`id` = `ocp_table`.`provinsi_id`
JOIN `kota` ON `kota`.`id` = `ocp_table`.`kota_id`
JOIN `kecamatan` ON `kecamatan`.`id` = `ocp_table`.`kecamatan_id`
JOIN `unit_regu_table` ON `unit_regu_table` = `ocp_table`.`unit_id`
ORDER BY `ocp_table`.`id` desc', 0)
 2 SYSTEMPATH/Database/BaseConnection.php(692): CodeIgniter\Database\MySQLi\Connection->execute('SELECT `ocp_table`.`id`, `ocp_table`.`ukpd_id`, `ocp_table`.`jenis_penindakan_id`, `ocp_table`.`nomor_kendaraan_ocp`, `ocp_table`.`provinsi_id`, `ocp_table`.`kota_id`, `ocp_table`.`kecamatan_id`, `ocp_table`.`lokasi_penindakan`, `ocp_table`.`foto_penindakan`, `ukpd_table`.`ukpd`, `jenis_penindakan_table`.`jenis_penindakan`, `provinsi`.`provinsi`, `kota`.`kabupaten_kota`, `unit_regu_table`.`unit_regu`, `kecamatan`.`kecamatan`
FROM `ocp_table`
JOIN `ukpd_table` ON `ukpd_table`.`id` = `ocp_table`.`ukpd_id`
JOIN `jenis_penindakan_table` ON `jenis_penindakan_table`.`id` = `ocp_table`.`jenis_penindakan_id`
JOIN `provinsi` ON `provinsi`.`id` = `ocp_table`.`provinsi_id`
JOIN `kota` ON `kota`.`id` = `ocp_table`.`kota_id`
JOIN `kecamatan` ON `kecamatan`.`id` = `ocp_table`.`kecamatan_id`
JOIN `unit_regu_table` ON `unit_regu_table` = `ocp_table`.`unit_id`
ORDER BY `ocp_table`.`id` desc')
 3 SYSTEMPATH/Database/BaseConnection.php(606): CodeIgniter\Database\BaseConnection->simpleQuery('SELECT `ocp_table`.`id`, `ocp_table`.`ukpd_id`, `ocp_table`.`jenis_penindakan_id`, `ocp_table`.`nomor_kendaraan_ocp`, `ocp_table`.`provinsi_id`, `ocp_table`.`kota_id`, `ocp_table`.`kecamatan_id`, `ocp_table`.`lokasi_penindakan`, `ocp_table`.`foto_penindakan`, `ukpd_table`.`ukpd`, `jenis_penindakan_table`.`jenis_penindakan`, `provinsi`.`provinsi`, `kota`.`kabupaten_kota`, `unit_regu_table`.`unit_regu`, `kecamatan`.`kecamatan`
FROM `ocp_table`
JOIN `ukpd_table` ON `ukpd_table`.`id` = `ocp_table`.`ukpd_id`
JOIN `jenis_penindakan_table` ON `jenis_penindakan_table`.`id` = `ocp_table`.`jenis_penindakan_id`
JOIN `provinsi` ON `provinsi`.`id` = `ocp_table`.`provinsi_id`
JOIN `kota` ON `kota`.`id` = `ocp_table`.`kota_id`
JOIN `kecamatan` ON `kecamatan`.`id` = `ocp_table`.`kecamatan_id`
JOIN `unit_regu_table` ON `unit_regu_table` = `ocp_table`.`unit_id`
ORDER BY `ocp_table`.`id` desc')
 4 SYSTEMPATH/Database/BaseBuilder.php(1616): CodeIgniter\Database\BaseConnection->query('SELECT `ocp_table`.`id`, `ocp_table`.`ukpd_id`, `ocp_table`.`jenis_penindakan_id`, `ocp_table`.`nomor_kendaraan_ocp`, `ocp_table`.`provinsi_id`, `ocp_table`.`kota_id`, `ocp_table`.`kecamatan_id`, `ocp_table`.`lokasi_penindakan`, `ocp_table`.`foto_penindakan`, `ukpd_table`.`ukpd`, `jenis_penindakan_table`.`jenis_penindakan`, `provinsi`.`provinsi`, `kota`.`kabupaten_kota`, `unit_regu_table`.`unit_regu`, `kecamatan`.`kecamatan`
FROM `ocp_table`
JOIN `ukpd_table` ON `ukpd_table`.`id` = `ocp_table`.`ukpd_id`
JOIN `jenis_penindakan_table` ON `jenis_penindakan_table`.`id` = `ocp_table`.`jenis_penindakan_id`
JOIN `provinsi` ON `provinsi`.`id` = `ocp_table`.`provinsi_id`
JOIN `kota` ON `kota`.`id` = `ocp_table`.`kota_id`
JOIN `kecamatan` ON `kecamatan`.`id` = `ocp_table`.`kecamatan_id`
JOIN `unit_regu_table` ON `unit_regu_table` = `ocp_table`.`unit_id`
ORDER BY `ocp_table`.`id` desc', [], false)
 5 SYSTEMPATH/Model.php(836): CodeIgniter\Database\BaseBuilder->get()
 6 APPPATH/Models/Admin/OcpModel.php(39): CodeIgniter\Model->__call('get', [])
 7 APPPATH/Controllers/Admin/Ocp.php(40): App\Models\Admin\OcpModel->getDataOcp()
 8 SYSTEMPATH/CodeIgniter.php(932): App\Controllers\Admin\Ocp->index()
 9 SYSTEMPATH/CodeIgniter.php(497): CodeIgniter\CodeIgniter->runController(Object(App\Controllers\Admin\Ocp))
10 SYSTEMPATH/CodeIgniter.php(366): CodeIgniter\CodeIgniter->handleRequest(null, Object(Config\Cache), false)
11 FCPATH/index.php(67): CodeIgniter\CodeIgniter->run()
12 SYSTEMPATH/Commands/Server/rewrite.php(47): require_once('/Users/chanchanbayubahari/Desktop/e-parli/public/index.php')
ERROR - 2023-09-01 23:06:50 --> mysqli_sql_exception: Unknown column 'unit_regu_table' in 'on clause' in /Users/chanchanbayubahari/Desktop/e-parli/vendor/codeigniter4/framework/system/Database/MySQLi/Connection.php:295
Stack trace:
#0 /Users/chanchanbayubahari/Desktop/e-parli/vendor/codeigniter4/framework/system/Database/MySQLi/Connection.php(295): mysqli->query('SELECT `ocp_tab...', 0)
#1 /Users/chanchanbayubahari/Desktop/e-parli/vendor/codeigniter4/framework/system/Database/BaseConnection.php(692): CodeIgniter\Database\MySQLi\Connection->execute('SELECT `ocp_tab...')
#2 /Users/chanchanbayubahari/Desktop/e-parli/vendor/codeigniter4/framework/system/Database/BaseConnection.php(606): CodeIgniter\Database\BaseConnection->simpleQuery('SELECT `ocp_tab...')
#3 /Users/chanchanbayubahari/Desktop/e-parli/vendor/codeigniter4/framework/system/Database/BaseBuilder.php(1616): CodeIgniter\Database\BaseConnection->query('SELECT `ocp_tab...', Array, false)
#4 /Users/chanchanbayubahari/Desktop/e-parli/vendor/codeigniter4/framework/system/Model.php(836): CodeIgniter\Database\BaseBuilder->get()
#5 /Users/chanchanbayubahari/Desktop/e-parli/app/Models/Admin/OcpModel.php(39): CodeIgniter\Model->__call('get', Array)
#6 /Users/chanchanbayubahari/Desktop/e-parli/app/Controllers/Admin/Ocp.php(40): App\Models\Admin\OcpModel->getDataOcp()
#7 /Users/chanchanbayubahari/Desktop/e-parli/vendor/codeigniter4/framework/system/CodeIgniter.php(932): App\Controllers\Admin\Ocp->index()
#8 /Users/chanchanbayubahari/Desktop/e-parli/vendor/codeigniter4/framework/system/CodeIgniter.php(497): CodeIgniter\CodeIgniter->runController(Object(App\Controllers\Admin\Ocp))
#9 /Users/chanchanbayubahari/Desktop/e-parli/vendor/codeigniter4/framework/system/CodeIgniter.php(366): CodeIgniter\CodeIgniter->handleRequest(NULL, Object(Config\Cache), false)
#10 /Users/chanchanbayubahari/Desktop/e-parli/public/index.php(67): CodeIgniter\CodeIgniter->run()
#11 /Users/chanchanbayubahari/Desktop/e-parli/vendor/codeigniter4/framework/system/Commands/Server/rewrite.php(47): require_once('/Users/chanchan...')
#12 {main}
CRITICAL - 2023-09-01 23:06:50 --> Unknown column 'unit_regu_table' in 'on clause'
in SYSTEMPATH/Database/MySQLi/Connection.php on line 295.
 1 SYSTEMPATH/Database/MySQLi/Connection.php(295): mysqli->query('SELECT `ocp_table`.`id`, `ocp_table`.`ukpd_id`, `ocp_table`.`jenis_penindakan_id`, `ocp_table`.`nomor_kendaraan_ocp`, `ocp_table`.`provinsi_id`, `ocp_table`.`kota_id`, `ocp_table`.`kecamatan_id`, `ocp_table`.`lokasi_penindakan`, `ocp_table`.`foto_penindakan`, `ukpd_table`.`ukpd`, `jenis_penindakan_table`.`jenis_penindakan`, `provinsi`.`provinsi`, `kota`.`kabupaten_kota`, `unit_regu_table`.`unit_regu`, `kecamatan`.`kecamatan`
FROM `ocp_table`
JOIN `ukpd_table` ON `ukpd_table`.`id` = `ocp_table`.`ukpd_id`
JOIN `jenis_penindakan_table` ON `jenis_penindakan_table`.`id` = `ocp_table`.`jenis_penindakan_id`
JOIN `provinsi` ON `provinsi`.`id` = `ocp_table`.`provinsi_id`
JOIN `kota` ON `kota`.`id` = `ocp_table`.`kota_id`
JOIN `kecamatan` ON `kecamatan`.`id` = `ocp_table`.`kecamatan_id`
JOIN `unit_regu_table` ON `unit_regu_table` = `ocp_table`.`unit_id`
ORDER BY `ocp_table`.`id` desc', 0)
 2 SYSTEMPATH/Database/BaseConnection.php(692): CodeIgniter\Database\MySQLi\Connection->execute('SELECT `ocp_table`.`id`, `ocp_table`.`ukpd_id`, `ocp_table`.`jenis_penindakan_id`, `ocp_table`.`nomor_kendaraan_ocp`, `ocp_table`.`provinsi_id`, `ocp_table`.`kota_id`, `ocp_table`.`kecamatan_id`, `ocp_table`.`lokasi_penindakan`, `ocp_table`.`foto_penindakan`, `ukpd_table`.`ukpd`, `jenis_penindakan_table`.`jenis_penindakan`, `provinsi`.`provinsi`, `kota`.`kabupaten_kota`, `unit_regu_table`.`unit_regu`, `kecamatan`.`kecamatan`
FROM `ocp_table`
JOIN `ukpd_table` ON `ukpd_table`.`id` = `ocp_table`.`ukpd_id`
JOIN `jenis_penindakan_table` ON `jenis_penindakan_table`.`id` = `ocp_table`.`jenis_penindakan_id`
JOIN `provinsi` ON `provinsi`.`id` = `ocp_table`.`provinsi_id`
JOIN `kota` ON `kota`.`id` = `ocp_table`.`kota_id`
JOIN `kecamatan` ON `kecamatan`.`id` = `ocp_table`.`kecamatan_id`
JOIN `unit_regu_table` ON `unit_regu_table` = `ocp_table`.`unit_id`
ORDER BY `ocp_table`.`id` desc')
 3 SYSTEMPATH/Database/BaseConnection.php(606): CodeIgniter\Database\BaseConnection->simpleQuery('SELECT `ocp_table`.`id`, `ocp_table`.`ukpd_id`, `ocp_table`.`jenis_penindakan_id`, `ocp_table`.`nomor_kendaraan_ocp`, `ocp_table`.`provinsi_id`, `ocp_table`.`kota_id`, `ocp_table`.`kecamatan_id`, `ocp_table`.`lokasi_penindakan`, `ocp_table`.`foto_penindakan`, `ukpd_table`.`ukpd`, `jenis_penindakan_table`.`jenis_penindakan`, `provinsi`.`provinsi`, `kota`.`kabupaten_kota`, `unit_regu_table`.`unit_regu`, `kecamatan`.`kecamatan`
FROM `ocp_table`
JOIN `ukpd_table` ON `ukpd_table`.`id` = `ocp_table`.`ukpd_id`
JOIN `jenis_penindakan_table` ON `jenis_penindakan_table`.`id` = `ocp_table`.`jenis_penindakan_id`
JOIN `provinsi` ON `provinsi`.`id` = `ocp_table`.`provinsi_id`
JOIN `kota` ON `kota`.`id` = `ocp_table`.`kota_id`
JOIN `kecamatan` ON `kecamatan`.`id` = `ocp_table`.`kecamatan_id`
JOIN `unit_regu_table` ON `unit_regu_table` = `ocp_table`.`unit_id`
ORDER BY `ocp_table`.`id` desc')
 4 SYSTEMPATH/Database/BaseBuilder.php(1616): CodeIgniter\Database\BaseConnection->query('SELECT `ocp_table`.`id`, `ocp_table`.`ukpd_id`, `ocp_table`.`jenis_penindakan_id`, `ocp_table`.`nomor_kendaraan_ocp`, `ocp_table`.`provinsi_id`, `ocp_table`.`kota_id`, `ocp_table`.`kecamatan_id`, `ocp_table`.`lokasi_penindakan`, `ocp_table`.`foto_penindakan`, `ukpd_table`.`ukpd`, `jenis_penindakan_table`.`jenis_penindakan`, `provinsi`.`provinsi`, `kota`.`kabupaten_kota`, `unit_regu_table`.`unit_regu`, `kecamatan`.`kecamatan`
FROM `ocp_table`
JOIN `ukpd_table` ON `ukpd_table`.`id` = `ocp_table`.`ukpd_id`
JOIN `jenis_penindakan_table` ON `jenis_penindakan_table`.`id` = `ocp_table`.`jenis_penindakan_id`
JOIN `provinsi` ON `provinsi`.`id` = `ocp_table`.`provinsi_id`
JOIN `kota` ON `kota`.`id` = `ocp_table`.`kota_id`
JOIN `kecamatan` ON `kecamatan`.`id` = `ocp_table`.`kecamatan_id`
JOIN `unit_regu_table` ON `unit_regu_table` = `ocp_table`.`unit_id`
ORDER BY `ocp_table`.`id` desc', [], false)
 5 SYSTEMPATH/Model.php(836): CodeIgniter\Database\BaseBuilder->get()
 6 APPPATH/Models/Admin/OcpModel.php(39): CodeIgniter\Model->__call('get', [])
 7 APPPATH/Controllers/Admin/Ocp.php(40): App\Models\Admin\OcpModel->getDataOcp()
 8 SYSTEMPATH/CodeIgniter.php(932): App\Controllers\Admin\Ocp->index()
 9 SYSTEMPATH/CodeIgniter.php(497): CodeIgniter\CodeIgniter->runController(Object(App\Controllers\Admin\Ocp))
10 SYSTEMPATH/CodeIgniter.php(366): CodeIgniter\CodeIgniter->handleRequest(null, Object(Config\Cache), false)
11 FCPATH/index.php(67): CodeIgniter\CodeIgniter->run()
12 SYSTEMPATH/Commands/Server/rewrite.php(47): require_once('/Users/chanchanbayubahari/Desktop/e-parli/public/index.php')
CRITICAL - 2023-09-01 23:12:39 --> Invalid file: "admin/detail_ocp.php"
in SYSTEMPATH/Exceptions/FrameworkException.php on line 33.
 1 SYSTEMPATH/View/View.php(212): CodeIgniter\Exceptions\FrameworkException::forInvalidFile('admin/detail_ocp.php')
 2 SYSTEMPATH/Common.php(1180): CodeIgniter\View\View->render('admin/detail_ocp', [], true)
 3 APPPATH/Controllers/Admin/Ocp.php(63): view('admin/detail_ocp', [...])
 4 SYSTEMPATH/CodeIgniter.php(932): App\Controllers\Admin\Ocp->detail('1')
 5 SYSTEMPATH/CodeIgniter.php(497): CodeIgniter\CodeIgniter->runController(Object(App\Controllers\Admin\Ocp))
 6 SYSTEMPATH/CodeIgniter.php(366): CodeIgniter\CodeIgniter->handleRequest(null, Object(Config\Cache), false)
 7 FCPATH/index.php(67): CodeIgniter\CodeIgniter->run()
 8 SYSTEMPATH/Commands/Server/rewrite.php(47): require_once('/Users/chanchanbayubahari/Desktop/e-parli/public/index.php')
CRITICAL - 2023-09-01 23:13:12 --> Undefined variable: detail_data
in APPPATH/Views/admin/detail_ocp.php on line 23.
 1 APPPATH/Views/admin/detail_ocp.php(23): CodeIgniter\Debug\Exceptions->errorHandler(8, 'Undefined variable: detail_data', '/Users/chanchanbayubahari/Desktop/e-parli/app/Views/admin/detail_ocp.php', 23, [...])
 2 SYSTEMPATH/View/View.php(224): include('/Users/chanchanbayubahari/Desktop/e-parli/app/Views/admin/detail_ocp.php')
 3 SYSTEMPATH/View/View.php(227): CodeIgniter\View\View->CodeIgniter\View\{closure}()
 4 SYSTEMPATH/Common.php(1180): CodeIgniter\View\View->render('admin/detail_ocp', [], true)
 5 APPPATH/Controllers/Admin/Ocp.php(63): view('admin/detail_ocp', [...])
 6 SYSTEMPATH/CodeIgniter.php(932): App\Controllers\Admin\Ocp->detail('1')
 7 SYSTEMPATH/CodeIgniter.php(497): CodeIgniter\CodeIgniter->runController(Object(App\Controllers\Admin\Ocp))
 8 SYSTEMPATH/CodeIgniter.php(366): CodeIgniter\CodeIgniter->handleRequest(null, Object(Config\Cache), false)
 9 FCPATH/index.php(67): CodeIgniter\CodeIgniter->run()
10 SYSTEMPATH/Commands/Server/rewrite.php(47): require_once('/Users/chanchanbayubahari/Desktop/e-parli/public/index.php')
CRITICAL - 2023-09-01 23:15:32 --> Undefined property: stdClass::$foto
in APPPATH/Views/admin/detail_ocp.php on line 23.
 1 APPPATH/Views/admin/detail_ocp.php(23): CodeIgniter\Debug\Exceptions->errorHandler(8, 'Undefined property: stdClass::$foto', '/Users/chanchanbayubahari/Desktop/e-parli/app/Views/admin/detail_ocp.php', 23, [...])
 2 SYSTEMPATH/View/View.php(224): include('/Users/chanchanbayubahari/Desktop/e-parli/app/Views/admin/detail_ocp.php')
 3 SYSTEMPATH/View/View.php(227): CodeIgniter\View\View->CodeIgniter\View\{closure}()
 4 SYSTEMPATH/Common.php(1180): CodeIgniter\View\View->render('admin/detail_ocp', [], true)
 5 APPPATH/Controllers/Admin/Ocp.php(63): view('admin/detail_ocp', [...])
 6 SYSTEMPATH/CodeIgniter.php(932): App\Controllers\Admin\Ocp->detail('1')
 7 SYSTEMPATH/CodeIgniter.php(497): CodeIgniter\CodeIgniter->runController(Object(App\Controllers\Admin\Ocp))
 8 SYSTEMPATH/CodeIgniter.php(366): CodeIgniter\CodeIgniter->handleRequest(null, Object(Config\Cache), false)
 9 FCPATH/index.php(67): CodeIgniter\CodeIgniter->run()
10 SYSTEMPATH/Commands/Server/rewrite.php(47): require_once('/Users/chanchanbayubahari/Desktop/e-parli/public/index.php')
ERROR - 2023-09-01 23:18:44 --> mysqli_sql_exception: Table 'e-parli.ocp_table' doesn't exist in /Users/chanchanbayubahari/Desktop/e-parli/vendor/codeigniter4/framework/system/Database/MySQLi/Connection.php:295
Stack trace:
#0 /Users/chanchanbayubahari/Desktop/e-parli/vendor/codeigniter4/framework/system/Database/MySQLi/Connection.php(295): mysqli->query('SELECT `ocp_tab...', 0)
#1 /Users/chanchanbayubahari/Desktop/e-parli/vendor/codeigniter4/framework/system/Database/BaseConnection.php(692): CodeIgniter\Database\MySQLi\Connection->execute('SELECT `ocp_tab...')
#2 /Users/chanchanbayubahari/Desktop/e-parli/vendor/codeigniter4/framework/system/Database/BaseConnection.php(606): CodeIgniter\Database\BaseConnection->simpleQuery('SELECT `ocp_tab...')
#3 /Users/chanchanbayubahari/Desktop/e-parli/vendor/codeigniter4/framework/system/Database/BaseBuilder.php(1616): CodeIgniter\Database\BaseConnection->query('SELECT `ocp_tab...', Array, false)
#4 /Users/chanchanbayubahari/Desktop/e-parli/vendor/codeigniter4/framework/system/Model.php(836): CodeIgniter\Database\BaseBuilder->get()
#5 /Users/chanchanbayubahari/Desktop/e-parli/app/Models/Admin/OcpModel.php(39): CodeIgniter\Model->__call('get', Array)
#6 /Users/chanchanbayubahari/Desktop/e-parli/app/Controllers/Admin/Ocp.php(40): App\Models\Admin\OcpModel->getDataOcp()
#7 /Users/chanchanbayubahari/Desktop/e-parli/vendor/codeigniter4/framework/system/CodeIgniter.php(932): App\Controllers\Admin\Ocp->index()
#8 /Users/chanchanbayubahari/Desktop/e-parli/vendor/codeigniter4/framework/system/CodeIgniter.php(497): CodeIgniter\CodeIgniter->runController(Object(App\Controllers\Admin\Ocp))
#9 /Users/chanchanbayubahari/Desktop/e-parli/vendor/codeigniter4/framework/system/CodeIgniter.php(366): CodeIgniter\CodeIgniter->handleRequest(NULL, Object(Config\Cache), false)
#10 /Users/chanchanbayubahari/Desktop/e-parli/public/index.php(67): CodeIgniter\CodeIgniter->run()
#11 /Users/chanchanbayubahari/Desktop/e-parli/vendor/codeigniter4/framework/system/Commands/Server/rewrite.php(47): require_once('/Users/chanchan...')
#12 {main}
CRITICAL - 2023-09-01 23:18:44 --> Table 'e-parli.ocp_table' doesn't exist
in SYSTEMPATH/Database/MySQLi/Connection.php on line 295.
 1 SYSTEMPATH/Database/MySQLi/Connection.php(295): mysqli->query('SELECT `ocp_table`.`id`, `ocp_table`.`ukpd_id`, `ocp_table`.`jenis_penindakan_id`, `ocp_table`.`nomor_kendaraan_ocp`, `ocp_table`.`provinsi_id`, `ocp_table`.`kota_id`, `ocp_table`.`kecamatan_id`, `ocp_table`.`lokasi_penindakan`, `ocp_table`.`foto_penindakan`, `ukpd_table`.`ukpd`, `jenis_penindakan_table`.`jenis_penindakan`, `provinsi`.`provinsi`, `kota`.`kabupaten_kota`, `unit_regu_table`.`unit_regu`, `kecamatan`.`kecamatan`
FROM `ocp_table`
JOIN `ukpd_table` ON `ukpd_table`.`id` = `ocp_table`.`ukpd_id`
JOIN `jenis_penindakan_table` ON `jenis_penindakan_table`.`id` = `ocp_table`.`jenis_penindakan_id`
JOIN `provinsi` ON `provinsi`.`id` = `ocp_table`.`provinsi_id`
JOIN `kota` ON `kota`.`id` = `ocp_table`.`kota_id`
JOIN `kecamatan` ON `kecamatan`.`id` = `ocp_table`.`kecamatan_id`
JOIN `unit_regu_table` ON `unit_regu_table`.`id` = `ocp_table`.`unit_id`
ORDER BY `ocp_table`.`id` desc', 0)
 2 SYSTEMPATH/Database/BaseConnection.php(692): CodeIgniter\Database\MySQLi\Connection->execute('SELECT `ocp_table`.`id`, `ocp_table`.`ukpd_id`, `ocp_table`.`jenis_penindakan_id`, `ocp_table`.`nomor_kendaraan_ocp`, `ocp_table`.`provinsi_id`, `ocp_table`.`kota_id`, `ocp_table`.`kecamatan_id`, `ocp_table`.`lokasi_penindakan`, `ocp_table`.`foto_penindakan`, `ukpd_table`.`ukpd`, `jenis_penindakan_table`.`jenis_penindakan`, `provinsi`.`provinsi`, `kota`.`kabupaten_kota`, `unit_regu_table`.`unit_regu`, `kecamatan`.`kecamatan`
FROM `ocp_table`
JOIN `ukpd_table` ON `ukpd_table`.`id` = `ocp_table`.`ukpd_id`
JOIN `jenis_penindakan_table` ON `jenis_penindakan_table`.`id` = `ocp_table`.`jenis_penindakan_id`
JOIN `provinsi` ON `provinsi`.`id` = `ocp_table`.`provinsi_id`
JOIN `kota` ON `kota`.`id` = `ocp_table`.`kota_id`
JOIN `kecamatan` ON `kecamatan`.`id` = `ocp_table`.`kecamatan_id`
JOIN `unit_regu_table` ON `unit_regu_table`.`id` = `ocp_table`.`unit_id`
ORDER BY `ocp_table`.`id` desc')
 3 SYSTEMPATH/Database/BaseConnection.php(606): CodeIgniter\Database\BaseConnection->simpleQuery('SELECT `ocp_table`.`id`, `ocp_table`.`ukpd_id`, `ocp_table`.`jenis_penindakan_id`, `ocp_table`.`nomor_kendaraan_ocp`, `ocp_table`.`provinsi_id`, `ocp_table`.`kota_id`, `ocp_table`.`kecamatan_id`, `ocp_table`.`lokasi_penindakan`, `ocp_table`.`foto_penindakan`, `ukpd_table`.`ukpd`, `jenis_penindakan_table`.`jenis_penindakan`, `provinsi`.`provinsi`, `kota`.`kabupaten_kota`, `unit_regu_table`.`unit_regu`, `kecamatan`.`kecamatan`
FROM `ocp_table`
JOIN `ukpd_table` ON `ukpd_table`.`id` = `ocp_table`.`ukpd_id`
JOIN `jenis_penindakan_table` ON `jenis_penindakan_table`.`id` = `ocp_table`.`jenis_penindakan_id`
JOIN `provinsi` ON `provinsi`.`id` = `ocp_table`.`provinsi_id`
JOIN `kota` ON `kota`.`id` = `ocp_table`.`kota_id`
JOIN `kecamatan` ON `kecamatan`.`id` = `ocp_table`.`kecamatan_id`
JOIN `unit_regu_table` ON `unit_regu_table`.`id` = `ocp_table`.`unit_id`
ORDER BY `ocp_table`.`id` desc')
 4 SYSTEMPATH/Database/BaseBuilder.php(1616): CodeIgniter\Database\BaseConnection->query('SELECT `ocp_table`.`id`, `ocp_table`.`ukpd_id`, `ocp_table`.`jenis_penindakan_id`, `ocp_table`.`nomor_kendaraan_ocp`, `ocp_table`.`provinsi_id`, `ocp_table`.`kota_id`, `ocp_table`.`kecamatan_id`, `ocp_table`.`lokasi_penindakan`, `ocp_table`.`foto_penindakan`, `ukpd_table`.`ukpd`, `jenis_penindakan_table`.`jenis_penindakan`, `provinsi`.`provinsi`, `kota`.`kabupaten_kota`, `unit_regu_table`.`unit_regu`, `kecamatan`.`kecamatan`
FROM `ocp_table`
JOIN `ukpd_table` ON `ukpd_table`.`id` = `ocp_table`.`ukpd_id`
JOIN `jenis_penindakan_table` ON `jenis_penindakan_table`.`id` = `ocp_table`.`jenis_penindakan_id`
JOIN `provinsi` ON `provinsi`.`id` = `ocp_table`.`provinsi_id`
JOIN `kota` ON `kota`.`id` = `ocp_table`.`kota_id`
JOIN `kecamatan` ON `kecamatan`.`id` = `ocp_table`.`kecamatan_id`
JOIN `unit_regu_table` ON `unit_regu_table`.`id` = `ocp_table`.`unit_id`
ORDER BY `ocp_table`.`id` desc', [], false)
 5 SYSTEMPATH/Model.php(836): CodeIgniter\Database\BaseBuilder->get()
 6 APPPATH/Models/Admin/OcpModel.php(39): CodeIgniter\Model->__call('get', [])
 7 APPPATH/Controllers/Admin/Ocp.php(40): App\Models\Admin\OcpModel->getDataOcp()
 8 SYSTEMPATH/CodeIgniter.php(932): App\Controllers\Admin\Ocp->index()
 9 SYSTEMPATH/CodeIgniter.php(497): CodeIgniter\CodeIgniter->runController(Object(App\Controllers\Admin\Ocp))
10 SYSTEMPATH/CodeIgniter.php(366): CodeIgniter\CodeIgniter->handleRequest(null, Object(Config\Cache), false)
11 FCPATH/index.php(67): CodeIgniter\CodeIgniter->run()
12 SYSTEMPATH/Commands/Server/rewrite.php(47): require_once('/Users/chanchanbayubahari/Desktop/e-parli/public/index.php')
