ERROR - 2023-08-19 00:00:51 --> mysqli_sql_exception: You have an error in your SQL syntax; check the manual that corresponds to your MariaDB server version for the right syntax to use near '!
ORDER BY `petugas_table`.`id` desc' at line 6 in /Users/chanchanbayubahari/Desktop/e-parli/vendor/codeigniter4/framework/system/Database/MySQLi/Connection.php:295
Stack trace:
#0 /Users/chanchanbayubahari/Desktop/e-parli/vendor/codeigniter4/framework/system/Database/MySQLi/Connection.php(295): mysqli->query('SELECT `petugas...', 0)
#1 /Users/chanchanbayubahari/Desktop/e-parli/vendor/codeigniter4/framework/system/Database/BaseConnection.php(692): CodeIgniter\Database\MySQLi\Connection->execute('SELECT `petugas...')
#2 /Users/chanchanbayubahari/Desktop/e-parli/vendor/codeigniter4/framework/system/Database/BaseConnection.php(606): CodeIgniter\Database\BaseConnection->simpleQuery('SELECT `petugas...')
#3 /Users/chanchanbayubahari/Desktop/e-parli/vendor/codeigniter4/framework/system/Database/BaseBuilder.php(1616): CodeIgniter\Database\BaseConnection->query('SELECT `petugas...', Array, false)
#4 /Users/chanchanbayubahari/Desktop/e-parli/vendor/codeigniter4/framework/system/Model.php(836): CodeIgniter\Database\BaseBuilder->get()
#5 /Users/chanchanbayubahari/Desktop/e-parli/app/Models/Admin/PetugasModel.php(58): CodeIgniter\Model->__call('get', Array)
#6 /Users/chanchanbayubahari/Desktop/e-parli/app/Controllers/Admin/TandaTanganPetugas.php(26): App\Models\Admin\PetugasModel->getKomandanRegu()
#7 /Users/chanchanbayubahari/Desktop/e-parli/vendor/codeigniter4/framework/system/CodeIgniter.php(932): App\Controllers\Admin\TandaTanganPetugas->index()
#8 /Users/chanchanbayubahari/Desktop/e-parli/vendor/codeigniter4/framework/system/CodeIgniter.php(497): CodeIgniter\CodeIgniter->runController(Object(App\Controllers\Admin\TandaTanganPetugas))
#9 /Users/chanchanbayubahari/Desktop/e-parli/vendor/codeigniter4/framework/system/CodeIgniter.php(366): CodeIgniter\CodeIgniter->handleRequest(NULL, Object(Config\Cache), false)
#10 /Users/chanchanbayubahari/Desktop/e-parli/public/index.php(67): CodeIgniter\CodeIgniter->run()
#11 /Users/chanchanbayubahari/Desktop/e-parli/vendor/codeigniter4/framework/system/Commands/Server/rewrite.php(47): require_once('/Users/chanchan...')
#12 {main}
CRITICAL - 2023-08-19 00:00:51 --> You have an error in your SQL syntax; check the manual that corresponds to your MariaDB server version for the right syntax to use near '!
ORDER BY `petugas_table`.`id` desc' at line 6
in SYSTEMPATH/Database/MySQLi/Connection.php on line 295.
 1 SYSTEMPATH/Database/MySQLi/Connection.php(295): mysqli->query('SELECT `petugas_table`.`id`, `petugas_table`.`ukpd_id`, `petugas_table`.`unit_id`, `petugas_table`.`nama`, `petugas_table`.`username`, `petugas_table`.`nip`, `petugas_table`.`pangkat`, `petugas_table`.`golongan`, `petugas_table`.`jabatan_id`, `petugas_table`.`role_id`, `petugas_table`.`status_id`, `tanda_tangan_petugas_table`.`tanda_tangan_petugas`
FROM `petugas_table`
LEFT JOIN `tanda_tangan_petugas_table` ON `tanda_tangan_petugas_table`.`petugas_id` = `petugas_table`.`id`
WHERE `petugas_table`.`jabatan_id` = 6
OR `petugas_table`.`jabatan_id` = 3
AND tanda_tangan_petugas !
ORDER BY `petugas_table`.`id` desc', 0)
 2 SYSTEMPATH/Database/BaseConnection.php(692): CodeIgniter\Database\MySQLi\Connection->execute('SELECT `petugas_table`.`id`, `petugas_table`.`ukpd_id`, `petugas_table`.`unit_id`, `petugas_table`.`nama`, `petugas_table`.`username`, `petugas_table`.`nip`, `petugas_table`.`pangkat`, `petugas_table`.`golongan`, `petugas_table`.`jabatan_id`, `petugas_table`.`role_id`, `petugas_table`.`status_id`, `tanda_tangan_petugas_table`.`tanda_tangan_petugas`
FROM `petugas_table`
LEFT JOIN `tanda_tangan_petugas_table` ON `tanda_tangan_petugas_table`.`petugas_id` = `petugas_table`.`id`
WHERE `petugas_table`.`jabatan_id` = 6
OR `petugas_table`.`jabatan_id` = 3
AND tanda_tangan_petugas !
ORDER BY `petugas_table`.`id` desc')
 3 SYSTEMPATH/Database/BaseConnection.php(606): CodeIgniter\Database\BaseConnection->simpleQuery('SELECT `petugas_table`.`id`, `petugas_table`.`ukpd_id`, `petugas_table`.`unit_id`, `petugas_table`.`nama`, `petugas_table`.`username`, `petugas_table`.`nip`, `petugas_table`.`pangkat`, `petugas_table`.`golongan`, `petugas_table`.`jabatan_id`, `petugas_table`.`role_id`, `petugas_table`.`status_id`, `tanda_tangan_petugas_table`.`tanda_tangan_petugas`
FROM `petugas_table`
LEFT JOIN `tanda_tangan_petugas_table` ON `tanda_tangan_petugas_table`.`petugas_id` = `petugas_table`.`id`
WHERE `petugas_table`.`jabatan_id` = 6
OR `petugas_table`.`jabatan_id` = 3
AND tanda_tangan_petugas !
ORDER BY `petugas_table`.`id` desc')
 4 SYSTEMPATH/Database/BaseBuilder.php(1616): CodeIgniter\Database\BaseConnection->query('SELECT `petugas_table`.`id`, `petugas_table`.`ukpd_id`, `petugas_table`.`unit_id`, `petugas_table`.`nama`, `petugas_table`.`username`, `petugas_table`.`nip`, `petugas_table`.`pangkat`, `petugas_table`.`golongan`, `petugas_table`.`jabatan_id`, `petugas_table`.`role_id`, `petugas_table`.`status_id`, `tanda_tangan_petugas_table`.`tanda_tangan_petugas`
FROM `petugas_table`
LEFT JOIN `tanda_tangan_petugas_table` ON `tanda_tangan_petugas_table`.`petugas_id` = `petugas_table`.`id`
WHERE `petugas_table`.`jabatan_id` = :petugas_table.jabatan_id:
OR `petugas_table`.`jabatan_id` = :petugas_table.jabatan_id.1:
AND tanda_tangan_petugas !
ORDER BY `petugas_table`.`id` desc', [...], false)
 5 SYSTEMPATH/Model.php(836): CodeIgniter\Database\BaseBuilder->get()
 6 APPPATH/Models/Admin/PetugasModel.php(58): CodeIgniter\Model->__call('get', [])
 7 APPPATH/Controllers/Admin/TandaTanganPetugas.php(26): App\Models\Admin\PetugasModel->getKomandanRegu()
 8 SYSTEMPATH/CodeIgniter.php(932): App\Controllers\Admin\TandaTanganPetugas->index()
 9 SYSTEMPATH/CodeIgniter.php(497): CodeIgniter\CodeIgniter->runController(Object(App\Controllers\Admin\TandaTanganPetugas))
10 SYSTEMPATH/CodeIgniter.php(366): CodeIgniter\CodeIgniter->handleRequest(null, Object(Config\Cache), false)
11 FCPATH/index.php(67): CodeIgniter\CodeIgniter->run()
12 SYSTEMPATH/Commands/Server/rewrite.php(47): require_once('/Users/chanchanbayubahari/Desktop/e-parli/public/index.php')
ERROR - 2023-08-19 00:03:42 --> mysqli_sql_exception: Not unique table/alias: 'tanda_tangan_petugas_table' in /Users/chanchanbayubahari/Desktop/e-parli/vendor/codeigniter4/framework/system/Database/MySQLi/Connection.php:295
Stack trace:
#0 /Users/chanchanbayubahari/Desktop/e-parli/vendor/codeigniter4/framework/system/Database/MySQLi/Connection.php(295): mysqli->query('SELECT `petugas...', 0)
#1 /Users/chanchanbayubahari/Desktop/e-parli/vendor/codeigniter4/framework/system/Database/BaseConnection.php(692): CodeIgniter\Database\MySQLi\Connection->execute('SELECT `petugas...')
#2 /Users/chanchanbayubahari/Desktop/e-parli/vendor/codeigniter4/framework/system/Database/BaseConnection.php(606): CodeIgniter\Database\BaseConnection->simpleQuery('SELECT `petugas...')
#3 /Users/chanchanbayubahari/Desktop/e-parli/vendor/codeigniter4/framework/system/Database/BaseBuilder.php(1616): CodeIgniter\Database\BaseConnection->query('SELECT `petugas...', Array, false)
#4 /Users/chanchanbayubahari/Desktop/e-parli/vendor/codeigniter4/framework/system/Model.php(836): CodeIgniter\Database\BaseBuilder->get()
#5 /Users/chanchanbayubahari/Desktop/e-parli/app/Models/Admin/TandaTanganPetugasModel.php(43): CodeIgniter\Model->__call('get', Array)
#6 /Users/chanchanbayubahari/Desktop/e-parli/app/Controllers/Admin/TandaTanganPetugas.php(32): App\Models\Admin\TandaTanganPetugasModel->getTandaTanganPetugasNull()
#7 /Users/chanchanbayubahari/Desktop/e-parli/vendor/codeigniter4/framework/system/CodeIgniter.php(932): App\Controllers\Admin\TandaTanganPetugas->index()
#8 /Users/chanchanbayubahari/Desktop/e-parli/vendor/codeigniter4/framework/system/CodeIgniter.php(497): CodeIgniter\CodeIgniter->runController(Object(App\Controllers\Admin\TandaTanganPetugas))
#9 /Users/chanchanbayubahari/Desktop/e-parli/vendor/codeigniter4/framework/system/CodeIgniter.php(366): CodeIgniter\CodeIgniter->handleRequest(NULL, Object(Config\Cache), false)
#10 /Users/chanchanbayubahari/Desktop/e-parli/public/index.php(67): CodeIgniter\CodeIgniter->run()
#11 /Users/chanchanbayubahari/Desktop/e-parli/vendor/codeigniter4/framework/system/Commands/Server/rewrite.php(47): require_once('/Users/chanchan...')
#12 {main}
CRITICAL - 2023-08-19 00:03:42 --> Not unique table/alias: 'tanda_tangan_petugas_table'
in SYSTEMPATH/Database/MySQLi/Connection.php on line 295.
 1 SYSTEMPATH/Database/MySQLi/Connection.php(295): mysqli->query('SELECT `petugas_table`.`id`, `petugas_table`.`ukpd_id`, `petugas_table`.`unit_id`, `petugas_table`.`nama`, `petugas_table`.`username`, `petugas_table`.`nip`, `petugas_table`.`pangkat`, `petugas_table`.`golongan`, `petugas_table`.`jabatan_id`, `petugas_table`.`role_id`, `petugas_table`.`status_id`, `tanda_tangan_petugas_table`.`tanda_tangan_petugas`
FROM `tanda_tangan_petugas_table`
LEFT JOIN `tanda_tangan_petugas_table` ON `tanda_tangan_petugas_table`.`petugas_id` = `petugas_table`.`id`
WHERE `petugas_table`.`jabatan_id` = 6
OR `petugas_table`.`jabatan_id` = 3
ORDER BY `petugas_table`.`id` desc', 0)
 2 SYSTEMPATH/Database/BaseConnection.php(692): CodeIgniter\Database\MySQLi\Connection->execute('SELECT `petugas_table`.`id`, `petugas_table`.`ukpd_id`, `petugas_table`.`unit_id`, `petugas_table`.`nama`, `petugas_table`.`username`, `petugas_table`.`nip`, `petugas_table`.`pangkat`, `petugas_table`.`golongan`, `petugas_table`.`jabatan_id`, `petugas_table`.`role_id`, `petugas_table`.`status_id`, `tanda_tangan_petugas_table`.`tanda_tangan_petugas`
FROM `tanda_tangan_petugas_table`
LEFT JOIN `tanda_tangan_petugas_table` ON `tanda_tangan_petugas_table`.`petugas_id` = `petugas_table`.`id`
WHERE `petugas_table`.`jabatan_id` = 6
OR `petugas_table`.`jabatan_id` = 3
ORDER BY `petugas_table`.`id` desc')
 3 SYSTEMPATH/Database/BaseConnection.php(606): CodeIgniter\Database\BaseConnection->simpleQuery('SELECT `petugas_table`.`id`, `petugas_table`.`ukpd_id`, `petugas_table`.`unit_id`, `petugas_table`.`nama`, `petugas_table`.`username`, `petugas_table`.`nip`, `petugas_table`.`pangkat`, `petugas_table`.`golongan`, `petugas_table`.`jabatan_id`, `petugas_table`.`role_id`, `petugas_table`.`status_id`, `tanda_tangan_petugas_table`.`tanda_tangan_petugas`
FROM `tanda_tangan_petugas_table`
LEFT JOIN `tanda_tangan_petugas_table` ON `tanda_tangan_petugas_table`.`petugas_id` = `petugas_table`.`id`
WHERE `petugas_table`.`jabatan_id` = 6
OR `petugas_table`.`jabatan_id` = 3
ORDER BY `petugas_table`.`id` desc')
 4 SYSTEMPATH/Database/BaseBuilder.php(1616): CodeIgniter\Database\BaseConnection->query('SELECT `petugas_table`.`id`, `petugas_table`.`ukpd_id`, `petugas_table`.`unit_id`, `petugas_table`.`nama`, `petugas_table`.`username`, `petugas_table`.`nip`, `petugas_table`.`pangkat`, `petugas_table`.`golongan`, `petugas_table`.`jabatan_id`, `petugas_table`.`role_id`, `petugas_table`.`status_id`, `tanda_tangan_petugas_table`.`tanda_tangan_petugas`
FROM `tanda_tangan_petugas_table`
LEFT JOIN `tanda_tangan_petugas_table` ON `tanda_tangan_petugas_table`.`petugas_id` = `petugas_table`.`id`
WHERE `petugas_table`.`jabatan_id` = :petugas_table.jabatan_id:
OR `petugas_table`.`jabatan_id` = :petugas_table.jabatan_id.1:
ORDER BY `petugas_table`.`id` desc', [...], false)
 5 SYSTEMPATH/Model.php(836): CodeIgniter\Database\BaseBuilder->get()
 6 APPPATH/Models/Admin/TandaTanganPetugasModel.php(43): CodeIgniter\Model->__call('get', [])
 7 APPPATH/Controllers/Admin/TandaTanganPetugas.php(32): App\Models\Admin\TandaTanganPetugasModel->getTandaTanganPetugasNull()
 8 SYSTEMPATH/CodeIgniter.php(932): App\Controllers\Admin\TandaTanganPetugas->index()
 9 SYSTEMPATH/CodeIgniter.php(497): CodeIgniter\CodeIgniter->runController(Object(App\Controllers\Admin\TandaTanganPetugas))
10 SYSTEMPATH/CodeIgniter.php(366): CodeIgniter\CodeIgniter->handleRequest(null, Object(Config\Cache), false)
11 FCPATH/index.php(67): CodeIgniter\CodeIgniter->run()
12 SYSTEMPATH/Commands/Server/rewrite.php(47): require_once('/Users/chanchanbayubahari/Desktop/e-parli/public/index.php')
ERROR - 2023-08-19 00:06:36 --> mysqli_sql_exception: Unknown column 'petugas_table.id' in 'field list' in /Users/chanchanbayubahari/Desktop/e-parli/vendor/codeigniter4/framework/system/Database/MySQLi/Connection.php:295
Stack trace:
#0 /Users/chanchanbayubahari/Desktop/e-parli/vendor/codeigniter4/framework/system/Database/MySQLi/Connection.php(295): mysqli->query('SELECT `petugas...', 0)
#1 /Users/chanchanbayubahari/Desktop/e-parli/vendor/codeigniter4/framework/system/Database/BaseConnection.php(692): CodeIgniter\Database\MySQLi\Connection->execute('SELECT `petugas...')
#2 /Users/chanchanbayubahari/Desktop/e-parli/vendor/codeigniter4/framework/system/Database/BaseConnection.php(606): CodeIgniter\Database\BaseConnection->simpleQuery('SELECT `petugas...')
#3 /Users/chanchanbayubahari/Desktop/e-parli/vendor/codeigniter4/framework/system/Database/BaseBuilder.php(1616): CodeIgniter\Database\BaseConnection->query('SELECT `petugas...', Array, false)
#4 /Users/chanchanbayubahari/Desktop/e-parli/vendor/codeigniter4/framework/system/Model.php(836): CodeIgniter\Database\BaseBuilder->get()
#5 /Users/chanchanbayubahari/Desktop/e-parli/app/Models/Admin/TandaTanganPetugasModel.php(43): CodeIgniter\Model->__call('get', Array)
#6 /Users/chanchanbayubahari/Desktop/e-parli/app/Controllers/Admin/TandaTanganPetugas.php(32): App\Models\Admin\TandaTanganPetugasModel->getTandaTanganPetugasNull()
#7 /Users/chanchanbayubahari/Desktop/e-parli/vendor/codeigniter4/framework/system/CodeIgniter.php(932): App\Controllers\Admin\TandaTanganPetugas->index()
#8 /Users/chanchanbayubahari/Desktop/e-parli/vendor/codeigniter4/framework/system/CodeIgniter.php(497): CodeIgniter\CodeIgniter->runController(Object(App\Controllers\Admin\TandaTanganPetugas))
#9 /Users/chanchanbayubahari/Desktop/e-parli/vendor/codeigniter4/framework/system/CodeIgniter.php(366): CodeIgniter\CodeIgniter->handleRequest(NULL, Object(Config\Cache), false)
#10 /Users/chanchanbayubahari/Desktop/e-parli/public/index.php(67): CodeIgniter\CodeIgniter->run()
#11 /Users/chanchanbayubahari/Desktop/e-parli/vendor/codeigniter4/framework/system/Commands/Server/rewrite.php(47): require_once('/Users/chanchan...')
#12 {main}
CRITICAL - 2023-08-19 00:06:36 --> Unknown column 'petugas_table.id' in 'field list'
in SYSTEMPATH/Database/MySQLi/Connection.php on line 295.
 1 SYSTEMPATH/Database/MySQLi/Connection.php(295): mysqli->query('SELECT `petugas_table`.`id`, `petugas_table`.`ukpd_id`, `petugas_table`.`unit_id`, `petugas_table`.`nama`, `petugas_table`.`username`, `petugas_table`.`nip`, `petugas_table`.`pangkat`, `petugas_table`.`golongan`, `petugas_table`.`jabatan_id`, `petugas_table`.`role_id`, `petugas_table`.`status_id`, `tanda_tangan_petugas_table`.`tanda_tangan_petugas`
FROM `tanda_tangan_petugas_table`
ORDER BY `petugas_table`.`id` desc', 0)
 2 SYSTEMPATH/Database/BaseConnection.php(692): CodeIgniter\Database\MySQLi\Connection->execute('SELECT `petugas_table`.`id`, `petugas_table`.`ukpd_id`, `petugas_table`.`unit_id`, `petugas_table`.`nama`, `petugas_table`.`username`, `petugas_table`.`nip`, `petugas_table`.`pangkat`, `petugas_table`.`golongan`, `petugas_table`.`jabatan_id`, `petugas_table`.`role_id`, `petugas_table`.`status_id`, `tanda_tangan_petugas_table`.`tanda_tangan_petugas`
FROM `tanda_tangan_petugas_table`
ORDER BY `petugas_table`.`id` desc')
 3 SYSTEMPATH/Database/BaseConnection.php(606): CodeIgniter\Database\BaseConnection->simpleQuery('SELECT `petugas_table`.`id`, `petugas_table`.`ukpd_id`, `petugas_table`.`unit_id`, `petugas_table`.`nama`, `petugas_table`.`username`, `petugas_table`.`nip`, `petugas_table`.`pangkat`, `petugas_table`.`golongan`, `petugas_table`.`jabatan_id`, `petugas_table`.`role_id`, `petugas_table`.`status_id`, `tanda_tangan_petugas_table`.`tanda_tangan_petugas`
FROM `tanda_tangan_petugas_table`
ORDER BY `petugas_table`.`id` desc')
 4 SYSTEMPATH/Database/BaseBuilder.php(1616): CodeIgniter\Database\BaseConnection->query('SELECT `petugas_table`.`id`, `petugas_table`.`ukpd_id`, `petugas_table`.`unit_id`, `petugas_table`.`nama`, `petugas_table`.`username`, `petugas_table`.`nip`, `petugas_table`.`pangkat`, `petugas_table`.`golongan`, `petugas_table`.`jabatan_id`, `petugas_table`.`role_id`, `petugas_table`.`status_id`, `tanda_tangan_petugas_table`.`tanda_tangan_petugas`
FROM `tanda_tangan_petugas_table`
ORDER BY `petugas_table`.`id` desc', [], false)
 5 SYSTEMPATH/Model.php(836): CodeIgniter\Database\BaseBuilder->get()
 6 APPPATH/Models/Admin/TandaTanganPetugasModel.php(43): CodeIgniter\Model->__call('get', [])
 7 APPPATH/Controllers/Admin/TandaTanganPetugas.php(32): App\Models\Admin\TandaTanganPetugasModel->getTandaTanganPetugasNull()
 8 SYSTEMPATH/CodeIgniter.php(932): App\Controllers\Admin\TandaTanganPetugas->index()
 9 SYSTEMPATH/CodeIgniter.php(497): CodeIgniter\CodeIgniter->runController(Object(App\Controllers\Admin\TandaTanganPetugas))
10 SYSTEMPATH/CodeIgniter.php(366): CodeIgniter\CodeIgniter->handleRequest(null, Object(Config\Cache), false)
11 FCPATH/index.php(67): CodeIgniter\CodeIgniter->run()
12 SYSTEMPATH/Commands/Server/rewrite.php(47): require_once('/Users/chanchanbayubahari/Desktop/e-parli/public/index.php')
CRITICAL - 2023-08-19 00:12:23 --> Call to undefined method App\Models\Admin\TandaTanganPetugasModel::whereNot
in SYSTEMPATH/Model.php on line 838.
 1 APPPATH/Models/Admin/TandaTanganPetugasModel.php(38): CodeIgniter\Model->__call('whereNot', [...])
 2 APPPATH/Controllers/Admin/TandaTanganPetugas.php(27): App\Models\Admin\TandaTanganPetugasModel->getTandaTanganPetugasNull()
 3 SYSTEMPATH/CodeIgniter.php(932): App\Controllers\Admin\TandaTanganPetugas->index()
 4 SYSTEMPATH/CodeIgniter.php(497): CodeIgniter\CodeIgniter->runController(Object(App\Controllers\Admin\TandaTanganPetugas))
 5 SYSTEMPATH/CodeIgniter.php(366): CodeIgniter\CodeIgniter->handleRequest(null, Object(Config\Cache), false)
 6 FCPATH/index.php(67): CodeIgniter\CodeIgniter->run()
 7 SYSTEMPATH/Commands/Server/rewrite.php(47): require_once('/Users/chanchanbayubahari/Desktop/e-parli/public/index.php')
CRITICAL - 2023-08-19 00:12:57 --> Argument 1 passed to CodeIgniter\Database\BaseBuilder::whereNotIn() must be of the type string or null, array given, called in /Users/chanchanbayubahari/Desktop/e-parli/vendor/codeigniter4/framework/system/Model.php on line 836
in SYSTEMPATH/Database/BaseBuilder.php on line 851.
 1 SYSTEMPATH/Model.php(836): CodeIgniter\Database\BaseBuilder->whereNotIn([...])
 2 APPPATH/Models/Admin/TandaTanganPetugasModel.php(38): CodeIgniter\Model->__call('whereNotIn', [...])
 3 APPPATH/Controllers/Admin/TandaTanganPetugas.php(27): App\Models\Admin\TandaTanganPetugasModel->getTandaTanganPetugasNull()
 4 SYSTEMPATH/CodeIgniter.php(932): App\Controllers\Admin\TandaTanganPetugas->index()
 5 SYSTEMPATH/CodeIgniter.php(497): CodeIgniter\CodeIgniter->runController(Object(App\Controllers\Admin\TandaTanganPetugas))
 6 SYSTEMPATH/CodeIgniter.php(366): CodeIgniter\CodeIgniter->handleRequest(null, Object(Config\Cache), false)
 7 FCPATH/index.php(67): CodeIgniter\CodeIgniter->run()
 8 SYSTEMPATH/Commands/Server/rewrite.php(47): require_once('/Users/chanchanbayubahari/Desktop/e-parli/public/index.php')
ERROR - 2023-08-19 00:14:57 --> mysqli_sql_exception: Unknown column 'tanda_tangan_petugas_table' in 'where clause' in /Users/chanchanbayubahari/Desktop/e-parli/vendor/codeigniter4/framework/system/Database/MySQLi/Connection.php:295
Stack trace:
#0 /Users/chanchanbayubahari/Desktop/e-parli/vendor/codeigniter4/framework/system/Database/MySQLi/Connection.php(295): mysqli->query('SELECT `petugas...', 0)
#1 /Users/chanchanbayubahari/Desktop/e-parli/vendor/codeigniter4/framework/system/Database/BaseConnection.php(692): CodeIgniter\Database\MySQLi\Connection->execute('SELECT `petugas...')
#2 /Users/chanchanbayubahari/Desktop/e-parli/vendor/codeigniter4/framework/system/Database/BaseConnection.php(606): CodeIgniter\Database\BaseConnection->simpleQuery('SELECT `petugas...')
#3 /Users/chanchanbayubahari/Desktop/e-parli/vendor/codeigniter4/framework/system/Database/BaseBuilder.php(1616): CodeIgniter\Database\BaseConnection->query('SELECT `petugas...', Array, false)
#4 /Users/chanchanbayubahari/Desktop/e-parli/vendor/codeigniter4/framework/system/Model.php(836): CodeIgniter\Database\BaseBuilder->get()
#5 /Users/chanchanbayubahari/Desktop/e-parli/app/Models/Admin/TandaTanganPetugasModel.php(45): CodeIgniter\Model->__call('get', Array)
#6 /Users/chanchanbayubahari/Desktop/e-parli/app/Controllers/Admin/TandaTanganPetugas.php(27): App\Models\Admin\TandaTanganPetugasModel->getTandaTanganPetugasNull()
#7 /Users/chanchanbayubahari/Desktop/e-parli/vendor/codeigniter4/framework/system/CodeIgniter.php(932): App\Controllers\Admin\TandaTanganPetugas->index()
#8 /Users/chanchanbayubahari/Desktop/e-parli/vendor/codeigniter4/framework/system/CodeIgniter.php(497): CodeIgniter\CodeIgniter->runController(Object(App\Controllers\Admin\TandaTanganPetugas))
#9 /Users/chanchanbayubahari/Desktop/e-parli/vendor/codeigniter4/framework/system/CodeIgniter.php(366): CodeIgniter\CodeIgniter->handleRequest(NULL, Object(Config\Cache), false)
#10 /Users/chanchanbayubahari/Desktop/e-parli/public/index.php(67): CodeIgniter\CodeIgniter->run()
#11 /Users/chanchanbayubahari/Desktop/e-parli/vendor/codeigniter4/framework/system/Commands/Server/rewrite.php(47): require_once('/Users/chanchan...')
#12 {main}
CRITICAL - 2023-08-19 00:14:57 --> Unknown column 'tanda_tangan_petugas_table' in 'where clause'
in SYSTEMPATH/Database/MySQLi/Connection.php on line 295.
 1 SYSTEMPATH/Database/MySQLi/Connection.php(295): mysqli->query('SELECT `petugas_table`.`id`, `petugas_table`.`nama`, `petugas_table`.`nip`, `petugas_table`.`jabatan_id`, `tanda_tangan_petugas_table`.`tanda_tangan_petugas`
FROM `tanda_tangan_petugas_table`
RIGHT JOIN `petugas_table` ON `petugas_table`.`id` = `tanda_tangan_petugas_table`.`petugas_id`
WHERE `petugas_table`.`jabatan_id` = 6
OR `petugas_table`.`jabatan_id` = 3
AND `tanda_tangan_petugas_table` IS NULL
ORDER BY `tanda_tangan_petugas_table`.`id` desc', 0)
 2 SYSTEMPATH/Database/BaseConnection.php(692): CodeIgniter\Database\MySQLi\Connection->execute('SELECT `petugas_table`.`id`, `petugas_table`.`nama`, `petugas_table`.`nip`, `petugas_table`.`jabatan_id`, `tanda_tangan_petugas_table`.`tanda_tangan_petugas`
FROM `tanda_tangan_petugas_table`
RIGHT JOIN `petugas_table` ON `petugas_table`.`id` = `tanda_tangan_petugas_table`.`petugas_id`
WHERE `petugas_table`.`jabatan_id` = 6
OR `petugas_table`.`jabatan_id` = 3
AND `tanda_tangan_petugas_table` IS NULL
ORDER BY `tanda_tangan_petugas_table`.`id` desc')
 3 SYSTEMPATH/Database/BaseConnection.php(606): CodeIgniter\Database\BaseConnection->simpleQuery('SELECT `petugas_table`.`id`, `petugas_table`.`nama`, `petugas_table`.`nip`, `petugas_table`.`jabatan_id`, `tanda_tangan_petugas_table`.`tanda_tangan_petugas`
FROM `tanda_tangan_petugas_table`
RIGHT JOIN `petugas_table` ON `petugas_table`.`id` = `tanda_tangan_petugas_table`.`petugas_id`
WHERE `petugas_table`.`jabatan_id` = 6
OR `petugas_table`.`jabatan_id` = 3
AND `tanda_tangan_petugas_table` IS NULL
ORDER BY `tanda_tangan_petugas_table`.`id` desc')
 4 SYSTEMPATH/Database/BaseBuilder.php(1616): CodeIgniter\Database\BaseConnection->query('SELECT `petugas_table`.`id`, `petugas_table`.`nama`, `petugas_table`.`nip`, `petugas_table`.`jabatan_id`, `tanda_tangan_petugas_table`.`tanda_tangan_petugas`
FROM `tanda_tangan_petugas_table`
RIGHT JOIN `petugas_table` ON `petugas_table`.`id` = `tanda_tangan_petugas_table`.`petugas_id`
WHERE `petugas_table`.`jabatan_id` = :petugas_table.jabatan_id:
OR `petugas_table`.`jabatan_id` = :petugas_table.jabatan_id.1:
AND `tanda_tangan_petugas_table` IS NULL
ORDER BY `tanda_tangan_petugas_table`.`id` desc', [...], false)
 5 SYSTEMPATH/Model.php(836): CodeIgniter\Database\BaseBuilder->get()
 6 APPPATH/Models/Admin/TandaTanganPetugasModel.php(45): CodeIgniter\Model->__call('get', [])
 7 APPPATH/Controllers/Admin/TandaTanganPetugas.php(27): App\Models\Admin\TandaTanganPetugasModel->getTandaTanganPetugasNull()
 8 SYSTEMPATH/CodeIgniter.php(932): App\Controllers\Admin\TandaTanganPetugas->index()
 9 SYSTEMPATH/CodeIgniter.php(497): CodeIgniter\CodeIgniter->runController(Object(App\Controllers\Admin\TandaTanganPetugas))
10 SYSTEMPATH/CodeIgniter.php(366): CodeIgniter\CodeIgniter->handleRequest(null, Object(Config\Cache), false)
11 FCPATH/index.php(67): CodeIgniter\CodeIgniter->run()
12 SYSTEMPATH/Commands/Server/rewrite.php(47): require_once('/Users/chanchanbayubahari/Desktop/e-parli/public/index.php')
ERROR - 2023-08-19 00:25:05 --> mysqli_sql_exception: You have an error in your SQL syntax; check the manual that corresponds to your MariaDB server version for the right syntax to use near '= 'tanda_tangan_petugas_table.petugas_id'
AND `petugas_table`.`jabatan_id` = ...' at line 4 in /Users/chanchanbayubahari/Desktop/e-parli/vendor/codeigniter4/framework/system/Database/MySQLi/Connection.php:295
Stack trace:
#0 /Users/chanchanbayubahari/Desktop/e-parli/vendor/codeigniter4/framework/system/Database/MySQLi/Connection.php(295): mysqli->query('SELECT `petugas...', 0)
#1 /Users/chanchanbayubahari/Desktop/e-parli/vendor/codeigniter4/framework/system/Database/BaseConnection.php(692): CodeIgniter\Database\MySQLi\Connection->execute('SELECT `petugas...')
#2 /Users/chanchanbayubahari/Desktop/e-parli/vendor/codeigniter4/framework/system/Database/BaseConnection.php(606): CodeIgniter\Database\BaseConnection->simpleQuery('SELECT `petugas...')
#3 /Users/chanchanbayubahari/Desktop/e-parli/vendor/codeigniter4/framework/system/Database/BaseBuilder.php(1616): CodeIgniter\Database\BaseConnection->query('SELECT `petugas...', Array, false)
#4 /Users/chanchanbayubahari/Desktop/e-parli/vendor/codeigniter4/framework/system/Model.php(836): CodeIgniter\Database\BaseBuilder->get()
#5 /Users/chanchanbayubahari/Desktop/e-parli/app/Models/Admin/TandaTanganPetugasModel.php(46): CodeIgniter\Model->__call('get', Array)
#6 /Users/chanchanbayubahari/Desktop/e-parli/app/Controllers/Admin/TandaTanganPetugas.php(27): App\Models\Admin\TandaTanganPetugasModel->getTandaTanganPetugasNull()
#7 /Users/chanchanbayubahari/Desktop/e-parli/vendor/codeigniter4/framework/system/CodeIgniter.php(932): App\Controllers\Admin\TandaTanganPetugas->index()
#8 /Users/chanchanbayubahari/Desktop/e-parli/vendor/codeigniter4/framework/system/CodeIgniter.php(497): CodeIgniter\CodeIgniter->runController(Object(App\Controllers\Admin\TandaTanganPetugas))
#9 /Users/chanchanbayubahari/Desktop/e-parli/vendor/codeigniter4/framework/system/CodeIgniter.php(366): CodeIgniter\CodeIgniter->handleRequest(NULL, Object(Config\Cache), false)
#10 /Users/chanchanbayubahari/Desktop/e-parli/public/index.php(67): CodeIgniter\CodeIgniter->run()
#11 /Users/chanchanbayubahari/Desktop/e-parli/vendor/codeigniter4/framework/system/Commands/Server/rewrite.php(47): require_once('/Users/chanchan...')
#12 {main}
CRITICAL - 2023-08-19 00:25:05 --> You have an error in your SQL syntax; check the manual that corresponds to your MariaDB server version for the right syntax to use near '= 'tanda_tangan_petugas_table.petugas_id'
AND `petugas_table`.`jabatan_id` = ...' at line 4
in SYSTEMPATH/Database/MySQLi/Connection.php on line 295.
 1 SYSTEMPATH/Database/MySQLi/Connection.php(295): mysqli->query('SELECT `petugas_table`.`id`, `petugas_table`.`nama`, `petugas_table`.`nip`, `petugas_table`.`jabatan_id`, `tanda_tangan_petugas_table`.`tanda_tangan_petugas`
FROM `tanda_tangan_petugas_table`
RIGHT JOIN `petugas_table` ON `petugas_table`.`id` = `tanda_tangan_petugas_table`.`petugas_id`
WHERE `petugas_table`.`id` != = \'tanda_tangan_petugas_table.petugas_id\'
AND `petugas_table`.`jabatan_id` = \'3\'
OR `petugas_table`.`jabatan_id` = \'6\'
ORDER BY `tanda_tangan_petugas_table`.`id` desc', 0)
 2 SYSTEMPATH/Database/BaseConnection.php(692): CodeIgniter\Database\MySQLi\Connection->execute('SELECT `petugas_table`.`id`, `petugas_table`.`nama`, `petugas_table`.`nip`, `petugas_table`.`jabatan_id`, `tanda_tangan_petugas_table`.`tanda_tangan_petugas`
FROM `tanda_tangan_petugas_table`
RIGHT JOIN `petugas_table` ON `petugas_table`.`id` = `tanda_tangan_petugas_table`.`petugas_id`
WHERE `petugas_table`.`id` != = \'tanda_tangan_petugas_table.petugas_id\'
AND `petugas_table`.`jabatan_id` = \'3\'
OR `petugas_table`.`jabatan_id` = \'6\'
ORDER BY `tanda_tangan_petugas_table`.`id` desc')
 3 SYSTEMPATH/Database/BaseConnection.php(606): CodeIgniter\Database\BaseConnection->simpleQuery('SELECT `petugas_table`.`id`, `petugas_table`.`nama`, `petugas_table`.`nip`, `petugas_table`.`jabatan_id`, `tanda_tangan_petugas_table`.`tanda_tangan_petugas`
FROM `tanda_tangan_petugas_table`
RIGHT JOIN `petugas_table` ON `petugas_table`.`id` = `tanda_tangan_petugas_table`.`petugas_id`
WHERE `petugas_table`.`id` != = \'tanda_tangan_petugas_table.petugas_id\'
AND `petugas_table`.`jabatan_id` = \'3\'
OR `petugas_table`.`jabatan_id` = \'6\'
ORDER BY `tanda_tangan_petugas_table`.`id` desc')
 4 SYSTEMPATH/Database/BaseBuilder.php(1616): CodeIgniter\Database\BaseConnection->query('SELECT `petugas_table`.`id`, `petugas_table`.`nama`, `petugas_table`.`nip`, `petugas_table`.`jabatan_id`, `tanda_tangan_petugas_table`.`tanda_tangan_petugas`
FROM `tanda_tangan_petugas_table`
RIGHT JOIN `petugas_table` ON `petugas_table`.`id` = `tanda_tangan_petugas_table`.`petugas_id`
WHERE `petugas_table`.`id` != = :petugas_table.id !=:
AND `petugas_table`.`jabatan_id` = :petugas_table.jabatan_id:
OR `petugas_table`.`jabatan_id` = :petugas_table.jabatan_id.1:
ORDER BY `tanda_tangan_petugas_table`.`id` desc', [...], false)
 5 SYSTEMPATH/Model.php(836): CodeIgniter\Database\BaseBuilder->get()
 6 APPPATH/Models/Admin/TandaTanganPetugasModel.php(46): CodeIgniter\Model->__call('get', [])
 7 APPPATH/Controllers/Admin/TandaTanganPetugas.php(27): App\Models\Admin\TandaTanganPetugasModel->getTandaTanganPetugasNull()
 8 SYSTEMPATH/CodeIgniter.php(932): App\Controllers\Admin\TandaTanganPetugas->index()
 9 SYSTEMPATH/CodeIgniter.php(497): CodeIgniter\CodeIgniter->runController(Object(App\Controllers\Admin\TandaTanganPetugas))
10 SYSTEMPATH/CodeIgniter.php(366): CodeIgniter\CodeIgniter->handleRequest(null, Object(Config\Cache), false)
11 FCPATH/index.php(67): CodeIgniter\CodeIgniter->run()
12 SYSTEMPATH/Commands/Server/rewrite.php(47): require_once('/Users/chanchanbayubahari/Desktop/e-parli/public/index.php')
ERROR - 2023-08-19 00:25:10 --> mysqli_sql_exception: You have an error in your SQL syntax; check the manual that corresponds to your MariaDB server version for the right syntax to use near '`!` = 'tanda_tangan_petugas_table.petugas_id'
AND `petugas_table`.`jabatan_id...' at line 4 in /Users/chanchanbayubahari/Desktop/e-parli/vendor/codeigniter4/framework/system/Database/MySQLi/Connection.php:295
Stack trace:
#0 /Users/chanchanbayubahari/Desktop/e-parli/vendor/codeigniter4/framework/system/Database/MySQLi/Connection.php(295): mysqli->query('SELECT `petugas...', 0)
#1 /Users/chanchanbayubahari/Desktop/e-parli/vendor/codeigniter4/framework/system/Database/BaseConnection.php(692): CodeIgniter\Database\MySQLi\Connection->execute('SELECT `petugas...')
#2 /Users/chanchanbayubahari/Desktop/e-parli/vendor/codeigniter4/framework/system/Database/BaseConnection.php(606): CodeIgniter\Database\BaseConnection->simpleQuery('SELECT `petugas...')
#3 /Users/chanchanbayubahari/Desktop/e-parli/vendor/codeigniter4/framework/system/Database/BaseBuilder.php(1616): CodeIgniter\Database\BaseConnection->query('SELECT `petugas...', Array, false)
#4 /Users/chanchanbayubahari/Desktop/e-parli/vendor/codeigniter4/framework/system/Model.php(836): CodeIgniter\Database\BaseBuilder->get()
#5 /Users/chanchanbayubahari/Desktop/e-parli/app/Models/Admin/TandaTanganPetugasModel.php(46): CodeIgniter\Model->__call('get', Array)
#6 /Users/chanchanbayubahari/Desktop/e-parli/app/Controllers/Admin/TandaTanganPetugas.php(27): App\Models\Admin\TandaTanganPetugasModel->getTandaTanganPetugasNull()
#7 /Users/chanchanbayubahari/Desktop/e-parli/vendor/codeigniter4/framework/system/CodeIgniter.php(932): App\Controllers\Admin\TandaTanganPetugas->index()
#8 /Users/chanchanbayubahari/Desktop/e-parli/vendor/codeigniter4/framework/system/CodeIgniter.php(497): CodeIgniter\CodeIgniter->runController(Object(App\Controllers\Admin\TandaTanganPetugas))
#9 /Users/chanchanbayubahari/Desktop/e-parli/vendor/codeigniter4/framework/system/CodeIgniter.php(366): CodeIgniter\CodeIgniter->handleRequest(NULL, Object(Config\Cache), false)
#10 /Users/chanchanbayubahari/Desktop/e-parli/public/index.php(67): CodeIgniter\CodeIgniter->run()
#11 /Users/chanchanbayubahari/Desktop/e-parli/vendor/codeigniter4/framework/system/Commands/Server/rewrite.php(47): require_once('/Users/chanchan...')
#12 {main}
CRITICAL - 2023-08-19 00:25:10 --> You have an error in your SQL syntax; check the manual that corresponds to your MariaDB server version for the right syntax to use near '`!` = 'tanda_tangan_petugas_table.petugas_id'
AND `petugas_table`.`jabatan_id...' at line 4
in SYSTEMPATH/Database/MySQLi/Connection.php on line 295.
 1 SYSTEMPATH/Database/MySQLi/Connection.php(295): mysqli->query('SELECT `petugas_table`.`id`, `petugas_table`.`nama`, `petugas_table`.`nip`, `petugas_table`.`jabatan_id`, `tanda_tangan_petugas_table`.`tanda_tangan_petugas`
FROM `tanda_tangan_petugas_table`
RIGHT JOIN `petugas_table` ON `petugas_table`.`id` = `tanda_tangan_petugas_table`.`petugas_id`
WHERE `petugas_table`.`id` `!` = \'tanda_tangan_petugas_table.petugas_id\'
AND `petugas_table`.`jabatan_id` = \'3\'
OR `petugas_table`.`jabatan_id` = \'6\'
ORDER BY `tanda_tangan_petugas_table`.`id` desc', 0)
 2 SYSTEMPATH/Database/BaseConnection.php(692): CodeIgniter\Database\MySQLi\Connection->execute('SELECT `petugas_table`.`id`, `petugas_table`.`nama`, `petugas_table`.`nip`, `petugas_table`.`jabatan_id`, `tanda_tangan_petugas_table`.`tanda_tangan_petugas`
FROM `tanda_tangan_petugas_table`
RIGHT JOIN `petugas_table` ON `petugas_table`.`id` = `tanda_tangan_petugas_table`.`petugas_id`
WHERE `petugas_table`.`id` `!` = \'tanda_tangan_petugas_table.petugas_id\'
AND `petugas_table`.`jabatan_id` = \'3\'
OR `petugas_table`.`jabatan_id` = \'6\'
ORDER BY `tanda_tangan_petugas_table`.`id` desc')
 3 SYSTEMPATH/Database/BaseConnection.php(606): CodeIgniter\Database\BaseConnection->simpleQuery('SELECT `petugas_table`.`id`, `petugas_table`.`nama`, `petugas_table`.`nip`, `petugas_table`.`jabatan_id`, `tanda_tangan_petugas_table`.`tanda_tangan_petugas`
FROM `tanda_tangan_petugas_table`
RIGHT JOIN `petugas_table` ON `petugas_table`.`id` = `tanda_tangan_petugas_table`.`petugas_id`
WHERE `petugas_table`.`id` `!` = \'tanda_tangan_petugas_table.petugas_id\'
AND `petugas_table`.`jabatan_id` = \'3\'
OR `petugas_table`.`jabatan_id` = \'6\'
ORDER BY `tanda_tangan_petugas_table`.`id` desc')
 4 SYSTEMPATH/Database/BaseBuilder.php(1616): CodeIgniter\Database\BaseConnection->query('SELECT `petugas_table`.`id`, `petugas_table`.`nama`, `petugas_table`.`nip`, `petugas_table`.`jabatan_id`, `tanda_tangan_petugas_table`.`tanda_tangan_petugas`
FROM `tanda_tangan_petugas_table`
RIGHT JOIN `petugas_table` ON `petugas_table`.`id` = `tanda_tangan_petugas_table`.`petugas_id`
WHERE `petugas_table`.`id` `!` = :petugas_table.id !:
AND `petugas_table`.`jabatan_id` = :petugas_table.jabatan_id:
OR `petugas_table`.`jabatan_id` = :petugas_table.jabatan_id.1:
ORDER BY `tanda_tangan_petugas_table`.`id` desc', [...], false)
 5 SYSTEMPATH/Model.php(836): CodeIgniter\Database\BaseBuilder->get()
 6 APPPATH/Models/Admin/TandaTanganPetugasModel.php(46): CodeIgniter\Model->__call('get', [])
 7 APPPATH/Controllers/Admin/TandaTanganPetugas.php(27): App\Models\Admin\TandaTanganPetugasModel->getTandaTanganPetugasNull()
 8 SYSTEMPATH/CodeIgniter.php(932): App\Controllers\Admin\TandaTanganPetugas->index()
 9 SYSTEMPATH/CodeIgniter.php(497): CodeIgniter\CodeIgniter->runController(Object(App\Controllers\Admin\TandaTanganPetugas))
10 SYSTEMPATH/CodeIgniter.php(366): CodeIgniter\CodeIgniter->handleRequest(null, Object(Config\Cache), false)
11 FCPATH/index.php(67): CodeIgniter\CodeIgniter->run()
12 SYSTEMPATH/Commands/Server/rewrite.php(47): require_once('/Users/chanchanbayubahari/Desktop/e-parli/public/index.php')
ERROR - 2023-08-19 01:09:47 --> mysqli_sql_exception: Unknown column 'petugas_table.id' in 'field list' in /Users/chanchanbayubahari/Desktop/e-parli/vendor/codeigniter4/framework/system/Database/MySQLi/Connection.php:295
Stack trace:
#0 /Users/chanchanbayubahari/Desktop/e-parli/vendor/codeigniter4/framework/system/Database/MySQLi/Connection.php(295): mysqli->query('SELECT `petugas...', 0)
#1 /Users/chanchanbayubahari/Desktop/e-parli/vendor/codeigniter4/framework/system/Database/BaseConnection.php(692): CodeIgniter\Database\MySQLi\Connection->execute('SELECT `petugas...')
#2 /Users/chanchanbayubahari/Desktop/e-parli/vendor/codeigniter4/framework/system/Database/BaseConnection.php(606): CodeIgniter\Database\BaseConnection->simpleQuery('SELECT `petugas...')
#3 /Users/chanchanbayubahari/Desktop/e-parli/vendor/codeigniter4/framework/system/Database/BaseBuilder.php(1616): CodeIgniter\Database\BaseConnection->query('SELECT `petugas...', Array, false)
#4 /Users/chanchanbayubahari/Desktop/e-parli/vendor/codeigniter4/framework/system/Model.php(836): CodeIgniter\Database\BaseBuilder->get()
#5 /Users/chanchanbayubahari/Desktop/e-parli/app/Models/Admin/TandaTanganPetugasModel.php(46): CodeIgniter\Model->__call('get', Array)
#6 /Users/chanchanbayubahari/Desktop/e-parli/app/Controllers/Admin/TandaTanganPetugas.php(27): App\Models\Admin\TandaTanganPetugasModel->getTandaTanganPetugasNull()
#7 /Users/chanchanbayubahari/Desktop/e-parli/vendor/codeigniter4/framework/system/CodeIgniter.php(932): App\Controllers\Admin\TandaTanganPetugas->index()
#8 /Users/chanchanbayubahari/Desktop/e-parli/vendor/codeigniter4/framework/system/CodeIgniter.php(497): CodeIgniter\CodeIgniter->runController(Object(App\Controllers\Admin\TandaTanganPetugas))
#9 /Users/chanchanbayubahari/Desktop/e-parli/vendor/codeigniter4/framework/system/CodeIgniter.php(366): CodeIgniter\CodeIgniter->handleRequest(NULL, Object(Config\Cache), false)
#10 /Users/chanchanbayubahari/Desktop/e-parli/public/index.php(67): CodeIgniter\CodeIgniter->run()
#11 /Users/chanchanbayubahari/Desktop/e-parli/vendor/codeigniter4/framework/system/Commands/Server/rewrite.php(47): require_once('/Users/chanchan...')
#12 {main}
CRITICAL - 2023-08-19 01:09:47 --> Unknown column 'petugas_table.id' in 'field list'
in SYSTEMPATH/Database/MySQLi/Connection.php on line 295.
 1 SYSTEMPATH/Database/MySQLi/Connection.php(295): mysqli->query('SELECT `petugas_table`.`id`, `petugas_table`.`nama`, `petugas_table`.`nip`, `petugas_table`.`jabatan_id`, `tanda_tangan_petugas_table`.`tanda_tangan_petugas`
FROM `tanda_tangan_petugas_table`
WHERE `petugas_table`.`id` != \'tanda_tangan_petugas_table.petugas_id\'
ORDER BY `tanda_tangan_petugas_table`.`id` desc', 0)
 2 SYSTEMPATH/Database/BaseConnection.php(692): CodeIgniter\Database\MySQLi\Connection->execute('SELECT `petugas_table`.`id`, `petugas_table`.`nama`, `petugas_table`.`nip`, `petugas_table`.`jabatan_id`, `tanda_tangan_petugas_table`.`tanda_tangan_petugas`
FROM `tanda_tangan_petugas_table`
WHERE `petugas_table`.`id` != \'tanda_tangan_petugas_table.petugas_id\'
ORDER BY `tanda_tangan_petugas_table`.`id` desc')
 3 SYSTEMPATH/Database/BaseConnection.php(606): CodeIgniter\Database\BaseConnection->simpleQuery('SELECT `petugas_table`.`id`, `petugas_table`.`nama`, `petugas_table`.`nip`, `petugas_table`.`jabatan_id`, `tanda_tangan_petugas_table`.`tanda_tangan_petugas`
FROM `tanda_tangan_petugas_table`
WHERE `petugas_table`.`id` != \'tanda_tangan_petugas_table.petugas_id\'
ORDER BY `tanda_tangan_petugas_table`.`id` desc')
 4 SYSTEMPATH/Database/BaseBuilder.php(1616): CodeIgniter\Database\BaseConnection->query('SELECT `petugas_table`.`id`, `petugas_table`.`nama`, `petugas_table`.`nip`, `petugas_table`.`jabatan_id`, `tanda_tangan_petugas_table`.`tanda_tangan_petugas`
FROM `tanda_tangan_petugas_table`
WHERE `petugas_table`.`id` != :petugas_table.id:
ORDER BY `tanda_tangan_petugas_table`.`id` desc', [...], false)
 5 SYSTEMPATH/Model.php(836): CodeIgniter\Database\BaseBuilder->get()
 6 APPPATH/Models/Admin/TandaTanganPetugasModel.php(46): CodeIgniter\Model->__call('get', [])
 7 APPPATH/Controllers/Admin/TandaTanganPetugas.php(27): App\Models\Admin\TandaTanganPetugasModel->getTandaTanganPetugasNull()
 8 SYSTEMPATH/CodeIgniter.php(932): App\Controllers\Admin\TandaTanganPetugas->index()
 9 SYSTEMPATH/CodeIgniter.php(497): CodeIgniter\CodeIgniter->runController(Object(App\Controllers\Admin\TandaTanganPetugas))
10 SYSTEMPATH/CodeIgniter.php(366): CodeIgniter\CodeIgniter->handleRequest(null, Object(Config\Cache), false)
11 FCPATH/index.php(67): CodeIgniter\CodeIgniter->run()
12 SYSTEMPATH/Commands/Server/rewrite.php(47): require_once('/Users/chanchanbayubahari/Desktop/e-parli/public/index.php')
ERROR - 2023-08-19 01:09:54 --> mysqli_sql_exception: Unknown column 'petugas_table.id' in 'field list' in /Users/chanchanbayubahari/Desktop/e-parli/vendor/codeigniter4/framework/system/Database/MySQLi/Connection.php:295
Stack trace:
#0 /Users/chanchanbayubahari/Desktop/e-parli/vendor/codeigniter4/framework/system/Database/MySQLi/Connection.php(295): mysqli->query('SELECT `petugas...', 0)
#1 /Users/chanchanbayubahari/Desktop/e-parli/vendor/codeigniter4/framework/system/Database/BaseConnection.php(692): CodeIgniter\Database\MySQLi\Connection->execute('SELECT `petugas...')
#2 /Users/chanchanbayubahari/Desktop/e-parli/vendor/codeigniter4/framework/system/Database/BaseConnection.php(606): CodeIgniter\Database\BaseConnection->simpleQuery('SELECT `petugas...')
#3 /Users/chanchanbayubahari/Desktop/e-parli/vendor/codeigniter4/framework/system/Database/BaseBuilder.php(1616): CodeIgniter\Database\BaseConnection->query('SELECT `petugas...', Array, false)
#4 /Users/chanchanbayubahari/Desktop/e-parli/vendor/codeigniter4/framework/system/Model.php(836): CodeIgniter\Database\BaseBuilder->get()
#5 /Users/chanchanbayubahari/Desktop/e-parli/app/Models/Admin/TandaTanganPetugasModel.php(46): CodeIgniter\Model->__call('get', Array)
#6 /Users/chanchanbayubahari/Desktop/e-parli/app/Controllers/Admin/TandaTanganPetugas.php(27): App\Models\Admin\TandaTanganPetugasModel->getTandaTanganPetugasNull()
#7 /Users/chanchanbayubahari/Desktop/e-parli/vendor/codeigniter4/framework/system/CodeIgniter.php(932): App\Controllers\Admin\TandaTanganPetugas->index()
#8 /Users/chanchanbayubahari/Desktop/e-parli/vendor/codeigniter4/framework/system/CodeIgniter.php(497): CodeIgniter\CodeIgniter->runController(Object(App\Controllers\Admin\TandaTanganPetugas))
#9 /Users/chanchanbayubahari/Desktop/e-parli/vendor/codeigniter4/framework/system/CodeIgniter.php(366): CodeIgniter\CodeIgniter->handleRequest(NULL, Object(Config\Cache), false)
#10 /Users/chanchanbayubahari/Desktop/e-parli/public/index.php(67): CodeIgniter\CodeIgniter->run()
#11 /Users/chanchanbayubahari/Desktop/e-parli/vendor/codeigniter4/framework/system/Commands/Server/rewrite.php(47): require_once('/Users/chanchan...')
#12 {main}
CRITICAL - 2023-08-19 01:09:54 --> Unknown column 'petugas_table.id' in 'field list'
in SYSTEMPATH/Database/MySQLi/Connection.php on line 295.
 1 SYSTEMPATH/Database/MySQLi/Connection.php(295): mysqli->query('SELECT `petugas_table`.`id`, `petugas_table`.`nama`, `petugas_table`.`nip`, `petugas_table`.`jabatan_id`, `tanda_tangan_petugas_table`.`tanda_tangan_petugas`
FROM `tanda_tangan_petugas_table`
ORDER BY `tanda_tangan_petugas_table`.`id` desc', 0)
 2 SYSTEMPATH/Database/BaseConnection.php(692): CodeIgniter\Database\MySQLi\Connection->execute('SELECT `petugas_table`.`id`, `petugas_table`.`nama`, `petugas_table`.`nip`, `petugas_table`.`jabatan_id`, `tanda_tangan_petugas_table`.`tanda_tangan_petugas`
FROM `tanda_tangan_petugas_table`
ORDER BY `tanda_tangan_petugas_table`.`id` desc')
 3 SYSTEMPATH/Database/BaseConnection.php(606): CodeIgniter\Database\BaseConnection->simpleQuery('SELECT `petugas_table`.`id`, `petugas_table`.`nama`, `petugas_table`.`nip`, `petugas_table`.`jabatan_id`, `tanda_tangan_petugas_table`.`tanda_tangan_petugas`
FROM `tanda_tangan_petugas_table`
ORDER BY `tanda_tangan_petugas_table`.`id` desc')
 4 SYSTEMPATH/Database/BaseBuilder.php(1616): CodeIgniter\Database\BaseConnection->query('SELECT `petugas_table`.`id`, `petugas_table`.`nama`, `petugas_table`.`nip`, `petugas_table`.`jabatan_id`, `tanda_tangan_petugas_table`.`tanda_tangan_petugas`
FROM `tanda_tangan_petugas_table`
ORDER BY `tanda_tangan_petugas_table`.`id` desc', [], false)
 5 SYSTEMPATH/Model.php(836): CodeIgniter\Database\BaseBuilder->get()
 6 APPPATH/Models/Admin/TandaTanganPetugasModel.php(46): CodeIgniter\Model->__call('get', [])
 7 APPPATH/Controllers/Admin/TandaTanganPetugas.php(27): App\Models\Admin\TandaTanganPetugasModel->getTandaTanganPetugasNull()
 8 SYSTEMPATH/CodeIgniter.php(932): App\Controllers\Admin\TandaTanganPetugas->index()
 9 SYSTEMPATH/CodeIgniter.php(497): CodeIgniter\CodeIgniter->runController(Object(App\Controllers\Admin\TandaTanganPetugas))
10 SYSTEMPATH/CodeIgniter.php(366): CodeIgniter\CodeIgniter->handleRequest(null, Object(Config\Cache), false)
11 FCPATH/index.php(67): CodeIgniter\CodeIgniter->run()
12 SYSTEMPATH/Commands/Server/rewrite.php(47): require_once('/Users/chanchanbayubahari/Desktop/e-parli/public/index.php')
CRITICAL - 2023-08-19 01:10:03 --> Undefined property: stdClass::$nama
in APPPATH/Views/admin/tanda_tangan_petugas.php on line 83.
 1 APPPATH/Views/admin/tanda_tangan_petugas.php(83): CodeIgniter\Debug\Exceptions->errorHandler(8, 'Undefined property: stdClass::$nama', '/Users/chanchanbayubahari/Desktop/e-parli/app/Views/admin/tanda_tangan_petugas.php', 83, [...])
 2 SYSTEMPATH/View/View.php(224): include('/Users/chanchanbayubahari/Desktop/e-parli/app/Views/admin/tanda_tangan_petugas.php')
 3 SYSTEMPATH/View/View.php(227): CodeIgniter\View\View->CodeIgniter\View\{closure}()
 4 SYSTEMPATH/Common.php(1180): CodeIgniter\View\View->render('admin/tanda_tangan_petugas', [], true)
 5 APPPATH/Controllers/Admin/TandaTanganPetugas.php(35): view('admin/tanda_tangan_petugas', [...])
 6 SYSTEMPATH/CodeIgniter.php(932): App\Controllers\Admin\TandaTanganPetugas->index()
 7 SYSTEMPATH/CodeIgniter.php(497): CodeIgniter\CodeIgniter->runController(Object(App\Controllers\Admin\TandaTanganPetugas))
 8 SYSTEMPATH/CodeIgniter.php(366): CodeIgniter\CodeIgniter->handleRequest(null, Object(Config\Cache), false)
 9 FCPATH/index.php(67): CodeIgniter\CodeIgniter->run()
10 SYSTEMPATH/Commands/Server/rewrite.php(47): require_once('/Users/chanchanbayubahari/Desktop/e-parli/public/index.php')
ERROR - 2023-08-19 01:21:12 --> mysqli_sql_exception: Unknown column 'tanda_tangan_petugas_table.jabatan_id' in 'where clause' in /Users/chanchanbayubahari/Desktop/e-parli/vendor/codeigniter4/framework/system/Database/MySQLi/Connection.php:295
Stack trace:
#0 /Users/chanchanbayubahari/Desktop/e-parli/vendor/codeigniter4/framework/system/Database/MySQLi/Connection.php(295): mysqli->query('SELECT `petugas...', 0)
#1 /Users/chanchanbayubahari/Desktop/e-parli/vendor/codeigniter4/framework/system/Database/BaseConnection.php(692): CodeIgniter\Database\MySQLi\Connection->execute('SELECT `petugas...')
#2 /Users/chanchanbayubahari/Desktop/e-parli/vendor/codeigniter4/framework/system/Database/BaseConnection.php(606): CodeIgniter\Database\BaseConnection->simpleQuery('SELECT `petugas...')
#3 /Users/chanchanbayubahari/Desktop/e-parli/vendor/codeigniter4/framework/system/Database/BaseBuilder.php(1616): CodeIgniter\Database\BaseConnection->query('SELECT `petugas...', Array, false)
#4 /Users/chanchanbayubahari/Desktop/e-parli/vendor/codeigniter4/framework/system/Model.php(836): CodeIgniter\Database\BaseBuilder->get()
#5 /Users/chanchanbayubahari/Desktop/e-parli/app/Models/Admin/PetugasModel.php(60): CodeIgniter\Model->__call('get', Array)
#6 /Users/chanchanbayubahari/Desktop/e-parli/app/Controllers/Admin/TandaTanganPetugas.php(26): App\Models\Admin\PetugasModel->getKomandanRegu()
#7 /Users/chanchanbayubahari/Desktop/e-parli/vendor/codeigniter4/framework/system/CodeIgniter.php(932): App\Controllers\Admin\TandaTanganPetugas->index()
#8 /Users/chanchanbayubahari/Desktop/e-parli/vendor/codeigniter4/framework/system/CodeIgniter.php(497): CodeIgniter\CodeIgniter->runController(Object(App\Controllers\Admin\TandaTanganPetugas))
#9 /Users/chanchanbayubahari/Desktop/e-parli/vendor/codeigniter4/framework/system/CodeIgniter.php(366): CodeIgniter\CodeIgniter->handleRequest(NULL, Object(Config\Cache), false)
#10 /Users/chanchanbayubahari/Desktop/e-parli/public/index.php(67): CodeIgniter\CodeIgniter->run()
#11 /Users/chanchanbayubahari/Desktop/e-parli/vendor/codeigniter4/framework/system/Commands/Server/rewrite.php(47): require_once('/Users/chanchan...')
#12 {main}
CRITICAL - 2023-08-19 01:21:12 --> Unknown column 'tanda_tangan_petugas_table.jabatan_id' in 'where clause'
in SYSTEMPATH/Database/MySQLi/Connection.php on line 295.
 1 SYSTEMPATH/Database/MySQLi/Connection.php(295): mysqli->query('SELECT `petugas_table`.`id`, `petugas_table`.`ukpd_id`, `petugas_table`.`unit_id`, `petugas_table`.`nama`, `petugas_table`.`username`, `petugas_table`.`nip`, `petugas_table`.`pangkat`, `petugas_table`.`golongan`, `petugas_table`.`jabatan_id`, `petugas_table`.`role_id`, `petugas_table`.`status_id`, `tanda_tangan_petugas_table`.`tanda_tangan_petugas`
FROM `petugas_table`
LEFT JOIN `tanda_tangan_petugas_table` ON `tanda_tangan_petugas_table`.`petugas_id` = `petugas_table`.`id`
WHERE `tanda_tangan_petugas_table`.`jabatan_id` = 6
OR `tanda_tangan_petugas_table`.`jabatan_id` = 3
AND `tanda_tangan_petugas_table`.`tanda_tangan_petugas` IS NULL
ORDER BY `petugas_table`.`id` desc', 0)
 2 SYSTEMPATH/Database/BaseConnection.php(692): CodeIgniter\Database\MySQLi\Connection->execute('SELECT `petugas_table`.`id`, `petugas_table`.`ukpd_id`, `petugas_table`.`unit_id`, `petugas_table`.`nama`, `petugas_table`.`username`, `petugas_table`.`nip`, `petugas_table`.`pangkat`, `petugas_table`.`golongan`, `petugas_table`.`jabatan_id`, `petugas_table`.`role_id`, `petugas_table`.`status_id`, `tanda_tangan_petugas_table`.`tanda_tangan_petugas`
FROM `petugas_table`
LEFT JOIN `tanda_tangan_petugas_table` ON `tanda_tangan_petugas_table`.`petugas_id` = `petugas_table`.`id`
WHERE `tanda_tangan_petugas_table`.`jabatan_id` = 6
OR `tanda_tangan_petugas_table`.`jabatan_id` = 3
AND `tanda_tangan_petugas_table`.`tanda_tangan_petugas` IS NULL
ORDER BY `petugas_table`.`id` desc')
 3 SYSTEMPATH/Database/BaseConnection.php(606): CodeIgniter\Database\BaseConnection->simpleQuery('SELECT `petugas_table`.`id`, `petugas_table`.`ukpd_id`, `petugas_table`.`unit_id`, `petugas_table`.`nama`, `petugas_table`.`username`, `petugas_table`.`nip`, `petugas_table`.`pangkat`, `petugas_table`.`golongan`, `petugas_table`.`jabatan_id`, `petugas_table`.`role_id`, `petugas_table`.`status_id`, `tanda_tangan_petugas_table`.`tanda_tangan_petugas`
FROM `petugas_table`
LEFT JOIN `tanda_tangan_petugas_table` ON `tanda_tangan_petugas_table`.`petugas_id` = `petugas_table`.`id`
WHERE `tanda_tangan_petugas_table`.`jabatan_id` = 6
OR `tanda_tangan_petugas_table`.`jabatan_id` = 3
AND `tanda_tangan_petugas_table`.`tanda_tangan_petugas` IS NULL
ORDER BY `petugas_table`.`id` desc')
 4 SYSTEMPATH/Database/BaseBuilder.php(1616): CodeIgniter\Database\BaseConnection->query('SELECT `petugas_table`.`id`, `petugas_table`.`ukpd_id`, `petugas_table`.`unit_id`, `petugas_table`.`nama`, `petugas_table`.`username`, `petugas_table`.`nip`, `petugas_table`.`pangkat`, `petugas_table`.`golongan`, `petugas_table`.`jabatan_id`, `petugas_table`.`role_id`, `petugas_table`.`status_id`, `tanda_tangan_petugas_table`.`tanda_tangan_petugas`
FROM `petugas_table`
LEFT JOIN `tanda_tangan_petugas_table` ON `tanda_tangan_petugas_table`.`petugas_id` = `petugas_table`.`id`
WHERE `tanda_tangan_petugas_table`.`jabatan_id` = :tanda_tangan_petugas_table.jabatan_id:
OR `tanda_tangan_petugas_table`.`jabatan_id` = :tanda_tangan_petugas_table.jabatan_id.1:
AND `tanda_tangan_petugas_table`.`tanda_tangan_petugas` IS NULL
ORDER BY `petugas_table`.`id` desc', [...], false)
 5 SYSTEMPATH/Model.php(836): CodeIgniter\Database\BaseBuilder->get()
 6 APPPATH/Models/Admin/PetugasModel.php(60): CodeIgniter\Model->__call('get', [])
 7 APPPATH/Controllers/Admin/TandaTanganPetugas.php(26): App\Models\Admin\PetugasModel->getKomandanRegu()
 8 SYSTEMPATH/CodeIgniter.php(932): App\Controllers\Admin\TandaTanganPetugas->index()
 9 SYSTEMPATH/CodeIgniter.php(497): CodeIgniter\CodeIgniter->runController(Object(App\Controllers\Admin\TandaTanganPetugas))
10 SYSTEMPATH/CodeIgniter.php(366): CodeIgniter\CodeIgniter->handleRequest(null, Object(Config\Cache), false)
11 FCPATH/index.php(67): CodeIgniter\CodeIgniter->run()
12 SYSTEMPATH/Commands/Server/rewrite.php(47): require_once('/Users/chanchanbayubahari/Desktop/e-parli/public/index.php')
ERROR - 2023-08-19 01:22:31 --> mysqli_sql_exception: Unknown column 'tanda_tangan_petugas_table.jabatan_id' in 'where clause' in /Users/chanchanbayubahari/Desktop/e-parli/vendor/codeigniter4/framework/system/Database/MySQLi/Connection.php:295
Stack trace:
#0 /Users/chanchanbayubahari/Desktop/e-parli/vendor/codeigniter4/framework/system/Database/MySQLi/Connection.php(295): mysqli->query('SELECT `petugas...', 0)
#1 /Users/chanchanbayubahari/Desktop/e-parli/vendor/codeigniter4/framework/system/Database/BaseConnection.php(692): CodeIgniter\Database\MySQLi\Connection->execute('SELECT `petugas...')
#2 /Users/chanchanbayubahari/Desktop/e-parli/vendor/codeigniter4/framework/system/Database/BaseConnection.php(606): CodeIgniter\Database\BaseConnection->simpleQuery('SELECT `petugas...')
#3 /Users/chanchanbayubahari/Desktop/e-parli/vendor/codeigniter4/framework/system/Database/BaseBuilder.php(1616): CodeIgniter\Database\BaseConnection->query('SELECT `petugas...', Array, false)
#4 /Users/chanchanbayubahari/Desktop/e-parli/vendor/codeigniter4/framework/system/Model.php(836): CodeIgniter\Database\BaseBuilder->get()
#5 /Users/chanchanbayubahari/Desktop/e-parli/app/Models/Admin/PetugasModel.php(60): CodeIgniter\Model->__call('get', Array)
#6 /Users/chanchanbayubahari/Desktop/e-parli/app/Controllers/Admin/TandaTanganPetugas.php(26): App\Models\Admin\PetugasModel->getKomandanRegu()
#7 /Users/chanchanbayubahari/Desktop/e-parli/vendor/codeigniter4/framework/system/CodeIgniter.php(932): App\Controllers\Admin\TandaTanganPetugas->index()
#8 /Users/chanchanbayubahari/Desktop/e-parli/vendor/codeigniter4/framework/system/CodeIgniter.php(497): CodeIgniter\CodeIgniter->runController(Object(App\Controllers\Admin\TandaTanganPetugas))
#9 /Users/chanchanbayubahari/Desktop/e-parli/vendor/codeigniter4/framework/system/CodeIgniter.php(366): CodeIgniter\CodeIgniter->handleRequest(NULL, Object(Config\Cache), false)
#10 /Users/chanchanbayubahari/Desktop/e-parli/public/index.php(67): CodeIgniter\CodeIgniter->run()
#11 /Users/chanchanbayubahari/Desktop/e-parli/vendor/codeigniter4/framework/system/Commands/Server/rewrite.php(47): require_once('/Users/chanchan...')
#12 {main}
CRITICAL - 2023-08-19 01:22:31 --> Unknown column 'tanda_tangan_petugas_table.jabatan_id' in 'where clause'
in SYSTEMPATH/Database/MySQLi/Connection.php on line 295.
 1 SYSTEMPATH/Database/MySQLi/Connection.php(295): mysqli->query('SELECT `petugas_table`.`id`, `petugas_table`.`ukpd_id`, `petugas_table`.`unit_id`, `petugas_table`.`nama`, `petugas_table`.`username`, `petugas_table`.`nip`, `petugas_table`.`pangkat`, `petugas_table`.`golongan`, `petugas_table`.`jabatan_id`, `petugas_table`.`role_id`, `petugas_table`.`status_id`, `tanda_tangan_petugas_table`.`tanda_tangan_petugas`
FROM `petugas_table`
LEFT JOIN `tanda_tangan_petugas_table` ON `tanda_tangan_petugas_table`.`petugas_id` = `petugas_table`.`id`
WHERE `tanda_tangan_petugas_table`.`jabatan_id` LIKE \'%6%\' ESCAPE \'!\'
OR  `tanda_tangan_petugas_table`.`jabatan_id` LIKE \'%3%\' ESCAPE \'!\'
AND `tanda_tangan_petugas_table`.`tanda_tangan_petugas` IS NULL
ORDER BY `petugas_table`.`id` desc', 0)
 2 SYSTEMPATH/Database/BaseConnection.php(692): CodeIgniter\Database\MySQLi\Connection->execute('SELECT `petugas_table`.`id`, `petugas_table`.`ukpd_id`, `petugas_table`.`unit_id`, `petugas_table`.`nama`, `petugas_table`.`username`, `petugas_table`.`nip`, `petugas_table`.`pangkat`, `petugas_table`.`golongan`, `petugas_table`.`jabatan_id`, `petugas_table`.`role_id`, `petugas_table`.`status_id`, `tanda_tangan_petugas_table`.`tanda_tangan_petugas`
FROM `petugas_table`
LEFT JOIN `tanda_tangan_petugas_table` ON `tanda_tangan_petugas_table`.`petugas_id` = `petugas_table`.`id`
WHERE `tanda_tangan_petugas_table`.`jabatan_id` LIKE \'%6%\' ESCAPE \'!\'
OR  `tanda_tangan_petugas_table`.`jabatan_id` LIKE \'%3%\' ESCAPE \'!\'
AND `tanda_tangan_petugas_table`.`tanda_tangan_petugas` IS NULL
ORDER BY `petugas_table`.`id` desc')
 3 SYSTEMPATH/Database/BaseConnection.php(606): CodeIgniter\Database\BaseConnection->simpleQuery('SELECT `petugas_table`.`id`, `petugas_table`.`ukpd_id`, `petugas_table`.`unit_id`, `petugas_table`.`nama`, `petugas_table`.`username`, `petugas_table`.`nip`, `petugas_table`.`pangkat`, `petugas_table`.`golongan`, `petugas_table`.`jabatan_id`, `petugas_table`.`role_id`, `petugas_table`.`status_id`, `tanda_tangan_petugas_table`.`tanda_tangan_petugas`
FROM `petugas_table`
LEFT JOIN `tanda_tangan_petugas_table` ON `tanda_tangan_petugas_table`.`petugas_id` = `petugas_table`.`id`
WHERE `tanda_tangan_petugas_table`.`jabatan_id` LIKE \'%6%\' ESCAPE \'!\'
OR  `tanda_tangan_petugas_table`.`jabatan_id` LIKE \'%3%\' ESCAPE \'!\'
AND `tanda_tangan_petugas_table`.`tanda_tangan_petugas` IS NULL
ORDER BY `petugas_table`.`id` desc')
 4 SYSTEMPATH/Database/BaseBuilder.php(1616): CodeIgniter\Database\BaseConnection->query('SELECT `petugas_table`.`id`, `petugas_table`.`ukpd_id`, `petugas_table`.`unit_id`, `petugas_table`.`nama`, `petugas_table`.`username`, `petugas_table`.`nip`, `petugas_table`.`pangkat`, `petugas_table`.`golongan`, `petugas_table`.`jabatan_id`, `petugas_table`.`role_id`, `petugas_table`.`status_id`, `tanda_tangan_petugas_table`.`tanda_tangan_petugas`
FROM `petugas_table`
LEFT JOIN `tanda_tangan_petugas_table` ON `tanda_tangan_petugas_table`.`petugas_id` = `petugas_table`.`id`
WHERE `tanda_tangan_petugas_table`.`jabatan_id` LIKE :tanda_tangan_petugas_table.jabatan_id: ESCAPE \'!\'
OR  `tanda_tangan_petugas_table`.`jabatan_id` LIKE :tanda_tangan_petugas_table.jabatan_id.1: ESCAPE \'!\'
AND `tanda_tangan_petugas_table`.`tanda_tangan_petugas` IS NULL
ORDER BY `petugas_table`.`id` desc', [...], false)
 5 SYSTEMPATH/Model.php(836): CodeIgniter\Database\BaseBuilder->get()
 6 APPPATH/Models/Admin/PetugasModel.php(60): CodeIgniter\Model->__call('get', [])
 7 APPPATH/Controllers/Admin/TandaTanganPetugas.php(26): App\Models\Admin\PetugasModel->getKomandanRegu()
 8 SYSTEMPATH/CodeIgniter.php(932): App\Controllers\Admin\TandaTanganPetugas->index()
 9 SYSTEMPATH/CodeIgniter.php(497): CodeIgniter\CodeIgniter->runController(Object(App\Controllers\Admin\TandaTanganPetugas))
10 SYSTEMPATH/CodeIgniter.php(366): CodeIgniter\CodeIgniter->handleRequest(null, Object(Config\Cache), false)
11 FCPATH/index.php(67): CodeIgniter\CodeIgniter->run()
12 SYSTEMPATH/Commands/Server/rewrite.php(47): require_once('/Users/chanchanbayubahari/Desktop/e-parli/public/index.php')
