ERROR - 2023-08-18 23:14:20 --> mysqli_sql_exception: Not unique table/alias: 'petugas_table' in /Users/chanchanbayubahari/Desktop/e-parli/vendor/codeigniter4/framework/system/Database/MySQLi/Connection.php:295
Stack trace:
#0 /Users/chanchanbayubahari/Desktop/e-parli/vendor/codeigniter4/framework/system/Database/MySQLi/Connection.php(295): mysqli->query('SELECT `petugas...', 0)
#1 /Users/chanchanbayubahari/Desktop/e-parli/vendor/codeigniter4/framework/system/Database/BaseConnection.php(692): CodeIgniter\Database\MySQLi\Connection->execute('SELECT `petugas...')
#2 /Users/chanchanbayubahari/Desktop/e-parli/vendor/codeigniter4/framework/system/Database/BaseConnection.php(606): CodeIgniter\Database\BaseConnection->simpleQuery('SELECT `petugas...')
#3 /Users/chanchanbayubahari/Desktop/e-parli/vendor/codeigniter4/framework/system/Database/BaseBuilder.php(1616): CodeIgniter\Database\BaseConnection->query('SELECT `petugas...', Array, false)
#4 /Users/chanchanbayubahari/Desktop/e-parli/vendor/codeigniter4/framework/system/Model.php(836): CodeIgniter\Database\BaseBuilder->get()
#5 /Users/chanchanbayubahari/Desktop/e-parli/app/Models/Admin/PetugasModel.php(57): CodeIgniter\Model->__call('get', Array)
#6 /Users/chanchanbayubahari/Desktop/e-parli/app/Controllers/Admin/TandaTanganPetugas.php(26): App\Models\Admin\PetugasModel->getKomandanRegu()
#7 /Users/chanchanbayubahari/Desktop/e-parli/vendor/codeigniter4/framework/system/CodeIgniter.php(932): App\Controllers\Admin\TandaTanganPetugas->index()
#8 /Users/chanchanbayubahari/Desktop/e-parli/vendor/codeigniter4/framework/system/CodeIgniter.php(497): CodeIgniter\CodeIgniter->runController(Object(App\Controllers\Admin\TandaTanganPetugas))
#9 /Users/chanchanbayubahari/Desktop/e-parli/vendor/codeigniter4/framework/system/CodeIgniter.php(366): CodeIgniter\CodeIgniter->handleRequest(NULL, Object(Config\Cache), false)
#10 /Users/chanchanbayubahari/Desktop/e-parli/public/index.php(67): CodeIgniter\CodeIgniter->run()
#11 /Users/chanchanbayubahari/Desktop/e-parli/vendor/codeigniter4/framework/system/Commands/Server/rewrite.php(47): require_once('/Users/chanchan...')
#12 {main}
CRITICAL - 2023-08-18 23:14:20 --> Not unique table/alias: 'petugas_table'
in SYSTEMPATH/Database/MySQLi/Connection.php on line 295.
 1 SYSTEMPATH/Database/MySQLi/Connection.php(295): mysqli->query('SELECT `petugas_table`.`id`, `petugas_table`.`ukpd_id`, `petugas_table`.`unit_id`, `petugas_table`.`nama`, `petugas_table`.`username`, `petugas_table`.`nip`, `petugas_table`.`pangkat`, `petugas_table`.`golongan`, `petugas_table`.`jabatan_id`, `petugas_table`.`role_id`, `petugas_table`.`status_id`
FROM `petugas_table`
JOIN `petugas_table` ON `petugas_table`.`id` = `petugas_table`.`petugas_id`
LEFT JOIN `tanda_tangan_petugas_table` ON `tanda_tangan_petugas_table`.`petugas_id` = `petugas_table`.`id`
WHERE `tanda_tangan_petugas_table`.`tanda_tangan_petugas` IS NULL
AND `jabatan_id` = 3
OR `jabatan_id` = 6
ORDER BY `petugas_table`.`id` desc', 0)
 2 SYSTEMPATH/Database/BaseConnection.php(692): CodeIgniter\Database\MySQLi\Connection->execute('SELECT `petugas_table`.`id`, `petugas_table`.`ukpd_id`, `petugas_table`.`unit_id`, `petugas_table`.`nama`, `petugas_table`.`username`, `petugas_table`.`nip`, `petugas_table`.`pangkat`, `petugas_table`.`golongan`, `petugas_table`.`jabatan_id`, `petugas_table`.`role_id`, `petugas_table`.`status_id`
FROM `petugas_table`
JOIN `petugas_table` ON `petugas_table`.`id` = `petugas_table`.`petugas_id`
LEFT JOIN `tanda_tangan_petugas_table` ON `tanda_tangan_petugas_table`.`petugas_id` = `petugas_table`.`id`
WHERE `tanda_tangan_petugas_table`.`tanda_tangan_petugas` IS NULL
AND `jabatan_id` = 3
OR `jabatan_id` = 6
ORDER BY `petugas_table`.`id` desc')
 3 SYSTEMPATH/Database/BaseConnection.php(606): CodeIgniter\Database\BaseConnection->simpleQuery('SELECT `petugas_table`.`id`, `petugas_table`.`ukpd_id`, `petugas_table`.`unit_id`, `petugas_table`.`nama`, `petugas_table`.`username`, `petugas_table`.`nip`, `petugas_table`.`pangkat`, `petugas_table`.`golongan`, `petugas_table`.`jabatan_id`, `petugas_table`.`role_id`, `petugas_table`.`status_id`
FROM `petugas_table`
JOIN `petugas_table` ON `petugas_table`.`id` = `petugas_table`.`petugas_id`
LEFT JOIN `tanda_tangan_petugas_table` ON `tanda_tangan_petugas_table`.`petugas_id` = `petugas_table`.`id`
WHERE `tanda_tangan_petugas_table`.`tanda_tangan_petugas` IS NULL
AND `jabatan_id` = 3
OR `jabatan_id` = 6
ORDER BY `petugas_table`.`id` desc')
 4 SYSTEMPATH/Database/BaseBuilder.php(1616): CodeIgniter\Database\BaseConnection->query('SELECT `petugas_table`.`id`, `petugas_table`.`ukpd_id`, `petugas_table`.`unit_id`, `petugas_table`.`nama`, `petugas_table`.`username`, `petugas_table`.`nip`, `petugas_table`.`pangkat`, `petugas_table`.`golongan`, `petugas_table`.`jabatan_id`, `petugas_table`.`role_id`, `petugas_table`.`status_id`
FROM `petugas_table`
JOIN `petugas_table` ON `petugas_table`.`id` = `petugas_table`.`petugas_id`
LEFT JOIN `tanda_tangan_petugas_table` ON `tanda_tangan_petugas_table`.`petugas_id` = `petugas_table`.`id`
WHERE `tanda_tangan_petugas_table`.`tanda_tangan_petugas` IS NULL
AND `jabatan_id` = :jabatan_id:
OR `jabatan_id` = :jabatan_id.1:
ORDER BY `petugas_table`.`id` desc', [...], false)
 5 SYSTEMPATH/Model.php(836): CodeIgniter\Database\BaseBuilder->get()
 6 APPPATH/Models/Admin/PetugasModel.php(57): CodeIgniter\Model->__call('get', [])
 7 APPPATH/Controllers/Admin/TandaTanganPetugas.php(26): App\Models\Admin\PetugasModel->getKomandanRegu()
 8 SYSTEMPATH/CodeIgniter.php(932): App\Controllers\Admin\TandaTanganPetugas->index()
 9 SYSTEMPATH/CodeIgniter.php(497): CodeIgniter\CodeIgniter->runController(Object(App\Controllers\Admin\TandaTanganPetugas))
10 SYSTEMPATH/CodeIgniter.php(366): CodeIgniter\CodeIgniter->handleRequest(null, Object(Config\Cache), false)
11 FCPATH/index.php(67): CodeIgniter\CodeIgniter->run()
12 SYSTEMPATH/Commands/Server/rewrite.php(47): require_once('/Users/chanchanbayubahari/Desktop/e-parli/public/index.php')
CRITICAL - 2023-08-18 23:15:11 --> Undefined property: stdClass::$nama_petugas
in APPPATH/Views/admin/tanda_tangan_petugas.php on line 45.
 1 APPPATH/Views/admin/tanda_tangan_petugas.php(45): CodeIgniter\Debug\Exceptions->errorHandler(8, 'Undefined property: stdClass::$nama_petugas', '/Users/chanchanbayubahari/Desktop/e-parli/app/Views/admin/tanda_tangan_petugas.php', 45, [...])
 2 SYSTEMPATH/View/View.php(224): include('/Users/chanchanbayubahari/Desktop/e-parli/app/Views/admin/tanda_tangan_petugas.php')
 3 SYSTEMPATH/View/View.php(227): CodeIgniter\View\View->CodeIgniter\View\{closure}()
 4 SYSTEMPATH/Common.php(1180): CodeIgniter\View\View->render('admin/tanda_tangan_petugas', [], true)
 5 APPPATH/Controllers/Admin/TandaTanganPetugas.php(31): view('admin/tanda_tangan_petugas', [...])
 6 SYSTEMPATH/CodeIgniter.php(932): App\Controllers\Admin\TandaTanganPetugas->index()
 7 SYSTEMPATH/CodeIgniter.php(497): CodeIgniter\CodeIgniter->runController(Object(App\Controllers\Admin\TandaTanganPetugas))
 8 SYSTEMPATH/CodeIgniter.php(366): CodeIgniter\CodeIgniter->handleRequest(null, Object(Config\Cache), false)
 9 FCPATH/index.php(67): CodeIgniter\CodeIgniter->run()
10 SYSTEMPATH/Commands/Server/rewrite.php(47): require_once('/Users/chanchanbayubahari/Desktop/e-parli/public/index.php')
CRITICAL - 2023-08-18 23:15:25 --> Undefined property: stdClass::$nama
in APPPATH/Views/admin/tanda_tangan_petugas.php on line 45.
 1 APPPATH/Views/admin/tanda_tangan_petugas.php(45): CodeIgniter\Debug\Exceptions->errorHandler(8, 'Undefined property: stdClass::$nama', '/Users/chanchanbayubahari/Desktop/e-parli/app/Views/admin/tanda_tangan_petugas.php', 45, [...])
 2 SYSTEMPATH/View/View.php(224): include('/Users/chanchanbayubahari/Desktop/e-parli/app/Views/admin/tanda_tangan_petugas.php')
 3 SYSTEMPATH/View/View.php(227): CodeIgniter\View\View->CodeIgniter\View\{closure}()
 4 SYSTEMPATH/Common.php(1180): CodeIgniter\View\View->render('admin/tanda_tangan_petugas', [], true)
 5 APPPATH/Controllers/Admin/TandaTanganPetugas.php(31): view('admin/tanda_tangan_petugas', [...])
 6 SYSTEMPATH/CodeIgniter.php(932): App\Controllers\Admin\TandaTanganPetugas->index()
 7 SYSTEMPATH/CodeIgniter.php(497): CodeIgniter\CodeIgniter->runController(Object(App\Controllers\Admin\TandaTanganPetugas))
 8 SYSTEMPATH/CodeIgniter.php(366): CodeIgniter\CodeIgniter->handleRequest(null, Object(Config\Cache), false)
 9 FCPATH/index.php(67): CodeIgniter\CodeIgniter->run()
10 SYSTEMPATH/Commands/Server/rewrite.php(47): require_once('/Users/chanchanbayubahari/Desktop/e-parli/public/index.php')
ERROR - 2023-08-18 23:17:31 --> mysqli_sql_exception: Unknown column 'tanda_tangan_petugas_table.tanda_tangan' in 'field list' in /Users/chanchanbayubahari/Desktop/e-parli/vendor/codeigniter4/framework/system/Database/MySQLi/Connection.php:295
Stack trace:
#0 /Users/chanchanbayubahari/Desktop/e-parli/vendor/codeigniter4/framework/system/Database/MySQLi/Connection.php(295): mysqli->query('SELECT `tanda_t...', 0)
#1 /Users/chanchanbayubahari/Desktop/e-parli/vendor/codeigniter4/framework/system/Database/BaseConnection.php(692): CodeIgniter\Database\MySQLi\Connection->execute('SELECT `tanda_t...')
#2 /Users/chanchanbayubahari/Desktop/e-parli/vendor/codeigniter4/framework/system/Database/BaseConnection.php(606): CodeIgniter\Database\BaseConnection->simpleQuery('SELECT `tanda_t...')
#3 /Users/chanchanbayubahari/Desktop/e-parli/vendor/codeigniter4/framework/system/Database/BaseBuilder.php(1616): CodeIgniter\Database\BaseConnection->query('SELECT `tanda_t...', Array, false)
#4 /Users/chanchanbayubahari/Desktop/e-parli/vendor/codeigniter4/framework/system/Model.php(836): CodeIgniter\Database\BaseBuilder->get()
#5 /Users/chanchanbayubahari/Desktop/e-parli/app/Models/Admin/TandaTanganPetugasModel.php(26): CodeIgniter\Model->__call('get', Array)
#6 /Users/chanchanbayubahari/Desktop/e-parli/app/Controllers/Admin/TandaTanganPetugas.php(25): App\Models\Admin\TandaTanganPetugasModel->getTandaTanganPetugas()
#7 /Users/chanchanbayubahari/Desktop/e-parli/vendor/codeigniter4/framework/system/CodeIgniter.php(932): App\Controllers\Admin\TandaTanganPetugas->index()
#8 /Users/chanchanbayubahari/Desktop/e-parli/vendor/codeigniter4/framework/system/CodeIgniter.php(497): CodeIgniter\CodeIgniter->runController(Object(App\Controllers\Admin\TandaTanganPetugas))
#9 /Users/chanchanbayubahari/Desktop/e-parli/vendor/codeigniter4/framework/system/CodeIgniter.php(366): CodeIgniter\CodeIgniter->handleRequest(NULL, Object(Config\Cache), false)
#10 /Users/chanchanbayubahari/Desktop/e-parli/public/index.php(67): CodeIgniter\CodeIgniter->run()
#11 /Users/chanchanbayubahari/Desktop/e-parli/vendor/codeigniter4/framework/system/Commands/Server/rewrite.php(47): require_once('/Users/chanchan...')
#12 {main}
CRITICAL - 2023-08-18 23:17:31 --> Unknown column 'tanda_tangan_petugas_table.tanda_tangan' in 'field list'
in SYSTEMPATH/Database/MySQLi/Connection.php on line 295.
 1 SYSTEMPATH/Database/MySQLi/Connection.php(295): mysqli->query('SELECT `tanda_tangan_petugas_table`.`id`, `tanda_tangan_petugas_table`.`tanda_tangan`, `petugas_table`.`nama`
FROM `tanda_tangan_petugas_table`
JOIN `petugas_table` ON `petugas_table`.`id` = `tanda_tangan_petugas_table`.`petugas_id`
ORDER BY `tanda_tangan_petugas_table`.`id` desc', 0)
 2 SYSTEMPATH/Database/BaseConnection.php(692): CodeIgniter\Database\MySQLi\Connection->execute('SELECT `tanda_tangan_petugas_table`.`id`, `tanda_tangan_petugas_table`.`tanda_tangan`, `petugas_table`.`nama`
FROM `tanda_tangan_petugas_table`
JOIN `petugas_table` ON `petugas_table`.`id` = `tanda_tangan_petugas_table`.`petugas_id`
ORDER BY `tanda_tangan_petugas_table`.`id` desc')
 3 SYSTEMPATH/Database/BaseConnection.php(606): CodeIgniter\Database\BaseConnection->simpleQuery('SELECT `tanda_tangan_petugas_table`.`id`, `tanda_tangan_petugas_table`.`tanda_tangan`, `petugas_table`.`nama`
FROM `tanda_tangan_petugas_table`
JOIN `petugas_table` ON `petugas_table`.`id` = `tanda_tangan_petugas_table`.`petugas_id`
ORDER BY `tanda_tangan_petugas_table`.`id` desc')
 4 SYSTEMPATH/Database/BaseBuilder.php(1616): CodeIgniter\Database\BaseConnection->query('SELECT `tanda_tangan_petugas_table`.`id`, `tanda_tangan_petugas_table`.`tanda_tangan`, `petugas_table`.`nama`
FROM `tanda_tangan_petugas_table`
JOIN `petugas_table` ON `petugas_table`.`id` = `tanda_tangan_petugas_table`.`petugas_id`
ORDER BY `tanda_tangan_petugas_table`.`id` desc', [], false)
 5 SYSTEMPATH/Model.php(836): CodeIgniter\Database\BaseBuilder->get()
 6 APPPATH/Models/Admin/TandaTanganPetugasModel.php(26): CodeIgniter\Model->__call('get', [])
 7 APPPATH/Controllers/Admin/TandaTanganPetugas.php(25): App\Models\Admin\TandaTanganPetugasModel->getTandaTanganPetugas()
 8 SYSTEMPATH/CodeIgniter.php(932): App\Controllers\Admin\TandaTanganPetugas->index()
 9 SYSTEMPATH/CodeIgniter.php(497): CodeIgniter\CodeIgniter->runController(Object(App\Controllers\Admin\TandaTanganPetugas))
10 SYSTEMPATH/CodeIgniter.php(366): CodeIgniter\CodeIgniter->handleRequest(null, Object(Config\Cache), false)
11 FCPATH/index.php(67): CodeIgniter\CodeIgniter->run()
12 SYSTEMPATH/Commands/Server/rewrite.php(47): require_once('/Users/chanchanbayubahari/Desktop/e-parli/public/index.php')
ERROR - 2023-08-18 23:26:39 --> mysqli_sql_exception: Unknown column 'tanda_tangan_petugas_table' in 'where clause' in /Users/chanchanbayubahari/Desktop/e-parli/vendor/codeigniter4/framework/system/Database/MySQLi/Connection.php:295
Stack trace:
#0 /Users/chanchanbayubahari/Desktop/e-parli/vendor/codeigniter4/framework/system/Database/MySQLi/Connection.php(295): mysqli->query('SELECT `tanda_t...', 0)
#1 /Users/chanchanbayubahari/Desktop/e-parli/vendor/codeigniter4/framework/system/Database/BaseConnection.php(692): CodeIgniter\Database\MySQLi\Connection->execute('SELECT `tanda_t...')
#2 /Users/chanchanbayubahari/Desktop/e-parli/vendor/codeigniter4/framework/system/Database/BaseConnection.php(606): CodeIgniter\Database\BaseConnection->simpleQuery('SELECT `tanda_t...')
#3 /Users/chanchanbayubahari/Desktop/e-parli/vendor/codeigniter4/framework/system/Database/BaseBuilder.php(1616): CodeIgniter\Database\BaseConnection->query('SELECT `tanda_t...', Array, false)
#4 /Users/chanchanbayubahari/Desktop/e-parli/vendor/codeigniter4/framework/system/Model.php(836): CodeIgniter\Database\BaseBuilder->get()
#5 /Users/chanchanbayubahari/Desktop/e-parli/app/Models/Admin/TandaTanganPetugasModel.php(36): CodeIgniter\Model->__call('get', Array)
#6 /Users/chanchanbayubahari/Desktop/e-parli/app/Controllers/Admin/TandaTanganPetugas.php(32): App\Models\Admin\TandaTanganPetugasModel->getTandaTanganNull()
#7 /Users/chanchanbayubahari/Desktop/e-parli/vendor/codeigniter4/framework/system/CodeIgniter.php(932): App\Controllers\Admin\TandaTanganPetugas->index()
#8 /Users/chanchanbayubahari/Desktop/e-parli/vendor/codeigniter4/framework/system/CodeIgniter.php(497): CodeIgniter\CodeIgniter->runController(Object(App\Controllers\Admin\TandaTanganPetugas))
#9 /Users/chanchanbayubahari/Desktop/e-parli/vendor/codeigniter4/framework/system/CodeIgniter.php(366): CodeIgniter\CodeIgniter->handleRequest(NULL, Object(Config\Cache), false)
#10 /Users/chanchanbayubahari/Desktop/e-parli/public/index.php(67): CodeIgniter\CodeIgniter->run()
#11 /Users/chanchanbayubahari/Desktop/e-parli/vendor/codeigniter4/framework/system/Commands/Server/rewrite.php(47): require_once('/Users/chanchan...')
#12 {main}
CRITICAL - 2023-08-18 23:26:39 --> Unknown column 'tanda_tangan_petugas_table' in 'where clause'
in SYSTEMPATH/Database/MySQLi/Connection.php on line 295.
 1 SYSTEMPATH/Database/MySQLi/Connection.php(295): mysqli->query('SELECT `tanda_tangan_petugas_table`.`id`, `tanda_tangan_petugas_table`.`tanda_tangan_petugas`, `petugas_table`.`nama`
FROM `tanda_tangan_petugas_table`
JOIN `petugas_table` ON `petugas_table`.`id` = `tanda_tangan_petugas_table`.`petugas_id`
WHERE `tanda_tangan_petugas_table` IS NULL
ORDER BY `tanda_tangan_petugas_table`.`id` desc', 0)
 2 SYSTEMPATH/Database/BaseConnection.php(692): CodeIgniter\Database\MySQLi\Connection->execute('SELECT `tanda_tangan_petugas_table`.`id`, `tanda_tangan_petugas_table`.`tanda_tangan_petugas`, `petugas_table`.`nama`
FROM `tanda_tangan_petugas_table`
JOIN `petugas_table` ON `petugas_table`.`id` = `tanda_tangan_petugas_table`.`petugas_id`
WHERE `tanda_tangan_petugas_table` IS NULL
ORDER BY `tanda_tangan_petugas_table`.`id` desc')
 3 SYSTEMPATH/Database/BaseConnection.php(606): CodeIgniter\Database\BaseConnection->simpleQuery('SELECT `tanda_tangan_petugas_table`.`id`, `tanda_tangan_petugas_table`.`tanda_tangan_petugas`, `petugas_table`.`nama`
FROM `tanda_tangan_petugas_table`
JOIN `petugas_table` ON `petugas_table`.`id` = `tanda_tangan_petugas_table`.`petugas_id`
WHERE `tanda_tangan_petugas_table` IS NULL
ORDER BY `tanda_tangan_petugas_table`.`id` desc')
 4 SYSTEMPATH/Database/BaseBuilder.php(1616): CodeIgniter\Database\BaseConnection->query('SELECT `tanda_tangan_petugas_table`.`id`, `tanda_tangan_petugas_table`.`tanda_tangan_petugas`, `petugas_table`.`nama`
FROM `tanda_tangan_petugas_table`
JOIN `petugas_table` ON `petugas_table`.`id` = `tanda_tangan_petugas_table`.`petugas_id`
WHERE `tanda_tangan_petugas_table` IS NULL
ORDER BY `tanda_tangan_petugas_table`.`id` desc', [], false)
 5 SYSTEMPATH/Model.php(836): CodeIgniter\Database\BaseBuilder->get()
 6 APPPATH/Models/Admin/TandaTanganPetugasModel.php(36): CodeIgniter\Model->__call('get', [])
 7 APPPATH/Controllers/Admin/TandaTanganPetugas.php(32): App\Models\Admin\TandaTanganPetugasModel->getTandaTanganNull()
 8 SYSTEMPATH/CodeIgniter.php(932): App\Controllers\Admin\TandaTanganPetugas->index()
 9 SYSTEMPATH/CodeIgniter.php(497): CodeIgniter\CodeIgniter->runController(Object(App\Controllers\Admin\TandaTanganPetugas))
10 SYSTEMPATH/CodeIgniter.php(366): CodeIgniter\CodeIgniter->handleRequest(null, Object(Config\Cache), false)
11 FCPATH/index.php(67): CodeIgniter\CodeIgniter->run()
12 SYSTEMPATH/Commands/Server/rewrite.php(47): require_once('/Users/chanchanbayubahari/Desktop/e-parli/public/index.php')
ERROR - 2023-08-18 23:27:43 --> mysqli_sql_exception: Unknown column 'tanda_tangan_petugas_table' in 'where clause' in /Users/chanchanbayubahari/Desktop/e-parli/vendor/codeigniter4/framework/system/Database/MySQLi/Connection.php:295
Stack trace:
#0 /Users/chanchanbayubahari/Desktop/e-parli/vendor/codeigniter4/framework/system/Database/MySQLi/Connection.php(295): mysqli->query('SELECT `tanda_t...', 0)
#1 /Users/chanchanbayubahari/Desktop/e-parli/vendor/codeigniter4/framework/system/Database/BaseConnection.php(692): CodeIgniter\Database\MySQLi\Connection->execute('SELECT `tanda_t...')
#2 /Users/chanchanbayubahari/Desktop/e-parli/vendor/codeigniter4/framework/system/Database/BaseConnection.php(606): CodeIgniter\Database\BaseConnection->simpleQuery('SELECT `tanda_t...')
#3 /Users/chanchanbayubahari/Desktop/e-parli/vendor/codeigniter4/framework/system/Database/BaseBuilder.php(1616): CodeIgniter\Database\BaseConnection->query('SELECT `tanda_t...', Array, false)
#4 /Users/chanchanbayubahari/Desktop/e-parli/vendor/codeigniter4/framework/system/Model.php(836): CodeIgniter\Database\BaseBuilder->get()
#5 /Users/chanchanbayubahari/Desktop/e-parli/app/Models/Admin/TandaTanganPetugasModel.php(36): CodeIgniter\Model->__call('get', Array)
#6 /Users/chanchanbayubahari/Desktop/e-parli/app/Controllers/Admin/TandaTanganPetugas.php(32): App\Models\Admin\TandaTanganPetugasModel->getTandaTanganNull()
#7 /Users/chanchanbayubahari/Desktop/e-parli/vendor/codeigniter4/framework/system/CodeIgniter.php(932): App\Controllers\Admin\TandaTanganPetugas->index()
#8 /Users/chanchanbayubahari/Desktop/e-parli/vendor/codeigniter4/framework/system/CodeIgniter.php(497): CodeIgniter\CodeIgniter->runController(Object(App\Controllers\Admin\TandaTanganPetugas))
#9 /Users/chanchanbayubahari/Desktop/e-parli/vendor/codeigniter4/framework/system/CodeIgniter.php(366): CodeIgniter\CodeIgniter->handleRequest(NULL, Object(Config\Cache), false)
#10 /Users/chanchanbayubahari/Desktop/e-parli/public/index.php(67): CodeIgniter\CodeIgniter->run()
#11 /Users/chanchanbayubahari/Desktop/e-parli/vendor/codeigniter4/framework/system/Commands/Server/rewrite.php(47): require_once('/Users/chanchan...')
#12 {main}
CRITICAL - 2023-08-18 23:27:43 --> Unknown column 'tanda_tangan_petugas_table' in 'where clause'
in SYSTEMPATH/Database/MySQLi/Connection.php on line 295.
 1 SYSTEMPATH/Database/MySQLi/Connection.php(295): mysqli->query('SELECT `tanda_tangan_petugas_table`.`id`, `tanda_tangan_petugas_table`.`tanda_tangan_petugas`, `petugas_table`.`nama`
FROM `tanda_tangan_petugas_table`
JOIN `petugas_table` ON `petugas_table`.`id` = `tanda_tangan_petugas_table`.`petugas_id`
WHERE `tanda_tangan_petugas_table` IS NULL
ORDER BY `tanda_tangan_petugas_table`.`id` desc', 0)
 2 SYSTEMPATH/Database/BaseConnection.php(692): CodeIgniter\Database\MySQLi\Connection->execute('SELECT `tanda_tangan_petugas_table`.`id`, `tanda_tangan_petugas_table`.`tanda_tangan_petugas`, `petugas_table`.`nama`
FROM `tanda_tangan_petugas_table`
JOIN `petugas_table` ON `petugas_table`.`id` = `tanda_tangan_petugas_table`.`petugas_id`
WHERE `tanda_tangan_petugas_table` IS NULL
ORDER BY `tanda_tangan_petugas_table`.`id` desc')
 3 SYSTEMPATH/Database/BaseConnection.php(606): CodeIgniter\Database\BaseConnection->simpleQuery('SELECT `tanda_tangan_petugas_table`.`id`, `tanda_tangan_petugas_table`.`tanda_tangan_petugas`, `petugas_table`.`nama`
FROM `tanda_tangan_petugas_table`
JOIN `petugas_table` ON `petugas_table`.`id` = `tanda_tangan_petugas_table`.`petugas_id`
WHERE `tanda_tangan_petugas_table` IS NULL
ORDER BY `tanda_tangan_petugas_table`.`id` desc')
 4 SYSTEMPATH/Database/BaseBuilder.php(1616): CodeIgniter\Database\BaseConnection->query('SELECT `tanda_tangan_petugas_table`.`id`, `tanda_tangan_petugas_table`.`tanda_tangan_petugas`, `petugas_table`.`nama`
FROM `tanda_tangan_petugas_table`
JOIN `petugas_table` ON `petugas_table`.`id` = `tanda_tangan_petugas_table`.`petugas_id`
WHERE `tanda_tangan_petugas_table` IS NULL
ORDER BY `tanda_tangan_petugas_table`.`id` desc', [], false)
 5 SYSTEMPATH/Model.php(836): CodeIgniter\Database\BaseBuilder->get()
 6 APPPATH/Models/Admin/TandaTanganPetugasModel.php(36): CodeIgniter\Model->__call('get', [])
 7 APPPATH/Controllers/Admin/TandaTanganPetugas.php(32): App\Models\Admin\TandaTanganPetugasModel->getTandaTanganNull()
 8 SYSTEMPATH/CodeIgniter.php(932): App\Controllers\Admin\TandaTanganPetugas->index()
 9 SYSTEMPATH/CodeIgniter.php(497): CodeIgniter\CodeIgniter->runController(Object(App\Controllers\Admin\TandaTanganPetugas))
10 SYSTEMPATH/CodeIgniter.php(366): CodeIgniter\CodeIgniter->handleRequest(null, Object(Config\Cache), false)
11 FCPATH/index.php(67): CodeIgniter\CodeIgniter->run()
12 SYSTEMPATH/Commands/Server/rewrite.php(47): require_once('/Users/chanchanbayubahari/Desktop/e-parli/public/index.php')
ERROR - 2023-08-18 23:32:58 --> mysqli_sql_exception: Unknown column 'petugas.jabatan_id' in 'where clause' in /Users/chanchanbayubahari/Desktop/e-parli/vendor/codeigniter4/framework/system/Database/MySQLi/Connection.php:295
Stack trace:
#0 /Users/chanchanbayubahari/Desktop/e-parli/vendor/codeigniter4/framework/system/Database/MySQLi/Connection.php(295): mysqli->query('SELECT `petugas...', 0)
#1 /Users/chanchanbayubahari/Desktop/e-parli/vendor/codeigniter4/framework/system/Database/BaseConnection.php(692): CodeIgniter\Database\MySQLi\Connection->execute('SELECT `petugas...')
#2 /Users/chanchanbayubahari/Desktop/e-parli/vendor/codeigniter4/framework/system/Database/BaseConnection.php(606): CodeIgniter\Database\BaseConnection->simpleQuery('SELECT `petugas...')
#3 /Users/chanchanbayubahari/Desktop/e-parli/vendor/codeigniter4/framework/system/Database/BaseBuilder.php(1616): CodeIgniter\Database\BaseConnection->query('SELECT `petugas...', Array, false)
#4 /Users/chanchanbayubahari/Desktop/e-parli/vendor/codeigniter4/framework/system/Model.php(836): CodeIgniter\Database\BaseBuilder->get()
#5 /Users/chanchanbayubahari/Desktop/e-parli/app/Models/Admin/PetugasModel.php(58): CodeIgniter\Model->__call('get', Array)
#6 /Users/chanchanbayubahari/Desktop/e-parli/app/Controllers/Admin/TandaTanganPetugas.php(26): App\Models\Admin\PetugasModel->getKomandanRegu()
#7 /Users/chanchanbayubahari/Desktop/e-parli/vendor/codeigniter4/framework/system/CodeIgniter.php(932): App\Controllers\Admin\TandaTanganPetugas->index()
#8 /Users/chanchanbayubahari/Desktop/e-parli/vendor/codeigniter4/framework/system/CodeIgniter.php(497): CodeIgniter\CodeIgniter->runController(Object(App\Controllers\Admin\TandaTanganPetugas))
#9 /Users/chanchanbayubahari/Desktop/e-parli/vendor/codeigniter4/framework/system/CodeIgniter.php(366): CodeIgniter\CodeIgniter->handleRequest(NULL, Object(Config\Cache), false)
#10 /Users/chanchanbayubahari/Desktop/e-parli/public/index.php(67): CodeIgniter\CodeIgniter->run()
#11 /Users/chanchanbayubahari/Desktop/e-parli/vendor/codeigniter4/framework/system/Commands/Server/rewrite.php(47): require_once('/Users/chanchan...')
#12 {main}
CRITICAL - 2023-08-18 23:32:58 --> Unknown column 'petugas.jabatan_id' in 'where clause'
in SYSTEMPATH/Database/MySQLi/Connection.php on line 295.
 1 SYSTEMPATH/Database/MySQLi/Connection.php(295): mysqli->query('SELECT `petugas_table`.`id`, `petugas_table`.`ukpd_id`, `petugas_table`.`unit_id`, `petugas_table`.`nama`, `petugas_table`.`username`, `petugas_table`.`nip`, `petugas_table`.`pangkat`, `petugas_table`.`golongan`, `petugas_table`.`jabatan_id`, `petugas_table`.`role_id`, `petugas_table`.`status_id`
FROM `petugas_table`
LEFT JOIN `tanda_tangan_petugas_table` ON `tanda_tangan_petugas_table`.`petugas_id` = `petugas_table`.`id`
WHERE `tanda_tangan_petugas_table`.`tanda_tangan_petugas` IS NULL
AND `petugas`.`jabatan_id` = 3
AND `petugas`.`jabatan_id` = 8
ORDER BY `petugas_table`.`id` desc', 0)
 2 SYSTEMPATH/Database/BaseConnection.php(692): CodeIgniter\Database\MySQLi\Connection->execute('SELECT `petugas_table`.`id`, `petugas_table`.`ukpd_id`, `petugas_table`.`unit_id`, `petugas_table`.`nama`, `petugas_table`.`username`, `petugas_table`.`nip`, `petugas_table`.`pangkat`, `petugas_table`.`golongan`, `petugas_table`.`jabatan_id`, `petugas_table`.`role_id`, `petugas_table`.`status_id`
FROM `petugas_table`
LEFT JOIN `tanda_tangan_petugas_table` ON `tanda_tangan_petugas_table`.`petugas_id` = `petugas_table`.`id`
WHERE `tanda_tangan_petugas_table`.`tanda_tangan_petugas` IS NULL
AND `petugas`.`jabatan_id` = 3
AND `petugas`.`jabatan_id` = 8
ORDER BY `petugas_table`.`id` desc')
 3 SYSTEMPATH/Database/BaseConnection.php(606): CodeIgniter\Database\BaseConnection->simpleQuery('SELECT `petugas_table`.`id`, `petugas_table`.`ukpd_id`, `petugas_table`.`unit_id`, `petugas_table`.`nama`, `petugas_table`.`username`, `petugas_table`.`nip`, `petugas_table`.`pangkat`, `petugas_table`.`golongan`, `petugas_table`.`jabatan_id`, `petugas_table`.`role_id`, `petugas_table`.`status_id`
FROM `petugas_table`
LEFT JOIN `tanda_tangan_petugas_table` ON `tanda_tangan_petugas_table`.`petugas_id` = `petugas_table`.`id`
WHERE `tanda_tangan_petugas_table`.`tanda_tangan_petugas` IS NULL
AND `petugas`.`jabatan_id` = 3
AND `petugas`.`jabatan_id` = 8
ORDER BY `petugas_table`.`id` desc')
 4 SYSTEMPATH/Database/BaseBuilder.php(1616): CodeIgniter\Database\BaseConnection->query('SELECT `petugas_table`.`id`, `petugas_table`.`ukpd_id`, `petugas_table`.`unit_id`, `petugas_table`.`nama`, `petugas_table`.`username`, `petugas_table`.`nip`, `petugas_table`.`pangkat`, `petugas_table`.`golongan`, `petugas_table`.`jabatan_id`, `petugas_table`.`role_id`, `petugas_table`.`status_id`
FROM `petugas_table`
LEFT JOIN `tanda_tangan_petugas_table` ON `tanda_tangan_petugas_table`.`petugas_id` = `petugas_table`.`id`
WHERE `tanda_tangan_petugas_table`.`tanda_tangan_petugas` IS NULL
AND `petugas`.`jabatan_id` = :petugas.jabatan_id:
AND `petugas`.`jabatan_id` = :petugas.jabatan_id.1:
ORDER BY `petugas_table`.`id` desc', [...], false)
 5 SYSTEMPATH/Model.php(836): CodeIgniter\Database\BaseBuilder->get()
 6 APPPATH/Models/Admin/PetugasModel.php(58): CodeIgniter\Model->__call('get', [])
 7 APPPATH/Controllers/Admin/TandaTanganPetugas.php(26): App\Models\Admin\PetugasModel->getKomandanRegu()
 8 SYSTEMPATH/CodeIgniter.php(932): App\Controllers\Admin\TandaTanganPetugas->index()
 9 SYSTEMPATH/CodeIgniter.php(497): CodeIgniter\CodeIgniter->runController(Object(App\Controllers\Admin\TandaTanganPetugas))
10 SYSTEMPATH/CodeIgniter.php(366): CodeIgniter\CodeIgniter->handleRequest(null, Object(Config\Cache), false)
11 FCPATH/index.php(67): CodeIgniter\CodeIgniter->run()
12 SYSTEMPATH/Commands/Server/rewrite.php(47): require_once('/Users/chanchanbayubahari/Desktop/e-parli/public/index.php')
CRITICAL - 2023-08-18 23:53:38 --> Argument 2 passed to CodeIgniter\Database\BaseBuilder::like() must be of the type string, null given, called in /Users/chanchanbayubahari/Desktop/e-parli/vendor/codeigniter4/framework/system/Model.php on line 836
in SYSTEMPATH/Database/BaseBuilder.php on line 984.
 1 SYSTEMPATH/Model.php(836): CodeIgniter\Database\BaseBuilder->like('tanda_tangan_petugas', null)
 2 APPPATH/Models/Admin/PetugasModel.php(54): CodeIgniter\Model->__call('like', [...])
 3 APPPATH/Controllers/Admin/TandaTanganPetugas.php(26): App\Models\Admin\PetugasModel->getKomandanRegu()
 4 SYSTEMPATH/CodeIgniter.php(932): App\Controllers\Admin\TandaTanganPetugas->index()
 5 SYSTEMPATH/CodeIgniter.php(497): CodeIgniter\CodeIgniter->runController(Object(App\Controllers\Admin\TandaTanganPetugas))
 6 SYSTEMPATH/CodeIgniter.php(366): CodeIgniter\CodeIgniter->handleRequest(null, Object(Config\Cache), false)
 7 FCPATH/index.php(67): CodeIgniter\CodeIgniter->run()
 8 SYSTEMPATH/Commands/Server/rewrite.php(47): require_once('/Users/chanchanbayubahari/Desktop/e-parli/public/index.php')
ERROR - 2023-08-18 23:55:34 --> mysqli_sql_exception: Unknown column 'tanda_tangan_petugas_table.tanda_tangan_petugas' in 'field list' in /Users/chanchanbayubahari/Desktop/e-parli/vendor/codeigniter4/framework/system/Database/MySQLi/Connection.php:295
Stack trace:
#0 /Users/chanchanbayubahari/Desktop/e-parli/vendor/codeigniter4/framework/system/Database/MySQLi/Connection.php(295): mysqli->query('SELECT `petugas...', 0)
#1 /Users/chanchanbayubahari/Desktop/e-parli/vendor/codeigniter4/framework/system/Database/BaseConnection.php(692): CodeIgniter\Database\MySQLi\Connection->execute('SELECT `petugas...')
#2 /Users/chanchanbayubahari/Desktop/e-parli/vendor/codeigniter4/framework/system/Database/BaseConnection.php(606): CodeIgniter\Database\BaseConnection->simpleQuery('SELECT `petugas...')
#3 /Users/chanchanbayubahari/Desktop/e-parli/vendor/codeigniter4/framework/system/Database/BaseBuilder.php(1616): CodeIgniter\Database\BaseConnection->query('SELECT `petugas...', Array, false)
#4 /Users/chanchanbayubahari/Desktop/e-parli/vendor/codeigniter4/framework/system/Model.php(836): CodeIgniter\Database\BaseBuilder->get()
#5 /Users/chanchanbayubahari/Desktop/e-parli/app/Models/Admin/PetugasModel.php(59): CodeIgniter\Model->__call('get', Array)
#6 /Users/chanchanbayubahari/Desktop/e-parli/app/Controllers/Admin/TandaTanganPetugas.php(26): App\Models\Admin\PetugasModel->getKomandanRegu()
#7 /Users/chanchanbayubahari/Desktop/e-parli/vendor/codeigniter4/framework/system/CodeIgniter.php(932): App\Controllers\Admin\TandaTanganPetugas->index()
#8 /Users/chanchanbayubahari/Desktop/e-parli/vendor/codeigniter4/framework/system/CodeIgniter.php(497): CodeIgniter\CodeIgniter->runController(Object(App\Controllers\Admin\TandaTanganPetugas))
#9 /Users/chanchanbayubahari/Desktop/e-parli/vendor/codeigniter4/framework/system/CodeIgniter.php(366): CodeIgniter\CodeIgniter->handleRequest(NULL, Object(Config\Cache), false)
#10 /Users/chanchanbayubahari/Desktop/e-parli/public/index.php(67): CodeIgniter\CodeIgniter->run()
#11 /Users/chanchanbayubahari/Desktop/e-parli/vendor/codeigniter4/framework/system/Commands/Server/rewrite.php(47): require_once('/Users/chanchan...')
#12 {main}
CRITICAL - 2023-08-18 23:55:34 --> Unknown column 'tanda_tangan_petugas_table.tanda_tangan_petugas' in 'field list'
in SYSTEMPATH/Database/MySQLi/Connection.php on line 295.
 1 SYSTEMPATH/Database/MySQLi/Connection.php(295): mysqli->query('SELECT `petugas_table`.`id`, `petugas_table`.`ukpd_id`, `petugas_table`.`unit_id`, `petugas_table`.`nama`, `petugas_table`.`username`, `petugas_table`.`nip`, `petugas_table`.`pangkat`, `petugas_table`.`golongan`, `petugas_table`.`jabatan_id`, `petugas_table`.`role_id`, `petugas_table`.`status_id`, `tanda_tangan_petugas_table`.`tanda_tangan_petugas`
FROM `petugas_table`
WHERE `petugas_table`.`jabatan_id` = 3
ORDER BY `petugas_table`.`id` desc', 0)
 2 SYSTEMPATH/Database/BaseConnection.php(692): CodeIgniter\Database\MySQLi\Connection->execute('SELECT `petugas_table`.`id`, `petugas_table`.`ukpd_id`, `petugas_table`.`unit_id`, `petugas_table`.`nama`, `petugas_table`.`username`, `petugas_table`.`nip`, `petugas_table`.`pangkat`, `petugas_table`.`golongan`, `petugas_table`.`jabatan_id`, `petugas_table`.`role_id`, `petugas_table`.`status_id`, `tanda_tangan_petugas_table`.`tanda_tangan_petugas`
FROM `petugas_table`
WHERE `petugas_table`.`jabatan_id` = 3
ORDER BY `petugas_table`.`id` desc')
 3 SYSTEMPATH/Database/BaseConnection.php(606): CodeIgniter\Database\BaseConnection->simpleQuery('SELECT `petugas_table`.`id`, `petugas_table`.`ukpd_id`, `petugas_table`.`unit_id`, `petugas_table`.`nama`, `petugas_table`.`username`, `petugas_table`.`nip`, `petugas_table`.`pangkat`, `petugas_table`.`golongan`, `petugas_table`.`jabatan_id`, `petugas_table`.`role_id`, `petugas_table`.`status_id`, `tanda_tangan_petugas_table`.`tanda_tangan_petugas`
FROM `petugas_table`
WHERE `petugas_table`.`jabatan_id` = 3
ORDER BY `petugas_table`.`id` desc')
 4 SYSTEMPATH/Database/BaseBuilder.php(1616): CodeIgniter\Database\BaseConnection->query('SELECT `petugas_table`.`id`, `petugas_table`.`ukpd_id`, `petugas_table`.`unit_id`, `petugas_table`.`nama`, `petugas_table`.`username`, `petugas_table`.`nip`, `petugas_table`.`pangkat`, `petugas_table`.`golongan`, `petugas_table`.`jabatan_id`, `petugas_table`.`role_id`, `petugas_table`.`status_id`, `tanda_tangan_petugas_table`.`tanda_tangan_petugas`
FROM `petugas_table`
WHERE `petugas_table`.`jabatan_id` = :petugas_table.jabatan_id:
ORDER BY `petugas_table`.`id` desc', [...], false)
 5 SYSTEMPATH/Model.php(836): CodeIgniter\Database\BaseBuilder->get()
 6 APPPATH/Models/Admin/PetugasModel.php(59): CodeIgniter\Model->__call('get', [])
 7 APPPATH/Controllers/Admin/TandaTanganPetugas.php(26): App\Models\Admin\PetugasModel->getKomandanRegu()
 8 SYSTEMPATH/CodeIgniter.php(932): App\Controllers\Admin\TandaTanganPetugas->index()
 9 SYSTEMPATH/CodeIgniter.php(497): CodeIgniter\CodeIgniter->runController(Object(App\Controllers\Admin\TandaTanganPetugas))
10 SYSTEMPATH/CodeIgniter.php(366): CodeIgniter\CodeIgniter->handleRequest(null, Object(Config\Cache), false)
11 FCPATH/index.php(67): CodeIgniter\CodeIgniter->run()
12 SYSTEMPATH/Commands/Server/rewrite.php(47): require_once('/Users/chanchanbayubahari/Desktop/e-parli/public/index.php')
