CRITICAL - 2023-07-28 16:41:54 --> strtolower() expects parameter 1 to be string, array given
in APPPATH/Controllers/Admin/Ukpd.php on line 136.
 1 [internal function]: CodeIgniter\Debug\Exceptions->errorHandler(2, 'strtolower() expects parameter 1 to be string, array given', '/Users/chanchanbayubahari/Desktop/e-parli/app/Controllers/Admin/Ukpd.php', 136, [...])
 2 APPPATH/Controllers/Admin/Ukpd.php(136): strtolower([...])
 3 SYSTEMPATH/CodeIgniter.php(932): App\Controllers\Admin\Ukpd->update()
 4 SYSTEMPATH/CodeIgniter.php(497): CodeIgniter\CodeIgniter->runController(Object(App\Controllers\Admin\Ukpd))
 5 SYSTEMPATH/CodeIgniter.php(366): CodeIgniter\CodeIgniter->handleRequest(null, Object(Config\Cache), false)
 6 FCPATH/index.php(67): CodeIgniter\CodeIgniter->run()
 7 SYSTEMPATH/Commands/Server/rewrite.php(47): require_once('/Users/chanchanbayubahari/Desktop/e-parli/public/index.php')
ERROR - 2023-07-28 16:43:13 --> mysqli_sql_exception: Operand should contain 1 column(s) in /Users/chanchanbayubahari/Desktop/e-parli/vendor/codeigniter4/framework/system/Database/MySQLi/Connection.php:295
Stack trace:
#0 /Users/chanchanbayubahari/Desktop/e-parli/vendor/codeigniter4/framework/system/Database/MySQLi/Connection.php(295): mysqli->query('UPDATE `ukpd_ta...', 0)
#1 /Users/chanchanbayubahari/Desktop/e-parli/vendor/codeigniter4/framework/system/Database/BaseConnection.php(692): CodeIgniter\Database\MySQLi\Connection->execute('UPDATE `ukpd_ta...')
#2 /Users/chanchanbayubahari/Desktop/e-parli/vendor/codeigniter4/framework/system/Database/BaseConnection.php(606): CodeIgniter\Database\BaseConnection->simpleQuery('UPDATE `ukpd_ta...')
#3 /Users/chanchanbayubahari/Desktop/e-parli/vendor/codeigniter4/framework/system/Database/BaseBuilder.php(2476): CodeIgniter\Database\BaseConnection->query('UPDATE `ukpd_ta...', Array, false)
#4 /Users/chanchanbayubahari/Desktop/e-parli/vendor/codeigniter4/framework/system/Model.php(396): CodeIgniter\Database\BaseBuilder->update()
#5 /Users/chanchanbayubahari/Desktop/e-parli/vendor/codeigniter4/framework/system/BaseModel.php(943): CodeIgniter\Model->doUpdate(Array, Array)
#6 /Users/chanchanbayubahari/Desktop/e-parli/vendor/codeigniter4/framework/system/Model.php(756): CodeIgniter\BaseModel->update(Array, Array)
#7 /Users/chanchanbayubahari/Desktop/e-parli/app/Controllers/Admin/Ukpd.php(137): CodeIgniter\Model->update('7', Array)
#8 /Users/chanchanbayubahari/Desktop/e-parli/vendor/codeigniter4/framework/system/CodeIgniter.php(932): App\Controllers\Admin\Ukpd->update()
#9 /Users/chanchanbayubahari/Desktop/e-parli/vendor/codeigniter4/framework/system/CodeIgniter.php(497): CodeIgniter\CodeIgniter->runController(Object(App\Controllers\Admin\Ukpd))
#10 /Users/chanchanbayubahari/Desktop/e-parli/vendor/codeigniter4/framework/system/CodeIgniter.php(366): CodeIgniter\CodeIgniter->handleRequest(NULL, Object(Config\Cache), false)
#11 /Users/chanchanbayubahari/Desktop/e-parli/public/index.php(67): CodeIgniter\CodeIgniter->run()
#12 /Users/chanchanbayubahari/Desktop/e-parli/vendor/codeigniter4/framework/system/Commands/Server/rewrite.php(47): require_once('/Users/chanchan...')
#13 {main}
CRITICAL - 2023-07-28 16:43:13 --> Operand should contain 1 column(s)
in SYSTEMPATH/Database/MySQLi/Connection.php on line 295.
 1 SYSTEMPATH/Database/MySQLi/Connection.php(295): mysqli->query('UPDATE `ukpd_table` SET `ukpd` = (\'7\',\'pusat\',\'suku dinas perhubungan jakarta pusat\',\'2023-07-28 16:33:34\',\'2023-07-28 16:33:34\'), `nama_dinas` = \'suku dinas perhubungan jakarta pusat\', `updated_at` = \'2023-07-28 16:43:13\'
WHERE `ukpd_table`.`id` IN (\'7\')', 0)
 2 SYSTEMPATH/Database/BaseConnection.php(692): CodeIgniter\Database\MySQLi\Connection->execute('UPDATE `ukpd_table` SET `ukpd` = (\'7\',\'pusat\',\'suku dinas perhubungan jakarta pusat\',\'2023-07-28 16:33:34\',\'2023-07-28 16:33:34\'), `nama_dinas` = \'suku dinas perhubungan jakarta pusat\', `updated_at` = \'2023-07-28 16:43:13\'
WHERE `ukpd_table`.`id` IN (\'7\')')
 3 SYSTEMPATH/Database/BaseConnection.php(606): CodeIgniter\Database\BaseConnection->simpleQuery('UPDATE `ukpd_table` SET `ukpd` = (\'7\',\'pusat\',\'suku dinas perhubungan jakarta pusat\',\'2023-07-28 16:33:34\',\'2023-07-28 16:33:34\'), `nama_dinas` = \'suku dinas perhubungan jakarta pusat\', `updated_at` = \'2023-07-28 16:43:13\'
WHERE `ukpd_table`.`id` IN (\'7\')')
 4 SYSTEMPATH/Database/BaseBuilder.php(2476): CodeIgniter\Database\BaseConnection->query('UPDATE `ukpd_table` SET `ukpd` = :ukpd:, `nama_dinas` = :nama_dinas:, `updated_at` = :updated_at:
WHERE `ukpd_table`.`id` IN :ukpd_table.id:', [...], false)
 5 SYSTEMPATH/Model.php(396): CodeIgniter\Database\BaseBuilder->update()
 6 SYSTEMPATH/BaseModel.php(943): CodeIgniter\Model->doUpdate([...], [...])
 7 SYSTEMPATH/Model.php(756): CodeIgniter\BaseModel->update([...], [...])
 8 APPPATH/Controllers/Admin/Ukpd.php(137): CodeIgniter\Model->update('7', [...])
 9 SYSTEMPATH/CodeIgniter.php(932): App\Controllers\Admin\Ukpd->update()
10 SYSTEMPATH/CodeIgniter.php(497): CodeIgniter\CodeIgniter->runController(Object(App\Controllers\Admin\Ukpd))
11 SYSTEMPATH/CodeIgniter.php(366): CodeIgniter\CodeIgniter->handleRequest(null, Object(Config\Cache), false)
12 FCPATH/index.php(67): CodeIgniter\CodeIgniter->run()
13 SYSTEMPATH/Commands/Server/rewrite.php(47): require_once('/Users/chanchanbayubahari/Desktop/e-parli/public/index.php')
CRITICAL - 2023-07-28 16:44:19 --> strtolower() expects parameter 1 to be string, array given
in APPPATH/Controllers/Admin/Ukpd.php on line 135.
 1 [internal function]: CodeIgniter\Debug\Exceptions->errorHandler(2, 'strtolower() expects parameter 1 to be string, array given', '/Users/chanchanbayubahari/Desktop/e-parli/app/Controllers/Admin/Ukpd.php', 135, [...])
 2 APPPATH/Controllers/Admin/Ukpd.php(135): strtolower([...])
 3 SYSTEMPATH/CodeIgniter.php(932): App\Controllers\Admin\Ukpd->update()
 4 SYSTEMPATH/CodeIgniter.php(497): CodeIgniter\CodeIgniter->runController(Object(App\Controllers\Admin\Ukpd))
 5 SYSTEMPATH/CodeIgniter.php(366): CodeIgniter\CodeIgniter->handleRequest(null, Object(Config\Cache), false)
 6 FCPATH/index.php(67): CodeIgniter\CodeIgniter->run()
 7 SYSTEMPATH/Commands/Server/rewrite.php(47): require_once('/Users/chanchanbayubahari/Desktop/e-parli/public/index.php')
CRITICAL - 2023-07-28 17:01:42 --> Call to undefined method App\Models\Admin\JenisPenindakanModel::getPenindakan
in SYSTEMPATH/Model.php on line 838.
 1 APPPATH/Controllers/Admin/JenisPenindakan.php(20): CodeIgniter\Model->__call('getPenindakan', [])
 2 SYSTEMPATH/CodeIgniter.php(932): App\Controllers\Admin\JenisPenindakan->index()
 3 SYSTEMPATH/CodeIgniter.php(497): CodeIgniter\CodeIgniter->runController(Object(App\Controllers\Admin\JenisPenindakan))
 4 SYSTEMPATH/CodeIgniter.php(366): CodeIgniter\CodeIgniter->handleRequest(null, Object(Config\Cache), false)
 5 FCPATH/index.php(67): CodeIgniter\CodeIgniter->run()
 6 SYSTEMPATH/Commands/Server/rewrite.php(47): require_once('/Users/chanchanbayubahari/Desktop/e-parli/public/index.php')
CRITICAL - 2023-07-28 17:18:55 --> Trying to access array offset on value of type null
in APPPATH/Controllers/Admin/Ukpd.php on line 93.
 1 APPPATH/Controllers/Admin/Ukpd.php(93): CodeIgniter\Debug\Exceptions->errorHandler(8, 'Trying to access array offset on value of type null', '/Users/chanchanbayubahari/Desktop/e-parli/app/Controllers/Admin/Ukpd.php', 93, [...])
 2 SYSTEMPATH/CodeIgniter.php(932): App\Controllers\Admin\Ukpd->delete()
 3 SYSTEMPATH/CodeIgniter.php(497): CodeIgniter\CodeIgniter->runController(Object(App\Controllers\Admin\Ukpd))
 4 SYSTEMPATH/CodeIgniter.php(366): CodeIgniter\CodeIgniter->handleRequest(null, Object(Config\Cache), false)
 5 FCPATH/index.php(67): CodeIgniter\CodeIgniter->run()
 6 SYSTEMPATH/Commands/Server/rewrite.php(47): require_once('/Users/chanchanbayubahari/Desktop/e-parli/public/index.php')
